========================================================
Contrast_x,y,z=4  25  100
Get kvals from python.
1.04858e+06  6.5536e+06  2.62144e+07  2.62144e+07  2.62144e+07  2621.44  26214.4  262144  262144  262144  2621.44  16384  65536  65536  262144  
  Use all 1.0.
Use the following reference parameters:
262144  262144  262144  262144  262144  
GPU solver with FCT preconditioner.
  itrIdx=1,	residual=1.377663e+09,	 rhs=6.715918e+09, relative=2.051340e-01.
  itrIdx=2,	residual=8.078969e+08,	 rhs=6.715918e+09, relative=1.202958e-01.
  itrIdx=3,	residual=5.918964e+08,	 rhs=6.715918e+09, relative=8.813336e-02.
  itrIdx=4,	residual=5.993078e+08,	 rhs=6.715918e+09, relative=8.923691e-02.
  itrIdx=5,	residual=4.337778e+08,	 rhs=6.715918e+09, relative=6.458951e-02.
  itrIdx=6,	residual=4.222162e+08,	 rhs=6.715918e+09, relative=6.286799e-02.
  itrIdx=7,	residual=4.413153e+08,	 rhs=6.715918e+09, relative=6.571184e-02.
  itrIdx=8,	residual=3.990598e+08,	 rhs=6.715918e+09, relative=5.942000e-02.
  itrIdx=9,	residual=3.223327e+08,	 rhs=6.715918e+09, relative=4.799533e-02.
  itrIdx=10,	residual=2.616335e+08,	 rhs=6.715918e+09, relative=3.895722e-02.
  itrIdx=11,	residual=1.644506e+08,	 rhs=6.715918e+09, relative=2.448669e-02.
  itrIdx=12,	residual=1.056835e+08,	 rhs=6.715918e+09, relative=1.573627e-02.
  itrIdx=13,	residual=7.407565e+07,	 rhs=6.715918e+09, relative=1.102986e-02.
  itrIdx=14,	residual=5.246160e+07,	 rhs=6.715918e+09, relative=7.811532e-03.
  itrIdx=15,	residual=2.826864e+07,	 rhs=6.715918e+09, relative=4.209200e-03.
  itrIdx=16,	residual=2.521392e+07,	 rhs=6.715918e+09, relative=3.754353e-03.
  itrIdx=17,	residual=2.278641e+07,	 rhs=6.715918e+09, relative=3.392896e-03.
  itrIdx=18,	residual=2.293735e+07,	 rhs=6.715918e+09, relative=3.415371e-03.
  itrIdx=19,	residual=2.466334e+07,	 rhs=6.715918e+09, relative=3.672371e-03.
  itrIdx=20,	residual=2.647914e+07,	 rhs=6.715918e+09, relative=3.942744e-03.
  itrIdx=21,	residual=1.893530e+07,	 rhs=6.715918e+09, relative=2.819466e-03.
  itrIdx=22,	residual=1.263583e+07,	 rhs=6.715918e+09, relative=1.881475e-03.
  itrIdx=23,	residual=1.086057e+07,	 rhs=6.715918e+09, relative=1.617139e-03.
  itrIdx=24,	residual=8.424075e+06,	 rhs=6.715918e+09, relative=1.254345e-03.
  itrIdx=25,	residual=8.798456e+06,	 rhs=6.715918e+09, relative=1.310090e-03.
  itrIdx=26,	residual=8.547846e+06,	 rhs=6.715918e+09, relative=1.272774e-03.
  itrIdx=27,	residual=8.654401e+06,	 rhs=6.715918e+09, relative=1.288640e-03.
  itrIdx=28,	residual=7.665366e+06,	 rhs=6.715918e+09, relative=1.141373e-03.
  itrIdx=29,	residual=8.877466e+06,	 rhs=6.715918e+09, relative=1.321855e-03.
  itrIdx=30,	residual=6.803839e+06,	 rhs=6.715918e+09, relative=1.013091e-03.
  itrIdx=31,	residual=5.583765e+06,	 rhs=6.715918e+09, relative=8.314226e-04.
  itrIdx=32,	residual=4.218346e+06,	 rhs=6.715918e+09, relative=6.281117e-04.
  itrIdx=33,	residual=3.619844e+06,	 rhs=6.715918e+09, relative=5.389948e-04.
  itrIdx=34,	residual=3.534832e+06,	 rhs=6.715918e+09, relative=5.263364e-04.
  itrIdx=35,	residual=4.257557e+06,	 rhs=6.715918e+09, relative=6.339501e-04.
  itrIdx=36,	residual=4.136701e+06,	 rhs=6.715918e+09, relative=6.159547e-04.
  itrIdx=37,	residual=3.982036e+06,	 rhs=6.715918e+09, relative=5.929251e-04.
  itrIdx=38,	residual=3.424834e+06,	 rhs=6.715918e+09, relative=5.099578e-04.
  itrIdx=39,	residual=2.679906e+06,	 rhs=6.715918e+09, relative=3.990380e-04.
  itrIdx=40,	residual=2.357649e+06,	 rhs=6.715918e+09, relative=3.510539e-04.
  itrIdx=41,	residual=2.256588e+06,	 rhs=6.715918e+09, relative=3.360058e-04.
  itrIdx=42,	residual=2.189444e+06,	 rhs=6.715918e+09, relative=3.260082e-04.
  itrIdx=43,	residual=2.189500e+06,	 rhs=6.715918e+09, relative=3.260165e-04.
  itrIdx=44,	residual=2.026089e+06,	 rhs=6.715918e+09, relative=3.016847e-04.
  itrIdx=45,	residual=1.654160e+06,	 rhs=6.715918e+09, relative=2.463045e-04.
  itrIdx=46,	residual=1.548760e+06,	 rhs=6.715918e+09, relative=2.306104e-04.
  itrIdx=47,	residual=1.562247e+06,	 rhs=6.715918e+09, relative=2.326185e-04.
  itrIdx=48,	residual=1.288274e+06,	 rhs=6.715918e+09, relative=1.918240e-04.
  itrIdx=49,	residual=1.312515e+06,	 rhs=6.715918e+09, relative=1.954334e-04.
  itrIdx=50,	residual=1.518783e+06,	 rhs=6.715918e+09, relative=2.261468e-04.
  itrIdx=51,	residual=1.309800e+06,	 rhs=6.715918e+09, relative=1.950291e-04.
  itrIdx=52,	residual=1.384718e+06,	 rhs=6.715918e+09, relative=2.061845e-04.
  itrIdx=53,	residual=1.346417e+06,	 rhs=6.715918e+09, relative=2.004814e-04.
  itrIdx=54,	residual=1.199530e+06,	 rhs=6.715918e+09, relative=1.786100e-04.
  itrIdx=55,	residual=9.874893e+05,	 rhs=6.715918e+09, relative=1.470371e-04.
  itrIdx=56,	residual=1.054358e+06,	 rhs=6.715918e+09, relative=1.569938e-04.
  itrIdx=57,	residual=8.573931e+05,	 rhs=6.715918e+09, relative=1.276658e-04.
  itrIdx=58,	residual=6.990281e+05,	 rhs=6.715918e+09, relative=1.040853e-04.
  itrIdx=59,	residual=6.383460e+05,	 rhs=6.715918e+09, relative=9.504970e-05.
  itrIdx=60,	residual=5.396690e+05,	 rhs=6.715918e+09, relative=8.035670e-05.
  itrIdx=61,	residual=5.988941e+05,	 rhs=6.715918e+09, relative=8.917532e-05.
  itrIdx=62,	residual=7.490049e+05,	 rhs=6.715918e+09, relative=1.115268e-04.
  itrIdx=63,	residual=7.938922e+05,	 rhs=6.715918e+09, relative=1.182105e-04.
  itrIdx=64,	residual=6.372182e+05,	 rhs=6.715918e+09, relative=9.488177e-05.
  itrIdx=65,	residual=6.581461e+05,	 rhs=6.715918e+09, relative=9.799794e-05.
  itrIdx=66,	residual=5.013429e+05,	 rhs=6.715918e+09, relative=7.464995e-05.
  itrIdx=67,	residual=3.885196e+05,	 rhs=6.715918e+09, relative=5.785056e-05.
  itrIdx=68,	residual=4.074180e+05,	 rhs=6.715918e+09, relative=6.066453e-05.
  itrIdx=69,	residual=3.875695e+05,	 rhs=6.715918e+09, relative=5.770910e-05.
  itrIdx=70,	residual=3.109097e+05,	 rhs=6.715918e+09, relative=4.629445e-05.
  itrIdx=71,	residual=3.866782e+05,	 rhs=6.715918e+09, relative=5.757637e-05.
  itrIdx=72,	residual=3.893488e+05,	 rhs=6.715918e+09, relative=5.797402e-05.
  itrIdx=73,	residual=3.642091e+05,	 rhs=6.715918e+09, relative=5.423073e-05.
  itrIdx=74,	residual=3.977933e+05,	 rhs=6.715918e+09, relative=5.923141e-05.
  itrIdx=75,	residual=3.742070e+05,	 rhs=6.715918e+09, relative=5.571941e-05.
  itrIdx=76,	residual=2.957954e+05,	 rhs=6.715918e+09, relative=4.404392e-05.
  itrIdx=77,	residual=2.793976e+05,	 rhs=6.715918e+09, relative=4.160230e-05.
  itrIdx=78,	residual=2.803829e+05,	 rhs=6.715918e+09, relative=4.174900e-05.
  itrIdx=79,	residual=2.321524e+05,	 rhs=6.715918e+09, relative=3.456749e-05.
  itrIdx=80,	residual=1.911065e+05,	 rhs=6.715918e+09, relative=2.845576e-05.
  itrIdx=81,	residual=2.162155e+05,	 rhs=6.715918e+09, relative=3.219448e-05.
  itrIdx=82,	residual=1.904431e+05,	 rhs=6.715918e+09, relative=2.835697e-05.
  itrIdx=83,	residual=2.514242e+05,	 rhs=6.715918e+09, relative=3.743706e-05.
  itrIdx=84,	residual=2.806991e+05,	 rhs=6.715918e+09, relative=4.179609e-05.
  itrIdx=85,	residual=2.293888e+05,	 rhs=6.715918e+09, relative=3.415598e-05.
  itrIdx=86,	residual=1.955511e+05,	 rhs=6.715918e+09, relative=2.911756e-05.
  itrIdx=87,	residual=1.624681e+05,	 rhs=6.715918e+09, relative=2.419150e-05.
  itrIdx=88,	residual=1.219635e+05,	 rhs=6.715918e+09, relative=1.816037e-05.
  itrIdx=89,	residual=1.001447e+05,	 rhs=6.715918e+09, relative=1.491155e-05.
  itrIdx=90,	residual=1.403201e+05,	 rhs=6.715918e+09, relative=2.089366e-05.
  itrIdx=91,	residual=1.327668e+05,	 rhs=6.715918e+09, relative=1.976898e-05.
  itrIdx=92,	residual=1.550658e+05,	 rhs=6.715918e+09, relative=2.308929e-05.
  itrIdx=93,	residual=1.622513e+05,	 rhs=6.715918e+09, relative=2.415921e-05.
  itrIdx=94,	residual=1.536221e+05,	 rhs=6.715918e+09, relative=2.287433e-05.
  itrIdx=95,	residual=1.109056e+05,	 rhs=6.715918e+09, relative=1.651384e-05.
  itrIdx=96,	residual=9.251472e+04,	 rhs=6.715918e+09, relative=1.377544e-05.
  itrIdx=97,	residual=8.375153e+04,	 rhs=6.715918e+09, relative=1.247060e-05.
  itrIdx=98,	residual=6.956807e+04,	 rhs=6.715918e+09, relative=1.035868e-05.
  itrIdx=99,	residual=9.201377e+04,	 rhs=6.715918e+09, relative=1.370085e-05.
  itrIdx=100,	residual=1.141037e+05,	 rhs=6.715918e+09, relative=1.699003e-05.
  itrIdx=101,	residual=1.205432e+05,	 rhs=6.715918e+09, relative=1.794888e-05.
  itrIdx=102,	residual=1.153085e+05,	 rhs=6.715918e+09, relative=1.716943e-05.
  itrIdx=103,	residual=8.411884e+04,	 rhs=6.715918e+09, relative=1.252529e-05.
Reach rtol=1.000000e-05, the solver exits with residual=6.402285e+04 and iterations=104.
  homoCoeffZ=7.40932
========================================================
Contrast_x,y,z=8  125  1000
Get kvals from python.
2.09715e+06  3.2768e+07  2.62144e+08  2.62144e+08  2.62144e+08  2621.44  26214.4  262144  262144  262144  1677.72  26214.4  209715  209715  262144  
  Use all 1.0.
Use the following reference parameters:
262144  262144  262144  262144  262144  
GPU solver with FCT preconditioner.
  itrIdx=1,	residual=1.318128e+10,	 rhs=6.710937e+10, relative=1.964149e-01.
  itrIdx=2,	residual=7.193670e+09,	 rhs=6.710937e+10, relative=1.071932e-01.
  itrIdx=3,	residual=4.313431e+09,	 rhs=6.710937e+10, relative=6.427465e-02.
  itrIdx=4,	residual=3.764392e+09,	 rhs=6.710937e+10, relative=5.609339e-02.
  itrIdx=5,	residual=1.725387e+09,	 rhs=6.710937e+10, relative=2.571008e-02.
  itrIdx=6,	residual=1.287493e+09,	 rhs=6.710937e+10, relative=1.918499e-02.
  itrIdx=7,	residual=9.676398e+08,	 rhs=6.710937e+10, relative=1.441885e-02.
  itrIdx=8,	residual=1.169365e+09,	 rhs=6.710937e+10, relative=1.742476e-02.
  itrIdx=9,	residual=9.282723e+08,	 rhs=6.710937e+10, relative=1.383223e-02.
  itrIdx=10,	residual=8.012098e+08,	 rhs=6.710937e+10, relative=1.193887e-02.
  itrIdx=11,	residual=7.305532e+08,	 rhs=6.710937e+10, relative=1.088601e-02.
  itrIdx=12,	residual=5.804373e+08,	 rhs=6.710937e+10, relative=8.649125e-03.
  itrIdx=13,	residual=6.274062e+08,	 rhs=6.710937e+10, relative=9.349011e-03.
  itrIdx=14,	residual=9.081596e+08,	 rhs=6.710937e+10, relative=1.353253e-02.
  itrIdx=15,	residual=1.281765e+09,	 rhs=6.710937e+10, relative=1.909964e-02.
  itrIdx=16,	residual=1.639015e+09,	 rhs=6.710937e+10, relative=2.442304e-02.
  itrIdx=17,	residual=1.788464e+09,	 rhs=6.710937e+10, relative=2.664999e-02.
  itrIdx=18,	residual=1.487769e+09,	 rhs=6.710937e+10, relative=2.216933e-02.
  itrIdx=19,	residual=8.691196e+08,	 rhs=6.710937e+10, relative=1.295079e-02.
  itrIdx=20,	residual=5.870669e+08,	 rhs=6.710937e+10, relative=8.747913e-03.
  itrIdx=21,	residual=5.422888e+08,	 rhs=6.710937e+10, relative=8.080672e-03.
  itrIdx=22,	residual=4.022259e+08,	 rhs=6.710937e+10, relative=5.993588e-03.
  itrIdx=23,	residual=3.278944e+08,	 rhs=6.710937e+10, relative=4.885971e-03.
  itrIdx=24,	residual=3.003877e+08,	 rhs=6.710937e+10, relative=4.476093e-03.
  itrIdx=25,	residual=2.211082e+08,	 rhs=6.710937e+10, relative=3.294744e-03.
  itrIdx=26,	residual=1.648154e+08,	 rhs=6.710937e+10, relative=2.455923e-03.
  itrIdx=27,	residual=9.481752e+07,	 rhs=6.710937e+10, relative=1.412881e-03.
  itrIdx=28,	residual=9.469919e+07,	 rhs=6.710937e+10, relative=1.411117e-03.
  itrIdx=29,	residual=7.798770e+07,	 rhs=6.710937e+10, relative=1.162099e-03.
  itrIdx=30,	residual=1.130005e+08,	 rhs=6.710937e+10, relative=1.683826e-03.
  itrIdx=31,	residual=1.479689e+08,	 rhs=6.710937e+10, relative=2.204892e-03.
  itrIdx=32,	residual=1.867248e+08,	 rhs=6.710937e+10, relative=2.782396e-03.
  itrIdx=33,	residual=1.625746e+08,	 rhs=6.710937e+10, relative=2.422532e-03.
  itrIdx=34,	residual=1.335250e+08,	 rhs=6.710937e+10, relative=1.989662e-03.
  itrIdx=35,	residual=1.021221e+08,	 rhs=6.710937e+10, relative=1.521726e-03.
  itrIdx=36,	residual=7.012281e+07,	 rhs=6.710937e+10, relative=1.044904e-03.
  itrIdx=37,	residual=7.387445e+07,	 rhs=6.710937e+10, relative=1.100807e-03.
  itrIdx=38,	residual=7.123487e+07,	 rhs=6.710937e+10, relative=1.061474e-03.
  itrIdx=39,	residual=6.054158e+07,	 rhs=6.710937e+10, relative=9.021331e-04.
  itrIdx=40,	residual=4.133097e+07,	 rhs=6.710937e+10, relative=6.158748e-04.
  itrIdx=41,	residual=3.577245e+07,	 rhs=6.710937e+10, relative=5.330470e-04.
  itrIdx=42,	residual=2.720531e+07,	 rhs=6.710937e+10, relative=4.053877e-04.
  itrIdx=43,	residual=2.530245e+07,	 rhs=6.710937e+10, relative=3.770330e-04.
  itrIdx=44,	residual=3.228360e+07,	 rhs=6.710937e+10, relative=4.810595e-04.
  itrIdx=45,	residual=4.632613e+07,	 rhs=6.710937e+10, relative=6.903080e-04.
  itrIdx=46,	residual=5.352898e+07,	 rhs=6.710937e+10, relative=7.976380e-04.
  itrIdx=47,	residual=5.850789e+07,	 rhs=6.710937e+10, relative=8.718290e-04.
  itrIdx=48,	residual=4.839014e+07,	 rhs=6.710937e+10, relative=7.210639e-04.
  itrIdx=49,	residual=3.575954e+07,	 rhs=6.710937e+10, relative=5.328546e-04.
  itrIdx=50,	residual=2.617107e+07,	 rhs=6.710937e+10, relative=3.899764e-04.
  itrIdx=51,	residual=2.705723e+07,	 rhs=6.710937e+10, relative=4.031812e-04.
  itrIdx=52,	residual=3.028116e+07,	 rhs=6.710937e+10, relative=4.512210e-04.
  itrIdx=53,	residual=2.803399e+07,	 rhs=6.710937e+10, relative=4.177359e-04.
  itrIdx=54,	residual=3.101554e+07,	 rhs=6.710937e+10, relative=4.621641e-04.
  itrIdx=55,	residual=2.651297e+07,	 rhs=6.710937e+10, relative=3.950711e-04.
  itrIdx=56,	residual=2.465887e+07,	 rhs=6.710937e+10, relative=3.674431e-04.
  itrIdx=57,	residual=2.716538e+07,	 rhs=6.710937e+10, relative=4.047927e-04.
  itrIdx=58,	residual=3.668556e+07,	 rhs=6.710937e+10, relative=5.466533e-04.
  itrIdx=59,	residual=3.660739e+07,	 rhs=6.710937e+10, relative=5.454886e-04.
  itrIdx=60,	residual=3.415638e+07,	 rhs=6.710937e+10, relative=5.089659e-04.
  itrIdx=61,	residual=2.720449e+07,	 rhs=6.710937e+10, relative=4.053754e-04.
  itrIdx=62,	residual=1.517612e+07,	 rhs=6.710937e+10, relative=2.261401e-04.
  itrIdx=63,	residual=1.059282e+07,	 rhs=6.710937e+10, relative=1.578441e-04.
  itrIdx=64,	residual=8.656604e+06,	 rhs=6.710937e+10, relative=1.289925e-04.
  itrIdx=65,	residual=9.783453e+06,	 rhs=6.710937e+10, relative=1.457837e-04.
  itrIdx=66,	residual=1.076566e+07,	 rhs=6.710937e+10, relative=1.604197e-04.
  itrIdx=67,	residual=1.468511e+07,	 rhs=6.710937e+10, relative=2.188236e-04.
  itrIdx=68,	residual=1.713761e+07,	 rhs=6.710937e+10, relative=2.553684e-04.
  itrIdx=69,	residual=1.583123e+07,	 rhs=6.710937e+10, relative=2.359020e-04.
  itrIdx=70,	residual=1.625798e+07,	 rhs=6.710937e+10, relative=2.422610e-04.
  itrIdx=71,	residual=1.967668e+07,	 rhs=6.710937e+10, relative=2.932031e-04.
  itrIdx=72,	residual=2.490767e+07,	 rhs=6.710937e+10, relative=3.711504e-04.
  itrIdx=73,	residual=2.585602e+07,	 rhs=6.710937e+10, relative=3.852818e-04.
  itrIdx=74,	residual=2.747502e+07,	 rhs=6.710937e+10, relative=4.094066e-04.
  itrIdx=75,	residual=1.921633e+07,	 rhs=6.710937e+10, relative=2.863436e-04.
  itrIdx=76,	residual=1.104435e+07,	 rhs=6.710937e+10, relative=1.645724e-04.
  itrIdx=77,	residual=7.324079e+06,	 rhs=6.710937e+10, relative=1.091365e-04.
  itrIdx=78,	residual=5.585577e+06,	 rhs=6.710937e+10, relative=8.323096e-05.
  itrIdx=79,	residual=4.254774e+06,	 rhs=6.710937e+10, relative=6.340059e-05.
  itrIdx=80,	residual=4.908850e+06,	 rhs=6.710937e+10, relative=7.314702e-05.
  itrIdx=81,	residual=5.824764e+06,	 rhs=6.710937e+10, relative=8.679509e-05.
  itrIdx=82,	residual=7.336712e+06,	 rhs=6.710937e+10, relative=1.093247e-04.
  itrIdx=83,	residual=5.910386e+06,	 rhs=6.710937e+10, relative=8.807095e-05.
  itrIdx=84,	residual=7.791474e+06,	 rhs=6.710937e+10, relative=1.161011e-04.
  itrIdx=85,	residual=7.181141e+06,	 rhs=6.710937e+10, relative=1.070065e-04.
  itrIdx=86,	residual=7.891380e+06,	 rhs=6.710937e+10, relative=1.175898e-04.
  itrIdx=87,	residual=9.697447e+06,	 rhs=6.710937e+10, relative=1.445021e-04.
  itrIdx=88,	residual=1.163795e+07,	 rhs=6.710937e+10, relative=1.734177e-04.
  itrIdx=89,	residual=1.066418e+07,	 rhs=6.710937e+10, relative=1.589074e-04.
  itrIdx=90,	residual=7.341518e+06,	 rhs=6.710937e+10, relative=1.093963e-04.
  itrIdx=91,	residual=6.638791e+06,	 rhs=6.710937e+10, relative=9.892495e-05.
  itrIdx=92,	residual=5.443518e+06,	 rhs=6.710937e+10, relative=8.111414e-05.
  itrIdx=93,	residual=6.598840e+06,	 rhs=6.710937e+10, relative=9.832964e-05.
  itrIdx=94,	residual=8.550619e+06,	 rhs=6.710937e+10, relative=1.274132e-04.
  itrIdx=95,	residual=1.141726e+07,	 rhs=6.710937e+10, relative=1.701291e-04.
  itrIdx=96,	residual=9.452340e+06,	 rhs=6.710937e+10, relative=1.408498e-04.
  itrIdx=97,	residual=7.755984e+06,	 rhs=6.710937e+10, relative=1.155723e-04.
  itrIdx=98,	residual=5.787065e+06,	 rhs=6.710937e+10, relative=8.623334e-05.
  itrIdx=99,	residual=4.024477e+06,	 rhs=6.710937e+10, relative=5.996894e-05.
  itrIdx=100,	residual=3.609167e+06,	 rhs=6.710937e+10, relative=5.378038e-05.
  itrIdx=101,	residual=3.660262e+06,	 rhs=6.710937e+10, relative=5.454174e-05.
  itrIdx=102,	residual=3.224486e+06,	 rhs=6.710937e+10, relative=4.804822e-05.
  itrIdx=103,	residual=2.367448e+06,	 rhs=6.710937e+10, relative=3.527745e-05.
  itrIdx=104,	residual=2.190189e+06,	 rhs=6.710937e+10, relative=3.263611e-05.
  itrIdx=105,	residual=1.997600e+06,	 rhs=6.710937e+10, relative=2.976634e-05.
  itrIdx=106,	residual=2.003490e+06,	 rhs=6.710937e+10, relative=2.985411e-05.
  itrIdx=107,	residual=2.309528e+06,	 rhs=6.710937e+10, relative=3.441439e-05.
  itrIdx=108,	residual=3.954224e+06,	 rhs=6.710937e+10, relative=5.892209e-05.
  itrIdx=109,	residual=5.393865e+06,	 rhs=6.710937e+10, relative=8.037425e-05.
  itrIdx=110,	residual=6.282070e+06,	 rhs=6.710937e+10, relative=9.360944e-05.
  itrIdx=111,	residual=6.568268e+06,	 rhs=6.710937e+10, relative=9.787409e-05.
  itrIdx=112,	residual=5.099693e+06,	 rhs=6.710937e+10, relative=7.599078e-05.
  itrIdx=113,	residual=3.710149e+06,	 rhs=6.710937e+10, relative=5.528511e-05.
  itrIdx=114,	residual=2.919664e+06,	 rhs=6.710937e+10, relative=4.350605e-05.
  itrIdx=115,	residual=2.805729e+06,	 rhs=6.710937e+10, relative=4.180830e-05.
  itrIdx=116,	residual=2.492987e+06,	 rhs=6.710937e+10, relative=3.714813e-05.
  itrIdx=117,	residual=2.344678e+06,	 rhs=6.710937e+10, relative=3.493816e-05.
  itrIdx=118,	residual=2.231256e+06,	 rhs=6.710937e+10, relative=3.324806e-05.
  itrIdx=119,	residual=2.122084e+06,	 rhs=6.710937e+10, relative=3.162129e-05.
  itrIdx=120,	residual=2.008164e+06,	 rhs=6.710937e+10, relative=2.992375e-05.
  itrIdx=121,	residual=2.240138e+06,	 rhs=6.710937e+10, relative=3.338040e-05.
  itrIdx=122,	residual=3.170985e+06,	 rhs=6.710937e+10, relative=4.725100e-05.
  itrIdx=123,	residual=3.911427e+06,	 rhs=6.710937e+10, relative=5.828437e-05.
  itrIdx=124,	residual=5.209390e+06,	 rhs=6.710937e+10, relative=7.762538e-05.
  itrIdx=125,	residual=5.173570e+06,	 rhs=6.710937e+10, relative=7.709163e-05.
  itrIdx=126,	residual=3.264633e+06,	 rhs=6.710937e+10, relative=4.864645e-05.
  itrIdx=127,	residual=2.131823e+06,	 rhs=6.710937e+10, relative=3.176640e-05.
  itrIdx=128,	residual=1.467358e+06,	 rhs=6.710937e+10, relative=2.186518e-05.
  itrIdx=129,	residual=1.421080e+06,	 rhs=6.710937e+10, relative=2.117558e-05.
  itrIdx=130,	residual=1.085174e+06,	 rhs=6.710937e+10, relative=1.617023e-05.
  itrIdx=131,	residual=1.267066e+06,	 rhs=6.710937e+10, relative=1.888061e-05.
  itrIdx=132,	residual=1.288500e+06,	 rhs=6.710937e+10, relative=1.920001e-05.
  itrIdx=133,	residual=1.190403e+06,	 rhs=6.710937e+10, relative=1.773826e-05.
  itrIdx=134,	residual=1.060194e+06,	 rhs=6.710937e+10, relative=1.579801e-05.
  itrIdx=135,	residual=1.281014e+06,	 rhs=6.710937e+10, relative=1.908845e-05.
  itrIdx=136,	residual=1.612906e+06,	 rhs=6.710937e+10, relative=2.403399e-05.
  itrIdx=137,	residual=2.076896e+06,	 rhs=6.710937e+10, relative=3.094793e-05.
  itrIdx=138,	residual=3.226229e+06,	 rhs=6.710937e+10, relative=4.807419e-05.
  itrIdx=139,	residual=3.968280e+06,	 rhs=6.710937e+10, relative=5.913153e-05.
  itrIdx=140,	residual=3.485383e+06,	 rhs=6.710937e+10, relative=5.193587e-05.
  itrIdx=141,	residual=2.346059e+06,	 rhs=6.710937e+10, relative=3.495875e-05.
  itrIdx=142,	residual=1.873597e+06,	 rhs=6.710937e+10, relative=2.791856e-05.
  itrIdx=143,	residual=1.229639e+06,	 rhs=6.710937e+10, relative=1.832291e-05.
  itrIdx=144,	residual=9.213890e+05,	 rhs=6.710937e+10, relative=1.372966e-05.
  itrIdx=145,	residual=8.404197e+05,	 rhs=6.710937e+10, relative=1.252314e-05.
  itrIdx=146,	residual=8.932167e+05,	 rhs=6.710937e+10, relative=1.330987e-05.
  itrIdx=147,	residual=7.682936e+05,	 rhs=6.710937e+10, relative=1.144838e-05.
Reach rtol=1.000000e-05, the solver exits with residual=6.237116e+05 and iterations=148.
  homoCoeffZ=64.0386
========================================================
Contrast_x,y,z=16  625  10000
