========================================================
Contrast_x,y,z=100  25  4
Get kvals from python.
2.62144e+07  6.5536e+06  1.04858e+06  1.04858e+06  1.04858e+06  262144  524288  786432  786432  786432  262144  65536  10485.8  10485.8  786432  
Use the following reference parameters:
262144  65536  10485.8  10485.8  786432  
GPU solver with FCT preconditioner.
  itrIdx=1,	residual=1.820031e+07,	 rhs=8.246475e+08, relative=2.207041e-02.
  itrIdx=2,	residual=6.277441e+06,	 rhs=8.246475e+08, relative=7.612271e-03.
  itrIdx=3,	residual=3.634913e+06,	 rhs=8.246475e+08, relative=4.407839e-03.
  itrIdx=4,	residual=1.822807e+06,	 rhs=8.246475e+08, relative=2.210407e-03.
  itrIdx=5,	residual=1.292473e+06,	 rhs=8.246475e+08, relative=1.567303e-03.
  itrIdx=6,	residual=1.026599e+06,	 rhs=8.246475e+08, relative=1.244895e-03.
  itrIdx=7,	residual=8.240864e+05,	 rhs=8.246475e+08, relative=9.993195e-04.
  itrIdx=8,	residual=9.423393e+05,	 rhs=8.246475e+08, relative=1.142718e-03.
  itrIdx=9,	residual=6.698214e+05,	 rhs=8.246475e+08, relative=8.122517e-04.
  itrIdx=10,	residual=6.846550e+05,	 rhs=8.246475e+08, relative=8.302396e-04.
  itrIdx=11,	residual=6.612915e+05,	 rhs=8.246475e+08, relative=8.019081e-04.
  itrIdx=12,	residual=5.143548e+05,	 rhs=8.246475e+08, relative=6.237269e-04.
  itrIdx=13,	residual=5.407612e+05,	 rhs=8.246475e+08, relative=6.557483e-04.
  itrIdx=14,	residual=2.579364e+05,	 rhs=8.246475e+08, relative=3.127838e-04.
  itrIdx=15,	residual=2.009279e+05,	 rhs=8.246475e+08, relative=2.436530e-04.
  itrIdx=16,	residual=1.417748e+05,	 rhs=8.246475e+08, relative=1.719217e-04.
  itrIdx=17,	residual=1.058602e+05,	 rhs=8.246475e+08, relative=1.283702e-04.
  itrIdx=18,	residual=6.802754e+04,	 rhs=8.246475e+08, relative=8.249287e-05.
  itrIdx=19,	residual=4.986917e+04,	 rhs=8.246475e+08, relative=6.047331e-05.
  itrIdx=20,	residual=4.262476e+04,	 rhs=8.246475e+08, relative=5.168846e-05.
  itrIdx=21,	residual=2.966783e+04,	 rhs=8.246475e+08, relative=3.597638e-05.
  itrIdx=22,	residual=2.559534e+04,	 rhs=8.246475e+08, relative=3.103792e-05.
  itrIdx=23,	residual=2.255356e+04,	 rhs=8.246475e+08, relative=2.734933e-05.
  itrIdx=24,	residual=2.130028e+04,	 rhs=8.246475e+08, relative=2.582955e-05.
  itrIdx=25,	residual=1.941149e+04,	 rhs=8.246475e+08, relative=2.353913e-05.
Reach rtol=1.000000e-05, the solver exits with residual=7.459449e+03 and iterations=26.
  homoCoeffZ=3.14148
========================================================
Contrast_x,y,z=1000  125  8
Get kvals from python.
2.62144e+08  3.2768e+07  2.09715e+06  2.09715e+06  2.09715e+06  262144  524288  786432  786432  786432  262144  32768  2097.15  2097.15  786432  
Use the following reference parameters:
262144  32768  2097.15  2097.15  786432  
GPU solver with FCT preconditioner.
  itrIdx=1,	residual=5.272080e+07,	 rhs=9.466870e+08, relative=5.568978e-02.
  itrIdx=2,	residual=2.539056e+07,	 rhs=9.466870e+08, relative=2.682044e-02.
  itrIdx=3,	residual=1.319744e+07,	 rhs=9.466870e+08, relative=1.394066e-02.
  itrIdx=4,	residual=1.149027e+07,	 rhs=9.466870e+08, relative=1.213735e-02.
  itrIdx=5,	residual=2.346104e+07,	 rhs=9.466870e+08, relative=2.478225e-02.
  itrIdx=6,	residual=7.560792e+06,	 rhs=9.466870e+08, relative=7.986580e-03.
  itrIdx=7,	residual=5.731938e+06,	 rhs=9.466870e+08, relative=6.054733e-03.
  itrIdx=8,	residual=8.594103e+06,	 rhs=9.466870e+08, relative=9.078083e-03.
  itrIdx=9,	residual=6.302657e+06,	 rhs=9.466870e+08, relative=6.657593e-03.
  itrIdx=10,	residual=2.047380e+06,	 rhs=9.466870e+08, relative=2.162679e-03.
  itrIdx=11,	residual=2.122563e+06,	 rhs=9.466870e+08, relative=2.242096e-03.
  itrIdx=12,	residual=2.625250e+06,	 rhs=9.466870e+08, relative=2.773091e-03.
  itrIdx=13,	residual=1.381875e+06,	 rhs=9.466870e+08, relative=1.459696e-03.
  itrIdx=14,	residual=1.482814e+06,	 rhs=9.466870e+08, relative=1.566319e-03.
  itrIdx=15,	residual=2.050969e+06,	 rhs=9.466870e+08, relative=2.166470e-03.
  itrIdx=16,	residual=1.284565e+06,	 rhs=9.466870e+08, relative=1.356905e-03.
  itrIdx=17,	residual=1.159002e+06,	 rhs=9.466870e+08, relative=1.224272e-03.
  itrIdx=18,	residual=9.998810e+05,	 rhs=9.466870e+08, relative=1.056190e-03.
  itrIdx=19,	residual=1.034825e+06,	 rhs=9.466870e+08, relative=1.093102e-03.
  itrIdx=20,	residual=3.809145e+06,	 rhs=9.466870e+08, relative=4.023658e-03.
  itrIdx=21,	residual=7.358027e+05,	 rhs=9.466870e+08, relative=7.772397e-04.
  itrIdx=22,	residual=7.864350e+05,	 rhs=9.466870e+08, relative=8.307233e-04.
  itrIdx=23,	residual=7.909379e+05,	 rhs=9.466870e+08, relative=8.354798e-04.
  itrIdx=24,	residual=6.157980e+05,	 rhs=9.466870e+08, relative=6.504768e-04.
  itrIdx=25,	residual=1.137681e+06,	 rhs=9.466870e+08, relative=1.201749e-03.
  itrIdx=26,	residual=1.313229e+06,	 rhs=9.466870e+08, relative=1.387184e-03.
  itrIdx=27,	residual=5.525795e+05,	 rhs=9.466870e+08, relative=5.836982e-04.
  itrIdx=28,	residual=1.232027e+06,	 rhs=9.466870e+08, relative=1.301409e-03.
  itrIdx=29,	residual=4.456732e+05,	 rhs=9.466870e+08, relative=4.707714e-04.
  itrIdx=30,	residual=7.194548e+05,	 rhs=9.466870e+08, relative=7.599711e-04.
  itrIdx=31,	residual=6.007428e+05,	 rhs=9.466870e+08, relative=6.345738e-04.
  itrIdx=32,	residual=1.273014e+06,	 rhs=9.466870e+08, relative=1.344705e-03.
  itrIdx=33,	residual=5.831814e+05,	 rhs=9.466870e+08, relative=6.160234e-04.
  itrIdx=34,	residual=3.643195e+05,	 rhs=9.466870e+08, relative=3.848363e-04.
  itrIdx=35,	residual=3.283416e+05,	 rhs=9.466870e+08, relative=3.468323e-04.
  itrIdx=36,	residual=6.543730e+05,	 rhs=9.466870e+08, relative=6.912242e-04.
  itrIdx=37,	residual=2.118843e+05,	 rhs=9.466870e+08, relative=2.238166e-04.
  itrIdx=38,	residual=6.983914e+05,	 rhs=9.466870e+08, relative=7.377215e-04.
  itrIdx=39,	residual=3.313429e+05,	 rhs=9.466870e+08, relative=3.500025e-04.
  itrIdx=40,	residual=2.544956e+05,	 rhs=9.466870e+08, relative=2.688276e-04.
  itrIdx=41,	residual=3.459679e+05,	 rhs=9.466870e+08, relative=3.654512e-04.
  itrIdx=42,	residual=1.854933e+05,	 rhs=9.466870e+08, relative=1.959394e-04.
  itrIdx=43,	residual=2.158647e+05,	 rhs=9.466870e+08, relative=2.280212e-04.
  itrIdx=44,	residual=2.016548e+05,	 rhs=9.466870e+08, relative=2.130111e-04.
  itrIdx=45,	residual=2.032130e+05,	 rhs=9.466870e+08, relative=2.146570e-04.
  itrIdx=46,	residual=1.515215e+05,	 rhs=9.466870e+08, relative=1.600544e-04.
  itrIdx=47,	residual=2.678744e+05,	 rhs=9.466870e+08, relative=2.829598e-04.
  itrIdx=48,	residual=1.730709e+05,	 rhs=9.466870e+08, relative=1.828175e-04.
  itrIdx=49,	residual=1.575566e+05,	 rhs=9.466870e+08, relative=1.664294e-04.
  itrIdx=50,	residual=2.679905e+05,	 rhs=9.466870e+08, relative=2.830825e-04.
  itrIdx=51,	residual=8.192954e+04,	 rhs=9.466870e+08, relative=8.654343e-05.
  itrIdx=52,	residual=1.285784e+05,	 rhs=9.466870e+08, relative=1.358194e-04.
  itrIdx=53,	residual=1.038114e+05,	 rhs=9.466870e+08, relative=1.096575e-04.
  itrIdx=54,	residual=9.958817e+04,	 rhs=9.466870e+08, relative=1.051965e-04.
  itrIdx=55,	residual=1.239723e+05,	 rhs=9.466870e+08, relative=1.309538e-04.
  itrIdx=56,	residual=9.754790e+04,	 rhs=9.466870e+08, relative=1.030413e-04.
  itrIdx=57,	residual=6.327875e+04,	 rhs=9.466870e+08, relative=6.684231e-05.
  itrIdx=58,	residual=7.135477e+04,	 rhs=9.466870e+08, relative=7.537313e-05.
  itrIdx=59,	residual=5.307702e+04,	 rhs=9.466870e+08, relative=5.606607e-05.
  itrIdx=60,	residual=4.394499e+04,	 rhs=9.466870e+08, relative=4.641977e-05.
  itrIdx=61,	residual=6.138245e+04,	 rhs=9.466870e+08, relative=6.483923e-05.
  itrIdx=62,	residual=4.948912e+04,	 rhs=9.466870e+08, relative=5.227612e-05.
  itrIdx=63,	residual=4.204565e+04,	 rhs=9.466870e+08, relative=4.441346e-05.
  itrIdx=64,	residual=2.682809e+04,	 rhs=9.466870e+08, relative=2.833892e-05.
  itrIdx=65,	residual=3.103071e+04,	 rhs=9.466870e+08, relative=3.277822e-05.
  itrIdx=66,	residual=4.708944e+04,	 rhs=9.466870e+08, relative=4.974130e-05.
  itrIdx=67,	residual=1.929305e+04,	 rhs=9.466870e+08, relative=2.037954e-05.
  itrIdx=68,	residual=3.700438e+04,	 rhs=9.466870e+08, relative=3.908830e-05.
  itrIdx=69,	residual=1.746052e+04,	 rhs=9.466870e+08, relative=1.844382e-05.
  itrIdx=70,	residual=2.058533e+04,	 rhs=9.466870e+08, relative=2.174460e-05.
  itrIdx=71,	residual=3.138289e+04,	 rhs=9.466870e+08, relative=3.315023e-05.
  itrIdx=72,	residual=1.630552e+04,	 rhs=9.466870e+08, relative=1.722377e-05.
  itrIdx=73,	residual=1.221746e+04,	 rhs=9.466870e+08, relative=1.290549e-05.
  itrIdx=74,	residual=2.539701e+04,	 rhs=9.466870e+08, relative=2.682725e-05.
  itrIdx=75,	residual=1.313802e+04,	 rhs=9.466870e+08, relative=1.387789e-05.
Reach rtol=1.000000e-05, the solver exits with residual=8.358256e+03 and iterations=76.
  homoCoeffZ=3.56299
========================================================
Contrast_x,y,z=10000  625  16
Get kvals from python.
2.62144e+09  1.6384e+08  4.1943e+06  4.1943e+06  4.1943e+06  262144  524288  786432  786432  786432  262144  16384  419.43  419.43  786432  
Use the following reference parameters:
262144  16384  419.43  419.43  786432  
GPU solver with FCT preconditioner.
  itrIdx=1,	residual=7.510988e+07,	 rhs=1.326992e+09, relative=5.660161e-02.
  itrIdx=2,	residual=6.207556e+07,	 rhs=1.326992e+09, relative=4.677916e-02.
  itrIdx=3,	residual=3.374898e+07,	 rhs=1.326992e+09, relative=2.543269e-02.
  itrIdx=4,	residual=5.534710e+07,	 rhs=1.326992e+09, relative=4.170870e-02.
  itrIdx=5,	residual=3.899539e+07,	 rhs=1.326992e+09, relative=2.938631e-02.
  itrIdx=6,	residual=1.631245e+07,	 rhs=1.326992e+09, relative=1.229280e-02.
  itrIdx=7,	residual=4.901565e+07,	 rhs=1.326992e+09, relative=3.693741e-02.
  itrIdx=8,	residual=2.447079e+07,	 rhs=1.326992e+09, relative=1.844080e-02.
  itrIdx=9,	residual=1.900216e+07,	 rhs=1.326992e+09, relative=1.431972e-02.
  itrIdx=10,	residual=9.322763e+06,	 rhs=1.326992e+09, relative=7.025486e-03.
  itrIdx=11,	residual=5.485363e+06,	 rhs=1.326992e+09, relative=4.133682e-03.
  itrIdx=12,	residual=8.590478e+06,	 rhs=1.326992e+09, relative=6.473648e-03.
  itrIdx=13,	residual=3.500981e+06,	 rhs=1.326992e+09, relative=2.638283e-03.
  itrIdx=14,	residual=3.151593e+06,	 rhs=1.326992e+09, relative=2.374990e-03.
  itrIdx=15,	residual=3.415950e+06,	 rhs=1.326992e+09, relative=2.574206e-03.
  itrIdx=16,	residual=1.036564e+07,	 rhs=1.326992e+09, relative=7.811379e-03.
  itrIdx=17,	residual=2.447304e+06,	 rhs=1.326992e+09, relative=1.844250e-03.
  itrIdx=18,	residual=3.089313e+07,	 rhs=1.326992e+09, relative=2.328057e-02.
  itrIdx=19,	residual=6.767213e+06,	 rhs=1.326992e+09, relative=5.099664e-03.
  itrIdx=20,	residual=2.125028e+06,	 rhs=1.326992e+09, relative=1.601388e-03.
  itrIdx=21,	residual=1.192976e+07,	 rhs=1.326992e+09, relative=8.990080e-03.
  itrIdx=22,	residual=3.942501e+06,	 rhs=1.326992e+09, relative=2.971006e-03.
  itrIdx=23,	residual=5.686234e+06,	 rhs=1.326992e+09, relative=4.285056e-03.
  itrIdx=24,	residual=2.981052e+06,	 rhs=1.326992e+09, relative=2.246473e-03.
  itrIdx=25,	residual=1.336343e+07,	 rhs=1.326992e+09, relative=1.007046e-02.
  itrIdx=26,	residual=2.993859e+06,	 rhs=1.326992e+09, relative=2.256125e-03.
  itrIdx=27,	residual=2.552384e+06,	 rhs=1.326992e+09, relative=1.923436e-03.
  itrIdx=28,	residual=3.243737e+06,	 rhs=1.326992e+09, relative=2.444429e-03.
  itrIdx=29,	residual=5.420307e+06,	 rhs=1.326992e+09, relative=4.084657e-03.
  itrIdx=30,	residual=3.791188e+06,	 rhs=1.326992e+09, relative=2.856979e-03.
  itrIdx=31,	residual=1.685436e+06,	 rhs=1.326992e+09, relative=1.270118e-03.
  itrIdx=32,	residual=4.839933e+06,	 rhs=1.326992e+09, relative=3.647296e-03.
  itrIdx=33,	residual=5.780727e+06,	 rhs=1.326992e+09, relative=4.356264e-03.
  itrIdx=34,	residual=4.807620e+06,	 rhs=1.326992e+09, relative=3.622946e-03.
  itrIdx=35,	residual=3.231725e+06,	 rhs=1.326992e+09, relative=2.435377e-03.
  itrIdx=36,	residual=1.882862e+06,	 rhs=1.326992e+09, relative=1.418895e-03.
  itrIdx=37,	residual=4.890155e+06,	 rhs=1.326992e+09, relative=3.685143e-03.
  itrIdx=38,	residual=2.558504e+06,	 rhs=1.326992e+09, relative=1.928048e-03.
  itrIdx=39,	residual=2.476658e+06,	 rhs=1.326992e+09, relative=1.866370e-03.
  itrIdx=40,	residual=1.603151e+06,	 rhs=1.326992e+09, relative=1.208109e-03.
  itrIdx=41,	residual=6.688442e+06,	 rhs=1.326992e+09, relative=5.040304e-03.
  itrIdx=42,	residual=4.138462e+06,	 rhs=1.326992e+09, relative=3.118680e-03.
  itrIdx=43,	residual=1.978095e+06,	 rhs=1.326992e+09, relative=1.490661e-03.
  itrIdx=44,	residual=1.621772e+06,	 rhs=1.326992e+09, relative=1.222141e-03.
  itrIdx=45,	residual=1.877575e+06,	 rhs=1.326992e+09, relative=1.414911e-03.
  itrIdx=46,	residual=4.679869e+06,	 rhs=1.326992e+09, relative=3.526675e-03.
  itrIdx=47,	residual=1.404803e+06,	 rhs=1.326992e+09, relative=1.058637e-03.
  itrIdx=48,	residual=1.067811e+06,	 rhs=1.326992e+09, relative=8.046856e-04.
  itrIdx=49,	residual=2.526680e+06,	 rhs=1.326992e+09, relative=1.904066e-03.
  itrIdx=50,	residual=3.020234e+06,	 rhs=1.326992e+09, relative=2.276001e-03.
  itrIdx=51,	residual=2.112586e+06,	 rhs=1.326992e+09, relative=1.592011e-03.
  itrIdx=52,	residual=1.841429e+06,	 rhs=1.326992e+09, relative=1.387672e-03.
  itrIdx=53,	residual=8.720972e+05,	 rhs=1.326992e+09, relative=6.571986e-04.
  itrIdx=54,	residual=1.275866e+06,	 rhs=1.326992e+09, relative=9.614726e-04.
  itrIdx=55,	residual=3.143264e+06,	 rhs=1.326992e+09, relative=2.368714e-03.
  itrIdx=56,	residual=1.510863e+06,	 rhs=1.326992e+09, relative=1.138562e-03.
  itrIdx=57,	residual=1.175747e+06,	 rhs=1.326992e+09, relative=8.860241e-04.
  itrIdx=58,	residual=2.243709e+06,	 rhs=1.326992e+09, relative=1.690823e-03.
  itrIdx=59,	residual=1.735273e+06,	 rhs=1.326992e+09, relative=1.307674e-03.
  itrIdx=60,	residual=1.498436e+06,	 rhs=1.326992e+09, relative=1.129198e-03.
  itrIdx=61,	residual=1.933216e+06,	 rhs=1.326992e+09, relative=1.456841e-03.
  itrIdx=62,	residual=1.361448e+06,	 rhs=1.326992e+09, relative=1.025966e-03.
  itrIdx=63,	residual=8.981504e+05,	 rhs=1.326992e+09, relative=6.768319e-04.
  itrIdx=64,	residual=1.302237e+06,	 rhs=1.326992e+09, relative=9.813453e-04.
  itrIdx=65,	residual=1.903522e+06,	 rhs=1.326992e+09, relative=1.434464e-03.
  itrIdx=66,	residual=2.755618e+06,	 rhs=1.326992e+09, relative=2.076590e-03.
  itrIdx=67,	residual=3.351138e+06,	 rhs=1.326992e+09, relative=2.525364e-03.
  itrIdx=68,	residual=3.354416e+06,	 rhs=1.326992e+09, relative=2.527835e-03.
  itrIdx=69,	residual=2.153950e+06,	 rhs=1.326992e+09, relative=1.623182e-03.
  itrIdx=70,	residual=1.540895e+06,	 rhs=1.326992e+09, relative=1.161194e-03.
  itrIdx=71,	residual=9.835313e+05,	 rhs=1.326992e+09, relative=7.411736e-04.
  itrIdx=72,	residual=8.550278e+05,	 rhs=1.326992e+09, relative=6.443354e-04.
  itrIdx=73,	residual=1.434953e+06,	 rhs=1.326992e+09, relative=1.081358e-03.
  itrIdx=74,	residual=1.309004e+06,	 rhs=1.326992e+09, relative=9.864446e-04.
  itrIdx=75,	residual=1.425734e+06,	 rhs=1.326992e+09, relative=1.074411e-03.
  itrIdx=76,	residual=2.194741e+06,	 rhs=1.326992e+09, relative=1.653922e-03.
  itrIdx=77,	residual=1.226976e+06,	 rhs=1.326992e+09, relative=9.246295e-04.
  itrIdx=78,	residual=1.103088e+06,	 rhs=1.326992e+09, relative=8.312698e-04.
  itrIdx=79,	residual=1.450739e+06,	 rhs=1.326992e+09, relative=1.093254e-03.
  itrIdx=80,	residual=8.682574e+05,	 rhs=1.326992e+09, relative=6.543050e-04.
  itrIdx=81,	residual=1.083354e+06,	 rhs=1.326992e+09, relative=8.163982e-04.
  itrIdx=82,	residual=8.928633e+05,	 rhs=1.326992e+09, relative=6.728476e-04.
  itrIdx=83,	residual=7.149487e+05,	 rhs=1.326992e+09, relative=5.387740e-04.
  itrIdx=84,	residual=9.267174e+05,	 rhs=1.326992e+09, relative=6.983595e-04.
  itrIdx=85,	residual=8.279104e+05,	 rhs=1.326992e+09, relative=6.239001e-04.
  itrIdx=86,	residual=1.153716e+06,	 rhs=1.326992e+09, relative=8.694217e-04.
  itrIdx=87,	residual=1.483063e+06,	 rhs=1.326992e+09, relative=1.117613e-03.
  itrIdx=88,	residual=8.514654e+05,	 rhs=1.326992e+09, relative=6.416508e-04.
  itrIdx=89,	residual=9.766053e+05,	 rhs=1.326992e+09, relative=7.359542e-04.
  itrIdx=90,	residual=8.908714e+05,	 rhs=1.326992e+09, relative=6.713466e-04.
  itrIdx=91,	residual=5.952499e+05,	 rhs=1.326992e+09, relative=4.485709e-04.
  itrIdx=92,	residual=9.920708e+05,	 rhs=1.326992e+09, relative=7.476088e-04.
  itrIdx=93,	residual=8.710463e+05,	 rhs=1.326992e+09, relative=6.564067e-04.
  itrIdx=94,	residual=6.117259e+05,	 rhs=1.326992e+09, relative=4.609869e-04.
  itrIdx=95,	residual=7.622876e+05,	 rhs=1.326992e+09, relative=5.744479e-04.
  itrIdx=96,	residual=5.215572e+05,	 rhs=1.326992e+09, relative=3.930372e-04.
  itrIdx=97,	residual=5.763916e+05,	 rhs=1.326992e+09, relative=4.343596e-04.
  itrIdx=98,	residual=6.661092e+05,	 rhs=1.326992e+09, relative=5.019693e-04.
  itrIdx=99,	residual=6.026540e+05,	 rhs=1.326992e+09, relative=4.541504e-04.
  itrIdx=100,	residual=7.461353e+05,	 rhs=1.326992e+09, relative=5.622757e-04.
  itrIdx=101,	residual=5.834059e+05,	 rhs=1.326992e+09, relative=4.396454e-04.
  itrIdx=102,	residual=5.775044e+05,	 rhs=1.326992e+09, relative=4.351982e-04.
  itrIdx=103,	residual=5.887675e+05,	 rhs=1.326992e+09, relative=4.436858e-04.
  itrIdx=104,	residual=5.384793e+05,	 rhs=1.326992e+09, relative=4.057894e-04.
  itrIdx=105,	residual=8.106838e+05,	 rhs=1.326992e+09, relative=6.109184e-04.
  itrIdx=106,	residual=8.628887e+05,	 rhs=1.326992e+09, relative=6.502592e-04.
  itrIdx=107,	residual=6.857867e+05,	 rhs=1.326992e+09, relative=5.167979e-04.
  itrIdx=108,	residual=8.954007e+05,	 rhs=1.326992e+09, relative=6.747598e-04.
  itrIdx=109,	residual=5.006854e+05,	 rhs=1.326992e+09, relative=3.773086e-04.
  itrIdx=110,	residual=4.671087e+05,	 rhs=1.326992e+09, relative=3.520057e-04.
  itrIdx=111,	residual=5.295234e+05,	 rhs=1.326992e+09, relative=3.990404e-04.
  itrIdx=112,	residual=4.211685e+05,	 rhs=1.326992e+09, relative=3.173859e-04.
  itrIdx=113,	residual=4.580476e+05,	 rhs=1.326992e+09, relative=3.451774e-04.
  itrIdx=114,	residual=6.010500e+05,	 rhs=1.326992e+09, relative=4.529417e-04.
  itrIdx=115,	residual=4.478677e+05,	 rhs=1.326992e+09, relative=3.375060e-04.
  itrIdx=116,	residual=3.677660e+05,	 rhs=1.326992e+09, relative=2.771426e-04.
  itrIdx=117,	residual=6.276210e+05,	 rhs=1.326992e+09, relative=4.729652e-04.
  itrIdx=118,	residual=3.674656e+05,	 rhs=1.326992e+09, relative=2.769162e-04.
  itrIdx=119,	residual=4.926902e+05,	 rhs=1.326992e+09, relative=3.712835e-04.
  itrIdx=120,	residual=7.113956e+05,	 rhs=1.326992e+09, relative=5.360964e-04.
  itrIdx=121,	residual=4.318882e+05,	 rhs=1.326992e+09, relative=3.254640e-04.
  itrIdx=122,	residual=5.919416e+05,	 rhs=1.326992e+09, relative=4.460778e-04.
  itrIdx=123,	residual=4.837292e+05,	 rhs=1.326992e+09, relative=3.645307e-04.
  itrIdx=124,	residual=4.895282e+05,	 rhs=1.326992e+09, relative=3.689006e-04.
  itrIdx=125,	residual=5.321308e+05,	 rhs=1.326992e+09, relative=4.010053e-04.
  itrIdx=126,	residual=4.629588e+05,	 rhs=1.326992e+09, relative=3.488784e-04.
  itrIdx=127,	residual=4.965979e+05,	 rhs=1.326992e+09, relative=3.742283e-04.
  itrIdx=128,	residual=3.293431e+05,	 rhs=1.326992e+09, relative=2.481878e-04.
  itrIdx=129,	residual=3.141031e+05,	 rhs=1.326992e+09, relative=2.367031e-04.
  itrIdx=130,	residual=3.277535e+05,	 rhs=1.326992e+09, relative=2.469898e-04.
  itrIdx=131,	residual=2.381451e+05,	 rhs=1.326992e+09, relative=1.794623e-04.
  itrIdx=132,	residual=3.442443e+05,	 rhs=1.326992e+09, relative=2.594171e-04.
  itrIdx=133,	residual=3.993388e+05,	 rhs=1.326992e+09, relative=3.009354e-04.
  itrIdx=134,	residual=2.906492e+05,	 rhs=1.326992e+09, relative=2.190286e-04.
  itrIdx=135,	residual=4.010914e+05,	 rhs=1.326992e+09, relative=3.022561e-04.
  itrIdx=136,	residual=3.379033e+05,	 rhs=1.326992e+09, relative=2.546386e-04.
  itrIdx=137,	residual=2.476927e+05,	 rhs=1.326992e+09, relative=1.866573e-04.
  itrIdx=138,	residual=3.613876e+05,	 rhs=1.326992e+09, relative=2.723360e-04.
  itrIdx=139,	residual=4.581655e+05,	 rhs=1.326992e+09, relative=3.452662e-04.
  itrIdx=140,	residual=3.724454e+05,	 rhs=1.326992e+09, relative=2.806689e-04.
  itrIdx=141,	residual=6.486638e+05,	 rhs=1.326992e+09, relative=4.888228e-04.
  itrIdx=142,	residual=6.120855e+05,	 rhs=1.326992e+09, relative=4.612579e-04.
  itrIdx=143,	residual=3.493036e+05,	 rhs=1.326992e+09, relative=2.632297e-04.
  itrIdx=144,	residual=3.919881e+05,	 rhs=1.326992e+09, relative=2.953960e-04.
  itrIdx=145,	residual=3.099977e+05,	 rhs=1.326992e+09, relative=2.336094e-04.
  itrIdx=146,	residual=1.819540e+05,	 rhs=1.326992e+09, relative=1.371176e-04.
  itrIdx=147,	residual=2.215481e+05,	 rhs=1.326992e+09, relative=1.669551e-04.
  itrIdx=148,	residual=2.758186e+05,	 rhs=1.326992e+09, relative=2.078525e-04.
  itrIdx=149,	residual=2.631126e+05,	 rhs=1.326992e+09, relative=1.982775e-04.
  itrIdx=150,	residual=3.867849e+05,	 rhs=1.326992e+09, relative=2.914750e-04.
  itrIdx=151,	residual=4.437526e+05,	 rhs=1.326992e+09, relative=3.344049e-04.
  itrIdx=152,	residual=2.916740e+05,	 rhs=1.326992e+09, relative=2.198009e-04.
  itrIdx=153,	residual=2.868628e+05,	 rhs=1.326992e+09, relative=2.161752e-04.
  itrIdx=154,	residual=2.224320e+05,	 rhs=1.326992e+09, relative=1.676212e-04.
  itrIdx=155,	residual=1.425119e+05,	 rhs=1.326992e+09, relative=1.073947e-04.
  itrIdx=156,	residual=1.769407e+05,	 rhs=1.326992e+09, relative=1.333397e-04.
  itrIdx=157,	residual=1.718449e+05,	 rhs=1.326992e+09, relative=1.294996e-04.
  itrIdx=158,	residual=1.787172e+05,	 rhs=1.326992e+09, relative=1.346784e-04.
  itrIdx=159,	residual=2.201273e+05,	 rhs=1.326992e+09, relative=1.658845e-04.
  itrIdx=160,	residual=2.269756e+05,	 rhs=1.326992e+09, relative=1.710452e-04.
  itrIdx=161,	residual=2.332994e+05,	 rhs=1.326992e+09, relative=1.758107e-04.
  itrIdx=162,	residual=1.744827e+05,	 rhs=1.326992e+09, relative=1.314874e-04.
  itrIdx=163,	residual=1.629785e+05,	 rhs=1.326992e+09, relative=1.228180e-04.
  itrIdx=164,	residual=1.304971e+05,	 rhs=1.326992e+09, relative=9.834052e-05.
  itrIdx=165,	residual=1.111675e+05,	 rhs=1.326992e+09, relative=8.377407e-05.
  itrIdx=166,	residual=1.296258e+05,	 rhs=1.326992e+09, relative=9.768392e-05.
  itrIdx=167,	residual=1.608278e+05,	 rhs=1.326992e+09, relative=1.211973e-04.
  itrIdx=168,	residual=1.631145e+05,	 rhs=1.326992e+09, relative=1.229205e-04.
  itrIdx=169,	residual=2.170136e+05,	 rhs=1.326992e+09, relative=1.635380e-04.
  itrIdx=170,	residual=2.757137e+05,	 rhs=1.326992e+09, relative=2.077735e-04.
  itrIdx=171,	residual=1.789303e+05,	 rhs=1.326992e+09, relative=1.348391e-04.
  itrIdx=172,	residual=1.636140e+05,	 rhs=1.326992e+09, relative=1.232969e-04.
  itrIdx=173,	residual=1.426019e+05,	 rhs=1.326992e+09, relative=1.074625e-04.
  itrIdx=174,	residual=9.952450e+04,	 rhs=1.326992e+09, relative=7.500008e-05.
  itrIdx=175,	residual=9.231490e+04,	 rhs=1.326992e+09, relative=6.956704e-05.
  itrIdx=176,	residual=1.136081e+05,	 rhs=1.326992e+09, relative=8.561327e-05.
  itrIdx=177,	residual=8.992969e+04,	 rhs=1.326992e+09, relative=6.776959e-05.
  itrIdx=178,	residual=1.004937e+05,	 rhs=1.326992e+09, relative=7.573045e-05.
  itrIdx=179,	residual=1.259506e+05,	 rhs=1.326992e+09, relative=9.491434e-05.
  itrIdx=180,	residual=9.068003e+04,	 rhs=1.326992e+09, relative=6.833503e-05.
  itrIdx=181,	residual=9.674403e+04,	 rhs=1.326992e+09, relative=7.290476e-05.
  itrIdx=182,	residual=1.098971e+05,	 rhs=1.326992e+09, relative=8.281674e-05.
  itrIdx=183,	residual=8.623242e+04,	 rhs=1.326992e+09, relative=6.498338e-05.
  itrIdx=184,	residual=9.631089e+04,	 rhs=1.326992e+09, relative=7.257835e-05.
  itrIdx=185,	residual=9.752307e+04,	 rhs=1.326992e+09, relative=7.349183e-05.
  itrIdx=186,	residual=7.651655e+04,	 rhs=1.326992e+09, relative=5.766165e-05.
  itrIdx=187,	residual=6.619273e+04,	 rhs=1.326992e+09, relative=4.988179e-05.
  itrIdx=188,	residual=6.442091e+04,	 rhs=1.326992e+09, relative=4.854658e-05.
  itrIdx=189,	residual=6.811136e+04,	 rhs=1.326992e+09, relative=5.132764e-05.
  itrIdx=190,	residual=5.959001e+04,	 rhs=1.326992e+09, relative=4.490608e-05.
  itrIdx=191,	residual=8.057020e+04,	 rhs=1.326992e+09, relative=6.071642e-05.
  itrIdx=192,	residual=8.924797e+04,	 rhs=1.326992e+09, relative=6.725585e-05.
  itrIdx=193,	residual=7.452476e+04,	 rhs=1.326992e+09, relative=5.616067e-05.
  itrIdx=194,	residual=9.182495e+04,	 rhs=1.326992e+09, relative=6.919783e-05.
  itrIdx=195,	residual=7.785028e+04,	 rhs=1.326992e+09, relative=5.866674e-05.
  itrIdx=196,	residual=6.375979e+04,	 rhs=1.326992e+09, relative=4.804837e-05.
  itrIdx=197,	residual=6.628488e+04,	 rhs=1.326992e+09, relative=4.995123e-05.
  itrIdx=198,	residual=7.677013e+04,	 rhs=1.326992e+09, relative=5.785275e-05.
  itrIdx=199,	residual=6.003341e+04,	 rhs=1.326992e+09, relative=4.524022e-05.
  itrIdx=200,	residual=7.298433e+04,	 rhs=1.326992e+09, relative=5.499983e-05.
  itrIdx=201,	residual=8.112860e+04,	 rhs=1.326992e+09, relative=6.113722e-05.
  itrIdx=202,	residual=7.001117e+04,	 rhs=1.326992e+09, relative=5.275931e-05.
  itrIdx=203,	residual=6.414113e+04,	 rhs=1.326992e+09, relative=4.833573e-05.
  itrIdx=204,	residual=6.417117e+04,	 rhs=1.326992e+09, relative=4.835838e-05.
  itrIdx=205,	residual=5.408607e+04,	 rhs=1.326992e+09, relative=4.075841e-05.
  itrIdx=206,	residual=4.322496e+04,	 rhs=1.326992e+09, relative=3.257364e-05.
  itrIdx=207,	residual=5.265065e+04,	 rhs=1.326992e+09, relative=3.967669e-05.
  itrIdx=208,	residual=4.593897e+04,	 rhs=1.326992e+09, relative=3.461888e-05.
  itrIdx=209,	residual=4.007741e+04,	 rhs=1.326992e+09, relative=3.020170e-05.
  itrIdx=210,	residual=4.562181e+04,	 rhs=1.326992e+09, relative=3.437987e-05.
  itrIdx=211,	residual=4.513044e+04,	 rhs=1.326992e+09, relative=3.400959e-05.
  itrIdx=212,	residual=4.011558e+04,	 rhs=1.326992e+09, relative=3.023046e-05.
  itrIdx=213,	residual=5.077467e+04,	 rhs=1.326992e+09, relative=3.826298e-05.
  itrIdx=214,	residual=4.706583e+04,	 rhs=1.326992e+09, relative=3.546806e-05.
  itrIdx=215,	residual=3.914145e+04,	 rhs=1.326992e+09, relative=2.949637e-05.
  itrIdx=216,	residual=4.268040e+04,	 rhs=1.326992e+09, relative=3.216327e-05.
  itrIdx=217,	residual=3.929424e+04,	 rhs=1.326992e+09, relative=2.961151e-05.
  itrIdx=218,	residual=3.244813e+04,	 rhs=1.326992e+09, relative=2.445239e-05.
  itrIdx=219,	residual=3.498669e+04,	 rhs=1.326992e+09, relative=2.636541e-05.
  itrIdx=220,	residual=4.312966e+04,	 rhs=1.326992e+09, relative=3.250183e-05.
  itrIdx=221,	residual=3.416760e+04,	 rhs=1.326992e+09, relative=2.574816e-05.
  itrIdx=222,	residual=3.391897e+04,	 rhs=1.326992e+09, relative=2.556080e-05.
  itrIdx=223,	residual=4.096931e+04,	 rhs=1.326992e+09, relative=3.087382e-05.
  itrIdx=224,	residual=2.745689e+04,	 rhs=1.326992e+09, relative=2.069108e-05.
  itrIdx=225,	residual=3.056348e+04,	 rhs=1.326992e+09, relative=2.303215e-05.
  itrIdx=226,	residual=3.729243e+04,	 rhs=1.326992e+09, relative=2.810298e-05.
  itrIdx=227,	residual=3.154546e+04,	 rhs=1.326992e+09, relative=2.377216e-05.
  itrIdx=228,	residual=3.685075e+04,	 rhs=1.326992e+09, relative=2.777014e-05.
  itrIdx=229,	residual=4.015398e+04,	 rhs=1.326992e+09, relative=3.025940e-05.
  itrIdx=230,	residual=3.321960e+04,	 rhs=1.326992e+09, relative=2.503377e-05.
  itrIdx=231,	residual=2.363764e+04,	 rhs=1.326992e+09, relative=1.781295e-05.
  itrIdx=232,	residual=2.572887e+04,	 rhs=1.326992e+09, relative=1.938886e-05.
  itrIdx=233,	residual=1.807040e+04,	 rhs=1.326992e+09, relative=1.361757e-05.
  itrIdx=234,	residual=1.681893e+04,	 rhs=1.326992e+09, relative=1.267448e-05.
  itrIdx=235,	residual=2.126131e+04,	 rhs=1.326992e+09, relative=1.602218e-05.
  itrIdx=236,	residual=1.919627e+04,	 rhs=1.326992e+09, relative=1.446600e-05.
  itrIdx=237,	residual=2.034685e+04,	 rhs=1.326992e+09, relative=1.533306e-05.
  itrIdx=238,	residual=2.594448e+04,	 rhs=1.326992e+09, relative=1.955135e-05.
  itrIdx=239,	residual=2.480650e+04,	 rhs=1.326992e+09, relative=1.869378e-05.
  itrIdx=240,	residual=2.398473e+04,	 rhs=1.326992e+09, relative=1.807451e-05.
  itrIdx=241,	residual=2.816878e+04,	 rhs=1.326992e+09, relative=2.122755e-05.
  itrIdx=242,	residual=2.912113e+04,	 rhs=1.326992e+09, relative=2.194522e-05.
  itrIdx=243,	residual=1.873293e+04,	 rhs=1.326992e+09, relative=1.411684e-05.
  itrIdx=244,	residual=1.918391e+04,	 rhs=1.326992e+09, relative=1.445669e-05.
  itrIdx=245,	residual=1.603275e+04,	 rhs=1.326992e+09, relative=1.208202e-05.
Reach rtol=1.000000e-05, the solver exits with residual=1.154726e+04 and iterations=246.
  homoCoeffZ=4.2173
========================================================
Contrast_x,y,z=100000  3125  32
Get kvals from python.
2.62144e+10  8.192e+08  8.38861e+06  8.38861e+06  8.38861e+06  262144  524288  786432  786432  786432  262144  8192  83.8861  83.8861  786432  
Use the following reference parameters:
262144  8192  83.8861  83.8861  786432  
GPU solver with FCT preconditioner.
  itrIdx=1,	residual=9.346203e+07,	 rhs=2.284660e+09, relative=4.090851e-02.
  itrIdx=2,	residual=7.696204e+07,	 rhs=2.284660e+09, relative=3.368643e-02.
  itrIdx=3,	residual=6.088512e+07,	 rhs=2.284660e+09, relative=2.664953e-02.
  itrIdx=4,	residual=3.766923e+08,	 rhs=2.284660e+09, relative=1.648789e-01.
  itrIdx=5,	residual=6.958606e+08,	 rhs=2.284660e+09, relative=3.045795e-01.
  itrIdx=6,	residual=1.648472e+07,	 rhs=2.284660e+09, relative=7.215394e-03.
  itrIdx=7,	residual=7.704808e+07,	 rhs=2.284660e+09, relative=3.372409e-02.
  itrIdx=8,	residual=1.739465e+08,	 rhs=2.284660e+09, relative=7.613669e-02.
  itrIdx=9,	residual=8.889869e+07,	 rhs=2.284660e+09, relative=3.891112e-02.
  itrIdx=10,	residual=1.107376e+07,	 rhs=2.284660e+09, relative=4.847006e-03.
  itrIdx=11,	residual=1.557287e+07,	 rhs=2.284660e+09, relative=6.816274e-03.
  itrIdx=12,	residual=1.686892e+07,	 rhs=2.284660e+09, relative=7.383558e-03.
  itrIdx=13,	residual=9.004481e+06,	 rhs=2.284660e+09, relative=3.941278e-03.
  itrIdx=14,	residual=7.940646e+06,	 rhs=2.284660e+09, relative=3.475636e-03.
  itrIdx=15,	residual=1.176894e+08,	 rhs=2.284660e+09, relative=5.151287e-02.
  itrIdx=16,	residual=1.843547e+07,	 rhs=2.284660e+09, relative=8.069239e-03.
  itrIdx=17,	residual=4.140765e+07,	 rhs=2.284660e+09, relative=1.812421e-02.
  itrIdx=18,	residual=4.782239e+06,	 rhs=2.284660e+09, relative=2.093195e-03.
  itrIdx=19,	residual=3.910826e+07,	 rhs=2.284660e+09, relative=1.711776e-02.
  itrIdx=20,	residual=5.409792e+07,	 rhs=2.284660e+09, relative=2.367876e-02.
  itrIdx=21,	residual=2.897993e+07,	 rhs=2.284660e+09, relative=1.268457e-02.
  itrIdx=22,	residual=2.628899e+07,	 rhs=2.284660e+09, relative=1.150674e-02.
  itrIdx=23,	residual=6.319858e+06,	 rhs=2.284660e+09, relative=2.766214e-03.
  itrIdx=24,	residual=7.320401e+06,	 rhs=2.284660e+09, relative=3.204153e-03.
  itrIdx=25,	residual=4.434557e+06,	 rhs=2.284660e+09, relative=1.941014e-03.
  itrIdx=26,	residual=1.569350e+07,	 rhs=2.284660e+09, relative=6.869073e-03.
  itrIdx=27,	residual=3.690629e+07,	 rhs=2.284660e+09, relative=1.615395e-02.
  itrIdx=28,	residual=2.284134e+07,	 rhs=2.284660e+09, relative=9.997697e-03.
  itrIdx=29,	residual=1.285480e+07,	 rhs=2.284660e+09, relative=5.626568e-03.
  itrIdx=30,	residual=7.968122e+06,	 rhs=2.284660e+09, relative=3.487662e-03.
  itrIdx=31,	residual=1.645847e+07,	 rhs=2.284660e+09, relative=7.203905e-03.
  itrIdx=32,	residual=1.819481e+07,	 rhs=2.284660e+09, relative=7.963904e-03.
  itrIdx=33,	residual=4.597330e+07,	 rhs=2.284660e+09, relative=2.012260e-02.
  itrIdx=34,	residual=2.327008e+07,	 rhs=2.284660e+09, relative=1.018536e-02.
  itrIdx=35,	residual=1.378725e+07,	 rhs=2.284660e+09, relative=6.034705e-03.
  itrIdx=36,	residual=7.172440e+06,	 rhs=2.284660e+09, relative=3.139391e-03.
  itrIdx=37,	residual=6.579769e+06,	 rhs=2.284660e+09, relative=2.879977e-03.
  itrIdx=38,	residual=1.743786e+07,	 rhs=2.284660e+09, relative=7.632584e-03.
  itrIdx=39,	residual=1.780487e+07,	 rhs=2.284660e+09, relative=7.793226e-03.
  itrIdx=40,	residual=3.112397e+07,	 rhs=2.284660e+09, relative=1.362302e-02.
  itrIdx=41,	residual=2.213574e+07,	 rhs=2.284660e+09, relative=9.688854e-03.
  itrIdx=42,	residual=1.330581e+07,	 rhs=2.284660e+09, relative=5.823976e-03.
  itrIdx=43,	residual=9.860728e+06,	 rhs=2.284660e+09, relative=4.316059e-03.
  itrIdx=44,	residual=7.111700e+06,	 rhs=2.284660e+09, relative=3.112804e-03.
  itrIdx=45,	residual=1.490525e+07,	 rhs=2.284660e+09, relative=6.524058e-03.
  itrIdx=46,	residual=2.560352e+07,	 rhs=2.284660e+09, relative=1.120671e-02.
  itrIdx=47,	residual=1.112800e+07,	 rhs=2.284660e+09, relative=4.870747e-03.
  itrIdx=48,	residual=3.763825e+06,	 rhs=2.284660e+09, relative=1.647433e-03.
  itrIdx=49,	residual=5.743727e+06,	 rhs=2.284660e+09, relative=2.514040e-03.
  itrIdx=50,	residual=1.044493e+07,	 rhs=2.284660e+09, relative=4.571764e-03.
  itrIdx=51,	residual=1.052202e+07,	 rhs=2.284660e+09, relative=4.605509e-03.
  itrIdx=52,	residual=1.494593e+07,	 rhs=2.284660e+09, relative=6.541860e-03.
  itrIdx=53,	residual=1.598856e+07,	 rhs=2.284660e+09, relative=6.998223e-03.
  itrIdx=54,	residual=8.315851e+06,	 rhs=2.284660e+09, relative=3.639864e-03.
  itrIdx=55,	residual=9.227873e+06,	 rhs=2.284660e+09, relative=4.039057e-03.
  itrIdx=56,	residual=8.046138e+06,	 rhs=2.284660e+09, relative=3.521810e-03.
  itrIdx=57,	residual=3.536735e+06,	 rhs=2.284660e+09, relative=1.548035e-03.
  itrIdx=58,	residual=4.372012e+06,	 rhs=2.284660e+09, relative=1.913638e-03.
  itrIdx=59,	residual=8.587786e+06,	 rhs=2.284660e+09, relative=3.758890e-03.
  itrIdx=60,	residual=8.153167e+06,	 rhs=2.284660e+09, relative=3.568656e-03.
  itrIdx=61,	residual=5.652143e+06,	 rhs=2.284660e+09, relative=2.473954e-03.
  itrIdx=62,	residual=9.585742e+06,	 rhs=2.284660e+09, relative=4.195697e-03.
  itrIdx=63,	residual=7.012764e+06,	 rhs=2.284660e+09, relative=3.069500e-03.
  itrIdx=64,	residual=3.567722e+06,	 rhs=2.284660e+09, relative=1.561599e-03.
  itrIdx=65,	residual=3.719428e+06,	 rhs=2.284660e+09, relative=1.628001e-03.
  itrIdx=66,	residual=6.100867e+06,	 rhs=2.284660e+09, relative=2.670361e-03.
  itrIdx=67,	residual=3.779422e+06,	 rhs=2.284660e+09, relative=1.654260e-03.
  itrIdx=68,	residual=5.867373e+06,	 rhs=2.284660e+09, relative=2.568160e-03.
  itrIdx=69,	residual=1.335330e+07,	 rhs=2.284660e+09, relative=5.844764e-03.
  itrIdx=70,	residual=1.180848e+07,	 rhs=2.284660e+09, relative=5.168594e-03.
  itrIdx=71,	residual=7.441063e+06,	 rhs=2.284660e+09, relative=3.256967e-03.
  itrIdx=72,	residual=1.490294e+07,	 rhs=2.284660e+09, relative=6.523044e-03.
  itrIdx=73,	residual=1.116753e+07,	 rhs=2.284660e+09, relative=4.888047e-03.
  itrIdx=74,	residual=5.903703e+06,	 rhs=2.284660e+09, relative=2.584062e-03.
  itrIdx=75,	residual=5.395272e+06,	 rhs=2.284660e+09, relative=2.361521e-03.
  itrIdx=76,	residual=7.344966e+06,	 rhs=2.284660e+09, relative=3.214905e-03.
  itrIdx=77,	residual=6.147775e+06,	 rhs=2.284660e+09, relative=2.690893e-03.
  itrIdx=78,	residual=4.864704e+06,	 rhs=2.284660e+09, relative=2.129290e-03.
  itrIdx=79,	residual=8.115262e+06,	 rhs=2.284660e+09, relative=3.552065e-03.
  itrIdx=80,	residual=8.613993e+06,	 rhs=2.284660e+09, relative=3.770361e-03.
  itrIdx=81,	residual=8.150672e+06,	 rhs=2.284660e+09, relative=3.567564e-03.
  itrIdx=82,	residual=7.651535e+06,	 rhs=2.284660e+09, relative=3.349091e-03.
  itrIdx=83,	residual=7.175590e+06,	 rhs=2.284660e+09, relative=3.140769e-03.
  itrIdx=84,	residual=7.169075e+06,	 rhs=2.284660e+09, relative=3.137917e-03.
  itrIdx=85,	residual=5.757302e+06,	 rhs=2.284660e+09, relative=2.519982e-03.
  itrIdx=86,	residual=5.231704e+06,	 rhs=2.284660e+09, relative=2.289926e-03.
  itrIdx=87,	residual=5.640967e+06,	 rhs=2.284660e+09, relative=2.469062e-03.
  itrIdx=88,	residual=5.045982e+06,	 rhs=2.284660e+09, relative=2.208636e-03.
  itrIdx=89,	residual=5.537337e+06,	 rhs=2.284660e+09, relative=2.423703e-03.
  itrIdx=90,	residual=5.437270e+06,	 rhs=2.284660e+09, relative=2.379903e-03.
  itrIdx=91,	residual=7.033887e+06,	 rhs=2.284660e+09, relative=3.078745e-03.
  itrIdx=92,	residual=6.467927e+06,	 rhs=2.284660e+09, relative=2.831024e-03.
  itrIdx=93,	residual=6.284402e+06,	 rhs=2.284660e+09, relative=2.750694e-03.
  itrIdx=94,	residual=7.604240e+06,	 rhs=2.284660e+09, relative=3.328390e-03.
  itrIdx=95,	residual=6.311546e+06,	 rhs=2.284660e+09, relative=2.762576e-03.
  itrIdx=96,	residual=4.792880e+06,	 rhs=2.284660e+09, relative=2.097852e-03.
  itrIdx=97,	residual=6.500803e+06,	 rhs=2.284660e+09, relative=2.845414e-03.
  itrIdx=98,	residual=4.230980e+06,	 rhs=2.284660e+09, relative=1.851908e-03.
  itrIdx=99,	residual=4.076230e+06,	 rhs=2.284660e+09, relative=1.784174e-03.
  itrIdx=100,	residual=5.683241e+06,	 rhs=2.284660e+09, relative=2.487565e-03.
  itrIdx=101,	residual=5.407914e+06,	 rhs=2.284660e+09, relative=2.367054e-03.
  itrIdx=102,	residual=6.196633e+06,	 rhs=2.284660e+09, relative=2.712278e-03.
  itrIdx=103,	residual=6.842192e+06,	 rhs=2.284660e+09, relative=2.994840e-03.
  itrIdx=104,	residual=6.617585e+06,	 rhs=2.284660e+09, relative=2.896529e-03.
  itrIdx=105,	residual=8.945775e+06,	 rhs=2.284660e+09, relative=3.915582e-03.
  itrIdx=106,	residual=7.236121e+06,	 rhs=2.284660e+09, relative=3.167264e-03.
  itrIdx=107,	residual=4.623057e+06,	 rhs=2.284660e+09, relative=2.023521e-03.
  itrIdx=108,	residual=4.818221e+06,	 rhs=2.284660e+09, relative=2.108944e-03.
  itrIdx=109,	residual=4.525174e+06,	 rhs=2.284660e+09, relative=1.980677e-03.
  itrIdx=110,	residual=3.037987e+06,	 rhs=2.284660e+09, relative=1.329733e-03.
  itrIdx=111,	residual=3.484304e+06,	 rhs=2.284660e+09, relative=1.525086e-03.
  itrIdx=112,	residual=4.153207e+06,	 rhs=2.284660e+09, relative=1.817867e-03.
  itrIdx=113,	residual=4.276424e+06,	 rhs=2.284660e+09, relative=1.871799e-03.
  itrIdx=114,	residual=5.379110e+06,	 rhs=2.284660e+09, relative=2.354446e-03.
  itrIdx=115,	residual=7.009425e+06,	 rhs=2.284660e+09, relative=3.068038e-03.
  itrIdx=116,	residual=6.901502e+06,	 rhs=2.284660e+09, relative=3.020800e-03.
  itrIdx=117,	residual=8.981782e+06,	 rhs=2.284660e+09, relative=3.931343e-03.
  itrIdx=118,	residual=6.438365e+06,	 rhs=2.284660e+09, relative=2.818084e-03.
  itrIdx=119,	residual=6.243764e+06,	 rhs=2.284660e+09, relative=2.732907e-03.
  itrIdx=120,	residual=6.521665e+06,	 rhs=2.284660e+09, relative=2.854545e-03.
  itrIdx=121,	residual=5.129916e+06,	 rhs=2.284660e+09, relative=2.245374e-03.
  itrIdx=122,	residual=3.527509e+06,	 rhs=2.284660e+09, relative=1.543997e-03.
  itrIdx=123,	residual=4.668191e+06,	 rhs=2.284660e+09, relative=2.043276e-03.
  itrIdx=124,	residual=4.357825e+06,	 rhs=2.284660e+09, relative=1.907428e-03.
  itrIdx=125,	residual=3.608622e+06,	 rhs=2.284660e+09, relative=1.579501e-03.
  itrIdx=126,	residual=4.319104e+06,	 rhs=2.284660e+09, relative=1.890480e-03.
  itrIdx=127,	residual=4.983241e+06,	 rhs=2.284660e+09, relative=2.181174e-03.
  itrIdx=128,	residual=6.037851e+06,	 rhs=2.284660e+09, relative=2.642779e-03.
  itrIdx=129,	residual=5.682968e+06,	 rhs=2.284660e+09, relative=2.487446e-03.
  itrIdx=130,	residual=6.368626e+06,	 rhs=2.284660e+09, relative=2.787560e-03.
  itrIdx=131,	residual=6.033139e+06,	 rhs=2.284660e+09, relative=2.640716e-03.
  itrIdx=132,	residual=6.649047e+06,	 rhs=2.284660e+09, relative=2.910300e-03.
  itrIdx=133,	residual=4.667033e+06,	 rhs=2.284660e+09, relative=2.042769e-03.
  itrIdx=134,	residual=4.276938e+06,	 rhs=2.284660e+09, relative=1.872024e-03.
  itrIdx=135,	residual=3.693317e+06,	 rhs=2.284660e+09, relative=1.616572e-03.
  itrIdx=136,	residual=3.109562e+06,	 rhs=2.284660e+09, relative=1.361061e-03.
  itrIdx=137,	residual=2.128074e+06,	 rhs=2.284660e+09, relative=9.314617e-04.
  itrIdx=138,	residual=1.857697e+06,	 rhs=2.284660e+09, relative=8.131175e-04.
  itrIdx=139,	residual=1.918407e+06,	 rhs=2.284660e+09, relative=8.396903e-04.
  itrIdx=140,	residual=1.484661e+06,	 rhs=2.284660e+09, relative=6.498387e-04.
  itrIdx=141,	residual=1.455339e+06,	 rhs=2.284660e+09, relative=6.370047e-04.
  itrIdx=142,	residual=1.678188e+06,	 rhs=2.284660e+09, relative=7.345461e-04.
  itrIdx=143,	residual=1.815389e+06,	 rhs=2.284660e+09, relative=7.945992e-04.
  itrIdx=144,	residual=1.962261e+06,	 rhs=2.284660e+09, relative=8.588851e-04.
  itrIdx=145,	residual=2.626537e+06,	 rhs=2.284660e+09, relative=1.149640e-03.
  itrIdx=146,	residual=3.123472e+06,	 rhs=2.284660e+09, relative=1.367150e-03.
  itrIdx=147,	residual=3.352475e+06,	 rhs=2.284660e+09, relative=1.467384e-03.
  itrIdx=148,	residual=4.670603e+06,	 rhs=2.284660e+09, relative=2.044332e-03.
  itrIdx=149,	residual=4.011030e+06,	 rhs=2.284660e+09, relative=1.755635e-03.
  itrIdx=150,	residual=4.145389e+06,	 rhs=2.284660e+09, relative=1.814444e-03.
  itrIdx=151,	residual=4.386832e+06,	 rhs=2.284660e+09, relative=1.920124e-03.
  itrIdx=152,	residual=3.031604e+06,	 rhs=2.284660e+09, relative=1.326939e-03.
  itrIdx=153,	residual=3.219102e+06,	 rhs=2.284660e+09, relative=1.409007e-03.
  itrIdx=154,	residual=2.683257e+06,	 rhs=2.284660e+09, relative=1.174467e-03.
  itrIdx=155,	residual=1.939801e+06,	 rhs=2.284660e+09, relative=8.490546e-04.
  itrIdx=156,	residual=1.896708e+06,	 rhs=2.284660e+09, relative=8.301924e-04.
  itrIdx=157,	residual=1.817662e+06,	 rhs=2.284660e+09, relative=7.955939e-04.
  itrIdx=158,	residual=1.869875e+06,	 rhs=2.284660e+09, relative=8.184476e-04.
  itrIdx=159,	residual=1.773400e+06,	 rhs=2.284660e+09, relative=7.762206e-04.
  itrIdx=160,	residual=1.847327e+06,	 rhs=2.284660e+09, relative=8.085785e-04.
  itrIdx=161,	residual=2.554573e+06,	 rhs=2.284660e+09, relative=1.118141e-03.
  itrIdx=162,	residual=2.689874e+06,	 rhs=2.284660e+09, relative=1.177363e-03.
  itrIdx=163,	residual=3.176436e+06,	 rhs=2.284660e+09, relative=1.390332e-03.
  itrIdx=164,	residual=4.059963e+06,	 rhs=2.284660e+09, relative=1.777053e-03.
  itrIdx=165,	residual=5.482433e+06,	 rhs=2.284660e+09, relative=2.399671e-03.
  itrIdx=166,	residual=5.823721e+06,	 rhs=2.284660e+09, relative=2.549053e-03.
  itrIdx=167,	residual=5.902053e+06,	 rhs=2.284660e+09, relative=2.583340e-03.
  itrIdx=168,	residual=7.089114e+06,	 rhs=2.284660e+09, relative=3.102918e-03.
  itrIdx=169,	residual=6.162771e+06,	 rhs=2.284660e+09, relative=2.697456e-03.
  itrIdx=170,	residual=4.461813e+06,	 rhs=2.284660e+09, relative=1.952944e-03.
  itrIdx=171,	residual=4.087910e+06,	 rhs=2.284660e+09, relative=1.789286e-03.
  itrIdx=172,	residual=3.458733e+06,	 rhs=2.284660e+09, relative=1.513894e-03.
  itrIdx=173,	residual=2.518488e+06,	 rhs=2.284660e+09, relative=1.102347e-03.
  itrIdx=174,	residual=2.197954e+06,	 rhs=2.284660e+09, relative=9.620488e-04.
  itrIdx=175,	residual=1.687916e+06,	 rhs=2.284660e+09, relative=7.388040e-04.
  itrIdx=176,	residual=1.646239e+06,	 rhs=2.284660e+09, relative=7.205619e-04.
  itrIdx=177,	residual=1.842066e+06,	 rhs=2.284660e+09, relative=8.062756e-04.
  itrIdx=178,	residual=1.553630e+06,	 rhs=2.284660e+09, relative=6.800269e-04.
  itrIdx=179,	residual=1.541053e+06,	 rhs=2.284660e+09, relative=6.745217e-04.
  itrIdx=180,	residual=1.876738e+06,	 rhs=2.284660e+09, relative=8.214517e-04.
  itrIdx=181,	residual=1.815655e+06,	 rhs=2.284660e+09, relative=7.947157e-04.
  itrIdx=182,	residual=2.077883e+06,	 rhs=2.284660e+09, relative=9.094934e-04.
  itrIdx=183,	residual=2.146887e+06,	 rhs=2.284660e+09, relative=9.396964e-04.
  itrIdx=184,	residual=3.017429e+06,	 rhs=2.284660e+09, relative=1.320734e-03.
  itrIdx=185,	residual=2.975779e+06,	 rhs=2.284660e+09, relative=1.302504e-03.
  itrIdx=186,	residual=2.901474e+06,	 rhs=2.284660e+09, relative=1.269981e-03.
  itrIdx=187,	residual=3.353641e+06,	 rhs=2.284660e+09, relative=1.467895e-03.
  itrIdx=188,	residual=3.610238e+06,	 rhs=2.284660e+09, relative=1.580208e-03.
  itrIdx=189,	residual=2.970599e+06,	 rhs=2.284660e+09, relative=1.300237e-03.
  itrIdx=190,	residual=2.906666e+06,	 rhs=2.284660e+09, relative=1.272253e-03.
  itrIdx=191,	residual=3.095178e+06,	 rhs=2.284660e+09, relative=1.354765e-03.
  itrIdx=192,	residual=3.220676e+06,	 rhs=2.284660e+09, relative=1.409696e-03.
  itrIdx=193,	residual=2.954881e+06,	 rhs=2.284660e+09, relative=1.293357e-03.
  itrIdx=194,	residual=2.538948e+06,	 rhs=2.284660e+09, relative=1.111302e-03.
  itrIdx=195,	residual=3.636092e+06,	 rhs=2.284660e+09, relative=1.591524e-03.
  itrIdx=196,	residual=3.011112e+06,	 rhs=2.284660e+09, relative=1.317969e-03.
  itrIdx=197,	residual=2.695037e+06,	 rhs=2.284660e+09, relative=1.179623e-03.
  itrIdx=198,	residual=2.553377e+06,	 rhs=2.284660e+09, relative=1.117618e-03.
  itrIdx=199,	residual=2.486761e+06,	 rhs=2.284660e+09, relative=1.088460e-03.
  itrIdx=200,	residual=2.057234e+06,	 rhs=2.284660e+09, relative=9.004553e-04.
  itrIdx=201,	residual=1.991233e+06,	 rhs=2.284660e+09, relative=8.715665e-04.
  itrIdx=202,	residual=1.830425e+06,	 rhs=2.284660e+09, relative=8.011805e-04.
  itrIdx=203,	residual=1.824567e+06,	 rhs=2.284660e+09, relative=7.986162e-04.
  itrIdx=204,	residual=2.127679e+06,	 rhs=2.284660e+09, relative=9.312890e-04.
  itrIdx=205,	residual=1.875361e+06,	 rhs=2.284660e+09, relative=8.208489e-04.
  itrIdx=206,	residual=2.127608e+06,	 rhs=2.284660e+09, relative=9.312578e-04.
  itrIdx=207,	residual=2.509872e+06,	 rhs=2.284660e+09, relative=1.098576e-03.
  itrIdx=208,	residual=2.354173e+06,	 rhs=2.284660e+09, relative=1.030426e-03.
  itrIdx=209,	residual=2.523778e+06,	 rhs=2.284660e+09, relative=1.104662e-03.
  itrIdx=210,	residual=2.689341e+06,	 rhs=2.284660e+09, relative=1.177130e-03.
  itrIdx=211,	residual=2.965357e+06,	 rhs=2.284660e+09, relative=1.297942e-03.
  itrIdx=212,	residual=2.650835e+06,	 rhs=2.284660e+09, relative=1.160275e-03.
  itrIdx=213,	residual=2.624236e+06,	 rhs=2.284660e+09, relative=1.148633e-03.
  itrIdx=214,	residual=2.517528e+06,	 rhs=2.284660e+09, relative=1.101927e-03.
  itrIdx=215,	residual=2.502383e+06,	 rhs=2.284660e+09, relative=1.095298e-03.
  itrIdx=216,	residual=2.442861e+06,	 rhs=2.284660e+09, relative=1.069245e-03.
  itrIdx=217,	residual=1.984777e+06,	 rhs=2.284660e+09, relative=8.687405e-04.
  itrIdx=218,	residual=2.453596e+06,	 rhs=2.284660e+09, relative=1.073944e-03.
  itrIdx=219,	residual=2.285423e+06,	 rhs=2.284660e+09, relative=1.000334e-03.
  itrIdx=220,	residual=2.044953e+06,	 rhs=2.284660e+09, relative=8.950795e-04.
  itrIdx=221,	residual=2.527292e+06,	 rhs=2.284660e+09, relative=1.106200e-03.
  itrIdx=222,	residual=2.534051e+06,	 rhs=2.284660e+09, relative=1.109159e-03.
  itrIdx=223,	residual=2.613582e+06,	 rhs=2.284660e+09, relative=1.143970e-03.
  itrIdx=224,	residual=2.666289e+06,	 rhs=2.284660e+09, relative=1.167040e-03.
  itrIdx=225,	residual=2.874845e+06,	 rhs=2.284660e+09, relative=1.258325e-03.
  itrIdx=226,	residual=2.794640e+06,	 rhs=2.284660e+09, relative=1.223219e-03.
  itrIdx=227,	residual=2.471373e+06,	 rhs=2.284660e+09, relative=1.081725e-03.
  itrIdx=228,	residual=2.666136e+06,	 rhs=2.284660e+09, relative=1.166973e-03.
  itrIdx=229,	residual=2.706849e+06,	 rhs=2.284660e+09, relative=1.184793e-03.
  itrIdx=230,	residual=2.575215e+06,	 rhs=2.284660e+09, relative=1.127176e-03.
  itrIdx=231,	residual=2.735267e+06,	 rhs=2.284660e+09, relative=1.197231e-03.
  itrIdx=232,	residual=2.868573e+06,	 rhs=2.284660e+09, relative=1.255580e-03.
  itrIdx=233,	residual=3.544939e+06,	 rhs=2.284660e+09, relative=1.551626e-03.
  itrIdx=234,	residual=3.371623e+06,	 rhs=2.284660e+09, relative=1.475766e-03.
  itrIdx=235,	residual=3.467762e+06,	 rhs=2.284660e+09, relative=1.517846e-03.
  itrIdx=236,	residual=3.234951e+06,	 rhs=2.284660e+09, relative=1.415944e-03.
  itrIdx=237,	residual=3.350818e+06,	 rhs=2.284660e+09, relative=1.466659e-03.
  itrIdx=238,	residual=2.610858e+06,	 rhs=2.284660e+09, relative=1.142778e-03.
  itrIdx=239,	residual=2.774839e+06,	 rhs=2.284660e+09, relative=1.214552e-03.
  itrIdx=240,	residual=2.389554e+06,	 rhs=2.284660e+09, relative=1.045912e-03.
  itrIdx=241,	residual=2.258503e+06,	 rhs=2.284660e+09, relative=9.885509e-04.
  itrIdx=242,	residual=1.672038e+06,	 rhs=2.284660e+09, relative=7.318540e-04.
  itrIdx=243,	residual=2.037891e+06,	 rhs=2.284660e+09, relative=8.919889e-04.
  itrIdx=244,	residual=1.433454e+06,	 rhs=2.284660e+09, relative=6.274255e-04.
  itrIdx=245,	residual=1.602107e+06,	 rhs=2.284660e+09, relative=7.012451e-04.
  itrIdx=246,	residual=1.408942e+06,	 rhs=2.284660e+09, relative=6.166964e-04.
  itrIdx=247,	residual=1.504885e+06,	 rhs=2.284660e+09, relative=6.586911e-04.
  itrIdx=248,	residual=1.511428e+06,	 rhs=2.284660e+09, relative=6.615547e-04.
  itrIdx=249,	residual=1.578034e+06,	 rhs=2.284660e+09, relative=6.907086e-04.
  itrIdx=250,	residual=1.691575e+06,	 rhs=2.284660e+09, relative=7.404056e-04.
  itrIdx=251,	residual=2.164281e+06,	 rhs=2.284660e+09, relative=9.473096e-04.
  itrIdx=252,	residual=2.161677e+06,	 rhs=2.284660e+09, relative=9.461703e-04.
  itrIdx=253,	residual=1.883117e+06,	 rhs=2.284660e+09, relative=8.242438e-04.
  itrIdx=254,	residual=2.353538e+06,	 rhs=2.284660e+09, relative=1.030148e-03.
  itrIdx=255,	residual=2.137960e+06,	 rhs=2.284660e+09, relative=9.357889e-04.
  itrIdx=256,	residual=2.336197e+06,	 rhs=2.284660e+09, relative=1.022558e-03.
  itrIdx=257,	residual=1.947078e+06,	 rhs=2.284660e+09, relative=8.522396e-04.
  itrIdx=258,	residual=2.452087e+06,	 rhs=2.284660e+09, relative=1.073283e-03.
  itrIdx=259,	residual=2.199764e+06,	 rhs=2.284660e+09, relative=9.628410e-04.
  itrIdx=260,	residual=2.099896e+06,	 rhs=2.284660e+09, relative=9.191283e-04.
  itrIdx=261,	residual=2.093056e+06,	 rhs=2.284660e+09, relative=9.161345e-04.
  itrIdx=262,	residual=2.043580e+06,	 rhs=2.284660e+09, relative=8.944789e-04.
  itrIdx=263,	residual=2.216002e+06,	 rhs=2.284660e+09, relative=9.699480e-04.
  itrIdx=264,	residual=1.918655e+06,	 rhs=2.284660e+09, relative=8.397991e-04.
  itrIdx=265,	residual=2.108329e+06,	 rhs=2.284660e+09, relative=9.228194e-04.
  itrIdx=266,	residual=2.063794e+06,	 rhs=2.284660e+09, relative=9.033266e-04.
  itrIdx=267,	residual=2.290833e+06,	 rhs=2.284660e+09, relative=1.002702e-03.
  itrIdx=268,	residual=1.881290e+06,	 rhs=2.284660e+09, relative=8.234441e-04.
  itrIdx=269,	residual=1.913712e+06,	 rhs=2.284660e+09, relative=8.376352e-04.
  itrIdx=270,	residual=1.961363e+06,	 rhs=2.284660e+09, relative=8.584921e-04.
  itrIdx=271,	residual=1.783571e+06,	 rhs=2.284660e+09, relative=7.806725e-04.
  itrIdx=272,	residual=1.860121e+06,	 rhs=2.284660e+09, relative=8.141785e-04.
  itrIdx=273,	residual=1.486164e+06,	 rhs=2.284660e+09, relative=6.504968e-04.
  itrIdx=274,	residual=1.640840e+06,	 rhs=2.284660e+09, relative=7.181986e-04.
  itrIdx=275,	residual=1.513358e+06,	 rhs=2.284660e+09, relative=6.623995e-04.
  itrIdx=276,	residual=1.458810e+06,	 rhs=2.284660e+09, relative=6.385237e-04.
  itrIdx=277,	residual=1.368933e+06,	 rhs=2.284660e+09, relative=5.991845e-04.
  itrIdx=278,	residual=1.429696e+06,	 rhs=2.284660e+09, relative=6.257805e-04.
  itrIdx=279,	residual=1.420086e+06,	 rhs=2.284660e+09, relative=6.215745e-04.
  itrIdx=280,	residual=1.168369e+06,	 rhs=2.284660e+09, relative=5.113974e-04.
  itrIdx=281,	residual=1.300223e+06,	 rhs=2.284660e+09, relative=5.691100e-04.
  itrIdx=282,	residual=1.146793e+06,	 rhs=2.284660e+09, relative=5.019533e-04.
  itrIdx=283,	residual=1.179289e+06,	 rhs=2.284660e+09, relative=5.161768e-04.
  itrIdx=284,	residual=1.009765e+06,	 rhs=2.284660e+09, relative=4.419761e-04.
  itrIdx=285,	residual=9.425974e+05,	 rhs=2.284660e+09, relative=4.125767e-04.
  itrIdx=286,	residual=9.911087e+05,	 rhs=2.284660e+09, relative=4.338101e-04.
  itrIdx=287,	residual=7.867860e+05,	 rhs=2.284660e+09, relative=3.443777e-04.
  itrIdx=288,	residual=8.769008e+05,	 rhs=2.284660e+09, relative=3.838211e-04.
  itrIdx=289,	residual=8.207529e+05,	 rhs=2.284660e+09, relative=3.592451e-04.
  itrIdx=290,	residual=9.341294e+05,	 rhs=2.284660e+09, relative=4.088702e-04.
  itrIdx=291,	residual=1.007963e+06,	 rhs=2.284660e+09, relative=4.411871e-04.
  itrIdx=292,	residual=8.283064e+05,	 rhs=2.284660e+09, relative=3.625512e-04.
  itrIdx=293,	residual=9.704786e+05,	 rhs=2.284660e+09, relative=4.247803e-04.
  itrIdx=294,	residual=9.015655e+05,	 rhs=2.284660e+09, relative=3.946169e-04.
  itrIdx=295,	residual=9.359150e+05,	 rhs=2.284660e+09, relative=4.096518e-04.
  itrIdx=296,	residual=8.784194e+05,	 rhs=2.284660e+09, relative=3.844858e-04.
  itrIdx=297,	residual=8.156513e+05,	 rhs=2.284660e+09, relative=3.570121e-04.
  itrIdx=298,	residual=8.133066e+05,	 rhs=2.284660e+09, relative=3.559858e-04.
  itrIdx=299,	residual=7.333534e+05,	 rhs=2.284660e+09, relative=3.209901e-04.
  itrIdx=300,	residual=8.323382e+05,	 rhs=2.284660e+09, relative=3.643160e-04.
  itrIdx=301,	residual=7.863051e+05,	 rhs=2.284660e+09, relative=3.441672e-04.
  itrIdx=302,	residual=9.569188e+05,	 rhs=2.284660e+09, relative=4.188451e-04.
  itrIdx=303,	residual=8.996801e+05,	 rhs=2.284660e+09, relative=3.937917e-04.
  itrIdx=304,	residual=9.593861e+05,	 rhs=2.284660e+09, relative=4.199251e-04.
  itrIdx=305,	residual=1.389778e+06,	 rhs=2.284660e+09, relative=6.083082e-04.
  itrIdx=306,	residual=1.263718e+06,	 rhs=2.284660e+09, relative=5.531319e-04.
  itrIdx=307,	residual=1.487566e+06,	 rhs=2.284660e+09, relative=6.511104e-04.
  itrIdx=308,	residual=1.796869e+06,	 rhs=2.284660e+09, relative=7.864929e-04.
  itrIdx=309,	residual=1.760010e+06,	 rhs=2.284660e+09, relative=7.703597e-04.
  itrIdx=310,	residual=2.306259e+06,	 rhs=2.284660e+09, relative=1.009454e-03.
  itrIdx=311,	residual=2.028916e+06,	 rhs=2.284660e+09, relative=8.880603e-04.
  itrIdx=312,	residual=2.159293e+06,	 rhs=2.284660e+09, relative=9.451267e-04.
  itrIdx=313,	residual=1.987296e+06,	 rhs=2.284660e+09, relative=8.698433e-04.
  itrIdx=314,	residual=1.683816e+06,	 rhs=2.284660e+09, relative=7.370096e-04.
  itrIdx=315,	residual=1.528045e+06,	 rhs=2.284660e+09, relative=6.688280e-04.
  itrIdx=316,	residual=1.128518e+06,	 rhs=2.284660e+09, relative=4.939546e-04.
  itrIdx=317,	residual=1.186171e+06,	 rhs=2.284660e+09, relative=5.191892e-04.
  itrIdx=318,	residual=9.628490e+05,	 rhs=2.284660e+09, relative=4.214408e-04.
  itrIdx=319,	residual=8.318582e+05,	 rhs=2.284660e+09, relative=3.641059e-04.
  itrIdx=320,	residual=8.579875e+05,	 rhs=2.284660e+09, relative=3.755427e-04.
  itrIdx=321,	residual=6.097245e+05,	 rhs=2.284660e+09, relative=2.668775e-04.
  itrIdx=322,	residual=7.378101e+05,	 rhs=2.284660e+09, relative=3.229409e-04.
  itrIdx=323,	residual=6.843268e+05,	 rhs=2.284660e+09, relative=2.995311e-04.
  itrIdx=324,	residual=6.935829e+05,	 rhs=2.284660e+09, relative=3.035825e-04.
  itrIdx=325,	residual=8.628821e+05,	 rhs=2.284660e+09, relative=3.776851e-04.
  itrIdx=326,	residual=7.740904e+05,	 rhs=2.284660e+09, relative=3.388208e-04.
  itrIdx=327,	residual=9.352251e+05,	 rhs=2.284660e+09, relative=4.093497e-04.
  itrIdx=328,	residual=1.123427e+06,	 rhs=2.284660e+09, relative=4.917263e-04.
  itrIdx=329,	residual=1.030491e+06,	 rhs=2.284660e+09, relative=4.510480e-04.
  itrIdx=330,	residual=1.228500e+06,	 rhs=2.284660e+09, relative=5.377169e-04.
  itrIdx=331,	residual=1.156907e+06,	 rhs=2.284660e+09, relative=5.063805e-04.
  itrIdx=332,	residual=1.201644e+06,	 rhs=2.284660e+09, relative=5.259618e-04.
  itrIdx=333,	residual=1.100797e+06,	 rhs=2.284660e+09, relative=4.818209e-04.
  itrIdx=334,	residual=9.858448e+05,	 rhs=2.284660e+09, relative=4.315061e-04.
  itrIdx=335,	residual=9.803977e+05,	 rhs=2.284660e+09, relative=4.291219e-04.
  itrIdx=336,	residual=8.003327e+05,	 rhs=2.284660e+09, relative=3.503071e-04.
  itrIdx=337,	residual=7.810140e+05,	 rhs=2.284660e+09, relative=3.418513e-04.
  itrIdx=338,	residual=7.841996e+05,	 rhs=2.284660e+09, relative=3.432456e-04.
  itrIdx=339,	residual=5.940452e+05,	 rhs=2.284660e+09, relative=2.600147e-04.
  itrIdx=340,	residual=7.009453e+05,	 rhs=2.284660e+09, relative=3.068051e-04.
  itrIdx=341,	residual=5.983505e+05,	 rhs=2.284660e+09, relative=2.618991e-04.
  itrIdx=342,	residual=6.230347e+05,	 rhs=2.284660e+09, relative=2.727034e-04.
  itrIdx=343,	residual=8.207484e+05,	 rhs=2.284660e+09, relative=3.592431e-04.
  itrIdx=344,	residual=6.570506e+05,	 rhs=2.284660e+09, relative=2.875923e-04.
  itrIdx=345,	residual=8.835689e+05,	 rhs=2.284660e+09, relative=3.867397e-04.
  itrIdx=346,	residual=1.073115e+06,	 rhs=2.284660e+09, relative=4.697044e-04.
  itrIdx=347,	residual=1.017490e+06,	 rhs=2.284660e+09, relative=4.453571e-04.
  itrIdx=348,	residual=1.334131e+06,	 rhs=2.284660e+09, relative=5.839516e-04.
  itrIdx=349,	residual=1.324404e+06,	 rhs=2.284660e+09, relative=5.796939e-04.
  itrIdx=350,	residual=1.325872e+06,	 rhs=2.284660e+09, relative=5.803366e-04.
  itrIdx=351,	residual=1.576550e+06,	 rhs=2.284660e+09, relative=6.900588e-04.
  itrIdx=352,	residual=1.250206e+06,	 rhs=2.284660e+09, relative=5.472174e-04.
  itrIdx=353,	residual=1.332662e+06,	 rhs=2.284660e+09, relative=5.833085e-04.
  itrIdx=354,	residual=1.147153e+06,	 rhs=2.284660e+09, relative=5.021112e-04.
  itrIdx=355,	residual=9.694358e+05,	 rhs=2.284660e+09, relative=4.243238e-04.
  itrIdx=356,	residual=8.751257e+05,	 rhs=2.284660e+09, relative=3.830441e-04.
  itrIdx=357,	residual=7.376965e+05,	 rhs=2.284660e+09, relative=3.228911e-04.
  itrIdx=358,	residual=6.807665e+05,	 rhs=2.284660e+09, relative=2.979728e-04.
  itrIdx=359,	residual=6.128161e+05,	 rhs=2.284660e+09, relative=2.682308e-04.
  itrIdx=360,	residual=5.203407e+05,	 rhs=2.284660e+09, relative=2.277541e-04.
  itrIdx=361,	residual=6.069995e+05,	 rhs=2.284660e+09, relative=2.656848e-04.
  itrIdx=362,	residual=5.425968e+05,	 rhs=2.284660e+09, relative=2.374956e-04.
  itrIdx=363,	residual=5.681069e+05,	 rhs=2.284660e+09, relative=2.486615e-04.
  itrIdx=364,	residual=6.496706e+05,	 rhs=2.284660e+09, relative=2.843620e-04.
  itrIdx=365,	residual=6.134865e+05,	 rhs=2.284660e+09, relative=2.685242e-04.
  itrIdx=366,	residual=7.773664e+05,	 rhs=2.284660e+09, relative=3.402547e-04.
  itrIdx=367,	residual=9.126333e+05,	 rhs=2.284660e+09, relative=3.994613e-04.
  itrIdx=368,	residual=8.193116e+05,	 rhs=2.284660e+09, relative=3.586142e-04.
  itrIdx=369,	residual=9.677706e+05,	 rhs=2.284660e+09, relative=4.235950e-04.
  itrIdx=370,	residual=1.028326e+06,	 rhs=2.284660e+09, relative=4.501000e-04.
  itrIdx=371,	residual=9.353388e+05,	 rhs=2.284660e+09, relative=4.093995e-04.
  itrIdx=372,	residual=9.244593e+05,	 rhs=2.284660e+09, relative=4.046376e-04.
  itrIdx=373,	residual=7.957728e+05,	 rhs=2.284660e+09, relative=3.483112e-04.
  itrIdx=374,	residual=7.321301e+05,	 rhs=2.284660e+09, relative=3.204547e-04.
  itrIdx=375,	residual=7.578176e+05,	 rhs=2.284660e+09, relative=3.316982e-04.
  itrIdx=376,	residual=5.682894e+05,	 rhs=2.284660e+09, relative=2.487413e-04.
  itrIdx=377,	residual=5.047975e+05,	 rhs=2.284660e+09, relative=2.209508e-04.
  itrIdx=378,	residual=4.812102e+05,	 rhs=2.284660e+09, relative=2.106266e-04.
  itrIdx=379,	residual=4.239908e+05,	 rhs=2.284660e+09, relative=1.855816e-04.
  itrIdx=380,	residual=3.915413e+05,	 rhs=2.284660e+09, relative=1.713784e-04.
  itrIdx=381,	residual=3.801106e+05,	 rhs=2.284660e+09, relative=1.663751e-04.
  itrIdx=382,	residual=3.900707e+05,	 rhs=2.284660e+09, relative=1.707347e-04.
  itrIdx=383,	residual=4.397088e+05,	 rhs=2.284660e+09, relative=1.924614e-04.
  itrIdx=384,	residual=4.294269e+05,	 rhs=2.284660e+09, relative=1.879609e-04.
  itrIdx=385,	residual=5.000381e+05,	 rhs=2.284660e+09, relative=2.188676e-04.
  itrIdx=386,	residual=6.045830e+05,	 rhs=2.284660e+09, relative=2.646271e-04.
  itrIdx=387,	residual=5.804829e+05,	 rhs=2.284660e+09, relative=2.540784e-04.
  itrIdx=388,	residual=7.388135e+05,	 rhs=2.284660e+09, relative=3.233800e-04.
  itrIdx=389,	residual=8.671845e+05,	 rhs=2.284660e+09, relative=3.795683e-04.
  itrIdx=390,	residual=8.562065e+05,	 rhs=2.284660e+09, relative=3.747632e-04.
  itrIdx=391,	residual=1.105881e+06,	 rhs=2.284660e+09, relative=4.840463e-04.
  itrIdx=392,	residual=1.037076e+06,	 rhs=2.284660e+09, relative=4.539300e-04.
  itrIdx=393,	residual=9.653279e+05,	 rhs=2.284660e+09, relative=4.225258e-04.
  itrIdx=394,	residual=1.130203e+06,	 rhs=2.284660e+09, relative=4.946919e-04.
  itrIdx=395,	residual=9.498830e+05,	 rhs=2.284660e+09, relative=4.157655e-04.
  itrIdx=396,	residual=8.275526e+05,	 rhs=2.284660e+09, relative=3.622213e-04.
  itrIdx=397,	residual=8.560428e+05,	 rhs=2.284660e+09, relative=3.746915e-04.
  itrIdx=398,	residual=7.107499e+05,	 rhs=2.284660e+09, relative=3.110966e-04.
  itrIdx=399,	residual=7.295548e+05,	 rhs=2.284660e+09, relative=3.193275e-04.
  itrIdx=400,	residual=6.648220e+05,	 rhs=2.284660e+09, relative=2.909938e-04.
  itrIdx=401,	residual=5.511061e+05,	 rhs=2.284660e+09, relative=2.412202e-04.
  itrIdx=402,	residual=6.479353e+05,	 rhs=2.284660e+09, relative=2.836025e-04.
  itrIdx=403,	residual=5.803433e+05,	 rhs=2.284660e+09, relative=2.540173e-04.
  itrIdx=404,	residual=5.753626e+05,	 rhs=2.284660e+09, relative=2.518373e-04.
  itrIdx=405,	residual=6.649315e+05,	 rhs=2.284660e+09, relative=2.910417e-04.
  itrIdx=406,	residual=6.578545e+05,	 rhs=2.284660e+09, relative=2.879441e-04.
  itrIdx=407,	residual=7.045781e+05,	 rhs=2.284660e+09, relative=3.083952e-04.
  itrIdx=408,	residual=7.524280e+05,	 rhs=2.284660e+09, relative=3.293392e-04.
  itrIdx=409,	residual=7.034280e+05,	 rhs=2.284660e+09, relative=3.078918e-04.
  itrIdx=410,	residual=8.269949e+05,	 rhs=2.284660e+09, relative=3.619772e-04.
  itrIdx=411,	residual=8.725209e+05,	 rhs=2.284660e+09, relative=3.819040e-04.
  itrIdx=412,	residual=7.127738e+05,	 rhs=2.284660e+09, relative=3.119824e-04.
  itrIdx=413,	residual=7.667456e+05,	 rhs=2.284660e+09, relative=3.356060e-04.
  itrIdx=414,	residual=8.104820e+05,	 rhs=2.284660e+09, relative=3.547495e-04.
  itrIdx=415,	residual=6.321481e+05,	 rhs=2.284660e+09, relative=2.766924e-04.
  itrIdx=416,	residual=7.065814e+05,	 rhs=2.284660e+09, relative=3.092720e-04.
  itrIdx=417,	residual=6.631374e+05,	 rhs=2.284660e+09, relative=2.902565e-04.
  itrIdx=418,	residual=5.568675e+05,	 rhs=2.284660e+09, relative=2.437420e-04.
  itrIdx=419,	residual=6.144252e+05,	 rhs=2.284660e+09, relative=2.689351e-04.
  itrIdx=420,	residual=5.538491e+05,	 rhs=2.284660e+09, relative=2.424208e-04.
  itrIdx=421,	residual=4.826720e+05,	 rhs=2.284660e+09, relative=2.112664e-04.
  itrIdx=422,	residual=5.889094e+05,	 rhs=2.284660e+09, relative=2.577667e-04.
  itrIdx=423,	residual=5.460088e+05,	 rhs=2.284660e+09, relative=2.389891e-04.
  itrIdx=424,	residual=4.790075e+05,	 rhs=2.284660e+09, relative=2.096625e-04.
  itrIdx=425,	residual=5.229047e+05,	 rhs=2.284660e+09, relative=2.288764e-04.
  itrIdx=426,	residual=4.810951e+05,	 rhs=2.284660e+09, relative=2.105762e-04.
  itrIdx=427,	residual=4.498430e+05,	 rhs=2.284660e+09, relative=1.968971e-04.
  itrIdx=428,	residual=4.676208e+05,	 rhs=2.284660e+09, relative=2.046785e-04.
  itrIdx=429,	residual=4.215809e+05,	 rhs=2.284660e+09, relative=1.845268e-04.
  itrIdx=430,	residual=4.389820e+05,	 rhs=2.284660e+09, relative=1.921432e-04.
  itrIdx=431,	residual=4.315019e+05,	 rhs=2.284660e+09, relative=1.888692e-04.
  itrIdx=432,	residual=3.931463e+05,	 rhs=2.284660e+09, relative=1.720809e-04.
  itrIdx=433,	residual=4.372198e+05,	 rhs=2.284660e+09, relative=1.913719e-04.
  itrIdx=434,	residual=5.275588e+05,	 rhs=2.284660e+09, relative=2.309135e-04.
  itrIdx=435,	residual=4.594965e+05,	 rhs=2.284660e+09, relative=2.011225e-04.
  itrIdx=436,	residual=5.073682e+05,	 rhs=2.284660e+09, relative=2.220760e-04.
  itrIdx=437,	residual=5.414711e+05,	 rhs=2.284660e+09, relative=2.370029e-04.
  itrIdx=438,	residual=5.079917e+05,	 rhs=2.284660e+09, relative=2.223489e-04.
  itrIdx=439,	residual=5.191681e+05,	 rhs=2.284660e+09, relative=2.272408e-04.
  itrIdx=440,	residual=5.334062e+05,	 rhs=2.284660e+09, relative=2.334729e-04.
  itrIdx=441,	residual=4.390019e+05,	 rhs=2.284660e+09, relative=1.921519e-04.
  itrIdx=442,	residual=5.017880e+05,	 rhs=2.284660e+09, relative=2.196335e-04.
  itrIdx=443,	residual=4.109562e+05,	 rhs=2.284660e+09, relative=1.798763e-04.
  itrIdx=444,	residual=3.734597e+05,	 rhs=2.284660e+09, relative=1.634640e-04.
  itrIdx=445,	residual=4.139662e+05,	 rhs=2.284660e+09, relative=1.811938e-04.
  itrIdx=446,	residual=3.854896e+05,	 rhs=2.284660e+09, relative=1.687295e-04.
  itrIdx=447,	residual=3.144474e+05,	 rhs=2.284660e+09, relative=1.376342e-04.
  itrIdx=448,	residual=4.409693e+05,	 rhs=2.284660e+09, relative=1.930131e-04.
  itrIdx=449,	residual=3.663313e+05,	 rhs=2.284660e+09, relative=1.603439e-04.
  itrIdx=450,	residual=3.923886e+05,	 rhs=2.284660e+09, relative=1.717492e-04.
  itrIdx=451,	residual=4.573359e+05,	 rhs=2.284660e+09, relative=2.001768e-04.
  itrIdx=452,	residual=4.971968e+05,	 rhs=2.284660e+09, relative=2.176240e-04.
  itrIdx=453,	residual=4.974752e+05,	 rhs=2.284660e+09, relative=2.177458e-04.
  itrIdx=454,	residual=6.869656e+05,	 rhs=2.284660e+09, relative=3.006861e-04.
  itrIdx=455,	residual=6.266249e+05,	 rhs=2.284660e+09, relative=2.742749e-04.
  itrIdx=456,	residual=6.504537e+05,	 rhs=2.284660e+09, relative=2.847048e-04.
  itrIdx=457,	residual=7.868379e+05,	 rhs=2.284660e+09, relative=3.444004e-04.
  itrIdx=458,	residual=7.402171e+05,	 rhs=2.284660e+09, relative=3.239944e-04.
  itrIdx=459,	residual=6.787692e+05,	 rhs=2.284660e+09, relative=2.970985e-04.
  itrIdx=460,	residual=7.487186e+05,	 rhs=2.284660e+09, relative=3.277155e-04.
  itrIdx=461,	residual=6.937031e+05,	 rhs=2.284660e+09, relative=3.036352e-04.
  itrIdx=462,	residual=6.002669e+05,	 rhs=2.284660e+09, relative=2.627380e-04.
  itrIdx=463,	residual=6.491822e+05,	 rhs=2.284660e+09, relative=2.841483e-04.
  itrIdx=464,	residual=5.049186e+05,	 rhs=2.284660e+09, relative=2.210038e-04.
  itrIdx=465,	residual=5.858748e+05,	 rhs=2.284660e+09, relative=2.564385e-04.
  itrIdx=466,	residual=5.631821e+05,	 rhs=2.284660e+09, relative=2.465059e-04.
  itrIdx=467,	residual=5.356985e+05,	 rhs=2.284660e+09, relative=2.344762e-04.
  itrIdx=468,	residual=5.346794e+05,	 rhs=2.284660e+09, relative=2.340302e-04.
  itrIdx=469,	residual=6.000108e+05,	 rhs=2.284660e+09, relative=2.626258e-04.
  itrIdx=470,	residual=4.937102e+05,	 rhs=2.284660e+09, relative=2.160979e-04.
  itrIdx=471,	residual=5.834691e+05,	 rhs=2.284660e+09, relative=2.553855e-04.
  itrIdx=472,	residual=5.679542e+05,	 rhs=2.284660e+09, relative=2.485946e-04.
  itrIdx=473,	residual=4.633807e+05,	 rhs=2.284660e+09, relative=2.028226e-04.
  itrIdx=474,	residual=4.371460e+05,	 rhs=2.284660e+09, relative=1.913396e-04.
  itrIdx=475,	residual=4.616679e+05,	 rhs=2.284660e+09, relative=2.020729e-04.
  itrIdx=476,	residual=3.698220e+05,	 rhs=2.284660e+09, relative=1.618718e-04.
  itrIdx=477,	residual=3.611868e+05,	 rhs=2.284660e+09, relative=1.580921e-04.
  itrIdx=478,	residual=3.877296e+05,	 rhs=2.284660e+09, relative=1.697100e-04.
  itrIdx=479,	residual=2.830626e+05,	 rhs=2.284660e+09, relative=1.238970e-04.
  itrIdx=480,	residual=3.275542e+05,	 rhs=2.284660e+09, relative=1.433711e-04.
  itrIdx=481,	residual=3.257735e+05,	 rhs=2.284660e+09, relative=1.425917e-04.
  itrIdx=482,	residual=3.028239e+05,	 rhs=2.284660e+09, relative=1.325466e-04.
  itrIdx=483,	residual=2.923299e+05,	 rhs=2.284660e+09, relative=1.279533e-04.
  itrIdx=484,	residual=3.653470e+05,	 rhs=2.284660e+09, relative=1.599130e-04.
  itrIdx=485,	residual=3.408760e+05,	 rhs=2.284660e+09, relative=1.492021e-04.
  itrIdx=486,	residual=3.662694e+05,	 rhs=2.284660e+09, relative=1.603168e-04.
  itrIdx=487,	residual=4.431347e+05,	 rhs=2.284660e+09, relative=1.939609e-04.
  itrIdx=488,	residual=3.732325e+05,	 rhs=2.284660e+09, relative=1.633646e-04.
  itrIdx=489,	residual=4.337108e+05,	 rhs=2.284660e+09, relative=1.898360e-04.
  itrIdx=490,	residual=4.404515e+05,	 rhs=2.284660e+09, relative=1.927865e-04.
  itrIdx=491,	residual=3.941355e+05,	 rhs=2.284660e+09, relative=1.725138e-04.
  itrIdx=492,	residual=3.403625e+05,	 rhs=2.284660e+09, relative=1.489773e-04.
  itrIdx=493,	residual=3.784179e+05,	 rhs=2.284660e+09, relative=1.656342e-04.
  itrIdx=494,	residual=2.722887e+05,	 rhs=2.284660e+09, relative=1.191813e-04.
  itrIdx=495,	residual=2.760065e+05,	 rhs=2.284660e+09, relative=1.208086e-04.
  itrIdx=496,	residual=2.799225e+05,	 rhs=2.284660e+09, relative=1.225226e-04.
  itrIdx=497,	residual=2.194604e+05,	 rhs=2.284660e+09, relative=9.605824e-05.
  itrIdx=498,	residual=2.150906e+05,	 rhs=2.284660e+09, relative=9.414557e-05.
  itrIdx=499,	residual=2.082440e+05,	 rhs=2.284660e+09, relative=9.114880e-05.
  itrIdx=500,	residual=2.009392e+05,	 rhs=2.284660e+09, relative=8.795148e-05.
  itrIdx=501,	residual=1.913074e+05,	 rhs=2.284660e+09, relative=8.373562e-05.
  itrIdx=502,	residual=2.171075e+05,	 rhs=2.284660e+09, relative=9.502835e-05.
  itrIdx=503,	residual=1.841204e+05,	 rhs=2.284660e+09, relative=8.058983e-05.
  itrIdx=504,	residual=1.953993e+05,	 rhs=2.284660e+09, relative=8.552665e-05.
  itrIdx=505,	residual=2.210173e+05,	 rhs=2.284660e+09, relative=9.673967e-05.
  itrIdx=506,	residual=2.094057e+05,	 rhs=2.284660e+09, relative=9.165726e-05.
  itrIdx=507,	residual=2.105355e+05,	 rhs=2.284660e+09, relative=9.215178e-05.
  itrIdx=508,	residual=2.403296e+05,	 rhs=2.284660e+09, relative=1.051927e-04.
  itrIdx=509,	residual=2.647323e+05,	 rhs=2.284660e+09, relative=1.158738e-04.
  itrIdx=510,	residual=2.413209e+05,	 rhs=2.284660e+09, relative=1.056266e-04.
  itrIdx=511,	residual=2.842958e+05,	 rhs=2.284660e+09, relative=1.244368e-04.
  itrIdx=512,	residual=2.464955e+05,	 rhs=2.284660e+09, relative=1.078916e-04.
  itrIdx=513,	residual=2.788608e+05,	 rhs=2.284660e+09, relative=1.220579e-04.
  itrIdx=514,	residual=2.716617e+05,	 rhs=2.284660e+09, relative=1.189069e-04.
  itrIdx=515,	residual=2.475900e+05,	 rhs=2.284660e+09, relative=1.083706e-04.
  itrIdx=516,	residual=2.412667e+05,	 rhs=2.284660e+09, relative=1.056029e-04.
  itrIdx=517,	residual=2.486350e+05,	 rhs=2.284660e+09, relative=1.088280e-04.
  itrIdx=518,	residual=2.296171e+05,	 rhs=2.284660e+09, relative=1.005038e-04.
  itrIdx=519,	residual=1.947432e+05,	 rhs=2.284660e+09, relative=8.523946e-05.
  itrIdx=520,	residual=2.391030e+05,	 rhs=2.284660e+09, relative=1.046558e-04.
  itrIdx=521,	residual=2.079867e+05,	 rhs=2.284660e+09, relative=9.103617e-05.
  itrIdx=522,	residual=2.014602e+05,	 rhs=2.284660e+09, relative=8.817951e-05.
  itrIdx=523,	residual=2.314806e+05,	 rhs=2.284660e+09, relative=1.013195e-04.
  itrIdx=524,	residual=2.227266e+05,	 rhs=2.284660e+09, relative=9.748786e-05.
  itrIdx=525,	residual=2.344989e+05,	 rhs=2.284660e+09, relative=1.026406e-04.
  itrIdx=526,	residual=2.547977e+05,	 rhs=2.284660e+09, relative=1.115254e-04.
  itrIdx=527,	residual=2.775145e+05,	 rhs=2.284660e+09, relative=1.214686e-04.
  itrIdx=528,	residual=2.467993e+05,	 rhs=2.284660e+09, relative=1.080245e-04.
  itrIdx=529,	residual=3.459799e+05,	 rhs=2.284660e+09, relative=1.514360e-04.
  itrIdx=530,	residual=3.288167e+05,	 rhs=2.284660e+09, relative=1.439237e-04.
  itrIdx=531,	residual=2.744683e+05,	 rhs=2.284660e+09, relative=1.201353e-04.
  itrIdx=532,	residual=3.422384e+05,	 rhs=2.284660e+09, relative=1.497984e-04.
  itrIdx=533,	residual=3.356828e+05,	 rhs=2.284660e+09, relative=1.469290e-04.
  itrIdx=534,	residual=3.070337e+05,	 rhs=2.284660e+09, relative=1.343892e-04.
  itrIdx=535,	residual=2.802905e+05,	 rhs=2.284660e+09, relative=1.226837e-04.
  itrIdx=536,	residual=2.995427e+05,	 rhs=2.284660e+09, relative=1.311104e-04.
  itrIdx=537,	residual=2.256999e+05,	 rhs=2.284660e+09, relative=9.878928e-05.
  itrIdx=538,	residual=2.112084e+05,	 rhs=2.284660e+09, relative=9.244631e-05.
  itrIdx=539,	residual=2.123310e+05,	 rhs=2.284660e+09, relative=9.293765e-05.
  itrIdx=540,	residual=1.705319e+05,	 rhs=2.284660e+09, relative=7.464211e-05.
  itrIdx=541,	residual=1.747631e+05,	 rhs=2.284660e+09, relative=7.649414e-05.
  itrIdx=542,	residual=1.631469e+05,	 rhs=2.284660e+09, relative=7.140968e-05.
  itrIdx=543,	residual=1.531504e+05,	 rhs=2.284660e+09, relative=6.703422e-05.
  itrIdx=544,	residual=1.415238e+05,	 rhs=2.284660e+09, relative=6.194523e-05.
  itrIdx=545,	residual=1.653435e+05,	 rhs=2.284660e+09, relative=7.237117e-05.
  itrIdx=546,	residual=1.684444e+05,	 rhs=2.284660e+09, relative=7.372843e-05.
  itrIdx=547,	residual=1.463981e+05,	 rhs=2.284660e+09, relative=6.407873e-05.
  itrIdx=548,	residual=2.287346e+05,	 rhs=2.284660e+09, relative=1.001176e-04.
  itrIdx=549,	residual=2.038088e+05,	 rhs=2.284660e+09, relative=8.920747e-05.
  itrIdx=550,	residual=2.136178e+05,	 rhs=2.284660e+09, relative=9.350092e-05.
  itrIdx=551,	residual=2.488008e+05,	 rhs=2.284660e+09, relative=1.089006e-04.
  itrIdx=552,	residual=2.649060e+05,	 rhs=2.284660e+09, relative=1.159499e-04.
  itrIdx=553,	residual=2.696198e+05,	 rhs=2.284660e+09, relative=1.180131e-04.
  itrIdx=554,	residual=2.830486e+05,	 rhs=2.284660e+09, relative=1.238909e-04.
  itrIdx=555,	residual=2.951760e+05,	 rhs=2.284660e+09, relative=1.291991e-04.
  itrIdx=556,	residual=2.552974e+05,	 rhs=2.284660e+09, relative=1.117441e-04.
  itrIdx=557,	residual=2.664183e+05,	 rhs=2.284660e+09, relative=1.166118e-04.
  itrIdx=558,	residual=2.507276e+05,	 rhs=2.284660e+09, relative=1.097439e-04.
  itrIdx=559,	residual=1.983226e+05,	 rhs=2.284660e+09, relative=8.680618e-05.
  itrIdx=560,	residual=1.979104e+05,	 rhs=2.284660e+09, relative=8.662574e-05.
  itrIdx=561,	residual=1.603175e+05,	 rhs=2.284660e+09, relative=7.017127e-05.
  itrIdx=562,	residual=1.525113e+05,	 rhs=2.284660e+09, relative=6.675447e-05.
  itrIdx=563,	residual=1.351102e+05,	 rhs=2.284660e+09, relative=5.913799e-05.
  itrIdx=564,	residual=1.508706e+05,	 rhs=2.284660e+09, relative=6.603634e-05.
  itrIdx=565,	residual=1.251214e+05,	 rhs=2.284660e+09, relative=5.476586e-05.
  itrIdx=566,	residual=1.195631e+05,	 rhs=2.284660e+09, relative=5.233301e-05.
  itrIdx=567,	residual=1.504861e+05,	 rhs=2.284660e+09, relative=6.586805e-05.
  itrIdx=568,	residual=1.376054e+05,	 rhs=2.284660e+09, relative=6.023016e-05.
  itrIdx=569,	residual=1.594887e+05,	 rhs=2.284660e+09, relative=6.980848e-05.
  itrIdx=570,	residual=1.744816e+05,	 rhs=2.284660e+09, relative=7.637093e-05.
  itrIdx=571,	residual=1.782411e+05,	 rhs=2.284660e+09, relative=7.801648e-05.
  itrIdx=572,	residual=1.952416e+05,	 rhs=2.284660e+09, relative=8.545762e-05.
  itrIdx=573,	residual=2.365763e+05,	 rhs=2.284660e+09, relative=1.035499e-04.
  itrIdx=574,	residual=2.604881e+05,	 rhs=2.284660e+09, relative=1.140161e-04.
  itrIdx=575,	residual=2.328391e+05,	 rhs=2.284660e+09, relative=1.019141e-04.
  itrIdx=576,	residual=2.865083e+05,	 rhs=2.284660e+09, relative=1.254052e-04.
  itrIdx=577,	residual=2.684461e+05,	 rhs=2.284660e+09, relative=1.174994e-04.
  itrIdx=578,	residual=2.134720e+05,	 rhs=2.284660e+09, relative=9.343708e-05.
  itrIdx=579,	residual=2.514463e+05,	 rhs=2.284660e+09, relative=1.100585e-04.
  itrIdx=580,	residual=2.210558e+05,	 rhs=2.284660e+09, relative=9.675653e-05.
  itrIdx=581,	residual=2.037332e+05,	 rhs=2.284660e+09, relative=8.917441e-05.
  itrIdx=582,	residual=1.617293e+05,	 rhs=2.284660e+09, relative=7.078921e-05.
  itrIdx=583,	residual=1.578256e+05,	 rhs=2.284660e+09, relative=6.908056e-05.
  itrIdx=584,	residual=1.437947e+05,	 rhs=2.284660e+09, relative=6.293921e-05.
  itrIdx=585,	residual=1.135384e+05,	 rhs=2.284660e+09, relative=4.969597e-05.
  itrIdx=586,	residual=1.255163e+05,	 rhs=2.284660e+09, relative=5.493872e-05.
  itrIdx=587,	residual=1.025095e+05,	 rhs=2.284660e+09, relative=4.486861e-05.
  itrIdx=588,	residual=9.211188e+04,	 rhs=2.284660e+09, relative=4.031754e-05.
  itrIdx=589,	residual=1.006766e+05,	 rhs=2.284660e+09, relative=4.406636e-05.
  itrIdx=590,	residual=8.564715e+04,	 rhs=2.284660e+09, relative=3.748792e-05.
  itrIdx=591,	residual=9.164841e+04,	 rhs=2.284660e+09, relative=4.011468e-05.
  itrIdx=592,	residual=1.025722e+05,	 rhs=2.284660e+09, relative=4.489605e-05.
  itrIdx=593,	residual=1.047616e+05,	 rhs=2.284660e+09, relative=4.585437e-05.
  itrIdx=594,	residual=9.684723e+04,	 rhs=2.284660e+09, relative=4.239021e-05.
  itrIdx=595,	residual=1.098552e+05,	 rhs=2.284660e+09, relative=4.808384e-05.
  itrIdx=596,	residual=1.302448e+05,	 rhs=2.284660e+09, relative=5.700839e-05.
  itrIdx=597,	residual=1.075174e+05,	 rhs=2.284660e+09, relative=4.706057e-05.
  itrIdx=598,	residual=1.256009e+05,	 rhs=2.284660e+09, relative=5.497576e-05.
  itrIdx=599,	residual=1.398680e+05,	 rhs=2.284660e+09, relative=6.122049e-05.
  itrIdx=600,	residual=1.188094e+05,	 rhs=2.284660e+09, relative=5.200307e-05.
  itrIdx=601,	residual=1.372829e+05,	 rhs=2.284660e+09, relative=6.008896e-05.
  itrIdx=602,	residual=1.291516e+05,	 rhs=2.284660e+09, relative=5.652990e-05.
  itrIdx=603,	residual=1.326154e+05,	 rhs=2.284660e+09, relative=5.804601e-05.
  itrIdx=604,	residual=1.118111e+05,	 rhs=2.284660e+09, relative=4.893994e-05.
  itrIdx=605,	residual=1.150277e+05,	 rhs=2.284660e+09, relative=5.034786e-05.
  itrIdx=606,	residual=1.129482e+05,	 rhs=2.284660e+09, relative=4.943765e-05.
  itrIdx=607,	residual=1.006986e+05,	 rhs=2.284660e+09, relative=4.407595e-05.
  itrIdx=608,	residual=1.193216e+05,	 rhs=2.284660e+09, relative=5.222729e-05.
  itrIdx=609,	residual=1.076888e+05,	 rhs=2.284660e+09, relative=4.713558e-05.
  itrIdx=610,	residual=9.716360e+04,	 rhs=2.284660e+09, relative=4.252869e-05.
  itrIdx=611,	residual=1.174183e+05,	 rhs=2.284660e+09, relative=5.139419e-05.
  itrIdx=612,	residual=1.096606e+05,	 rhs=2.284660e+09, relative=4.799866e-05.
  itrIdx=613,	residual=1.089068e+05,	 rhs=2.284660e+09, relative=4.766872e-05.
  itrIdx=614,	residual=1.038852e+05,	 rhs=2.284660e+09, relative=4.547075e-05.
  itrIdx=615,	residual=1.079614e+05,	 rhs=2.284660e+09, relative=4.725493e-05.
  itrIdx=616,	residual=1.038010e+05,	 rhs=2.284660e+09, relative=4.543389e-05.
  itrIdx=617,	residual=9.461701e+04,	 rhs=2.284660e+09, relative=4.141404e-05.
  itrIdx=618,	residual=1.113130e+05,	 rhs=2.284660e+09, relative=4.872191e-05.
  itrIdx=619,	residual=9.550553e+04,	 rhs=2.284660e+09, relative=4.180295e-05.
  itrIdx=620,	residual=9.719737e+04,	 rhs=2.284660e+09, relative=4.254347e-05.
  itrIdx=621,	residual=1.131847e+05,	 rhs=2.284660e+09, relative=4.954113e-05.
  itrIdx=622,	residual=9.572261e+04,	 rhs=2.284660e+09, relative=4.189796e-05.
  itrIdx=623,	residual=1.140928e+05,	 rhs=2.284660e+09, relative=4.993862e-05.
  itrIdx=624,	residual=1.118698e+05,	 rhs=2.284660e+09, relative=4.896563e-05.
  itrIdx=625,	residual=1.121380e+05,	 rhs=2.284660e+09, relative=4.908303e-05.
  itrIdx=626,	residual=1.202621e+05,	 rhs=2.284660e+09, relative=5.263893e-05.
  itrIdx=627,	residual=1.234221e+05,	 rhs=2.284660e+09, relative=5.402207e-05.
  itrIdx=628,	residual=1.338492e+05,	 rhs=2.284660e+09, relative=5.858605e-05.
  itrIdx=629,	residual=1.164032e+05,	 rhs=2.284660e+09, relative=5.094989e-05.
  itrIdx=630,	residual=1.237812e+05,	 rhs=2.284660e+09, relative=5.417924e-05.
  itrIdx=631,	residual=1.457042e+05,	 rhs=2.284660e+09, relative=6.377501e-05.
  itrIdx=632,	residual=1.063458e+05,	 rhs=2.284660e+09, relative=4.654777e-05.
  itrIdx=633,	residual=1.046361e+05,	 rhs=2.284660e+09, relative=4.579944e-05.
  itrIdx=634,	residual=1.081699e+05,	 rhs=2.284660e+09, relative=4.734616e-05.
  itrIdx=635,	residual=9.053207e+04,	 rhs=2.284660e+09, relative=3.962606e-05.
  itrIdx=636,	residual=8.449928e+04,	 rhs=2.284660e+09, relative=3.698549e-05.
  itrIdx=637,	residual=8.754581e+04,	 rhs=2.284660e+09, relative=3.831896e-05.
  itrIdx=638,	residual=8.660156e+04,	 rhs=2.284660e+09, relative=3.790567e-05.
  itrIdx=639,	residual=7.633253e+04,	 rhs=2.284660e+09, relative=3.341089e-05.
  itrIdx=640,	residual=7.500621e+04,	 rhs=2.284660e+09, relative=3.283036e-05.
  itrIdx=641,	residual=8.623744e+04,	 rhs=2.284660e+09, relative=3.774629e-05.
  itrIdx=642,	residual=6.954497e+04,	 rhs=2.284660e+09, relative=3.043996e-05.
  itrIdx=643,	residual=8.663684e+04,	 rhs=2.284660e+09, relative=3.792111e-05.
  itrIdx=644,	residual=9.140280e+04,	 rhs=2.284660e+09, relative=4.000718e-05.
  itrIdx=645,	residual=7.982703e+04,	 rhs=2.284660e+09, relative=3.494044e-05.
  itrIdx=646,	residual=9.071460e+04,	 rhs=2.284660e+09, relative=3.970595e-05.
  itrIdx=647,	residual=8.947163e+04,	 rhs=2.284660e+09, relative=3.916190e-05.
  itrIdx=648,	residual=8.237650e+04,	 rhs=2.284660e+09, relative=3.605635e-05.
  itrIdx=649,	residual=8.002177e+04,	 rhs=2.284660e+09, relative=3.502568e-05.
  itrIdx=650,	residual=7.485605e+04,	 rhs=2.284660e+09, relative=3.276463e-05.
  itrIdx=651,	residual=7.227688e+04,	 rhs=2.284660e+09, relative=3.163573e-05.
  itrIdx=652,	residual=5.561041e+04,	 rhs=2.284660e+09, relative=2.434078e-05.
  itrIdx=653,	residual=5.373494e+04,	 rhs=2.284660e+09, relative=2.351988e-05.
  itrIdx=654,	residual=5.507677e+04,	 rhs=2.284660e+09, relative=2.410720e-05.
  itrIdx=655,	residual=4.371487e+04,	 rhs=2.284660e+09, relative=1.913408e-05.
  itrIdx=656,	residual=4.564769e+04,	 rhs=2.284660e+09, relative=1.998008e-05.
  itrIdx=657,	residual=4.642399e+04,	 rhs=2.284660e+09, relative=2.031987e-05.
  itrIdx=658,	residual=4.305677e+04,	 rhs=2.284660e+09, relative=1.884603e-05.
  itrIdx=659,	residual=4.440788e+04,	 rhs=2.284660e+09, relative=1.943741e-05.
  itrIdx=660,	residual=4.678057e+04,	 rhs=2.284660e+09, relative=2.047594e-05.
  itrIdx=661,	residual=5.073378e+04,	 rhs=2.284660e+09, relative=2.220627e-05.
  itrIdx=662,	residual=5.343701e+04,	 rhs=2.284660e+09, relative=2.338948e-05.
  itrIdx=663,	residual=5.818202e+04,	 rhs=2.284660e+09, relative=2.546638e-05.
  itrIdx=664,	residual=7.992803e+04,	 rhs=2.284660e+09, relative=3.498465e-05.
  itrIdx=665,	residual=6.602882e+04,	 rhs=2.284660e+09, relative=2.890094e-05.
  itrIdx=666,	residual=8.245690e+04,	 rhs=2.284660e+09, relative=3.609154e-05.
  itrIdx=667,	residual=8.791010e+04,	 rhs=2.284660e+09, relative=3.847841e-05.
  itrIdx=668,	residual=8.114766e+04,	 rhs=2.284660e+09, relative=3.551848e-05.
  itrIdx=669,	residual=8.403004e+04,	 rhs=2.284660e+09, relative=3.678010e-05.
  itrIdx=670,	residual=9.448519e+04,	 rhs=2.284660e+09, relative=4.135635e-05.
  itrIdx=671,	residual=7.794362e+04,	 rhs=2.284660e+09, relative=3.411607e-05.
  itrIdx=672,	residual=8.590227e+04,	 rhs=2.284660e+09, relative=3.759959e-05.
  itrIdx=673,	residual=8.094546e+04,	 rhs=2.284660e+09, relative=3.542998e-05.
  itrIdx=674,	residual=8.477390e+04,	 rhs=2.284660e+09, relative=3.710569e-05.
  itrIdx=675,	residual=7.318828e+04,	 rhs=2.284660e+09, relative=3.203465e-05.
  itrIdx=676,	residual=7.887294e+04,	 rhs=2.284660e+09, relative=3.452283e-05.
  itrIdx=677,	residual=8.196422e+04,	 rhs=2.284660e+09, relative=3.587589e-05.
  itrIdx=678,	residual=7.047688e+04,	 rhs=2.284660e+09, relative=3.084786e-05.
  itrIdx=679,	residual=7.193661e+04,	 rhs=2.284660e+09, relative=3.148679e-05.
  itrIdx=680,	residual=7.998685e+04,	 rhs=2.284660e+09, relative=3.501040e-05.
  itrIdx=681,	residual=6.645895e+04,	 rhs=2.284660e+09, relative=2.908921e-05.
  itrIdx=682,	residual=6.800846e+04,	 rhs=2.284660e+09, relative=2.976743e-05.
  itrIdx=683,	residual=6.765709e+04,	 rhs=2.284660e+09, relative=2.961364e-05.
  itrIdx=684,	residual=6.017641e+04,	 rhs=2.284660e+09, relative=2.633933e-05.
  itrIdx=685,	residual=6.201788e+04,	 rhs=2.284660e+09, relative=2.714534e-05.
  itrIdx=686,	residual=5.115786e+04,	 rhs=2.284660e+09, relative=2.239189e-05.
  itrIdx=687,	residual=6.158630e+04,	 rhs=2.284660e+09, relative=2.695644e-05.
  itrIdx=688,	residual=5.156802e+04,	 rhs=2.284660e+09, relative=2.257142e-05.
  itrIdx=689,	residual=5.250020e+04,	 rhs=2.284660e+09, relative=2.297944e-05.
  itrIdx=690,	residual=5.864909e+04,	 rhs=2.284660e+09, relative=2.567081e-05.
  itrIdx=691,	residual=5.217365e+04,	 rhs=2.284660e+09, relative=2.283651e-05.
  itrIdx=692,	residual=5.200928e+04,	 rhs=2.284660e+09, relative=2.276456e-05.
  itrIdx=693,	residual=6.491948e+04,	 rhs=2.284660e+09, relative=2.841538e-05.
  itrIdx=694,	residual=5.460981e+04,	 rhs=2.284660e+09, relative=2.390281e-05.
  itrIdx=695,	residual=6.352606e+04,	 rhs=2.284660e+09, relative=2.780548e-05.
  itrIdx=696,	residual=7.076417e+04,	 rhs=2.284660e+09, relative=3.097361e-05.
  itrIdx=697,	residual=7.176795e+04,	 rhs=2.284660e+09, relative=3.141296e-05.
  itrIdx=698,	residual=7.862862e+04,	 rhs=2.284660e+09, relative=3.441589e-05.
  itrIdx=699,	residual=7.826980e+04,	 rhs=2.284660e+09, relative=3.425884e-05.
  itrIdx=700,	residual=8.089278e+04,	 rhs=2.284660e+09, relative=3.540692e-05.
  itrIdx=701,	residual=7.284772e+04,	 rhs=2.284660e+09, relative=3.188558e-05.
  itrIdx=702,	residual=6.793038e+04,	 rhs=2.284660e+09, relative=2.973325e-05.
  itrIdx=703,	residual=6.962540e+04,	 rhs=2.284660e+09, relative=3.047517e-05.
  itrIdx=704,	residual=6.401726e+04,	 rhs=2.284660e+09, relative=2.802047e-05.
  itrIdx=705,	residual=5.272051e+04,	 rhs=2.284660e+09, relative=2.307586e-05.
  itrIdx=706,	residual=6.164173e+04,	 rhs=2.284660e+09, relative=2.698070e-05.
  itrIdx=707,	residual=4.970406e+04,	 rhs=2.284660e+09, relative=2.175556e-05.
  itrIdx=708,	residual=5.071194e+04,	 rhs=2.284660e+09, relative=2.219671e-05.
  itrIdx=709,	residual=5.145141e+04,	 rhs=2.284660e+09, relative=2.252038e-05.
  itrIdx=710,	residual=4.314523e+04,	 rhs=2.284660e+09, relative=1.888475e-05.
  itrIdx=711,	residual=4.617108e+04,	 rhs=2.284660e+09, relative=2.020917e-05.
  itrIdx=712,	residual=4.111084e+04,	 rhs=2.284660e+09, relative=1.799429e-05.
  itrIdx=713,	residual=4.109458e+04,	 rhs=2.284660e+09, relative=1.798718e-05.
  itrIdx=714,	residual=3.980944e+04,	 rhs=2.284660e+09, relative=1.742467e-05.
  itrIdx=715,	residual=3.697478e+04,	 rhs=2.284660e+09, relative=1.618393e-05.
  itrIdx=716,	residual=3.656033e+04,	 rhs=2.284660e+09, relative=1.600253e-05.
  itrIdx=717,	residual=3.786434e+04,	 rhs=2.284660e+09, relative=1.657329e-05.
  itrIdx=718,	residual=2.822690e+04,	 rhs=2.284660e+09, relative=1.235496e-05.
  itrIdx=719,	residual=3.281281e+04,	 rhs=2.284660e+09, relative=1.436223e-05.
  itrIdx=720,	residual=2.975039e+04,	 rhs=2.284660e+09, relative=1.302180e-05.
  itrIdx=721,	residual=2.598542e+04,	 rhs=2.284660e+09, relative=1.137387e-05.
  itrIdx=722,	residual=2.654586e+04,	 rhs=2.284660e+09, relative=1.161917e-05.
  itrIdx=723,	residual=2.579292e+04,	 rhs=2.284660e+09, relative=1.128961e-05.
  itrIdx=724,	residual=2.431882e+04,	 rhs=2.284660e+09, relative=1.064439e-05.
  itrIdx=725,	residual=2.359641e+04,	 rhs=2.284660e+09, relative=1.032819e-05.
  itrIdx=726,	residual=2.604674e+04,	 rhs=2.284660e+09, relative=1.140071e-05.
  itrIdx=727,	residual=2.665202e+04,	 rhs=2.284660e+09, relative=1.166564e-05.
  itrIdx=728,	residual=2.728963e+04,	 rhs=2.284660e+09, relative=1.194472e-05.
  itrIdx=729,	residual=2.719767e+04,	 rhs=2.284660e+09, relative=1.190447e-05.
  itrIdx=730,	residual=3.364554e+04,	 rhs=2.284660e+09, relative=1.472671e-05.
  itrIdx=731,	residual=3.049353e+04,	 rhs=2.284660e+09, relative=1.334708e-05.
  itrIdx=732,	residual=3.240542e+04,	 rhs=2.284660e+09, relative=1.418391e-05.
  itrIdx=733,	residual=3.584420e+04,	 rhs=2.284660e+09, relative=1.568907e-05.
  itrIdx=734,	residual=2.964542e+04,	 rhs=2.284660e+09, relative=1.297586e-05.
  itrIdx=735,	residual=3.377656e+04,	 rhs=2.284660e+09, relative=1.478406e-05.
  itrIdx=736,	residual=3.228844e+04,	 rhs=2.284660e+09, relative=1.413271e-05.
  itrIdx=737,	residual=2.931578e+04,	 rhs=2.284660e+09, relative=1.283157e-05.
  itrIdx=738,	residual=2.932408e+04,	 rhs=2.284660e+09, relative=1.283521e-05.
  itrIdx=739,	residual=2.986910e+04,	 rhs=2.284660e+09, relative=1.307376e-05.
  itrIdx=740,	residual=2.520869e+04,	 rhs=2.284660e+09, relative=1.103389e-05.
  itrIdx=741,	residual=2.587746e+04,	 rhs=2.284660e+09, relative=1.132661e-05.
  itrIdx=742,	residual=2.533215e+04,	 rhs=2.284660e+09, relative=1.108793e-05.
  itrIdx=743,	residual=2.861032e+04,	 rhs=2.284660e+09, relative=1.252279e-05.
  itrIdx=744,	residual=2.864470e+04,	 rhs=2.284660e+09, relative=1.253784e-05.
  itrIdx=745,	residual=2.579174e+04,	 rhs=2.284660e+09, relative=1.128909e-05.
  itrIdx=746,	residual=3.326232e+04,	 rhs=2.284660e+09, relative=1.455898e-05.
  itrIdx=747,	residual=3.090960e+04,	 rhs=2.284660e+09, relative=1.352919e-05.
  itrIdx=748,	residual=2.978366e+04,	 rhs=2.284660e+09, relative=1.303636e-05.
  itrIdx=749,	residual=3.450926e+04,	 rhs=2.284660e+09, relative=1.510477e-05.
  itrIdx=750,	residual=3.472137e+04,	 rhs=2.284660e+09, relative=1.519761e-05.
  itrIdx=751,	residual=2.965386e+04,	 rhs=2.284660e+09, relative=1.297955e-05.
  itrIdx=752,	residual=3.406951e+04,	 rhs=2.284660e+09, relative=1.491229e-05.
  itrIdx=753,	residual=3.735218e+04,	 rhs=2.284660e+09, relative=1.634912e-05.
  itrIdx=754,	residual=3.449285e+04,	 rhs=2.284660e+09, relative=1.509759e-05.
  itrIdx=755,	residual=3.883530e+04,	 rhs=2.284660e+09, relative=1.699828e-05.
  itrIdx=756,	residual=3.669138e+04,	 rhs=2.284660e+09, relative=1.605989e-05.
  itrIdx=757,	residual=4.446350e+04,	 rhs=2.284660e+09, relative=1.946176e-05.
  itrIdx=758,	residual=3.738487e+04,	 rhs=2.284660e+09, relative=1.636343e-05.
  itrIdx=759,	residual=4.430000e+04,	 rhs=2.284660e+09, relative=1.939019e-05.
  itrIdx=760,	residual=4.869223e+04,	 rhs=2.284660e+09, relative=2.131268e-05.
  itrIdx=761,	residual=4.019941e+04,	 rhs=2.284660e+09, relative=1.759536e-05.
  itrIdx=762,	residual=4.416454e+04,	 rhs=2.284660e+09, relative=1.933090e-05.
  itrIdx=763,	residual=4.530637e+04,	 rhs=2.284660e+09, relative=1.983068e-05.
  itrIdx=764,	residual=3.785594e+04,	 rhs=2.284660e+09, relative=1.656961e-05.
  itrIdx=765,	residual=3.596157e+04,	 rhs=2.284660e+09, relative=1.574045e-05.
  itrIdx=766,	residual=3.858527e+04,	 rhs=2.284660e+09, relative=1.688884e-05.
  itrIdx=767,	residual=2.896765e+04,	 rhs=2.284660e+09, relative=1.267920e-05.
  itrIdx=768,	residual=2.866859e+04,	 rhs=2.284660e+09, relative=1.254830e-05.
  itrIdx=769,	residual=2.703345e+04,	 rhs=2.284660e+09, relative=1.183259e-05.
  itrIdx=770,	residual=2.350331e+04,	 rhs=2.284660e+09, relative=1.028744e-05.
  itrIdx=771,	residual=2.337014e+04,	 rhs=2.284660e+09, relative=1.022915e-05.
Reach rtol=1.000000e-05, the solver exits with residual=2.087848e+04 and iterations=772.
  homoCoeffZ=5.39328
