========================================================
Contrast_x,y,z=2  5  10
Get kvals from python.
524288  1.31072e+06  2.62144e+06  2.62144e+06  2.62144e+06  2621.44  26214.4  262144  262144  262144  2621.44  6553.6  13107.2  13107.2  262144  
Use the following reference parameters:
2621.44  6553.6  13107.2  13107.2  262144  
GPU solver with FCT preconditioner.
  itrIdx=1,	residual=3.110371e+08,	 rhs=7.196624e+08, relative=4.321987e-01.
  itrIdx=2,	residual=2.281591e+08,	 rhs=7.196624e+08, relative=3.170363e-01.
  itrIdx=3,	residual=8.498255e+07,	 rhs=7.196624e+08, relative=1.180867e-01.
  itrIdx=4,	residual=3.759395e+07,	 rhs=7.196624e+08, relative=5.223831e-02.
  itrIdx=5,	residual=1.134621e+07,	 rhs=7.196624e+08, relative=1.576602e-02.
  itrIdx=6,	residual=6.036096e+06,	 rhs=7.196624e+08, relative=8.387400e-03.
  itrIdx=7,	residual=4.907569e+06,	 rhs=7.196624e+08, relative=6.819265e-03.
  itrIdx=8,	residual=2.786549e+06,	 rhs=7.196624e+08, relative=3.872023e-03.
  itrIdx=9,	residual=2.129300e+06,	 rhs=7.196624e+08, relative=2.958749e-03.
  itrIdx=10,	residual=1.216811e+06,	 rhs=7.196624e+08, relative=1.690808e-03.
  itrIdx=11,	residual=1.161402e+06,	 rhs=7.196624e+08, relative=1.613815e-03.
  itrIdx=12,	residual=7.541297e+05,	 rhs=7.196624e+08, relative=1.047894e-03.
  itrIdx=13,	residual=5.992447e+05,	 rhs=7.196624e+08, relative=8.326748e-04.
  itrIdx=14,	residual=4.050051e+05,	 rhs=7.196624e+08, relative=5.627710e-04.
  itrIdx=15,	residual=4.532386e+05,	 rhs=7.196624e+08, relative=6.297933e-04.
  itrIdx=16,	residual=3.303754e+05,	 rhs=7.196624e+08, relative=4.590700e-04.
  itrIdx=17,	residual=2.685131e+05,	 rhs=7.196624e+08, relative=3.731097e-04.
  itrIdx=18,	residual=2.256070e+05,	 rhs=7.196624e+08, relative=3.134900e-04.
  itrIdx=19,	residual=1.971027e+05,	 rhs=7.196624e+08, relative=2.738822e-04.
  itrIdx=20,	residual=1.711280e+05,	 rhs=7.196624e+08, relative=2.377893e-04.
  itrIdx=21,	residual=1.559253e+05,	 rhs=7.196624e+08, relative=2.166645e-04.
  itrIdx=22,	residual=1.457756e+05,	 rhs=7.196624e+08, relative=2.025612e-04.
  itrIdx=23,	residual=1.365424e+05,	 rhs=7.196624e+08, relative=1.897312e-04.
  itrIdx=24,	residual=1.166789e+05,	 rhs=7.196624e+08, relative=1.621301e-04.
  itrIdx=25,	residual=9.700650e+04,	 rhs=7.196624e+08, relative=1.347945e-04.
  itrIdx=26,	residual=1.009291e+05,	 rhs=7.196624e+08, relative=1.402451e-04.
  itrIdx=27,	residual=7.466393e+04,	 rhs=7.196624e+08, relative=1.037486e-04.
  itrIdx=28,	residual=6.201116e+04,	 rhs=7.196624e+08, relative=8.616701e-05.
  itrIdx=29,	residual=5.085806e+04,	 rhs=7.196624e+08, relative=7.066933e-05.
  itrIdx=30,	residual=4.599351e+04,	 rhs=7.196624e+08, relative=6.390984e-05.
  itrIdx=31,	residual=3.075176e+04,	 rhs=7.196624e+08, relative=4.273082e-05.
  itrIdx=32,	residual=3.131150e+04,	 rhs=7.196624e+08, relative=4.350859e-05.
  itrIdx=33,	residual=1.967931e+04,	 rhs=7.196624e+08, relative=2.734520e-05.
  itrIdx=34,	residual=1.905135e+04,	 rhs=7.196624e+08, relative=2.647263e-05.
  itrIdx=35,	residual=1.370211e+04,	 rhs=7.196624e+08, relative=1.903963e-05.
  itrIdx=36,	residual=1.243102e+04,	 rhs=7.196624e+08, relative=1.727341e-05.
  itrIdx=37,	residual=8.371238e+03,	 rhs=7.196624e+08, relative=1.163217e-05.
  itrIdx=38,	residual=7.796814e+03,	 rhs=7.196624e+08, relative=1.083399e-05.
Reach rtol=1.000000e-05, the solver exits with residual=5.910099e+03 and iterations=39.
  homoCoeffZ=1.6915
========================================================
Contrast_x,y,z=4  25  100
Get kvals from python.
1.04858e+06  6.5536e+06  2.62144e+07  2.62144e+07  2.62144e+07  2621.44  26214.4  262144  262144  262144  2621.44  16384  65536  65536  262144  
Use the following reference parameters:
2621.44  16384  65536  65536  262144  
GPU solver with FCT preconditioner.
  itrIdx=1,	residual=7.277438e+08,	 rhs=6.715918e+09, relative=1.083610e-01.
  itrIdx=2,	residual=4.893544e+08,	 rhs=6.715918e+09, relative=7.286486e-02.
  itrIdx=3,	residual=5.033709e+08,	 rhs=6.715918e+09, relative=7.495191e-02.
  itrIdx=4,	residual=5.152456e+08,	 rhs=6.715918e+09, relative=7.672006e-02.
  itrIdx=5,	residual=2.975053e+08,	 rhs=6.715918e+09, relative=4.429854e-02.
  itrIdx=6,	residual=4.208937e+08,	 rhs=6.715918e+09, relative=6.267106e-02.
  itrIdx=7,	residual=2.972340e+08,	 rhs=6.715918e+09, relative=4.425814e-02.
  itrIdx=8,	residual=2.674105e+08,	 rhs=6.715918e+09, relative=3.981741e-02.
  itrIdx=9,	residual=1.779938e+08,	 rhs=6.715918e+09, relative=2.650328e-02.
  itrIdx=10,	residual=1.655389e+08,	 rhs=6.715918e+09, relative=2.464875e-02.
  itrIdx=11,	residual=1.499892e+08,	 rhs=6.715918e+09, relative=2.233339e-02.
  itrIdx=12,	residual=7.366183e+07,	 rhs=6.715918e+09, relative=1.096825e-02.
  itrIdx=13,	residual=7.170965e+07,	 rhs=6.715918e+09, relative=1.067756e-02.
  itrIdx=14,	residual=5.359073e+07,	 rhs=6.715918e+09, relative=7.979659e-03.
  itrIdx=15,	residual=5.288214e+07,	 rhs=6.715918e+09, relative=7.874149e-03.
  itrIdx=16,	residual=2.942905e+07,	 rhs=6.715918e+09, relative=4.381984e-03.
  itrIdx=17,	residual=2.852373e+07,	 rhs=6.715918e+09, relative=4.247182e-03.
  itrIdx=18,	residual=2.471854e+07,	 rhs=6.715918e+09, relative=3.680590e-03.
  itrIdx=19,	residual=1.978403e+07,	 rhs=6.715918e+09, relative=2.945841e-03.
  itrIdx=20,	residual=1.371835e+07,	 rhs=6.715918e+09, relative=2.042661e-03.
  itrIdx=21,	residual=1.524561e+07,	 rhs=6.715918e+09, relative=2.270071e-03.
  itrIdx=22,	residual=1.140763e+07,	 rhs=6.715918e+09, relative=1.698596e-03.
  itrIdx=23,	residual=1.125944e+07,	 rhs=6.715918e+09, relative=1.676530e-03.
  itrIdx=24,	residual=6.212159e+06,	 rhs=6.715918e+09, relative=9.249903e-04.
  itrIdx=25,	residual=6.261887e+06,	 rhs=6.715918e+09, relative=9.323948e-04.
  itrIdx=26,	residual=4.794083e+06,	 rhs=6.715918e+09, relative=7.138389e-04.
  itrIdx=27,	residual=4.335902e+06,	 rhs=6.715918e+09, relative=6.456158e-04.
  itrIdx=28,	residual=3.159739e+06,	 rhs=6.715918e+09, relative=4.704851e-04.
  itrIdx=29,	residual=2.499081e+06,	 rhs=6.715918e+09, relative=3.721132e-04.
  itrIdx=30,	residual=3.016282e+06,	 rhs=6.715918e+09, relative=4.491244e-04.
  itrIdx=31,	residual=2.057273e+06,	 rhs=6.715918e+09, relative=3.063279e-04.
  itrIdx=32,	residual=2.862149e+06,	 rhs=6.715918e+09, relative=4.261739e-04.
  itrIdx=33,	residual=2.156479e+06,	 rhs=6.715918e+09, relative=3.210997e-04.
  itrIdx=34,	residual=2.291599e+06,	 rhs=6.715918e+09, relative=3.412190e-04.
  itrIdx=35,	residual=1.626568e+06,	 rhs=6.715918e+09, relative=2.421960e-04.
  itrIdx=36,	residual=1.763056e+06,	 rhs=6.715918e+09, relative=2.625190e-04.
  itrIdx=37,	residual=1.388247e+06,	 rhs=6.715918e+09, relative=2.067099e-04.
  itrIdx=38,	residual=8.427895e+05,	 rhs=6.715918e+09, relative=1.254913e-04.
  itrIdx=39,	residual=9.659156e+05,	 rhs=6.715918e+09, relative=1.438248e-04.
  itrIdx=40,	residual=6.413734e+05,	 rhs=6.715918e+09, relative=9.550049e-05.
  itrIdx=41,	residual=5.709824e+05,	 rhs=6.715918e+09, relative=8.501926e-05.
  itrIdx=42,	residual=3.656589e+05,	 rhs=6.715918e+09, relative=5.444661e-05.
  itrIdx=43,	residual=5.037563e+05,	 rhs=6.715918e+09, relative=7.500930e-05.
  itrIdx=44,	residual=4.088534e+05,	 rhs=6.715918e+09, relative=6.087827e-05.
  itrIdx=45,	residual=3.774152e+05,	 rhs=6.715918e+09, relative=5.619712e-05.
  itrIdx=46,	residual=3.406231e+05,	 rhs=6.715918e+09, relative=5.071877e-05.
  itrIdx=47,	residual=3.525158e+05,	 rhs=6.715918e+09, relative=5.248959e-05.
  itrIdx=48,	residual=2.578198e+05,	 rhs=6.715918e+09, relative=3.838936e-05.
  itrIdx=49,	residual=2.538587e+05,	 rhs=6.715918e+09, relative=3.779956e-05.
  itrIdx=50,	residual=2.063582e+05,	 rhs=6.715918e+09, relative=3.072673e-05.
  itrIdx=51,	residual=2.019753e+05,	 rhs=6.715918e+09, relative=3.007412e-05.
  itrIdx=52,	residual=1.380423e+05,	 rhs=6.715918e+09, relative=2.055449e-05.
  itrIdx=53,	residual=1.295396e+05,	 rhs=6.715918e+09, relative=1.928844e-05.
  itrIdx=54,	residual=1.127575e+05,	 rhs=6.715918e+09, relative=1.678959e-05.
  itrIdx=55,	residual=1.115574e+05,	 rhs=6.715918e+09, relative=1.661090e-05.
  itrIdx=56,	residual=1.108246e+05,	 rhs=6.715918e+09, relative=1.650178e-05.
Reach rtol=1.000000e-05, the solver exits with residual=6.248085e+04 and iterations=57.
  homoCoeffZ=7.40931
========================================================
Contrast_x,y,z=8  125  1000
Get kvals from python.
2.09715e+06  3.2768e+07  2.62144e+08  2.62144e+08  2.62144e+08  2621.44  26214.4  262144  262144  262144  1677.72  26214.4  209715  209715  262144  
Use the following reference parameters:
1677.72  26214.4  209715  209715  262144  
GPU solver with FCT preconditioner.
  itrIdx=1,	residual=4.764529e+09,	 rhs=6.710937e+10, relative=7.099649e-02.
  itrIdx=2,	residual=3.078325e+09,	 rhs=6.710937e+10, relative=4.587027e-02.
  itrIdx=3,	residual=1.943135e+09,	 rhs=6.710937e+10, relative=2.895474e-02.
  itrIdx=4,	residual=1.983633e+09,	 rhs=6.710937e+10, relative=2.955822e-02.
  itrIdx=5,	residual=1.049095e+09,	 rhs=6.710937e+10, relative=1.563261e-02.
  itrIdx=6,	residual=6.944013e+08,	 rhs=6.710937e+10, relative=1.034731e-02.
  itrIdx=7,	residual=9.735393e+08,	 rhs=6.710937e+10, relative=1.450676e-02.
  itrIdx=8,	residual=6.260222e+08,	 rhs=6.710937e+10, relative=9.328387e-03.
  itrIdx=9,	residual=5.545449e+08,	 rhs=6.710937e+10, relative=8.263301e-03.
  itrIdx=10,	residual=8.475333e+08,	 rhs=6.710937e+10, relative=1.262914e-02.
  itrIdx=11,	residual=5.997330e+08,	 rhs=6.710937e+10, relative=8.936651e-03.
  itrIdx=12,	residual=4.909203e+08,	 rhs=6.710937e+10, relative=7.315227e-03.
  itrIdx=13,	residual=6.681660e+08,	 rhs=6.710937e+10, relative=9.956375e-03.
  itrIdx=14,	residual=5.789500e+08,	 rhs=6.710937e+10, relative=8.626962e-03.
  itrIdx=15,	residual=6.378982e+08,	 rhs=6.710937e+10, relative=9.505353e-03.
  itrIdx=16,	residual=5.533205e+08,	 rhs=6.710937e+10, relative=8.245056e-03.
  itrIdx=17,	residual=5.797925e+08,	 rhs=6.710937e+10, relative=8.639516e-03.
  itrIdx=18,	residual=7.385250e+08,	 rhs=6.710937e+10, relative=1.100480e-02.
  itrIdx=19,	residual=4.508718e+08,	 rhs=6.710937e+10, relative=6.718464e-03.
  itrIdx=20,	residual=5.112606e+08,	 rhs=6.710937e+10, relative=7.618320e-03.
  itrIdx=21,	residual=8.121298e+08,	 rhs=6.710937e+10, relative=1.210159e-02.
  itrIdx=22,	residual=5.253734e+08,	 rhs=6.710937e+10, relative=7.828615e-03.
  itrIdx=23,	residual=4.885507e+08,	 rhs=6.710937e+10, relative=7.279918e-03.
  itrIdx=24,	residual=5.389768e+08,	 rhs=6.710937e+10, relative=8.031320e-03.
  itrIdx=25,	residual=4.799698e+08,	 rhs=6.710937e+10, relative=7.152054e-03.
  itrIdx=26,	residual=5.142307e+08,	 rhs=6.710937e+10, relative=7.662578e-03.
  itrIdx=27,	residual=3.573402e+08,	 rhs=6.710937e+10, relative=5.324743e-03.
  itrIdx=28,	residual=4.200061e+08,	 rhs=6.710937e+10, relative=6.258531e-03.
  itrIdx=29,	residual=4.875567e+08,	 rhs=6.710937e+10, relative=7.265107e-03.
  itrIdx=30,	residual=2.461599e+08,	 rhs=6.710937e+10, relative=3.668041e-03.
  itrIdx=31,	residual=3.155012e+08,	 rhs=6.710937e+10, relative=4.701299e-03.
  itrIdx=32,	residual=3.402641e+08,	 rhs=6.710937e+10, relative=5.070292e-03.
  itrIdx=33,	residual=2.069974e+08,	 rhs=6.710937e+10, relative=3.084479e-03.
  itrIdx=34,	residual=2.203518e+08,	 rhs=6.710937e+10, relative=3.283472e-03.
  itrIdx=35,	residual=1.826513e+08,	 rhs=6.710937e+10, relative=2.721696e-03.
  itrIdx=36,	residual=1.805179e+08,	 rhs=6.710937e+10, relative=2.689906e-03.
  itrIdx=37,	residual=1.577815e+08,	 rhs=6.710937e+10, relative=2.351110e-03.
  itrIdx=38,	residual=1.100296e+08,	 rhs=6.710937e+10, relative=1.639557e-03.
  itrIdx=39,	residual=1.435265e+08,	 rhs=6.710937e+10, relative=2.138696e-03.
  itrIdx=40,	residual=1.162213e+08,	 rhs=6.710937e+10, relative=1.731820e-03.
  itrIdx=41,	residual=7.079077e+07,	 rhs=6.710937e+10, relative=1.054857e-03.
  itrIdx=42,	residual=9.776144e+07,	 rhs=6.710937e+10, relative=1.456748e-03.
  itrIdx=43,	residual=8.472084e+07,	 rhs=6.710937e+10, relative=1.262429e-03.
  itrIdx=44,	residual=5.928855e+07,	 rhs=6.710937e+10, relative=8.834616e-04.
  itrIdx=45,	residual=6.253172e+07,	 rhs=6.710937e+10, relative=9.317882e-04.
  itrIdx=46,	residual=5.357988e+07,	 rhs=6.710937e+10, relative=7.983964e-04.
  itrIdx=47,	residual=6.341701e+07,	 rhs=6.710937e+10, relative=9.449800e-04.
  itrIdx=48,	residual=4.677608e+07,	 rhs=6.710937e+10, relative=6.970126e-04.
  itrIdx=49,	residual=3.982940e+07,	 rhs=6.710937e+10, relative=5.934999e-04.
  itrIdx=50,	residual=6.502708e+07,	 rhs=6.710937e+10, relative=9.689717e-04.
  itrIdx=51,	residual=3.942371e+07,	 rhs=6.710937e+10, relative=5.874547e-04.
  itrIdx=52,	residual=3.517447e+07,	 rhs=6.710937e+10, relative=5.241366e-04.
  itrIdx=53,	residual=5.048042e+07,	 rhs=6.710937e+10, relative=7.522113e-04.
  itrIdx=54,	residual=4.103258e+07,	 rhs=6.710937e+10, relative=6.114286e-04.
  itrIdx=55,	residual=3.772524e+07,	 rhs=6.710937e+10, relative=5.621457e-04.
  itrIdx=56,	residual=3.487394e+07,	 rhs=6.710937e+10, relative=5.196584e-04.
  itrIdx=57,	residual=3.990332e+07,	 rhs=6.710937e+10, relative=5.946013e-04.
  itrIdx=58,	residual=4.312037e+07,	 rhs=6.710937e+10, relative=6.425388e-04.
  itrIdx=59,	residual=2.566654e+07,	 rhs=6.710937e+10, relative=3.824584e-04.
  itrIdx=60,	residual=3.153909e+07,	 rhs=6.710937e+10, relative=4.699656e-04.
  itrIdx=61,	residual=4.177320e+07,	 rhs=6.710937e+10, relative=6.224646e-04.
  itrIdx=62,	residual=2.147012e+07,	 rhs=6.710937e+10, relative=3.199272e-04.
  itrIdx=63,	residual=2.274049e+07,	 rhs=6.710937e+10, relative=3.388572e-04.
  itrIdx=64,	residual=2.791579e+07,	 rhs=6.710937e+10, relative=4.159746e-04.
  itrIdx=65,	residual=1.938349e+07,	 rhs=6.710937e+10, relative=2.888344e-04.
  itrIdx=66,	residual=1.730230e+07,	 rhs=6.710937e+10, relative=2.578225e-04.
  itrIdx=67,	residual=1.396207e+07,	 rhs=6.710937e+10, relative=2.080495e-04.
  itrIdx=68,	residual=1.773778e+07,	 rhs=6.710937e+10, relative=2.643116e-04.
  itrIdx=69,	residual=1.335827e+07,	 rhs=6.710937e+10, relative=1.990523e-04.
  itrIdx=70,	residual=7.255453e+06,	 rhs=6.710937e+10, relative=1.081139e-04.
  itrIdx=71,	residual=1.204929e+07,	 rhs=6.710937e+10, relative=1.795470e-04.
  itrIdx=72,	residual=9.806103e+06,	 rhs=6.710937e+10, relative=1.461212e-04.
  itrIdx=73,	residual=5.438324e+06,	 rhs=6.710937e+10, relative=8.103674e-05.
  itrIdx=74,	residual=6.537597e+06,	 rhs=6.710937e+10, relative=9.741706e-05.
  itrIdx=75,	residual=6.339414e+06,	 rhs=6.710937e+10, relative=9.446392e-05.
  itrIdx=76,	residual=5.041346e+06,	 rhs=6.710937e+10, relative=7.512135e-05.
  itrIdx=77,	residual=3.615967e+06,	 rhs=6.710937e+10, relative=5.388171e-05.
  itrIdx=78,	residual=3.381189e+06,	 rhs=6.710937e+10, relative=5.038326e-05.
  itrIdx=79,	residual=4.611556e+06,	 rhs=6.710937e+10, relative=6.871702e-05.
  itrIdx=80,	residual=2.677284e+06,	 rhs=6.710937e+10, relative=3.989434e-05.
  itrIdx=81,	residual=2.043237e+06,	 rhs=6.710937e+10, relative=3.044638e-05.
  itrIdx=82,	residual=3.405585e+06,	 rhs=6.710937e+10, relative=5.074679e-05.
  itrIdx=83,	residual=2.192869e+06,	 rhs=6.710937e+10, relative=3.267605e-05.
  itrIdx=84,	residual=1.802345e+06,	 rhs=6.710937e+10, relative=2.685683e-05.
  itrIdx=85,	residual=2.277744e+06,	 rhs=6.710937e+10, relative=3.394078e-05.
  itrIdx=86,	residual=2.005291e+06,	 rhs=6.710937e+10, relative=2.988094e-05.
  itrIdx=87,	residual=1.978509e+06,	 rhs=6.710937e+10, relative=2.948186e-05.
  itrIdx=88,	residual=1.398402e+06,	 rhs=6.710937e+10, relative=2.083765e-05.
  itrIdx=89,	residual=1.807404e+06,	 rhs=6.710937e+10, relative=2.693222e-05.
  itrIdx=90,	residual=2.527530e+06,	 rhs=6.710937e+10, relative=3.766285e-05.
  itrIdx=91,	residual=1.357748e+06,	 rhs=6.710937e+10, relative=2.023187e-05.
  itrIdx=92,	residual=1.798448e+06,	 rhs=6.710937e+10, relative=2.679876e-05.
  itrIdx=93,	residual=2.218773e+06,	 rhs=6.710937e+10, relative=3.306205e-05.
  itrIdx=94,	residual=1.461635e+06,	 rhs=6.710937e+10, relative=2.177990e-05.
  itrIdx=95,	residual=1.599547e+06,	 rhs=6.710937e+10, relative=2.383493e-05.
  itrIdx=96,	residual=1.790575e+06,	 rhs=6.710937e+10, relative=2.668145e-05.
  itrIdx=97,	residual=1.921312e+06,	 rhs=6.710937e+10, relative=2.862957e-05.
  itrIdx=98,	residual=1.526340e+06,	 rhs=6.710937e+10, relative=2.274407e-05.
  itrIdx=99,	residual=1.124937e+06,	 rhs=6.710937e+10, relative=1.676274e-05.
  itrIdx=100,	residual=1.701539e+06,	 rhs=6.710937e+10, relative=2.535472e-05.
  itrIdx=101,	residual=1.311849e+06,	 rhs=6.710937e+10, relative=1.954792e-05.
  itrIdx=102,	residual=9.037490e+05,	 rhs=6.710937e+10, relative=1.346681e-05.
  itrIdx=103,	residual=1.196290e+06,	 rhs=6.710937e+10, relative=1.782597e-05.
  itrIdx=104,	residual=1.124952e+06,	 rhs=6.710937e+10, relative=1.676296e-05.
  itrIdx=105,	residual=9.243890e+05,	 rhs=6.710937e+10, relative=1.377437e-05.
Reach rtol=1.000000e-05, the solver exits with residual=5.467044e+05 and iterations=106.
  homoCoeffZ=64.0369
========================================================
Contrast_x,y,z=16  625  10000
Get kvals from python.
4.1943e+06  1.6384e+08  2.62144e+09  2.62144e+09  2.62144e+09  2621.44  26214.4  262144  262144  262144  419.43  16384  262144  262144  262144  
Use the following reference parameters:
419.43  16384  262144  262144  262144  
GPU solver with FCT preconditioner.
  itrIdx=1,	residual=3.593829e+10,	 rhs=6.710887e+11, relative=5.355223e-02.
  itrIdx=2,	residual=2.493354e+10,	 rhs=6.710887e+11, relative=3.715387e-02.
  itrIdx=3,	residual=1.575342e+10,	 rhs=6.710887e+11, relative=2.347442e-02.
  itrIdx=4,	residual=1.026632e+10,	 rhs=6.710887e+11, relative=1.529801e-02.
  itrIdx=5,	residual=8.725069e+09,	 rhs=6.710887e+11, relative=1.300136e-02.
  itrIdx=6,	residual=7.642071e+09,	 rhs=6.710887e+11, relative=1.138757e-02.
  itrIdx=7,	residual=5.529116e+09,	 rhs=6.710887e+11, relative=8.239025e-03.
  itrIdx=8,	residual=4.370838e+09,	 rhs=6.710887e+11, relative=6.513056e-03.
  itrIdx=9,	residual=3.372873e+09,	 rhs=6.710887e+11, relative=5.025972e-03.
  itrIdx=10,	residual=2.290209e+09,	 rhs=6.710887e+11, relative=3.412677e-03.
  itrIdx=11,	residual=2.312940e+09,	 rhs=6.710887e+11, relative=3.446549e-03.
  itrIdx=12,	residual=2.478807e+09,	 rhs=6.710887e+11, relative=3.693710e-03.
  itrIdx=13,	residual=2.145307e+09,	 rhs=6.710887e+11, relative=3.196756e-03.
  itrIdx=14,	residual=1.817643e+09,	 rhs=6.710887e+11, relative=2.708498e-03.
  itrIdx=15,	residual=2.235479e+09,	 rhs=6.710887e+11, relative=3.331123e-03.
  itrIdx=16,	residual=1.944913e+09,	 rhs=6.710887e+11, relative=2.898145e-03.
  itrIdx=17,	residual=1.198894e+09,	 rhs=6.710887e+11, relative=1.786491e-03.
  itrIdx=18,	residual=1.309663e+09,	 rhs=6.710887e+11, relative=1.951550e-03.
  itrIdx=19,	residual=1.707688e+09,	 rhs=6.710887e+11, relative=2.544653e-03.
  itrIdx=20,	residual=1.413900e+09,	 rhs=6.710887e+11, relative=2.106874e-03.
  itrIdx=21,	residual=1.168613e+09,	 rhs=6.710887e+11, relative=1.741368e-03.
  itrIdx=22,	residual=1.545101e+09,	 rhs=6.710887e+11, relative=2.302379e-03.
  itrIdx=23,	residual=1.539490e+09,	 rhs=6.710887e+11, relative=2.294019e-03.
  itrIdx=24,	residual=9.575533e+08,	 rhs=6.710887e+11, relative=1.426865e-03.
  itrIdx=25,	residual=1.175289e+09,	 rhs=6.710887e+11, relative=1.751317e-03.
  itrIdx=26,	residual=1.505636e+09,	 rhs=6.710887e+11, relative=2.243572e-03.
  itrIdx=27,	residual=9.357828e+08,	 rhs=6.710887e+11, relative=1.394425e-03.
  itrIdx=28,	residual=8.095261e+08,	 rhs=6.710887e+11, relative=1.206288e-03.
  itrIdx=29,	residual=1.334122e+09,	 rhs=6.710887e+11, relative=1.987996e-03.
  itrIdx=30,	residual=1.258357e+09,	 rhs=6.710887e+11, relative=1.875098e-03.
  itrIdx=31,	residual=7.307851e+08,	 rhs=6.710887e+11, relative=1.088955e-03.
  itrIdx=32,	residual=9.462867e+08,	 rhs=6.710887e+11, relative=1.410077e-03.
  itrIdx=33,	residual=1.221784e+09,	 rhs=6.710887e+11, relative=1.820601e-03.
  itrIdx=34,	residual=8.527256e+08,	 rhs=6.710887e+11, relative=1.270660e-03.
  itrIdx=35,	residual=7.238018e+08,	 rhs=6.710887e+11, relative=1.078549e-03.
  itrIdx=36,	residual=1.027579e+09,	 rhs=6.710887e+11, relative=1.531211e-03.
  itrIdx=37,	residual=1.004950e+09,	 rhs=6.710887e+11, relative=1.497492e-03.
  itrIdx=38,	residual=7.400233e+08,	 rhs=6.710887e+11, relative=1.102721e-03.
  itrIdx=39,	residual=8.950592e+08,	 rhs=6.710887e+11, relative=1.333742e-03.
  itrIdx=40,	residual=9.566592e+08,	 rhs=6.710887e+11, relative=1.425533e-03.
  itrIdx=41,	residual=8.292846e+08,	 rhs=6.710887e+11, relative=1.235730e-03.
  itrIdx=42,	residual=8.068345e+08,	 rhs=6.710887e+11, relative=1.202277e-03.
  itrIdx=43,	residual=8.423428e+08,	 rhs=6.710887e+11, relative=1.255189e-03.
  itrIdx=44,	residual=7.664204e+08,	 rhs=6.710887e+11, relative=1.142055e-03.
  itrIdx=45,	residual=8.129284e+08,	 rhs=6.710887e+11, relative=1.211358e-03.
  itrIdx=46,	residual=9.847515e+08,	 rhs=6.710887e+11, relative=1.467394e-03.
  itrIdx=47,	residual=8.694179e+08,	 rhs=6.710887e+11, relative=1.295533e-03.
  itrIdx=48,	residual=9.820685e+08,	 rhs=6.710887e+11, relative=1.463396e-03.
  itrIdx=49,	residual=9.876679e+08,	 rhs=6.710887e+11, relative=1.471740e-03.
  itrIdx=50,	residual=7.850591e+08,	 rhs=6.710887e+11, relative=1.169829e-03.
  itrIdx=51,	residual=8.313439e+08,	 rhs=6.710887e+11, relative=1.238799e-03.
  itrIdx=52,	residual=1.122642e+09,	 rhs=6.710887e+11, relative=1.672866e-03.
  itrIdx=53,	residual=9.415862e+08,	 rhs=6.710887e+11, relative=1.403073e-03.
  itrIdx=54,	residual=7.268872e+08,	 rhs=6.710887e+11, relative=1.083146e-03.
  itrIdx=55,	residual=1.166990e+09,	 rhs=6.710887e+11, relative=1.738950e-03.
  itrIdx=56,	residual=1.330650e+09,	 rhs=6.710887e+11, relative=1.982824e-03.
  itrIdx=57,	residual=8.574467e+08,	 rhs=6.710887e+11, relative=1.277695e-03.
  itrIdx=58,	residual=8.679722e+08,	 rhs=6.710887e+11, relative=1.293379e-03.
  itrIdx=59,	residual=1.268448e+09,	 rhs=6.710887e+11, relative=1.890135e-03.
  itrIdx=60,	residual=9.800710e+08,	 rhs=6.710887e+11, relative=1.460419e-03.
  itrIdx=61,	residual=7.738160e+08,	 rhs=6.710887e+11, relative=1.153076e-03.
  itrIdx=62,	residual=1.302705e+09,	 rhs=6.710887e+11, relative=1.941182e-03.
  itrIdx=63,	residual=1.240625e+09,	 rhs=6.710887e+11, relative=1.848675e-03.
  itrIdx=64,	residual=8.999835e+08,	 rhs=6.710887e+11, relative=1.341080e-03.
  itrIdx=65,	residual=1.183305e+09,	 rhs=6.710887e+11, relative=1.763262e-03.
  itrIdx=66,	residual=1.580418e+09,	 rhs=6.710887e+11, relative=2.355007e-03.
  itrIdx=67,	residual=1.053157e+09,	 rhs=6.710887e+11, relative=1.569326e-03.
  itrIdx=68,	residual=9.052778e+08,	 rhs=6.710887e+11, relative=1.348969e-03.
  itrIdx=69,	residual=1.274877e+09,	 rhs=6.710887e+11, relative=1.899714e-03.
  itrIdx=70,	residual=1.146519e+09,	 rhs=6.710887e+11, relative=1.708447e-03.
  itrIdx=71,	residual=8.951380e+08,	 rhs=6.710887e+11, relative=1.333859e-03.
  itrIdx=72,	residual=9.972835e+08,	 rhs=6.710887e+11, relative=1.486068e-03.
  itrIdx=73,	residual=1.185120e+09,	 rhs=6.710887e+11, relative=1.765967e-03.
  itrIdx=74,	residual=1.109512e+09,	 rhs=6.710887e+11, relative=1.653302e-03.
  itrIdx=75,	residual=1.132814e+09,	 rhs=6.710887e+11, relative=1.688025e-03.
  itrIdx=76,	residual=1.099543e+09,	 rhs=6.710887e+11, relative=1.638447e-03.
  itrIdx=77,	residual=9.530454e+08,	 rhs=6.710887e+11, relative=1.420148e-03.
  itrIdx=78,	residual=1.007968e+09,	 rhs=6.710887e+11, relative=1.501989e-03.
  itrIdx=79,	residual=8.624911e+08,	 rhs=6.710887e+11, relative=1.285212e-03.
  itrIdx=80,	residual=6.606086e+08,	 rhs=6.710887e+11, relative=9.843834e-04.
  itrIdx=81,	residual=7.983375e+08,	 rhs=6.710887e+11, relative=1.189616e-03.
  itrIdx=82,	residual=9.321399e+08,	 rhs=6.710887e+11, relative=1.388997e-03.
  itrIdx=83,	residual=7.211465e+08,	 rhs=6.710887e+11, relative=1.074592e-03.
  itrIdx=84,	residual=7.037002e+08,	 rhs=6.710887e+11, relative=1.048595e-03.
  itrIdx=85,	residual=1.037696e+09,	 rhs=6.710887e+11, relative=1.546288e-03.
  itrIdx=86,	residual=7.900488e+08,	 rhs=6.710887e+11, relative=1.177264e-03.
  itrIdx=87,	residual=5.093381e+08,	 rhs=6.710887e+11, relative=7.589728e-04.
  itrIdx=88,	residual=6.856531e+08,	 rhs=6.710887e+11, relative=1.021703e-03.
  itrIdx=89,	residual=7.146647e+08,	 rhs=6.710887e+11, relative=1.064933e-03.
  itrIdx=90,	residual=4.159002e+08,	 rhs=6.710887e+11, relative=6.197395e-04.
  itrIdx=91,	residual=4.269356e+08,	 rhs=6.710887e+11, relative=6.361836e-04.
  itrIdx=92,	residual=6.096233e+08,	 rhs=6.710887e+11, relative=9.084094e-04.
  itrIdx=93,	residual=4.652153e+08,	 rhs=6.710887e+11, relative=6.932247e-04.
  itrIdx=94,	residual=3.679182e+08,	 rhs=6.710887e+11, relative=5.482408e-04.
  itrIdx=95,	residual=5.164087e+08,	 rhs=6.710887e+11, relative=7.695089e-04.
  itrIdx=96,	residual=5.168188e+08,	 rhs=6.710887e+11, relative=7.701199e-04.
  itrIdx=97,	residual=3.354602e+08,	 rhs=6.710887e+11, relative=4.998746e-04.
  itrIdx=98,	residual=3.480174e+08,	 rhs=6.710887e+11, relative=5.185862e-04.
  itrIdx=99,	residual=4.460833e+08,	 rhs=6.710887e+11, relative=6.647158e-04.
  itrIdx=100,	residual=3.030254e+08,	 rhs=6.710887e+11, relative=4.515430e-04.
  itrIdx=101,	residual=2.665957e+08,	 rhs=6.710887e+11, relative=3.972586e-04.
  itrIdx=102,	residual=2.866799e+08,	 rhs=6.710887e+11, relative=4.271863e-04.
  itrIdx=103,	residual=2.505296e+08,	 rhs=6.710887e+11, relative=3.733181e-04.
  itrIdx=104,	residual=2.617412e+08,	 rhs=6.710887e+11, relative=3.900247e-04.
  itrIdx=105,	residual=2.313395e+08,	 rhs=6.710887e+11, relative=3.447228e-04.
  itrIdx=106,	residual=2.241751e+08,	 rhs=6.710887e+11, relative=3.340469e-04.
  itrIdx=107,	residual=2.310076e+08,	 rhs=6.710887e+11, relative=3.442281e-04.
  itrIdx=108,	residual=2.314796e+08,	 rhs=6.710887e+11, relative=3.449315e-04.
  itrIdx=109,	residual=2.133741e+08,	 rhs=6.710887e+11, relative=3.179522e-04.
  itrIdx=110,	residual=1.727783e+08,	 rhs=6.710887e+11, relative=2.574596e-04.
  itrIdx=111,	residual=2.342947e+08,	 rhs=6.710887e+11, relative=3.491263e-04.
  itrIdx=112,	residual=1.892930e+08,	 rhs=6.710887e+11, relative=2.820685e-04.
  itrIdx=113,	residual=1.357825e+08,	 rhs=6.710887e+11, relative=2.023317e-04.
  itrIdx=114,	residual=1.701389e+08,	 rhs=6.710887e+11, relative=2.535267e-04.
  itrIdx=115,	residual=1.618575e+08,	 rhs=6.710887e+11, relative=2.411865e-04.
  itrIdx=116,	residual=1.227537e+08,	 rhs=6.710887e+11, relative=1.829173e-04.
  itrIdx=117,	residual=1.140492e+08,	 rhs=6.710887e+11, relative=1.699465e-04.
  itrIdx=118,	residual=1.876219e+08,	 rhs=6.710887e+11, relative=2.795784e-04.
  itrIdx=119,	residual=1.263407e+08,	 rhs=6.710887e+11, relative=1.882623e-04.
  itrIdx=120,	residual=9.627722e+07,	 rhs=6.710887e+11, relative=1.434642e-04.
  itrIdx=121,	residual=1.789057e+08,	 rhs=6.710887e+11, relative=2.665902e-04.
  itrIdx=122,	residual=1.434732e+08,	 rhs=6.710887e+11, relative=2.137917e-04.
  itrIdx=123,	residual=1.078284e+08,	 rhs=6.710887e+11, relative=1.606768e-04.
  itrIdx=124,	residual=1.149603e+08,	 rhs=6.710887e+11, relative=1.713041e-04.
  itrIdx=125,	residual=1.655639e+08,	 rhs=6.710887e+11, relative=2.467094e-04.
  itrIdx=126,	residual=1.112858e+08,	 rhs=6.710887e+11, relative=1.658288e-04.
  itrIdx=127,	residual=1.059796e+08,	 rhs=6.710887e+11, relative=1.579219e-04.
  itrIdx=128,	residual=1.241533e+08,	 rhs=6.710887e+11, relative=1.850028e-04.
  itrIdx=129,	residual=1.219125e+08,	 rhs=6.710887e+11, relative=1.816637e-04.
  itrIdx=130,	residual=8.664745e+07,	 rhs=6.710887e+11, relative=1.291147e-04.
  itrIdx=131,	residual=1.099840e+08,	 rhs=6.710887e+11, relative=1.638889e-04.
  itrIdx=132,	residual=1.282790e+08,	 rhs=6.710887e+11, relative=1.911505e-04.
  itrIdx=133,	residual=1.024983e+08,	 rhs=6.710887e+11, relative=1.527344e-04.
  itrIdx=134,	residual=1.394319e+08,	 rhs=6.710887e+11, relative=2.077697e-04.
  itrIdx=135,	residual=1.121532e+08,	 rhs=6.710887e+11, relative=1.671213e-04.
  itrIdx=136,	residual=1.346746e+08,	 rhs=6.710887e+11, relative=2.006808e-04.
  itrIdx=137,	residual=1.244604e+08,	 rhs=6.710887e+11, relative=1.854604e-04.
  itrIdx=138,	residual=1.404811e+08,	 rhs=6.710887e+11, relative=2.093331e-04.
  itrIdx=139,	residual=1.011456e+08,	 rhs=6.710887e+11, relative=1.507187e-04.
  itrIdx=140,	residual=1.642354e+08,	 rhs=6.710887e+11, relative=2.447299e-04.
  itrIdx=141,	residual=1.185704e+08,	 rhs=6.710887e+11, relative=1.766836e-04.
  itrIdx=142,	residual=1.195380e+08,	 rhs=6.710887e+11, relative=1.781254e-04.
  itrIdx=143,	residual=1.177246e+08,	 rhs=6.710887e+11, relative=1.754233e-04.
  itrIdx=144,	residual=1.804667e+08,	 rhs=6.710887e+11, relative=2.689163e-04.
  itrIdx=145,	residual=9.080470e+07,	 rhs=6.710887e+11, relative=1.353095e-04.
  itrIdx=146,	residual=1.145572e+08,	 rhs=6.710887e+11, relative=1.707035e-04.
  itrIdx=147,	residual=1.623695e+08,	 rhs=6.710887e+11, relative=2.419494e-04.
  itrIdx=148,	residual=1.275746e+08,	 rhs=6.710887e+11, relative=1.901009e-04.
  itrIdx=149,	residual=9.592800e+07,	 rhs=6.710887e+11, relative=1.429438e-04.
  itrIdx=150,	residual=1.705249e+08,	 rhs=6.710887e+11, relative=2.541019e-04.
  itrIdx=151,	residual=1.657708e+08,	 rhs=6.710887e+11, relative=2.470177e-04.
  itrIdx=152,	residual=1.150647e+08,	 rhs=6.710887e+11, relative=1.714598e-04.
  itrIdx=153,	residual=1.243604e+08,	 rhs=6.710887e+11, relative=1.853115e-04.
  itrIdx=154,	residual=1.707789e+08,	 rhs=6.710887e+11, relative=2.544804e-04.
  itrIdx=155,	residual=1.043813e+08,	 rhs=6.710887e+11, relative=1.555403e-04.
  itrIdx=156,	residual=9.086150e+07,	 rhs=6.710887e+11, relative=1.353942e-04.
  itrIdx=157,	residual=1.324713e+08,	 rhs=6.710887e+11, relative=1.973976e-04.
  itrIdx=158,	residual=9.831966e+07,	 rhs=6.710887e+11, relative=1.465077e-04.
  itrIdx=159,	residual=9.903244e+07,	 rhs=6.710887e+11, relative=1.475698e-04.
  itrIdx=160,	residual=9.672916e+07,	 rhs=6.710887e+11, relative=1.441377e-04.
  itrIdx=161,	residual=1.043248e+08,	 rhs=6.710887e+11, relative=1.554560e-04.
  itrIdx=162,	residual=9.487408e+07,	 rhs=6.710887e+11, relative=1.413734e-04.
  itrIdx=163,	residual=9.917029e+07,	 rhs=6.710887e+11, relative=1.477752e-04.
  itrIdx=164,	residual=8.212252e+07,	 rhs=6.710887e+11, relative=1.223721e-04.
  itrIdx=165,	residual=9.244691e+07,	 rhs=6.710887e+11, relative=1.377566e-04.
  itrIdx=166,	residual=9.768327e+07,	 rhs=6.710887e+11, relative=1.455594e-04.
  itrIdx=167,	residual=6.532385e+07,	 rhs=6.710887e+11, relative=9.734012e-05.
  itrIdx=168,	residual=6.988751e+07,	 rhs=6.710887e+11, relative=1.041405e-04.
  itrIdx=169,	residual=8.907314e+07,	 rhs=6.710887e+11, relative=1.327293e-04.
  itrIdx=170,	residual=5.360326e+07,	 rhs=6.710887e+11, relative=7.987508e-05.
  itrIdx=171,	residual=4.964827e+07,	 rhs=6.710887e+11, relative=7.398169e-05.
  itrIdx=172,	residual=7.683055e+07,	 rhs=6.710887e+11, relative=1.144864e-04.
  itrIdx=173,	residual=4.799135e+07,	 rhs=6.710887e+11, relative=7.151268e-05.
  itrIdx=174,	residual=4.267940e+07,	 rhs=6.710887e+11, relative=6.359726e-05.
  itrIdx=175,	residual=5.116897e+07,	 rhs=6.710887e+11, relative=7.624771e-05.
  itrIdx=176,	residual=5.485402e+07,	 rhs=6.710887e+11, relative=8.173885e-05.
  itrIdx=177,	residual=2.619048e+07,	 rhs=6.710887e+11, relative=3.902686e-05.
  itrIdx=178,	residual=5.486348e+07,	 rhs=6.710887e+11, relative=8.175295e-05.
  itrIdx=179,	residual=3.513120e+07,	 rhs=6.710887e+11, relative=5.234957e-05.
  itrIdx=180,	residual=3.424540e+07,	 rhs=6.710887e+11, relative=5.102963e-05.
  itrIdx=181,	residual=2.700244e+07,	 rhs=6.710887e+11, relative=4.023677e-05.
  itrIdx=182,	residual=5.418120e+07,	 rhs=6.710887e+11, relative=8.073627e-05.
  itrIdx=183,	residual=2.472842e+07,	 rhs=6.710887e+11, relative=3.684821e-05.
  itrIdx=184,	residual=3.437069e+07,	 rhs=6.710887e+11, relative=5.121632e-05.
  itrIdx=185,	residual=2.260402e+07,	 rhs=6.710887e+11, relative=3.368261e-05.
  itrIdx=186,	residual=3.216044e+07,	 rhs=6.710887e+11, relative=4.792278e-05.
  itrIdx=187,	residual=1.824532e+07,	 rhs=6.710887e+11, relative=2.718764e-05.
  itrIdx=188,	residual=2.565890e+07,	 rhs=6.710887e+11, relative=3.823474e-05.
  itrIdx=189,	residual=1.672988e+07,	 rhs=6.710887e+11, relative=2.492947e-05.
  itrIdx=190,	residual=2.633630e+07,	 rhs=6.710887e+11, relative=3.924415e-05.
  itrIdx=191,	residual=1.519196e+07,	 rhs=6.710887e+11, relative=2.263778e-05.
  itrIdx=192,	residual=1.326899e+07,	 rhs=6.710887e+11, relative=1.977233e-05.
  itrIdx=193,	residual=2.311806e+07,	 rhs=6.710887e+11, relative=3.444860e-05.
  itrIdx=194,	residual=1.526914e+07,	 rhs=6.710887e+11, relative=2.275278e-05.
  itrIdx=195,	residual=1.248479e+07,	 rhs=6.710887e+11, relative=1.860379e-05.
  itrIdx=196,	residual=1.592905e+07,	 rhs=6.710887e+11, relative=2.373614e-05.
  itrIdx=197,	residual=2.310929e+07,	 rhs=6.710887e+11, relative=3.443552e-05.
  itrIdx=198,	residual=1.002260e+07,	 rhs=6.710887e+11, relative=1.493484e-05.
  itrIdx=199,	residual=2.220946e+07,	 rhs=6.710887e+11, relative=3.309467e-05.
  itrIdx=200,	residual=1.283127e+07,	 rhs=6.710887e+11, relative=1.912008e-05.
  itrIdx=201,	residual=1.470385e+07,	 rhs=6.710887e+11, relative=2.191044e-05.
  itrIdx=202,	residual=1.016901e+07,	 rhs=6.710887e+11, relative=1.515300e-05.
  itrIdx=203,	residual=1.739986e+07,	 rhs=6.710887e+11, relative=2.592782e-05.
  itrIdx=204,	residual=9.696762e+06,	 rhs=6.710887e+11, relative=1.444930e-05.
  itrIdx=205,	residual=1.468173e+07,	 rhs=6.710887e+11, relative=2.187749e-05.
  itrIdx=206,	residual=1.079471e+07,	 rhs=6.710887e+11, relative=1.608538e-05.
  itrIdx=207,	residual=1.418501e+07,	 rhs=6.710887e+11, relative=2.113731e-05.
  itrIdx=208,	residual=1.522290e+07,	 rhs=6.710887e+11, relative=2.268389e-05.
  itrIdx=209,	residual=8.575041e+06,	 rhs=6.710887e+11, relative=1.277781e-05.
  itrIdx=210,	residual=1.576654e+07,	 rhs=6.710887e+11, relative=2.349398e-05.
  itrIdx=211,	residual=1.136148e+07,	 rhs=6.710887e+11, relative=1.692992e-05.
  itrIdx=212,	residual=1.316477e+07,	 rhs=6.710887e+11, relative=1.961704e-05.
  itrIdx=213,	residual=9.709745e+06,	 rhs=6.710887e+11, relative=1.446865e-05.
  itrIdx=214,	residual=2.266389e+07,	 rhs=6.710887e+11, relative=3.377182e-05.
  itrIdx=215,	residual=8.440607e+06,	 rhs=6.710887e+11, relative=1.257748e-05.
  itrIdx=216,	residual=2.011963e+07,	 rhs=6.710887e+11, relative=2.998059e-05.
  itrIdx=217,	residual=1.351299e+07,	 rhs=6.710887e+11, relative=2.013592e-05.
  itrIdx=218,	residual=1.502605e+07,	 rhs=6.710887e+11, relative=2.239056e-05.
  itrIdx=219,	residual=1.106089e+07,	 rhs=6.710887e+11, relative=1.648201e-05.
  itrIdx=220,	residual=1.411913e+07,	 rhs=6.710887e+11, relative=2.103915e-05.
  itrIdx=221,	residual=1.986021e+07,	 rhs=6.710887e+11, relative=2.959401e-05.
  itrIdx=222,	residual=8.944993e+06,	 rhs=6.710887e+11, relative=1.332908e-05.
  itrIdx=223,	residual=1.522971e+07,	 rhs=6.710887e+11, relative=2.269403e-05.
  itrIdx=224,	residual=1.367096e+07,	 rhs=6.710887e+11, relative=2.037131e-05.
  itrIdx=225,	residual=1.514175e+07,	 rhs=6.710887e+11, relative=2.256296e-05.
  itrIdx=226,	residual=8.260476e+06,	 rhs=6.710887e+11, relative=1.230907e-05.
  itrIdx=227,	residual=1.762778e+07,	 rhs=6.710887e+11, relative=2.626743e-05.
  itrIdx=228,	residual=9.881840e+06,	 rhs=6.710887e+11, relative=1.472509e-05.
  itrIdx=229,	residual=1.526327e+07,	 rhs=6.710887e+11, relative=2.274404e-05.
  itrIdx=230,	residual=1.026972e+07,	 rhs=6.710887e+11, relative=1.530307e-05.
  itrIdx=231,	residual=1.285053e+07,	 rhs=6.710887e+11, relative=1.914878e-05.
  itrIdx=232,	residual=1.710538e+07,	 rhs=6.710887e+11, relative=2.548900e-05.
  itrIdx=233,	residual=7.616832e+06,	 rhs=6.710887e+11, relative=1.134996e-05.
  itrIdx=234,	residual=1.842854e+07,	 rhs=6.710887e+11, relative=2.746066e-05.
  itrIdx=235,	residual=8.302499e+06,	 rhs=6.710887e+11, relative=1.237169e-05.
  itrIdx=236,	residual=1.092639e+07,	 rhs=6.710887e+11, relative=1.628158e-05.
  itrIdx=237,	residual=9.122356e+06,	 rhs=6.710887e+11, relative=1.359337e-05.
  itrIdx=238,	residual=1.015028e+07,	 rhs=6.710887e+11, relative=1.512510e-05.
  itrIdx=239,	residual=1.098876e+07,	 rhs=6.710887e+11, relative=1.637452e-05.
Reach rtol=1.000000e-05, the solver exits with residual=6.295553e+06 and iterations=240.
  homoCoeffZ=628.362
