========================================================
Contrast_x,y,z=4  25  100
Get kvals from python.
1.04858e+06  6.5536e+06  2.62144e+07  2.62144e+07  2.62144e+07  262144  262144  262144  262144  262144  10485.8  65536  262144  262144  262144  
  Use all 1.0.
Use the following reference parameters:
1  1  1  1  1  
GPU solver with FCT preconditioner.
  itrIdx=1,	residual=1.358401e+09,	 rhs=6.715918e+09, relative=2.022658e-01.
  itrIdx=2,	residual=8.151149e+08,	 rhs=6.715918e+09, relative=1.213706e-01.
  itrIdx=3,	residual=6.297768e+08,	 rhs=6.715918e+09, relative=9.377375e-02.
  itrIdx=4,	residual=6.328984e+08,	 rhs=6.715918e+09, relative=9.423856e-02.
  itrIdx=5,	residual=4.740867e+08,	 rhs=6.715918e+09, relative=7.059150e-02.
  itrIdx=6,	residual=4.530042e+08,	 rhs=6.715918e+09, relative=6.745232e-02.
  itrIdx=7,	residual=4.497840e+08,	 rhs=6.715918e+09, relative=6.697283e-02.
  itrIdx=8,	residual=3.893541e+08,	 rhs=6.715918e+09, relative=5.797482e-02.
  itrIdx=9,	residual=3.203169e+08,	 rhs=6.715918e+09, relative=4.769518e-02.
  itrIdx=10,	residual=2.406990e+08,	 rhs=6.715918e+09, relative=3.584007e-02.
  itrIdx=11,	residual=1.393874e+08,	 rhs=6.715918e+09, relative=2.075478e-02.
  itrIdx=12,	residual=9.404646e+07,	 rhs=6.715918e+09, relative=1.400352e-02.
  itrIdx=13,	residual=6.941486e+07,	 rhs=6.715918e+09, relative=1.033587e-02.
  itrIdx=14,	residual=5.555645e+07,	 rhs=6.715918e+09, relative=8.272354e-03.
  itrIdx=15,	residual=4.136736e+07,	 rhs=6.715918e+09, relative=6.159599e-03.
  itrIdx=16,	residual=4.593229e+07,	 rhs=6.715918e+09, relative=6.839317e-03.
  itrIdx=17,	residual=3.856969e+07,	 rhs=6.715918e+09, relative=5.743026e-03.
  itrIdx=18,	residual=3.108475e+07,	 rhs=6.715918e+09, relative=4.628518e-03.
  itrIdx=19,	residual=2.505007e+07,	 rhs=6.715918e+09, relative=3.729955e-03.
  itrIdx=20,	residual=1.728326e+07,	 rhs=6.715918e+09, relative=2.573478e-03.
  itrIdx=21,	residual=9.780067e+06,	 rhs=6.715918e+09, relative=1.456252e-03.
  itrIdx=22,	residual=6.783245e+06,	 rhs=6.715918e+09, relative=1.010025e-03.
  itrIdx=23,	residual=5.417546e+06,	 rhs=6.715918e+09, relative=8.066724e-04.
  itrIdx=24,	residual=4.191093e+06,	 rhs=6.715918e+09, relative=6.240536e-04.
  itrIdx=25,	residual=4.325443e+06,	 rhs=6.715918e+09, relative=6.440583e-04.
  itrIdx=26,	residual=3.673347e+06,	 rhs=6.715918e+09, relative=5.469612e-04.
  itrIdx=27,	residual=2.904292e+06,	 rhs=6.715918e+09, relative=4.324491e-04.
  itrIdx=28,	residual=2.053330e+06,	 rhs=6.715918e+09, relative=3.057407e-04.
  itrIdx=29,	residual=1.831009e+06,	 rhs=6.715918e+09, relative=2.726372e-04.
  itrIdx=30,	residual=1.115302e+06,	 rhs=6.715918e+09, relative=1.660684e-04.
  itrIdx=31,	residual=8.965461e+05,	 rhs=6.715918e+09, relative=1.334957e-04.
  itrIdx=32,	residual=6.976164e+05,	 rhs=6.715918e+09, relative=1.038751e-04.
  itrIdx=33,	residual=5.703930e+05,	 rhs=6.715918e+09, relative=8.493151e-05.
  itrIdx=34,	residual=4.792527e+05,	 rhs=6.715918e+09, relative=7.136071e-05.
  itrIdx=35,	residual=4.502157e+05,	 rhs=6.715918e+09, relative=6.703711e-05.
  itrIdx=36,	residual=2.771945e+05,	 rhs=6.715918e+09, relative=4.127425e-05.
  itrIdx=37,	residual=2.092796e+05,	 rhs=6.715918e+09, relative=3.116173e-05.
  itrIdx=38,	residual=1.435284e+05,	 rhs=6.715918e+09, relative=2.137137e-05.
  itrIdx=39,	residual=1.010132e+05,	 rhs=6.715918e+09, relative=1.504086e-05.
  itrIdx=40,	residual=7.664553e+04,	 rhs=6.715918e+09, relative=1.141252e-05.
Reach rtol=1.000000e-05, the solver exits with residual=5.974857e+04 and iterations=41.
  homoCoeffZ=7.4621
========================================================
Contrast_x,y,z=8  125  1000
Get kvals from python.
2.09715e+06  3.2768e+07  2.62144e+08  2.62144e+08  2.62144e+08  262144  262144  262144  262144  262144  2097.15  32768  262144  262144  262144  
  Use all 1.0.
Use the following reference parameters:
1  1  1  1  1  
GPU solver with FCT preconditioner.
  itrIdx=1,	residual=1.315446e+10,	 rhs=6.710937e+10, relative=1.960152e-01.
  itrIdx=2,	residual=7.180187e+09,	 rhs=6.710937e+10, relative=1.069923e-01.
  itrIdx=3,	residual=4.319861e+09,	 rhs=6.710937e+10, relative=6.437046e-02.
  itrIdx=4,	residual=3.765597e+09,	 rhs=6.710937e+10, relative=5.611135e-02.
  itrIdx=5,	residual=1.745818e+09,	 rhs=6.710937e+10, relative=2.601452e-02.
  itrIdx=6,	residual=1.311390e+09,	 rhs=6.710937e+10, relative=1.954109e-02.
  itrIdx=7,	residual=9.981799e+08,	 rhs=6.710937e+10, relative=1.487393e-02.
  itrIdx=8,	residual=1.214199e+09,	 rhs=6.710937e+10, relative=1.809285e-02.
  itrIdx=9,	residual=9.700816e+08,	 rhs=6.710937e+10, relative=1.445523e-02.
  itrIdx=10,	residual=8.561599e+08,	 rhs=6.710937e+10, relative=1.275768e-02.
  itrIdx=11,	residual=7.951765e+08,	 rhs=6.710937e+10, relative=1.184896e-02.
  itrIdx=12,	residual=6.603104e+08,	 rhs=6.710937e+10, relative=9.839318e-03.
  itrIdx=13,	residual=7.450830e+08,	 rhs=6.710937e+10, relative=1.110252e-02.
  itrIdx=14,	residual=1.098012e+09,	 rhs=6.710937e+10, relative=1.636154e-02.
  itrIdx=15,	residual=1.492820e+09,	 rhs=6.710937e+10, relative=2.224458e-02.
  itrIdx=16,	residual=1.783689e+09,	 rhs=6.710937e+10, relative=2.657884e-02.
  itrIdx=17,	residual=1.763110e+09,	 rhs=6.710937e+10, relative=2.627219e-02.
  itrIdx=18,	residual=1.342269e+09,	 rhs=6.710937e+10, relative=2.000122e-02.
  itrIdx=19,	residual=7.657959e+08,	 rhs=6.710937e+10, relative=1.141116e-02.
  itrIdx=20,	residual=5.316912e+08,	 rhs=6.710937e+10, relative=7.922757e-03.
  itrIdx=21,	residual=4.950628e+08,	 rhs=6.710937e+10, relative=7.376955e-03.
  itrIdx=22,	residual=3.705416e+08,	 rhs=6.710937e+10, relative=5.521459e-03.
  itrIdx=23,	residual=3.206357e+08,	 rhs=6.710937e+10, relative=4.777809e-03.
  itrIdx=24,	residual=3.089993e+08,	 rhs=6.710937e+10, relative=4.604414e-03.
  itrIdx=25,	residual=2.452328e+08,	 rhs=6.710937e+10, relative=3.654227e-03.
  itrIdx=26,	residual=2.031109e+08,	 rhs=6.710937e+10, relative=3.026566e-03.
  itrIdx=27,	residual=1.466681e+08,	 rhs=6.710937e+10, relative=2.185509e-03.
  itrIdx=28,	residual=1.938438e+08,	 rhs=6.710937e+10, relative=2.888476e-03.
  itrIdx=29,	residual=1.998486e+08,	 rhs=6.710937e+10, relative=2.977954e-03.
  itrIdx=30,	residual=3.151185e+08,	 rhs=6.710937e+10, relative=4.695597e-03.
  itrIdx=31,	residual=3.358762e+08,	 rhs=6.710937e+10, relative=5.004908e-03.
  itrIdx=32,	residual=2.863657e+08,	 rhs=6.710937e+10, relative=4.267150e-03.
  itrIdx=33,	residual=1.842432e+08,	 rhs=6.710937e+10, relative=2.745417e-03.
  itrIdx=34,	residual=1.335195e+08,	 rhs=6.710937e+10, relative=1.989581e-03.
  itrIdx=35,	residual=9.569674e+07,	 rhs=6.710937e+10, relative=1.425982e-03.
  itrIdx=36,	residual=7.062950e+07,	 rhs=6.710937e+10, relative=1.052454e-03.
  itrIdx=37,	residual=7.956125e+07,	 rhs=6.710937e+10, relative=1.185546e-03.
  itrIdx=38,	residual=7.952489e+07,	 rhs=6.710937e+10, relative=1.185004e-03.
  itrIdx=39,	residual=7.210560e+07,	 rhs=6.710937e+10, relative=1.074449e-03.
  itrIdx=40,	residual=5.682783e+07,	 rhs=6.710937e+10, relative=8.467944e-04.
  itrIdx=41,	residual=5.988511e+07,	 rhs=6.710937e+10, relative=8.923510e-04.
  itrIdx=42,	residual=5.522670e+07,	 rhs=6.710937e+10, relative=8.229358e-04.
  itrIdx=43,	residual=6.324351e+07,	 rhs=6.710937e+10, relative=9.423946e-04.
  itrIdx=44,	residual=8.141740e+07,	 rhs=6.710937e+10, relative=1.213205e-03.
  itrIdx=45,	residual=8.114244e+07,	 rhs=6.710937e+10, relative=1.209107e-03.
  itrIdx=46,	residual=5.909526e+07,	 rhs=6.710937e+10, relative=8.805814e-04.
  itrIdx=47,	residual=4.809529e+07,	 rhs=6.710937e+10, relative=7.166703e-04.
  itrIdx=48,	residual=3.318254e+07,	 rhs=6.710937e+10, relative=4.944547e-04.
  itrIdx=49,	residual=2.586904e+07,	 rhs=6.710937e+10, relative=3.854758e-04.
  itrIdx=50,	residual=2.248464e+07,	 rhs=6.710937e+10, relative=3.350448e-04.
  itrIdx=51,	residual=2.766036e+07,	 rhs=6.710937e+10, relative=4.121683e-04.
  itrIdx=52,	residual=3.095514e+07,	 rhs=6.710937e+10, relative=4.612641e-04.
  itrIdx=53,	residual=2.861253e+07,	 rhs=6.710937e+10, relative=4.263567e-04.
  itrIdx=54,	residual=2.944210e+07,	 rhs=6.710937e+10, relative=4.387182e-04.
  itrIdx=55,	residual=2.251480e+07,	 rhs=6.710937e+10, relative=3.354942e-04.
  itrIdx=56,	residual=2.001048e+07,	 rhs=6.710937e+10, relative=2.981772e-04.
  itrIdx=57,	residual=1.990358e+07,	 rhs=6.710937e+10, relative=2.965842e-04.
  itrIdx=58,	residual=2.033733e+07,	 rhs=6.710937e+10, relative=3.030476e-04.
  itrIdx=59,	residual=1.422190e+07,	 rhs=6.710937e+10, relative=2.119213e-04.
  itrIdx=60,	residual=1.156760e+07,	 rhs=6.710937e+10, relative=1.723694e-04.
  itrIdx=61,	residual=8.187362e+06,	 rhs=6.710937e+10, relative=1.220003e-04.
  itrIdx=62,	residual=4.922990e+06,	 rhs=6.710937e+10, relative=7.335771e-05.
  itrIdx=63,	residual=4.136963e+06,	 rhs=6.710937e+10, relative=6.164510e-05.
  itrIdx=64,	residual=4.332128e+06,	 rhs=6.710937e+10, relative=6.455325e-05.
  itrIdx=65,	residual=5.570345e+06,	 rhs=6.710937e+10, relative=8.300399e-05.
  itrIdx=66,	residual=6.420656e+06,	 rhs=6.710937e+10, relative=9.567451e-05.
  itrIdx=67,	residual=8.321360e+06,	 rhs=6.710937e+10, relative=1.239970e-04.
  itrIdx=68,	residual=7.757795e+06,	 rhs=6.710937e+10, relative=1.155993e-04.
  itrIdx=69,	residual=6.067706e+06,	 rhs=6.710937e+10, relative=9.041519e-05.
  itrIdx=70,	residual=5.542931e+06,	 rhs=6.710937e+10, relative=8.259548e-05.
  itrIdx=71,	residual=5.660385e+06,	 rhs=6.710937e+10, relative=8.434568e-05.
  itrIdx=72,	residual=5.553681e+06,	 rhs=6.710937e+10, relative=8.275567e-05.
  itrIdx=73,	residual=4.890358e+06,	 rhs=6.710937e+10, relative=7.287146e-05.
  itrIdx=74,	residual=4.376392e+06,	 rhs=6.710937e+10, relative=6.521284e-05.
  itrIdx=75,	residual=2.894194e+06,	 rhs=6.710937e+10, relative=4.312653e-05.
  itrIdx=76,	residual=2.084732e+06,	 rhs=6.710937e+10, relative=3.106469e-05.
  itrIdx=77,	residual=2.063208e+06,	 rhs=6.710937e+10, relative=3.074396e-05.
  itrIdx=78,	residual=2.289742e+06,	 rhs=6.710937e+10, relative=3.411955e-05.
  itrIdx=79,	residual=2.432928e+06,	 rhs=6.710937e+10, relative=3.625318e-05.
  itrIdx=80,	residual=2.891040e+06,	 rhs=6.710937e+10, relative=4.307953e-05.
  itrIdx=81,	residual=2.271010e+06,	 rhs=6.710937e+10, relative=3.384043e-05.
  itrIdx=82,	residual=1.613843e+06,	 rhs=6.710937e+10, relative=2.404795e-05.
  itrIdx=83,	residual=9.048344e+05,	 rhs=6.710937e+10, relative=1.348298e-05.
  itrIdx=84,	residual=8.953832e+05,	 rhs=6.710937e+10, relative=1.334215e-05.
Reach rtol=1.000000e-05, the solver exits with residual=6.219751e+05 and iterations=85.
  homoCoeffZ=64.0948
========================================================
Contrast_x,y,z=16  625  10000
Get kvals from python.
4.1943e+06  1.6384e+08  2.62144e+09  2.62144e+09  2.62144e+09  262144  262144  262144  262144  262144  419.43  16384  262144  262144  262144  
  Use all 1.0.
Use the following reference parameters:
1  1  1  1  1  
GPU solver with FCT preconditioner.
  itrIdx=1,	residual=1.315402e+11,	 rhs=6.710887e+11, relative=1.960102e-01.
  itrIdx=2,	residual=7.289341e+10,	 rhs=6.710887e+11, relative=1.086196e-01.
  itrIdx=3,	residual=4.369552e+10,	 rhs=6.710887e+11, relative=6.511140e-02.
  itrIdx=4,	residual=3.564181e+10,	 rhs=6.710887e+11, relative=5.311043e-02.
  itrIdx=5,	residual=1.499430e+10,	 rhs=6.710887e+11, relative=2.234325e-02.
  itrIdx=6,	residual=1.048522e+10,	 rhs=6.710887e+11, relative=1.562419e-02.
  itrIdx=7,	residual=6.621312e+09,	 rhs=6.710887e+11, relative=9.866523e-03.
  itrIdx=8,	residual=7.443961e+09,	 rhs=6.710887e+11, relative=1.109237e-02.
  itrIdx=9,	residual=6.461620e+09,	 rhs=6.710887e+11, relative=9.628563e-03.
  itrIdx=10,	residual=6.245609e+09,	 rhs=6.710887e+11, relative=9.306682e-03.
  itrIdx=11,	residual=6.286890e+09,	 rhs=6.710887e+11, relative=9.368196e-03.
  itrIdx=12,	residual=4.413386e+09,	 rhs=6.710887e+11, relative=6.576457e-03.
  itrIdx=13,	residual=2.947370e+09,	 rhs=6.710887e+11, relative=4.391924e-03.
  itrIdx=14,	residual=2.140695e+09,	 rhs=6.710887e+11, relative=3.189884e-03.
  itrIdx=15,	residual=1.468253e+09,	 rhs=6.710887e+11, relative=2.187868e-03.
  itrIdx=16,	residual=1.161730e+09,	 rhs=6.710887e+11, relative=1.731113e-03.
  itrIdx=17,	residual=9.336051e+08,	 rhs=6.710887e+11, relative=1.391180e-03.
  itrIdx=18,	residual=9.755262e+08,	 rhs=6.710887e+11, relative=1.453647e-03.
  itrIdx=19,	residual=9.570955e+08,	 rhs=6.710887e+11, relative=1.426183e-03.
  itrIdx=20,	residual=9.803148e+08,	 rhs=6.710887e+11, relative=1.460783e-03.
  itrIdx=21,	residual=1.098849e+09,	 rhs=6.710887e+11, relative=1.637412e-03.
  itrIdx=22,	residual=1.328899e+09,	 rhs=6.710887e+11, relative=1.980213e-03.
  itrIdx=23,	residual=1.759369e+09,	 rhs=6.710887e+11, relative=2.621664e-03.
  itrIdx=24,	residual=2.425945e+09,	 rhs=6.710887e+11, relative=3.614940e-03.
  itrIdx=25,	residual=2.868161e+09,	 rhs=6.710887e+11, relative=4.273892e-03.
  itrIdx=26,	residual=2.791853e+09,	 rhs=6.710887e+11, relative=4.160185e-03.
  itrIdx=27,	residual=2.274297e+09,	 rhs=6.710887e+11, relative=3.388967e-03.
  itrIdx=28,	residual=2.612324e+09,	 rhs=6.710887e+11, relative=3.892666e-03.
  itrIdx=29,	residual=3.003307e+09,	 rhs=6.710887e+11, relative=4.475277e-03.
  itrIdx=30,	residual=3.682851e+09,	 rhs=6.710887e+11, relative=5.487875e-03.
  itrIdx=31,	residual=4.824915e+09,	 rhs=6.710887e+11, relative=7.189684e-03.
  itrIdx=32,	residual=4.732133e+09,	 rhs=6.710887e+11, relative=7.051427e-03.
  itrIdx=33,	residual=4.062996e+09,	 rhs=6.710887e+11, relative=6.054335e-03.
  itrIdx=34,	residual=2.673450e+09,	 rhs=6.710887e+11, relative=3.983750e-03.
  itrIdx=35,	residual=1.914308e+09,	 rhs=6.710887e+11, relative=2.852540e-03.
  itrIdx=36,	residual=1.354129e+09,	 rhs=6.710887e+11, relative=2.017810e-03.
  itrIdx=37,	residual=9.319836e+08,	 rhs=6.710887e+11, relative=1.388764e-03.
  itrIdx=38,	residual=8.749187e+08,	 rhs=6.710887e+11, relative=1.303730e-03.
  itrIdx=39,	residual=6.243411e+08,	 rhs=6.710887e+11, relative=9.303406e-04.
  itrIdx=40,	residual=6.426237e+08,	 rhs=6.710887e+11, relative=9.575839e-04.
  itrIdx=41,	residual=6.217673e+08,	 rhs=6.710887e+11, relative=9.265054e-04.
  itrIdx=42,	residual=7.575677e+08,	 rhs=6.710887e+11, relative=1.128864e-03.
  itrIdx=43,	residual=8.721204e+08,	 rhs=6.710887e+11, relative=1.299561e-03.
  itrIdx=44,	residual=8.631954e+08,	 rhs=6.710887e+11, relative=1.286261e-03.
  itrIdx=45,	residual=9.495797e+08,	 rhs=6.710887e+11, relative=1.414984e-03.
  itrIdx=46,	residual=8.142080e+08,	 rhs=6.710887e+11, relative=1.213264e-03.
  itrIdx=47,	residual=9.134265e+08,	 rhs=6.710887e+11, relative=1.361111e-03.
  itrIdx=48,	residual=1.012060e+09,	 rhs=6.710887e+11, relative=1.508087e-03.
  itrIdx=49,	residual=1.476237e+09,	 rhs=6.710887e+11, relative=2.199765e-03.
  itrIdx=50,	residual=1.705562e+09,	 rhs=6.710887e+11, relative=2.541485e-03.
  itrIdx=51,	residual=2.245057e+09,	 rhs=6.710887e+11, relative=3.345396e-03.
  itrIdx=52,	residual=2.238021e+09,	 rhs=6.710887e+11, relative=3.334911e-03.
  itrIdx=53,	residual=1.720920e+09,	 rhs=6.710887e+11, relative=2.564371e-03.
  itrIdx=54,	residual=9.354810e+08,	 rhs=6.710887e+11, relative=1.393975e-03.
  itrIdx=55,	residual=6.076957e+08,	 rhs=6.710887e+11, relative=9.055371e-04.
  itrIdx=56,	residual=4.137180e+08,	 rhs=6.710887e+11, relative=6.164878e-04.
  itrIdx=57,	residual=3.171597e+08,	 rhs=6.710887e+11, relative=4.726048e-04.
  itrIdx=58,	residual=3.168475e+08,	 rhs=6.710887e+11, relative=4.721395e-04.
  itrIdx=59,	residual=4.070971e+08,	 rhs=6.710887e+11, relative=6.066219e-04.
  itrIdx=60,	residual=4.169077e+08,	 rhs=6.710887e+11, relative=6.212409e-04.
  itrIdx=61,	residual=3.803038e+08,	 rhs=6.710887e+11, relative=5.666968e-04.
  itrIdx=62,	residual=3.318704e+08,	 rhs=6.710887e+11, relative=4.945255e-04.
  itrIdx=63,	residual=2.923420e+08,	 rhs=6.710887e+11, relative=4.356235e-04.
  itrIdx=64,	residual=2.884765e+08,	 rhs=6.710887e+11, relative=4.298635e-04.
  itrIdx=65,	residual=3.179239e+08,	 rhs=6.710887e+11, relative=4.737435e-04.
  itrIdx=66,	residual=4.746167e+08,	 rhs=6.710887e+11, relative=7.072339e-04.
  itrIdx=67,	residual=4.993529e+08,	 rhs=6.710887e+11, relative=7.440937e-04.
  itrIdx=68,	residual=5.424996e+08,	 rhs=6.710887e+11, relative=8.083874e-04.
  itrIdx=69,	residual=5.987270e+08,	 rhs=6.710887e+11, relative=8.921727e-04.
  itrIdx=70,	residual=5.354751e+08,	 rhs=6.710887e+11, relative=7.979200e-04.
  itrIdx=71,	residual=5.610337e+08,	 rhs=6.710887e+11, relative=8.360052e-04.
  itrIdx=72,	residual=5.202516e+08,	 rhs=6.710887e+11, relative=7.752352e-04.
  itrIdx=73,	residual=4.619908e+08,	 rhs=6.710887e+11, relative=6.884198e-04.
  itrIdx=74,	residual=2.657906e+08,	 rhs=6.710887e+11, relative=3.960588e-04.
  itrIdx=75,	residual=1.656633e+08,	 rhs=6.710887e+11, relative=2.468576e-04.
  itrIdx=76,	residual=1.347683e+08,	 rhs=6.710887e+11, relative=2.008204e-04.
  itrIdx=77,	residual=9.659408e+07,	 rhs=6.710887e+11, relative=1.439364e-04.
  itrIdx=78,	residual=1.009667e+08,	 rhs=6.710887e+11, relative=1.504521e-04.
  itrIdx=79,	residual=1.177738e+08,	 rhs=6.710887e+11, relative=1.754966e-04.
  itrIdx=80,	residual=1.461754e+08,	 rhs=6.710887e+11, relative=2.178183e-04.
  itrIdx=81,	residual=1.192363e+08,	 rhs=6.710887e+11, relative=1.776759e-04.
  itrIdx=82,	residual=1.169313e+08,	 rhs=6.710887e+11, relative=1.742412e-04.
  itrIdx=83,	residual=1.001006e+08,	 rhs=6.710887e+11, relative=1.491615e-04.
  itrIdx=84,	residual=1.046767e+08,	 rhs=6.710887e+11, relative=1.559805e-04.
  itrIdx=85,	residual=1.224319e+08,	 rhs=6.710887e+11, relative=1.824378e-04.
  itrIdx=86,	residual=1.754974e+08,	 rhs=6.710887e+11, relative=2.615115e-04.
  itrIdx=87,	residual=2.819242e+08,	 rhs=6.710887e+11, relative=4.200997e-04.
  itrIdx=88,	residual=4.113691e+08,	 rhs=6.710887e+11, relative=6.129877e-04.
  itrIdx=89,	residual=4.490398e+08,	 rhs=6.710887e+11, relative=6.691214e-04.
  itrIdx=90,	residual=4.106922e+08,	 rhs=6.710887e+11, relative=6.119791e-04.
  itrIdx=91,	residual=2.278929e+08,	 rhs=6.710887e+11, relative=3.395868e-04.
  itrIdx=92,	residual=1.702237e+08,	 rhs=6.710887e+11, relative=2.536531e-04.
  itrIdx=93,	residual=1.231569e+08,	 rhs=6.710887e+11, relative=1.835181e-04.
  itrIdx=94,	residual=1.221622e+08,	 rhs=6.710887e+11, relative=1.820358e-04.
  itrIdx=95,	residual=1.175405e+08,	 rhs=6.710887e+11, relative=1.751490e-04.
  itrIdx=96,	residual=1.373218e+08,	 rhs=6.710887e+11, relative=2.046254e-04.
  itrIdx=97,	residual=1.367418e+08,	 rhs=6.710887e+11, relative=2.037611e-04.
  itrIdx=98,	residual=1.017811e+08,	 rhs=6.710887e+11, relative=1.516656e-04.
  itrIdx=99,	residual=9.139952e+07,	 rhs=6.710887e+11, relative=1.361959e-04.
  itrIdx=100,	residual=7.973171e+07,	 rhs=6.710887e+11, relative=1.188095e-04.
  itrIdx=101,	residual=7.504797e+07,	 rhs=6.710887e+11, relative=1.118302e-04.
  itrIdx=102,	residual=7.313449e+07,	 rhs=6.710887e+11, relative=1.089789e-04.
  itrIdx=103,	residual=9.607005e+07,	 rhs=6.710887e+11, relative=1.431555e-04.
  itrIdx=104,	residual=1.265488e+08,	 rhs=6.710887e+11, relative=1.885724e-04.
  itrIdx=105,	residual=1.504731e+08,	 rhs=6.710887e+11, relative=2.242224e-04.
  itrIdx=106,	residual=1.590128e+08,	 rhs=6.710887e+11, relative=2.369475e-04.
  itrIdx=107,	residual=1.742302e+08,	 rhs=6.710887e+11, relative=2.596233e-04.
  itrIdx=108,	residual=1.495641e+08,	 rhs=6.710887e+11, relative=2.228679e-04.
  itrIdx=109,	residual=1.396598e+08,	 rhs=6.710887e+11, relative=2.081093e-04.
  itrIdx=110,	residual=1.011021e+08,	 rhs=6.710887e+11, relative=1.506538e-04.
  itrIdx=111,	residual=7.459866e+07,	 rhs=6.710887e+11, relative=1.111607e-04.
  itrIdx=112,	residual=4.780176e+07,	 rhs=6.710887e+11, relative=7.123017e-05.
  itrIdx=113,	residual=3.935410e+07,	 rhs=6.710887e+11, relative=5.864217e-05.
  itrIdx=114,	residual=3.525652e+07,	 rhs=6.710887e+11, relative=5.253630e-05.
  itrIdx=115,	residual=2.867484e+07,	 rhs=6.710887e+11, relative=4.272884e-05.
  itrIdx=116,	residual=2.557957e+07,	 rhs=6.710887e+11, relative=3.811653e-05.
  itrIdx=117,	residual=2.497533e+07,	 rhs=6.710887e+11, relative=3.721614e-05.
  itrIdx=118,	residual=2.190540e+07,	 rhs=6.710887e+11, relative=3.264158e-05.
  itrIdx=119,	residual=1.999541e+07,	 rhs=6.710887e+11, relative=2.979549e-05.
  itrIdx=120,	residual=1.724550e+07,	 rhs=6.710887e+11, relative=2.569780e-05.
  itrIdx=121,	residual=1.652086e+07,	 rhs=6.710887e+11, relative=2.461800e-05.
  itrIdx=122,	residual=1.235771e+07,	 rhs=6.710887e+11, relative=1.841442e-05.
  itrIdx=123,	residual=1.351132e+07,	 rhs=6.710887e+11, relative=2.013343e-05.
  itrIdx=124,	residual=1.495778e+07,	 rhs=6.710887e+11, relative=2.228882e-05.
  itrIdx=125,	residual=1.601142e+07,	 rhs=6.710887e+11, relative=2.385887e-05.
  itrIdx=126,	residual=2.138062e+07,	 rhs=6.710887e+11, relative=3.185961e-05.
  itrIdx=127,	residual=3.037389e+07,	 rhs=6.710887e+11, relative=4.526062e-05.
  itrIdx=128,	residual=5.101215e+07,	 rhs=6.710887e+11, relative=7.601402e-05.
  itrIdx=129,	residual=5.420145e+07,	 rhs=6.710887e+11, relative=8.076644e-05.
  itrIdx=130,	residual=5.787577e+07,	 rhs=6.710887e+11, relative=8.624161e-05.
  itrIdx=131,	residual=5.087010e+07,	 rhs=6.710887e+11, relative=7.580236e-05.
  itrIdx=132,	residual=3.383080e+07,	 rhs=6.710887e+11, relative=5.041182e-05.
  itrIdx=133,	residual=2.266131e+07,	 rhs=6.710887e+11, relative=3.376798e-05.
  itrIdx=134,	residual=1.978282e+07,	 rhs=6.710887e+11, relative=2.947870e-05.
  itrIdx=135,	residual=2.323800e+07,	 rhs=6.710887e+11, relative=3.462732e-05.
  itrIdx=136,	residual=2.289979e+07,	 rhs=6.710887e+11, relative=3.412334e-05.
  itrIdx=137,	residual=2.250183e+07,	 rhs=6.710887e+11, relative=3.353034e-05.
  itrIdx=138,	residual=1.940606e+07,	 rhs=6.710887e+11, relative=2.891728e-05.
  itrIdx=139,	residual=1.313288e+07,	 rhs=6.710887e+11, relative=1.956952e-05.
  itrIdx=140,	residual=8.078447e+06,	 rhs=6.710887e+11, relative=1.203782e-05.
Reach rtol=1.000000e-05, the solver exits with residual=6.475021e+06 and iterations=141.
  homoCoeffZ=628.525
========================================================
Contrast_x,y,z=32  3125  100000
Get kvals from python.
8.38861e+06  8.192e+08  2.62144e+10  2.62144e+10  2.62144e+10  262144  262144  262144  262144  262144  83.8861  8192  262144  262144  262144  
  Use all 1.0.
Use the following reference parameters:
1  1  1  1  1  
GPU solver with FCT preconditioner.
  itrIdx=1,	residual=1.315627e+12,	 rhs=6.710886e+12, relative=1.960437e-01.
  itrIdx=2,	residual=7.357581e+11,	 rhs=6.710886e+12, relative=1.096365e-01.
  itrIdx=3,	residual=4.437280e+11,	 rhs=6.710886e+12, relative=6.612062e-02.
  itrIdx=4,	residual=3.506941e+11,	 rhs=6.710886e+12, relative=5.225750e-02.
  itrIdx=5,	residual=1.428674e+11,	 rhs=6.710886e+12, relative=2.128890e-02.
  itrIdx=6,	residual=9.393052e+10,	 rhs=6.710886e+12, relative=1.399674e-02.
  itrIdx=7,	residual=5.267015e+10,	 rhs=6.710886e+12, relative=7.848464e-03.
  itrIdx=8,	residual=4.904382e+10,	 rhs=6.710886e+12, relative=7.308099e-03.
  itrIdx=9,	residual=3.894696e+10,	 rhs=6.710886e+12, relative=5.803550e-03.
  itrIdx=10,	residual=3.926920e+10,	 rhs=6.710886e+12, relative=5.851566e-03.
  itrIdx=11,	residual=4.875037e+10,	 rhs=6.710886e+12, relative=7.264371e-03.
  itrIdx=12,	residual=5.287831e+10,	 rhs=6.710886e+12, relative=7.879483e-03.
  itrIdx=13,	residual=4.245088e+10,	 rhs=6.710886e+12, relative=6.325674e-03.
  itrIdx=14,	residual=3.386065e+10,	 rhs=6.710886e+12, relative=5.045630e-03.
  itrIdx=15,	residual=2.118834e+10,	 rhs=6.710886e+12, relative=3.157308e-03.
  itrIdx=16,	residual=1.645237e+10,	 rhs=6.710886e+12, relative=2.451594e-03.
  itrIdx=17,	residual=1.159675e+10,	 rhs=6.710886e+12, relative=1.728050e-03.
  itrIdx=18,	residual=1.200352e+10,	 rhs=6.710886e+12, relative=1.788665e-03.
  itrIdx=19,	residual=1.162531e+10,	 rhs=6.710886e+12, relative=1.732306e-03.
  itrIdx=20,	residual=9.888594e+09,	 rhs=6.710886e+12, relative=1.473515e-03.
  itrIdx=21,	residual=7.257563e+09,	 rhs=6.710886e+12, relative=1.081461e-03.
  itrIdx=22,	residual=4.649745e+09,	 rhs=6.710886e+12, relative=6.928660e-04.
  itrIdx=23,	residual=2.981526e+09,	 rhs=6.710886e+12, relative=4.442820e-04.
  itrIdx=24,	residual=1.957586e+09,	 rhs=6.710886e+12, relative=2.917031e-04.
  itrIdx=25,	residual=1.523443e+09,	 rhs=6.710886e+12, relative=2.270108e-04.
  itrIdx=26,	residual=1.464832e+09,	 rhs=6.710886e+12, relative=2.182769e-04.
  itrIdx=27,	residual=1.481961e+09,	 rhs=6.710886e+12, relative=2.208293e-04.
  itrIdx=28,	residual=1.921523e+09,	 rhs=6.710886e+12, relative=2.863293e-04.
  itrIdx=29,	residual=2.102867e+09,	 rhs=6.710886e+12, relative=3.133516e-04.
  itrIdx=30,	residual=1.783264e+09,	 rhs=6.710886e+12, relative=2.657270e-04.
  itrIdx=31,	residual=1.507033e+09,	 rhs=6.710886e+12, relative=2.245654e-04.
  itrIdx=32,	residual=1.305366e+09,	 rhs=6.710886e+12, relative=1.945147e-04.
  itrIdx=33,	residual=1.484679e+09,	 rhs=6.710886e+12, relative=2.212344e-04.
  itrIdx=34,	residual=1.469525e+09,	 rhs=6.710886e+12, relative=2.189763e-04.
  itrIdx=35,	residual=1.590397e+09,	 rhs=6.710886e+12, relative=2.369877e-04.
  itrIdx=36,	residual=1.749074e+09,	 rhs=6.710886e+12, relative=2.606323e-04.
  itrIdx=37,	residual=1.503736e+09,	 rhs=6.710886e+12, relative=2.240741e-04.
  itrIdx=38,	residual=1.610135e+09,	 rhs=6.710886e+12, relative=2.399288e-04.
  itrIdx=39,	residual=1.724359e+09,	 rhs=6.710886e+12, relative=2.569495e-04.
  itrIdx=40,	residual=2.625103e+09,	 rhs=6.710886e+12, relative=3.911708e-04.
  itrIdx=41,	residual=3.720659e+09,	 rhs=6.710886e+12, relative=5.544214e-04.
  itrIdx=42,	residual=5.832730e+09,	 rhs=6.710886e+12, relative=8.691445e-04.
  itrIdx=43,	residual=1.010015e+10,	 rhs=6.710886e+12, relative=1.505039e-03.
  itrIdx=44,	residual=1.174528e+10,	 rhs=6.710886e+12, relative=1.750183e-03.
  itrIdx=45,	residual=1.144944e+10,	 rhs=6.710886e+12, relative=1.706099e-03.
  itrIdx=46,	residual=9.074435e+09,	 rhs=6.710886e+12, relative=1.352196e-03.
  itrIdx=47,	residual=6.449692e+09,	 rhs=6.710886e+12, relative=9.610790e-04.
  itrIdx=48,	residual=4.968763e+09,	 rhs=6.710886e+12, relative=7.404034e-04.
  itrIdx=49,	residual=3.854155e+09,	 rhs=6.710886e+12, relative=5.743138e-04.
  itrIdx=50,	residual=5.319563e+09,	 rhs=6.710886e+12, relative=7.926767e-04.
  itrIdx=51,	residual=5.769192e+09,	 rhs=6.710886e+12, relative=8.596766e-04.
  itrIdx=52,	residual=7.106226e+09,	 rhs=6.710886e+12, relative=1.058910e-03.
  itrIdx=53,	residual=6.859709e+09,	 rhs=6.710886e+12, relative=1.022176e-03.
  itrIdx=54,	residual=4.354053e+09,	 rhs=6.710886e+12, relative=6.488044e-04.
  itrIdx=55,	residual=2.761758e+09,	 rhs=6.710886e+12, relative=4.115340e-04.
  itrIdx=56,	residual=1.483960e+09,	 rhs=6.710886e+12, relative=2.211273e-04.
  itrIdx=57,	residual=1.165106e+09,	 rhs=6.710886e+12, relative=1.736143e-04.
  itrIdx=58,	residual=8.130351e+08,	 rhs=6.710886e+12, relative=1.211517e-04.
  itrIdx=59,	residual=9.961632e+08,	 rhs=6.710886e+12, relative=1.484399e-04.
  itrIdx=60,	residual=1.184339e+09,	 rhs=6.710886e+12, relative=1.764803e-04.
  itrIdx=61,	residual=1.489121e+09,	 rhs=6.710886e+12, relative=2.218963e-04.
  itrIdx=62,	residual=1.635417e+09,	 rhs=6.710886e+12, relative=2.436961e-04.
  itrIdx=63,	residual=1.716430e+09,	 rhs=6.710886e+12, relative=2.557680e-04.
  itrIdx=64,	residual=1.692659e+09,	 rhs=6.710886e+12, relative=2.522259e-04.
  itrIdx=65,	residual=1.740424e+09,	 rhs=6.710886e+12, relative=2.593433e-04.
  itrIdx=66,	residual=2.255924e+09,	 rhs=6.710886e+12, relative=3.361589e-04.
  itrIdx=67,	residual=3.359640e+09,	 rhs=6.710886e+12, relative=5.006254e-04.
  itrIdx=68,	residual=4.268069e+09,	 rhs=6.710886e+12, relative=6.359919e-04.
  itrIdx=69,	residual=4.817954e+09,	 rhs=6.710886e+12, relative=7.179311e-04.
  itrIdx=70,	residual=4.537824e+09,	 rhs=6.710886e+12, relative=6.761884e-04.
  itrIdx=71,	residual=4.096410e+09,	 rhs=6.710886e+12, relative=6.104126e-04.
  itrIdx=72,	residual=3.583482e+09,	 rhs=6.710886e+12, relative=5.339804e-04.
  itrIdx=73,	residual=3.531974e+09,	 rhs=6.710886e+12, relative=5.263052e-04.
  itrIdx=74,	residual=4.853117e+09,	 rhs=6.710886e+12, relative=7.231707e-04.
  itrIdx=75,	residual=6.316580e+09,	 rhs=6.710886e+12, relative=9.412438e-04.
  itrIdx=76,	residual=9.895520e+09,	 rhs=6.710886e+12, relative=1.474547e-03.
  itrIdx=77,	residual=9.973497e+09,	 rhs=6.710886e+12, relative=1.486167e-03.
  itrIdx=78,	residual=9.725215e+09,	 rhs=6.710886e+12, relative=1.449170e-03.
  itrIdx=79,	residual=5.414810e+09,	 rhs=6.710886e+12, relative=8.068696e-04.
  itrIdx=80,	residual=3.337128e+09,	 rhs=6.710886e+12, relative=4.972709e-04.
  itrIdx=81,	residual=2.299852e+09,	 rhs=6.710886e+12, relative=3.427047e-04.
  itrIdx=82,	residual=1.579772e+09,	 rhs=6.710886e+12, relative=2.354043e-04.
  itrIdx=83,	residual=1.356954e+09,	 rhs=6.710886e+12, relative=2.022019e-04.
  itrIdx=84,	residual=1.471501e+09,	 rhs=6.710886e+12, relative=2.192707e-04.
  itrIdx=85,	residual=1.475837e+09,	 rhs=6.710886e+12, relative=2.199168e-04.
  itrIdx=86,	residual=1.676591e+09,	 rhs=6.710886e+12, relative=2.498315e-04.
  itrIdx=87,	residual=1.537050e+09,	 rhs=6.710886e+12, relative=2.290383e-04.
  itrIdx=88,	residual=1.731089e+09,	 rhs=6.710886e+12, relative=2.579524e-04.
  itrIdx=89,	residual=1.463097e+09,	 rhs=6.710886e+12, relative=2.180184e-04.
  itrIdx=90,	residual=1.504221e+09,	 rhs=6.710886e+12, relative=2.241464e-04.
  itrIdx=91,	residual=1.919489e+09,	 rhs=6.710886e+12, relative=2.860262e-04.
  itrIdx=92,	residual=2.005177e+09,	 rhs=6.710886e+12, relative=2.987947e-04.
  itrIdx=93,	residual=2.063841e+09,	 rhs=6.710886e+12, relative=3.075363e-04.
  itrIdx=94,	residual=1.707277e+09,	 rhs=6.710886e+12, relative=2.544041e-04.
  itrIdx=95,	residual=1.735878e+09,	 rhs=6.710886e+12, relative=2.586659e-04.
  itrIdx=96,	residual=1.649670e+09,	 rhs=6.710886e+12, relative=2.458201e-04.
  itrIdx=97,	residual=1.930104e+09,	 rhs=6.710886e+12, relative=2.876079e-04.
  itrIdx=98,	residual=3.223638e+09,	 rhs=6.710886e+12, relative=4.803594e-04.
  itrIdx=99,	residual=4.714224e+09,	 rhs=6.710886e+12, relative=7.024742e-04.
  itrIdx=100,	residual=7.004559e+09,	 rhs=6.710886e+12, relative=1.043761e-03.
  itrIdx=101,	residual=7.513928e+09,	 rhs=6.710886e+12, relative=1.119663e-03.
  itrIdx=102,	residual=6.324926e+09,	 rhs=6.710886e+12, relative=9.424874e-04.
  itrIdx=103,	residual=4.486671e+09,	 rhs=6.710886e+12, relative=6.685660e-04.
  itrIdx=104,	residual=2.648644e+09,	 rhs=6.710886e+12, relative=3.946788e-04.
  itrIdx=105,	residual=2.215477e+09,	 rhs=6.710886e+12, relative=3.301319e-04.
  itrIdx=106,	residual=1.622077e+09,	 rhs=6.710886e+12, relative=2.417083e-04.
  itrIdx=107,	residual=1.395747e+09,	 rhs=6.710886e+12, relative=2.079825e-04.
  itrIdx=108,	residual=1.616445e+09,	 rhs=6.710886e+12, relative=2.408691e-04.
  itrIdx=109,	residual=1.638095e+09,	 rhs=6.710886e+12, relative=2.440952e-04.
  itrIdx=110,	residual=1.599585e+09,	 rhs=6.710886e+12, relative=2.383567e-04.
  itrIdx=111,	residual=9.937771e+08,	 rhs=6.710886e+12, relative=1.480843e-04.
  itrIdx=112,	residual=8.730154e+08,	 rhs=6.710886e+12, relative=1.300894e-04.
  itrIdx=113,	residual=7.268581e+08,	 rhs=6.710886e+12, relative=1.083103e-04.
  itrIdx=114,	residual=6.251482e+08,	 rhs=6.710886e+12, relative=9.315434e-05.
  itrIdx=115,	residual=6.674305e+08,	 rhs=6.710886e+12, relative=9.945490e-05.
  itrIdx=116,	residual=6.999439e+08,	 rhs=6.710886e+12, relative=1.042998e-04.
  itrIdx=117,	residual=6.406717e+08,	 rhs=6.710886e+12, relative=9.546752e-05.
  itrIdx=118,	residual=4.714003e+08,	 rhs=6.710886e+12, relative=7.024412e-05.
  itrIdx=119,	residual=3.306745e+08,	 rhs=6.710886e+12, relative=4.927433e-05.
  itrIdx=120,	residual=2.636532e+08,	 rhs=6.710886e+12, relative=3.928739e-05.
  itrIdx=121,	residual=1.565976e+08,	 rhs=6.710886e+12, relative=2.333486e-05.
  itrIdx=122,	residual=1.775401e+08,	 rhs=6.710886e+12, relative=2.645554e-05.
  itrIdx=123,	residual=2.161103e+08,	 rhs=6.710886e+12, relative=3.220295e-05.
  itrIdx=124,	residual=3.262583e+08,	 rhs=6.710886e+12, relative=4.861627e-05.
  itrIdx=125,	residual=4.595892e+08,	 rhs=6.710886e+12, relative=6.848413e-05.
  itrIdx=126,	residual=6.894867e+08,	 rhs=6.710886e+12, relative=1.027415e-04.
  itrIdx=127,	residual=9.901680e+08,	 rhs=6.710886e+12, relative=1.475465e-04.
  itrIdx=128,	residual=9.054804e+08,	 rhs=6.710886e+12, relative=1.349271e-04.
  itrIdx=129,	residual=6.741207e+08,	 rhs=6.710886e+12, relative=1.004518e-04.
  itrIdx=130,	residual=6.156211e+08,	 rhs=6.710886e+12, relative=9.173469e-05.
  itrIdx=131,	residual=4.715397e+08,	 rhs=6.710886e+12, relative=7.026490e-05.
  itrIdx=132,	residual=5.038727e+08,	 rhs=6.710886e+12, relative=7.508289e-05.
  itrIdx=133,	residual=5.613478e+08,	 rhs=6.710886e+12, relative=8.364734e-05.
  itrIdx=134,	residual=9.942764e+08,	 rhs=6.710886e+12, relative=1.481587e-04.
  itrIdx=135,	residual=1.066058e+09,	 rhs=6.710886e+12, relative=1.588550e-04.
  itrIdx=136,	residual=9.515819e+08,	 rhs=6.710886e+12, relative=1.417968e-04.
  itrIdx=137,	residual=7.169412e+08,	 rhs=6.710886e+12, relative=1.068326e-04.
  itrIdx=138,	residual=4.709713e+08,	 rhs=6.710886e+12, relative=7.018019e-05.
  itrIdx=139,	residual=2.893014e+08,	 rhs=6.710886e+12, relative=4.310926e-05.
  itrIdx=140,	residual=2.142979e+08,	 rhs=6.710886e+12, relative=3.193288e-05.
  itrIdx=141,	residual=1.835044e+08,	 rhs=6.710886e+12, relative=2.734428e-05.
  itrIdx=142,	residual=1.810958e+08,	 rhs=6.710886e+12, relative=2.698537e-05.
  itrIdx=143,	residual=1.774958e+08,	 rhs=6.710886e+12, relative=2.644893e-05.
  itrIdx=144,	residual=2.072727e+08,	 rhs=6.710886e+12, relative=3.088603e-05.
  itrIdx=145,	residual=2.017883e+08,	 rhs=6.710886e+12, relative=3.006880e-05.
  itrIdx=146,	residual=1.715076e+08,	 rhs=6.710886e+12, relative=2.555663e-05.
  itrIdx=147,	residual=1.753583e+08,	 rhs=6.710886e+12, relative=2.613042e-05.
  itrIdx=148,	residual=2.203946e+08,	 rhs=6.710886e+12, relative=3.284135e-05.
  itrIdx=149,	residual=3.116110e+08,	 rhs=6.710886e+12, relative=4.643366e-05.
  itrIdx=150,	residual=3.717558e+08,	 rhs=6.710886e+12, relative=5.539593e-05.
  itrIdx=151,	residual=4.627207e+08,	 rhs=6.710886e+12, relative=6.895076e-05.
  itrIdx=152,	residual=5.230088e+08,	 rhs=6.710886e+12, relative=7.793439e-05.
  itrIdx=153,	residual=4.471571e+08,	 rhs=6.710886e+12, relative=6.663161e-05.
  itrIdx=154,	residual=4.083827e+08,	 rhs=6.710886e+12, relative=6.085377e-05.
  itrIdx=155,	residual=4.215471e+08,	 rhs=6.710886e+12, relative=6.281542e-05.
  itrIdx=156,	residual=5.036673e+08,	 rhs=6.710886e+12, relative=7.505227e-05.
  itrIdx=157,	residual=6.751362e+08,	 rhs=6.710886e+12, relative=1.006031e-04.
  itrIdx=158,	residual=9.252925e+08,	 rhs=6.710886e+12, relative=1.378793e-04.
  itrIdx=159,	residual=1.304456e+09,	 rhs=6.710886e+12, relative=1.943790e-04.
  itrIdx=160,	residual=1.181621e+09,	 rhs=6.710886e+12, relative=1.760753e-04.
  itrIdx=161,	residual=1.032548e+09,	 rhs=6.710886e+12, relative=1.538616e-04.
  itrIdx=162,	residual=1.056650e+09,	 rhs=6.710886e+12, relative=1.574532e-04.
  itrIdx=163,	residual=1.248344e+09,	 rhs=6.710886e+12, relative=1.860178e-04.
  itrIdx=164,	residual=1.434062e+09,	 rhs=6.710886e+12, relative=2.136919e-04.
  itrIdx=165,	residual=1.572788e+09,	 rhs=6.710886e+12, relative=2.343636e-04.
  itrIdx=166,	residual=1.434861e+09,	 rhs=6.710886e+12, relative=2.138110e-04.
  itrIdx=167,	residual=1.091421e+09,	 rhs=6.710886e+12, relative=1.626344e-04.
  itrIdx=168,	residual=6.204829e+08,	 rhs=6.710886e+12, relative=9.245916e-05.
  itrIdx=169,	residual=4.121338e+08,	 rhs=6.710886e+12, relative=6.141272e-05.
  itrIdx=170,	residual=2.367400e+08,	 rhs=6.710886e+12, relative=3.527700e-05.
  itrIdx=171,	residual=1.725688e+08,	 rhs=6.710886e+12, relative=2.571476e-05.
  itrIdx=172,	residual=1.556773e+08,	 rhs=6.710886e+12, relative=2.319773e-05.
  itrIdx=173,	residual=1.631334e+08,	 rhs=6.710886e+12, relative=2.430877e-05.
  itrIdx=174,	residual=2.112133e+08,	 rhs=6.710886e+12, relative=3.147323e-05.
  itrIdx=175,	residual=2.196925e+08,	 rhs=6.710886e+12, relative=3.273674e-05.
  itrIdx=176,	residual=2.298750e+08,	 rhs=6.710886e+12, relative=3.425404e-05.
  itrIdx=177,	residual=1.783634e+08,	 rhs=6.710886e+12, relative=2.657821e-05.
  itrIdx=178,	residual=1.138914e+08,	 rhs=6.710886e+12, relative=1.697114e-05.
  itrIdx=179,	residual=8.123589e+07,	 rhs=6.710886e+12, relative=1.210509e-05.
Reach rtol=1.000000e-05, the solver exits with residual=6.489677e+07 and iterations=180.
  homoCoeffZ=6264.86
