========================================================
Contrast_x,y,z=100  25  4
Get kvals from python.
2.62144e+07  6.5536e+06  1.04858e+06  1.04858e+06  1.04858e+06  2621.44  26214.4  262144  262144  262144  2621.44  655.36  104.858  104.858  262144  
Use the following reference parameters:
2621.44  655.36  104.858  104.858  262144  
GPU solver with FCT preconditioner.
  itrIdx=1,	residual=8.094417e+07,	 rhs=3.736463e+08, relative=2.166331e-01.
  itrIdx=2,	residual=2.161041e+07,	 rhs=3.736463e+08, relative=5.783655e-02.
  itrIdx=3,	residual=1.316123e+07,	 rhs=3.736463e+08, relative=3.522376e-02.
  itrIdx=4,	residual=8.665525e+06,	 rhs=3.736463e+08, relative=2.319178e-02.
  itrIdx=5,	residual=1.514253e+07,	 rhs=3.736463e+08, relative=4.052636e-02.
  itrIdx=6,	residual=3.600843e+06,	 rhs=3.736463e+08, relative=9.637035e-03.
  itrIdx=7,	residual=4.991863e+06,	 rhs=3.736463e+08, relative=1.335986e-02.
  itrIdx=8,	residual=4.475761e+06,	 rhs=3.736463e+08, relative=1.197860e-02.
  itrIdx=9,	residual=2.551787e+06,	 rhs=3.736463e+08, relative=6.829417e-03.
  itrIdx=10,	residual=2.366110e+06,	 rhs=3.736463e+08, relative=6.332486e-03.
  itrIdx=11,	residual=1.317057e+06,	 rhs=3.736463e+08, relative=3.524875e-03.
  itrIdx=12,	residual=9.506726e+05,	 rhs=3.736463e+08, relative=2.544311e-03.
  itrIdx=13,	residual=7.972776e+05,	 rhs=3.736463e+08, relative=2.133776e-03.
  itrIdx=14,	residual=6.535110e+05,	 rhs=3.736463e+08, relative=1.749010e-03.
  itrIdx=15,	residual=8.046780e+05,	 rhs=3.736463e+08, relative=2.153582e-03.
  itrIdx=16,	residual=5.865869e+05,	 rhs=3.736463e+08, relative=1.569899e-03.
  itrIdx=17,	residual=6.616622e+05,	 rhs=3.736463e+08, relative=1.770825e-03.
  itrIdx=18,	residual=6.684760e+05,	 rhs=3.736463e+08, relative=1.789061e-03.
  itrIdx=19,	residual=5.385151e+05,	 rhs=3.736463e+08, relative=1.441243e-03.
  itrIdx=20,	residual=4.431538e+05,	 rhs=3.736463e+08, relative=1.186025e-03.
  itrIdx=21,	residual=4.240470e+05,	 rhs=3.736463e+08, relative=1.134889e-03.
  itrIdx=22,	residual=4.247117e+05,	 rhs=3.736463e+08, relative=1.136668e-03.
  itrIdx=23,	residual=4.181298e+05,	 rhs=3.736463e+08, relative=1.119052e-03.
  itrIdx=24,	residual=4.623420e+05,	 rhs=3.736463e+08, relative=1.237379e-03.
  itrIdx=25,	residual=4.122765e+05,	 rhs=3.736463e+08, relative=1.103387e-03.
  itrIdx=26,	residual=3.742699e+05,	 rhs=3.736463e+08, relative=1.001669e-03.
  itrIdx=27,	residual=3.889246e+05,	 rhs=3.736463e+08, relative=1.040890e-03.
  itrIdx=28,	residual=4.292145e+05,	 rhs=3.736463e+08, relative=1.148719e-03.
  itrIdx=29,	residual=3.891060e+05,	 rhs=3.736463e+08, relative=1.041375e-03.
  itrIdx=30,	residual=3.699040e+05,	 rhs=3.736463e+08, relative=9.899843e-04.
  itrIdx=31,	residual=3.615164e+05,	 rhs=3.736463e+08, relative=9.675364e-04.
  itrIdx=32,	residual=3.897731e+05,	 rhs=3.736463e+08, relative=1.043161e-03.
  itrIdx=33,	residual=3.490052e+05,	 rhs=3.736463e+08, relative=9.340524e-04.
  itrIdx=34,	residual=3.408771e+05,	 rhs=3.736463e+08, relative=9.122988e-04.
  itrIdx=35,	residual=3.460548e+05,	 rhs=3.736463e+08, relative=9.261561e-04.
  itrIdx=36,	residual=3.323249e+05,	 rhs=3.736463e+08, relative=8.894102e-04.
  itrIdx=37,	residual=3.229685e+05,	 rhs=3.736463e+08, relative=8.643696e-04.
  itrIdx=38,	residual=3.377253e+05,	 rhs=3.736463e+08, relative=9.038636e-04.
  itrIdx=39,	residual=3.472702e+05,	 rhs=3.736463e+08, relative=9.294088e-04.
  itrIdx=40,	residual=3.301787e+05,	 rhs=3.736463e+08, relative=8.836663e-04.
  itrIdx=41,	residual=3.009228e+05,	 rhs=3.736463e+08, relative=8.053679e-04.
  itrIdx=42,	residual=3.211057e+05,	 rhs=3.736463e+08, relative=8.593840e-04.
  itrIdx=43,	residual=3.123674e+05,	 rhs=3.736463e+08, relative=8.359974e-04.
  itrIdx=44,	residual=2.930516e+05,	 rhs=3.736463e+08, relative=7.843020e-04.
  itrIdx=45,	residual=3.043675e+05,	 rhs=3.736463e+08, relative=8.145872e-04.
  itrIdx=46,	residual=3.458540e+05,	 rhs=3.736463e+08, relative=9.256185e-04.
  itrIdx=47,	residual=2.890046e+05,	 rhs=3.736463e+08, relative=7.734709e-04.
  itrIdx=48,	residual=2.650065e+05,	 rhs=3.736463e+08, relative=7.092443e-04.
  itrIdx=49,	residual=3.031974e+05,	 rhs=3.736463e+08, relative=8.114556e-04.
  itrIdx=50,	residual=2.610644e+05,	 rhs=3.736463e+08, relative=6.986938e-04.
  itrIdx=51,	residual=2.699292e+05,	 rhs=3.736463e+08, relative=7.224190e-04.
  itrIdx=52,	residual=3.042987e+05,	 rhs=3.736463e+08, relative=8.144030e-04.
  itrIdx=53,	residual=2.311749e+05,	 rhs=3.736463e+08, relative=6.186997e-04.
  itrIdx=54,	residual=2.590447e+05,	 rhs=3.736463e+08, relative=6.932885e-04.
  itrIdx=55,	residual=2.589967e+05,	 rhs=3.736463e+08, relative=6.931601e-04.
  itrIdx=56,	residual=2.177471e+05,	 rhs=3.736463e+08, relative=5.827627e-04.
  itrIdx=57,	residual=3.142191e+05,	 rhs=3.736463e+08, relative=8.409532e-04.
  itrIdx=58,	residual=2.214958e+05,	 rhs=3.736463e+08, relative=5.927953e-04.
  itrIdx=59,	residual=2.489823e+05,	 rhs=3.736463e+08, relative=6.663581e-04.
  itrIdx=60,	residual=2.201352e+05,	 rhs=3.736463e+08, relative=5.891538e-04.
  itrIdx=61,	residual=2.726633e+05,	 rhs=3.736463e+08, relative=7.297362e-04.
  itrIdx=62,	residual=2.152104e+05,	 rhs=3.736463e+08, relative=5.759734e-04.
  itrIdx=63,	residual=2.800609e+05,	 rhs=3.736463e+08, relative=7.495348e-04.
  itrIdx=64,	residual=2.183624e+05,	 rhs=3.736463e+08, relative=5.844093e-04.
  itrIdx=65,	residual=3.493387e+05,	 rhs=3.736463e+08, relative=9.349447e-04.
  itrIdx=66,	residual=2.153296e+05,	 rhs=3.736463e+08, relative=5.762925e-04.
  itrIdx=67,	residual=2.515518e+05,	 rhs=3.736463e+08, relative=6.732349e-04.
  itrIdx=68,	residual=2.475009e+05,	 rhs=3.736463e+08, relative=6.623934e-04.
  itrIdx=69,	residual=2.472741e+05,	 rhs=3.736463e+08, relative=6.617865e-04.
  itrIdx=70,	residual=2.256369e+05,	 rhs=3.736463e+08, relative=6.038783e-04.
  itrIdx=71,	residual=2.309847e+05,	 rhs=3.736463e+08, relative=6.181906e-04.
  itrIdx=72,	residual=2.468308e+05,	 rhs=3.736463e+08, relative=6.605999e-04.
  itrIdx=73,	residual=2.327113e+05,	 rhs=3.736463e+08, relative=6.228118e-04.
  itrIdx=74,	residual=2.460410e+05,	 rhs=3.736463e+08, relative=6.584864e-04.
  itrIdx=75,	residual=2.183668e+05,	 rhs=3.736463e+08, relative=5.844211e-04.
  itrIdx=76,	residual=2.301347e+05,	 rhs=3.736463e+08, relative=6.159158e-04.
  itrIdx=77,	residual=2.174646e+05,	 rhs=3.736463e+08, relative=5.820066e-04.
  itrIdx=78,	residual=2.213657e+05,	 rhs=3.736463e+08, relative=5.924470e-04.
  itrIdx=79,	residual=2.156082e+05,	 rhs=3.736463e+08, relative=5.770381e-04.
  itrIdx=80,	residual=2.259989e+05,	 rhs=3.736463e+08, relative=6.048472e-04.
  itrIdx=81,	residual=2.085094e+05,	 rhs=3.736463e+08, relative=5.580394e-04.
  itrIdx=82,	residual=2.130640e+05,	 rhs=3.736463e+08, relative=5.702291e-04.
  itrIdx=83,	residual=2.104246e+05,	 rhs=3.736463e+08, relative=5.631650e-04.
  itrIdx=84,	residual=2.074416e+05,	 rhs=3.736463e+08, relative=5.551815e-04.
  itrIdx=85,	residual=2.103971e+05,	 rhs=3.736463e+08, relative=5.630914e-04.
  itrIdx=86,	residual=2.117967e+05,	 rhs=3.736463e+08, relative=5.668373e-04.
  itrIdx=87,	residual=2.039813e+05,	 rhs=3.736463e+08, relative=5.459209e-04.
  itrIdx=88,	residual=1.995435e+05,	 rhs=3.736463e+08, relative=5.340437e-04.
  itrIdx=89,	residual=2.292112e+05,	 rhs=3.736463e+08, relative=6.134444e-04.
  itrIdx=90,	residual=1.790900e+05,	 rhs=3.736463e+08, relative=4.793034e-04.
  itrIdx=91,	residual=2.000196e+05,	 rhs=3.736463e+08, relative=5.353179e-04.
  itrIdx=92,	residual=2.033408e+05,	 rhs=3.736463e+08, relative=5.442066e-04.
  itrIdx=93,	residual=1.542847e+05,	 rhs=3.736463e+08, relative=4.129165e-04.
  itrIdx=94,	residual=1.381178e+05,	 rhs=3.736463e+08, relative=3.696484e-04.
  itrIdx=95,	residual=1.524922e+05,	 rhs=3.736463e+08, relative=4.081190e-04.
  itrIdx=96,	residual=1.525336e+05,	 rhs=3.736463e+08, relative=4.082299e-04.
  itrIdx=97,	residual=1.033981e+05,	 rhs=3.736463e+08, relative=2.767273e-04.
  itrIdx=98,	residual=1.505312e+05,	 rhs=3.736463e+08, relative=4.028707e-04.
  itrIdx=99,	residual=8.900122e+04,	 rhs=3.736463e+08, relative=2.381964e-04.
  itrIdx=100,	residual=1.034149e+05,	 rhs=3.736463e+08, relative=2.767723e-04.
  itrIdx=101,	residual=8.352530e+04,	 rhs=3.736463e+08, relative=2.235411e-04.
  itrIdx=102,	residual=6.599557e+04,	 rhs=3.736463e+08, relative=1.766258e-04.
  itrIdx=103,	residual=5.882926e+04,	 rhs=3.736463e+08, relative=1.574464e-04.
  itrIdx=104,	residual=8.321956e+04,	 rhs=3.736463e+08, relative=2.227228e-04.
  itrIdx=105,	residual=5.466313e+04,	 rhs=3.736463e+08, relative=1.462965e-04.
  itrIdx=106,	residual=3.871545e+04,	 rhs=3.736463e+08, relative=1.036152e-04.
  itrIdx=107,	residual=5.876201e+04,	 rhs=3.736463e+08, relative=1.572664e-04.
  itrIdx=108,	residual=3.469426e+04,	 rhs=3.736463e+08, relative=9.285321e-05.
  itrIdx=109,	residual=3.678020e+04,	 rhs=3.736463e+08, relative=9.843587e-05.
  itrIdx=110,	residual=3.358534e+04,	 rhs=3.736463e+08, relative=8.988538e-05.
  itrIdx=111,	residual=3.618546e+04,	 rhs=3.736463e+08, relative=9.684415e-05.
  itrIdx=112,	residual=3.221364e+04,	 rhs=3.736463e+08, relative=8.621425e-05.
  itrIdx=113,	residual=3.316252e+04,	 rhs=3.736463e+08, relative=8.875377e-05.
  itrIdx=114,	residual=3.088430e+04,	 rhs=3.736463e+08, relative=8.265649e-05.
  itrIdx=115,	residual=2.034441e+04,	 rhs=3.736463e+08, relative=5.444831e-05.
  itrIdx=116,	residual=3.048678e+04,	 rhs=3.736463e+08, relative=8.159262e-05.
  itrIdx=117,	residual=2.150634e+04,	 rhs=3.736463e+08, relative=5.755800e-05.
  itrIdx=118,	residual=2.186213e+04,	 rhs=3.736463e+08, relative=5.851023e-05.
  itrIdx=119,	residual=2.292680e+04,	 rhs=3.736463e+08, relative=6.135961e-05.
  itrIdx=120,	residual=1.545282e+04,	 rhs=3.736463e+08, relative=4.135681e-05.
  itrIdx=121,	residual=1.712888e+04,	 rhs=3.736463e+08, relative=4.584248e-05.
  itrIdx=122,	residual=1.494990e+04,	 rhs=3.736463e+08, relative=4.001084e-05.
  itrIdx=123,	residual=1.835159e+04,	 rhs=3.736463e+08, relative=4.911486e-05.
  itrIdx=124,	residual=1.314006e+04,	 rhs=3.736463e+08, relative=3.516710e-05.
  itrIdx=125,	residual=1.758451e+04,	 rhs=3.736463e+08, relative=4.706191e-05.
  itrIdx=126,	residual=1.266763e+04,	 rhs=3.736463e+08, relative=3.390272e-05.
  itrIdx=127,	residual=1.438275e+04,	 rhs=3.736463e+08, relative=3.849294e-05.
  itrIdx=128,	residual=1.373824e+04,	 rhs=3.736463e+08, relative=3.676804e-05.
  itrIdx=129,	residual=1.522577e+04,	 rhs=3.736463e+08, relative=4.074914e-05.
  itrIdx=130,	residual=1.085543e+04,	 rhs=3.736463e+08, relative=2.905269e-05.
  itrIdx=131,	residual=1.218502e+04,	 rhs=3.736463e+08, relative=3.261111e-05.
  itrIdx=132,	residual=1.290566e+04,	 rhs=3.736463e+08, relative=3.453977e-05.
  itrIdx=133,	residual=1.039255e+04,	 rhs=3.736463e+08, relative=2.781387e-05.
  itrIdx=134,	residual=1.255722e+04,	 rhs=3.736463e+08, relative=3.360722e-05.
  itrIdx=135,	residual=9.532910e+03,	 rhs=3.736463e+08, relative=2.551319e-05.
  itrIdx=136,	residual=1.062800e+04,	 rhs=3.736463e+08, relative=2.844401e-05.
  itrIdx=137,	residual=1.086770e+04,	 rhs=3.736463e+08, relative=2.908553e-05.
  itrIdx=138,	residual=9.725857e+03,	 rhs=3.736463e+08, relative=2.602958e-05.
  itrIdx=139,	residual=8.587246e+03,	 rhs=3.736463e+08, relative=2.298228e-05.
  itrIdx=140,	residual=1.115111e+04,	 rhs=3.736463e+08, relative=2.984402e-05.
  itrIdx=141,	residual=1.064460e+04,	 rhs=3.736463e+08, relative=2.848845e-05.
  itrIdx=142,	residual=8.373272e+03,	 rhs=3.736463e+08, relative=2.240962e-05.
  itrIdx=143,	residual=9.047267e+03,	 rhs=3.736463e+08, relative=2.421345e-05.
  itrIdx=144,	residual=9.220940e+03,	 rhs=3.736463e+08, relative=2.467825e-05.
  itrIdx=145,	residual=8.503384e+03,	 rhs=3.736463e+08, relative=2.275784e-05.
  itrIdx=146,	residual=8.067745e+03,	 rhs=3.736463e+08, relative=2.159193e-05.
  itrIdx=147,	residual=8.908499e+03,	 rhs=3.736463e+08, relative=2.384206e-05.
  itrIdx=148,	residual=7.811086e+03,	 rhs=3.736463e+08, relative=2.090502e-05.
  itrIdx=149,	residual=7.658725e+03,	 rhs=3.736463e+08, relative=2.049726e-05.
  itrIdx=150,	residual=8.438173e+03,	 rhs=3.736463e+08, relative=2.258331e-05.
  itrIdx=151,	residual=7.362657e+03,	 rhs=3.736463e+08, relative=1.970488e-05.
  itrIdx=152,	residual=7.720165e+03,	 rhs=3.736463e+08, relative=2.066169e-05.
  itrIdx=153,	residual=7.599014e+03,	 rhs=3.736463e+08, relative=2.033745e-05.
  itrIdx=154,	residual=7.282715e+03,	 rhs=3.736463e+08, relative=1.949093e-05.
  itrIdx=155,	residual=7.496850e+03,	 rhs=3.736463e+08, relative=2.006403e-05.
  itrIdx=156,	residual=7.511832e+03,	 rhs=3.736463e+08, relative=2.010412e-05.
  itrIdx=157,	residual=7.077982e+03,	 rhs=3.736463e+08, relative=1.894300e-05.
  itrIdx=158,	residual=7.061703e+03,	 rhs=3.736463e+08, relative=1.889943e-05.
  itrIdx=159,	residual=7.652188e+03,	 rhs=3.736463e+08, relative=2.047976e-05.
  itrIdx=160,	residual=7.125292e+03,	 rhs=3.736463e+08, relative=1.906961e-05.
  itrIdx=161,	residual=7.282851e+03,	 rhs=3.736463e+08, relative=1.949129e-05.
  itrIdx=162,	residual=6.884573e+03,	 rhs=3.736463e+08, relative=1.842537e-05.
  itrIdx=163,	residual=6.954706e+03,	 rhs=3.736463e+08, relative=1.861307e-05.
  itrIdx=164,	residual=6.983703e+03,	 rhs=3.736463e+08, relative=1.869068e-05.
  itrIdx=165,	residual=7.048406e+03,	 rhs=3.736463e+08, relative=1.886384e-05.
  itrIdx=166,	residual=6.849689e+03,	 rhs=3.736463e+08, relative=1.833201e-05.
  itrIdx=167,	residual=6.620494e+03,	 rhs=3.736463e+08, relative=1.771861e-05.
  itrIdx=168,	residual=6.467992e+03,	 rhs=3.736463e+08, relative=1.731047e-05.
  itrIdx=169,	residual=6.519294e+03,	 rhs=3.736463e+08, relative=1.744777e-05.
  itrIdx=170,	residual=6.862478e+03,	 rhs=3.736463e+08, relative=1.836624e-05.
  itrIdx=171,	residual=6.106716e+03,	 rhs=3.736463e+08, relative=1.634357e-05.
  itrIdx=172,	residual=6.352280e+03,	 rhs=3.736463e+08, relative=1.700078e-05.
  itrIdx=173,	residual=6.426318e+03,	 rhs=3.736463e+08, relative=1.719893e-05.
  itrIdx=174,	residual=6.406395e+03,	 rhs=3.736463e+08, relative=1.714561e-05.
  itrIdx=175,	residual=5.937165e+03,	 rhs=3.736463e+08, relative=1.588980e-05.
  itrIdx=176,	residual=5.834846e+03,	 rhs=3.736463e+08, relative=1.561596e-05.
  itrIdx=177,	residual=5.689258e+03,	 rhs=3.736463e+08, relative=1.522632e-05.
  itrIdx=178,	residual=6.198799e+03,	 rhs=3.736463e+08, relative=1.659002e-05.
  itrIdx=179,	residual=5.738783e+03,	 rhs=3.736463e+08, relative=1.535886e-05.
  itrIdx=180,	residual=5.459749e+03,	 rhs=3.736463e+08, relative=1.461208e-05.
  itrIdx=181,	residual=5.483893e+03,	 rhs=3.736463e+08, relative=1.467669e-05.
  itrIdx=182,	residual=5.200550e+03,	 rhs=3.736463e+08, relative=1.391837e-05.
  itrIdx=183,	residual=5.391733e+03,	 rhs=3.736463e+08, relative=1.443004e-05.
  itrIdx=184,	residual=4.703988e+03,	 rhs=3.736463e+08, relative=1.258941e-05.
  itrIdx=185,	residual=4.755883e+03,	 rhs=3.736463e+08, relative=1.272830e-05.
  itrIdx=186,	residual=4.729313e+03,	 rhs=3.736463e+08, relative=1.265719e-05.
  itrIdx=187,	residual=4.982151e+03,	 rhs=3.736463e+08, relative=1.333387e-05.
  itrIdx=188,	residual=4.283952e+03,	 rhs=3.736463e+08, relative=1.146526e-05.
  itrIdx=189,	residual=4.388315e+03,	 rhs=3.736463e+08, relative=1.174457e-05.
  itrIdx=190,	residual=4.758537e+03,	 rhs=3.736463e+08, relative=1.273540e-05.
Reach rtol=1.000000e-05, the solver exits with residual=3.651025e+03 and iterations=191.
  homoCoeffZ=1.28981
========================================================
Contrast_x,y,z=1000  125  8
Get kvals from python.
2.62144e+08  3.2768e+07  2.09715e+06  2.09715e+06  2.09715e+06  2621.44  26214.4  262144  262144  262144  2621.44  327.68  20.9715  20.9715  262144  
Use the following reference parameters:
2621.44  327.68  20.9715  20.9715  262144  
GPU solver with FCT preconditioner.
  itrIdx=1,	residual=1.028646e+08,	 rhs=5.964766e+08, relative=1.724537e-01.
  itrIdx=2,	residual=5.213379e+07,	 rhs=5.964766e+08, relative=8.740291e-02.
  itrIdx=3,	residual=3.461782e+07,	 rhs=5.964766e+08, relative=5.803718e-02.
  itrIdx=4,	residual=4.430394e+07,	 rhs=5.964766e+08, relative=7.427606e-02.
  itrIdx=5,	residual=2.209047e+07,	 rhs=5.964766e+08, relative=3.703493e-02.
  itrIdx=6,	residual=1.876582e+07,	 rhs=5.964766e+08, relative=3.146112e-02.
  itrIdx=7,	residual=4.411196e+07,	 rhs=5.964766e+08, relative=7.395421e-02.
  itrIdx=8,	residual=2.369122e+07,	 rhs=5.964766e+08, relative=3.971861e-02.
  itrIdx=9,	residual=1.131916e+07,	 rhs=5.964766e+08, relative=1.897671e-02.
  itrIdx=10,	residual=6.956280e+06,	 rhs=5.964766e+08, relative=1.166228e-02.
  itrIdx=11,	residual=6.416101e+06,	 rhs=5.964766e+08, relative=1.075667e-02.
  itrIdx=12,	residual=2.218391e+06,	 rhs=5.964766e+08, relative=3.719158e-03.
  itrIdx=13,	residual=4.041030e+06,	 rhs=5.964766e+08, relative=6.774834e-03.
  itrIdx=14,	residual=5.586296e+06,	 rhs=5.964766e+08, relative=9.365490e-03.
  itrIdx=15,	residual=4.082510e+06,	 rhs=5.964766e+08, relative=6.844376e-03.
  itrIdx=16,	residual=1.270845e+06,	 rhs=5.964766e+08, relative=2.130587e-03.
  itrIdx=17,	residual=7.532244e+06,	 rhs=5.964766e+08, relative=1.262790e-02.
  itrIdx=18,	residual=5.765991e+06,	 rhs=5.964766e+08, relative=9.666751e-03.
  itrIdx=19,	residual=1.004520e+06,	 rhs=5.964766e+08, relative=1.684089e-03.
  itrIdx=20,	residual=1.161978e+06,	 rhs=5.964766e+08, relative=1.948069e-03.
  itrIdx=21,	residual=1.909377e+06,	 rhs=5.964766e+08, relative=3.201092e-03.
  itrIdx=22,	residual=1.209534e+06,	 rhs=5.964766e+08, relative=2.027798e-03.
  itrIdx=23,	residual=1.794852e+06,	 rhs=5.964766e+08, relative=3.009090e-03.
  itrIdx=24,	residual=4.112018e+06,	 rhs=5.964766e+08, relative=6.893847e-03.
  itrIdx=25,	residual=1.045404e+06,	 rhs=5.964766e+08, relative=1.752633e-03.
  itrIdx=26,	residual=1.509365e+06,	 rhs=5.964766e+08, relative=2.530468e-03.
  itrIdx=27,	residual=1.035901e+06,	 rhs=5.964766e+08, relative=1.736701e-03.
  itrIdx=28,	residual=8.312866e+05,	 rhs=5.964766e+08, relative=1.393662e-03.
  itrIdx=29,	residual=1.591391e+06,	 rhs=5.964766e+08, relative=2.667985e-03.
  itrIdx=30,	residual=1.100223e+06,	 rhs=5.964766e+08, relative=1.844536e-03.
  itrIdx=31,	residual=2.197488e+06,	 rhs=5.964766e+08, relative=3.684114e-03.
  itrIdx=32,	residual=1.017227e+06,	 rhs=5.964766e+08, relative=1.705393e-03.
  itrIdx=33,	residual=9.598646e+05,	 rhs=5.964766e+08, relative=1.609224e-03.
  itrIdx=34,	residual=1.542074e+06,	 rhs=5.964766e+08, relative=2.585305e-03.
  itrIdx=35,	residual=8.221759e+05,	 rhs=5.964766e+08, relative=1.378387e-03.
  itrIdx=36,	residual=1.004099e+06,	 rhs=5.964766e+08, relative=1.683383e-03.
  itrIdx=37,	residual=8.910206e+05,	 rhs=5.964766e+08, relative=1.493806e-03.
  itrIdx=38,	residual=1.023086e+06,	 rhs=5.964766e+08, relative=1.715215e-03.
  itrIdx=39,	residual=1.876740e+06,	 rhs=5.964766e+08, relative=3.146376e-03.
  itrIdx=40,	residual=6.722310e+05,	 rhs=5.964766e+08, relative=1.127003e-03.
  itrIdx=41,	residual=1.085829e+06,	 rhs=5.964766e+08, relative=1.820404e-03.
  itrIdx=42,	residual=7.608776e+05,	 rhs=5.964766e+08, relative=1.275620e-03.
  itrIdx=43,	residual=1.251189e+06,	 rhs=5.964766e+08, relative=2.097632e-03.
  itrIdx=44,	residual=7.203778e+05,	 rhs=5.964766e+08, relative=1.207722e-03.
  itrIdx=45,	residual=7.958099e+05,	 rhs=5.964766e+08, relative=1.334184e-03.
  itrIdx=46,	residual=1.723951e+06,	 rhs=5.964766e+08, relative=2.890224e-03.
  itrIdx=47,	residual=6.770879e+05,	 rhs=5.964766e+08, relative=1.135146e-03.
  itrIdx=48,	residual=8.817354e+05,	 rhs=5.964766e+08, relative=1.478240e-03.
  itrIdx=49,	residual=6.227704e+05,	 rhs=5.964766e+08, relative=1.044082e-03.
  itrIdx=50,	residual=1.219883e+06,	 rhs=5.964766e+08, relative=2.045149e-03.
  itrIdx=51,	residual=1.633830e+06,	 rhs=5.964766e+08, relative=2.739134e-03.
  itrIdx=52,	residual=6.662977e+05,	 rhs=5.964766e+08, relative=1.117056e-03.
  itrIdx=53,	residual=6.395727e+05,	 rhs=5.964766e+08, relative=1.072251e-03.
  itrIdx=54,	residual=6.377272e+05,	 rhs=5.964766e+08, relative=1.069157e-03.
  itrIdx=55,	residual=8.307757e+05,	 rhs=5.964766e+08, relative=1.392805e-03.
  itrIdx=56,	residual=1.725898e+06,	 rhs=5.964766e+08, relative=2.893488e-03.
  itrIdx=57,	residual=6.805467e+05,	 rhs=5.964766e+08, relative=1.140945e-03.
  itrIdx=58,	residual=5.878872e+05,	 rhs=5.964766e+08, relative=9.855997e-04.
  itrIdx=59,	residual=7.900455e+05,	 rhs=5.964766e+08, relative=1.324520e-03.
  itrIdx=60,	residual=5.903040e+05,	 rhs=5.964766e+08, relative=9.896514e-04.
  itrIdx=61,	residual=6.227803e+05,	 rhs=5.964766e+08, relative=1.044098e-03.
  itrIdx=62,	residual=5.168312e+05,	 rhs=5.964766e+08, relative=8.664735e-04.
  itrIdx=63,	residual=7.074842e+05,	 rhs=5.964766e+08, relative=1.186106e-03.
  itrIdx=64,	residual=7.360573e+05,	 rhs=5.964766e+08, relative=1.234009e-03.
  itrIdx=65,	residual=5.051670e+05,	 rhs=5.964766e+08, relative=8.469184e-04.
  itrIdx=66,	residual=5.451695e+05,	 rhs=5.964766e+08, relative=9.139830e-04.
  itrIdx=67,	residual=5.964596e+05,	 rhs=5.964766e+08, relative=9.999714e-04.
  itrIdx=68,	residual=6.522199e+05,	 rhs=5.964766e+08, relative=1.093454e-03.
  itrIdx=69,	residual=4.974120e+05,	 rhs=5.964766e+08, relative=8.339170e-04.
  itrIdx=70,	residual=4.875662e+05,	 rhs=5.964766e+08, relative=8.174104e-04.
  itrIdx=71,	residual=4.897849e+05,	 rhs=5.964766e+08, relative=8.211301e-04.
  itrIdx=72,	residual=4.921859e+05,	 rhs=5.964766e+08, relative=8.251554e-04.
  itrIdx=73,	residual=5.306526e+05,	 rhs=5.964766e+08, relative=8.896453e-04.
  itrIdx=74,	residual=4.451788e+05,	 rhs=5.964766e+08, relative=7.463474e-04.
  itrIdx=75,	residual=4.694242e+05,	 rhs=5.964766e+08, relative=7.869952e-04.
  itrIdx=76,	residual=5.143881e+05,	 rhs=5.964766e+08, relative=8.623776e-04.
  itrIdx=77,	residual=4.820374e+05,	 rhs=5.964766e+08, relative=8.081413e-04.
  itrIdx=78,	residual=4.682671e+05,	 rhs=5.964766e+08, relative=7.850552e-04.
  itrIdx=79,	residual=4.622081e+05,	 rhs=5.964766e+08, relative=7.748972e-04.
  itrIdx=80,	residual=4.612073e+05,	 rhs=5.964766e+08, relative=7.732193e-04.
  itrIdx=81,	residual=5.484274e+05,	 rhs=5.964766e+08, relative=9.194450e-04.
  itrIdx=82,	residual=4.443213e+05,	 rhs=5.964766e+08, relative=7.449098e-04.
  itrIdx=83,	residual=4.601156e+05,	 rhs=5.964766e+08, relative=7.713891e-04.
  itrIdx=84,	residual=4.821019e+05,	 rhs=5.964766e+08, relative=8.082495e-04.
  itrIdx=85,	residual=4.951383e+05,	 rhs=5.964766e+08, relative=8.301051e-04.
  itrIdx=86,	residual=4.733170e+05,	 rhs=5.964766e+08, relative=7.935215e-04.
  itrIdx=87,	residual=4.341729e+05,	 rhs=5.964766e+08, relative=7.278959e-04.
  itrIdx=88,	residual=5.087708e+05,	 rhs=5.964766e+08, relative=8.529601e-04.
  itrIdx=89,	residual=5.420378e+05,	 rhs=5.964766e+08, relative=9.087327e-04.
  itrIdx=90,	residual=4.691081e+05,	 rhs=5.964766e+08, relative=7.864652e-04.
  itrIdx=91,	residual=4.579553e+05,	 rhs=5.964766e+08, relative=7.677673e-04.
  itrIdx=92,	residual=3.942773e+05,	 rhs=5.964766e+08, relative=6.610104e-04.
  itrIdx=93,	residual=4.563253e+05,	 rhs=5.964766e+08, relative=7.650347e-04.
  itrIdx=94,	residual=5.994990e+05,	 rhs=5.964766e+08, relative=1.005067e-03.
  itrIdx=95,	residual=4.126221e+05,	 rhs=5.964766e+08, relative=6.917658e-04.
  itrIdx=96,	residual=4.085306e+05,	 rhs=5.964766e+08, relative=6.849062e-04.
  itrIdx=97,	residual=3.933689e+05,	 rhs=5.964766e+08, relative=6.594876e-04.
  itrIdx=98,	residual=3.982523e+05,	 rhs=5.964766e+08, relative=6.676747e-04.
  itrIdx=99,	residual=5.146318e+05,	 rhs=5.964766e+08, relative=8.627861e-04.
  itrIdx=100,	residual=4.294949e+05,	 rhs=5.964766e+08, relative=7.200532e-04.
  itrIdx=101,	residual=3.788873e+05,	 rhs=5.964766e+08, relative=6.352089e-04.
  itrIdx=102,	residual=4.975596e+05,	 rhs=5.964766e+08, relative=8.341644e-04.
  itrIdx=103,	residual=4.480198e+05,	 rhs=5.964766e+08, relative=7.511104e-04.
  itrIdx=104,	residual=3.790903e+05,	 rhs=5.964766e+08, relative=6.355494e-04.
  itrIdx=105,	residual=3.501527e+05,	 rhs=5.964766e+08, relative=5.870351e-04.
  itrIdx=106,	residual=3.547198e+05,	 rhs=5.964766e+08, relative=5.946918e-04.
  itrIdx=107,	residual=3.622261e+05,	 rhs=5.964766e+08, relative=6.072763e-04.
  itrIdx=108,	residual=3.754064e+05,	 rhs=5.964766e+08, relative=6.293732e-04.
  itrIdx=109,	residual=5.312401e+05,	 rhs=5.964766e+08, relative=8.906302e-04.
  itrIdx=110,	residual=4.794146e+05,	 rhs=5.964766e+08, relative=8.037441e-04.
  itrIdx=111,	residual=3.509650e+05,	 rhs=5.964766e+08, relative=5.883969e-04.
  itrIdx=112,	residual=3.460744e+05,	 rhs=5.964766e+08, relative=5.801977e-04.
  itrIdx=113,	residual=3.229519e+05,	 rhs=5.964766e+08, relative=5.414326e-04.
  itrIdx=114,	residual=3.203620e+05,	 rhs=5.964766e+08, relative=5.370906e-04.
  itrIdx=115,	residual=4.324993e+05,	 rhs=5.964766e+08, relative=7.250901e-04.
  itrIdx=116,	residual=3.426981e+05,	 rhs=5.964766e+08, relative=5.745373e-04.
  itrIdx=117,	residual=3.628854e+05,	 rhs=5.964766e+08, relative=6.083815e-04.
  itrIdx=118,	residual=4.034250e+05,	 rhs=5.964766e+08, relative=6.763466e-04.
  itrIdx=119,	residual=3.022698e+05,	 rhs=5.964766e+08, relative=5.067588e-04.
  itrIdx=120,	residual=3.024896e+05,	 rhs=5.964766e+08, relative=5.071273e-04.
  itrIdx=121,	residual=3.662014e+05,	 rhs=5.964766e+08, relative=6.139410e-04.
  itrIdx=122,	residual=3.235195e+05,	 rhs=5.964766e+08, relative=5.423842e-04.
  itrIdx=123,	residual=3.806452e+05,	 rhs=5.964766e+08, relative=6.381560e-04.
  itrIdx=124,	residual=3.668016e+05,	 rhs=5.964766e+08, relative=6.149472e-04.
  itrIdx=125,	residual=3.595128e+05,	 rhs=5.964766e+08, relative=6.027273e-04.
  itrIdx=126,	residual=3.360700e+05,	 rhs=5.964766e+08, relative=5.634252e-04.
  itrIdx=127,	residual=3.758678e+05,	 rhs=5.964766e+08, relative=6.301468e-04.
  itrIdx=128,	residual=3.693944e+05,	 rhs=5.964766e+08, relative=6.192939e-04.
  itrIdx=129,	residual=3.488963e+05,	 rhs=5.964766e+08, relative=5.849287e-04.
  itrIdx=130,	residual=3.067963e+05,	 rhs=5.964766e+08, relative=5.143476e-04.
  itrIdx=131,	residual=3.020397e+05,	 rhs=5.964766e+08, relative=5.063731e-04.
  itrIdx=132,	residual=3.094487e+05,	 rhs=5.964766e+08, relative=5.187944e-04.
  itrIdx=133,	residual=3.425708e+05,	 rhs=5.964766e+08, relative=5.743239e-04.
  itrIdx=134,	residual=3.456579e+05,	 rhs=5.964766e+08, relative=5.794994e-04.
  itrIdx=135,	residual=3.384047e+05,	 rhs=5.964766e+08, relative=5.673395e-04.
  itrIdx=136,	residual=3.787902e+05,	 rhs=5.964766e+08, relative=6.350461e-04.
  itrIdx=137,	residual=3.189807e+05,	 rhs=5.964766e+08, relative=5.347748e-04.
  itrIdx=138,	residual=3.348814e+05,	 rhs=5.964766e+08, relative=5.614326e-04.
  itrIdx=139,	residual=4.216541e+05,	 rhs=5.964766e+08, relative=7.069081e-04.
  itrIdx=140,	residual=3.096095e+05,	 rhs=5.964766e+08, relative=5.190640e-04.
  itrIdx=141,	residual=2.797076e+05,	 rhs=5.964766e+08, relative=4.689330e-04.
  itrIdx=142,	residual=3.235481e+05,	 rhs=5.964766e+08, relative=5.424322e-04.
  itrIdx=143,	residual=2.731580e+05,	 rhs=5.964766e+08, relative=4.579525e-04.
  itrIdx=144,	residual=2.980999e+05,	 rhs=5.964766e+08, relative=4.997680e-04.
  itrIdx=145,	residual=3.400010e+05,	 rhs=5.964766e+08, relative=5.700157e-04.
  itrIdx=146,	residual=3.183797e+05,	 rhs=5.964766e+08, relative=5.337673e-04.
  itrIdx=147,	residual=3.183080e+05,	 rhs=5.964766e+08, relative=5.336470e-04.
  itrIdx=148,	residual=3.015489e+05,	 rhs=5.964766e+08, relative=5.055502e-04.
  itrIdx=149,	residual=2.790090e+05,	 rhs=5.964766e+08, relative=4.677619e-04.
  itrIdx=150,	residual=2.989772e+05,	 rhs=5.964766e+08, relative=5.012388e-04.
  itrIdx=151,	residual=2.853790e+05,	 rhs=5.964766e+08, relative=4.784411e-04.
  itrIdx=152,	residual=3.043278e+05,	 rhs=5.964766e+08, relative=5.102090e-04.
  itrIdx=153,	residual=3.212992e+05,	 rhs=5.964766e+08, relative=5.386618e-04.
  itrIdx=154,	residual=3.005348e+05,	 rhs=5.964766e+08, relative=5.038500e-04.
  itrIdx=155,	residual=3.049133e+05,	 rhs=5.964766e+08, relative=5.111906e-04.
  itrIdx=156,	residual=2.938930e+05,	 rhs=5.964766e+08, relative=4.927151e-04.
  itrIdx=157,	residual=2.844842e+05,	 rhs=5.964766e+08, relative=4.769410e-04.
  itrIdx=158,	residual=2.886070e+05,	 rhs=5.964766e+08, relative=4.838531e-04.
  itrIdx=159,	residual=2.761416e+05,	 rhs=5.964766e+08, relative=4.629546e-04.
  itrIdx=160,	residual=2.899348e+05,	 rhs=5.964766e+08, relative=4.860790e-04.
  itrIdx=161,	residual=3.222671e+05,	 rhs=5.964766e+08, relative=5.402845e-04.
  itrIdx=162,	residual=3.222818e+05,	 rhs=5.964766e+08, relative=5.403092e-04.
  itrIdx=163,	residual=3.446567e+05,	 rhs=5.964766e+08, relative=5.778209e-04.
  itrIdx=164,	residual=3.859448e+05,	 rhs=5.964766e+08, relative=6.470410e-04.
  itrIdx=165,	residual=2.852450e+05,	 rhs=5.964766e+08, relative=4.782166e-04.
  itrIdx=166,	residual=2.965909e+05,	 rhs=5.964766e+08, relative=4.972381e-04.
  itrIdx=167,	residual=2.852909e+05,	 rhs=5.964766e+08, relative=4.782935e-04.
  itrIdx=168,	residual=2.915793e+05,	 rhs=5.964766e+08, relative=4.888362e-04.
  itrIdx=169,	residual=3.522352e+05,	 rhs=5.964766e+08, relative=5.905264e-04.
  itrIdx=170,	residual=3.334703e+05,	 rhs=5.964766e+08, relative=5.590669e-04.
  itrIdx=171,	residual=3.853740e+05,	 rhs=5.964766e+08, relative=6.460839e-04.
  itrIdx=172,	residual=4.438244e+05,	 rhs=5.964766e+08, relative=7.440767e-04.
  itrIdx=173,	residual=3.426315e+05,	 rhs=5.964766e+08, relative=5.744257e-04.
  itrIdx=174,	residual=3.648705e+05,	 rhs=5.964766e+08, relative=6.117096e-04.
  itrIdx=175,	residual=3.583157e+05,	 rhs=5.964766e+08, relative=6.007205e-04.
  itrIdx=176,	residual=3.297290e+05,	 rhs=5.964766e+08, relative=5.527945e-04.
  itrIdx=177,	residual=3.469595e+05,	 rhs=5.964766e+08, relative=5.816817e-04.
  itrIdx=178,	residual=3.544299e+05,	 rhs=5.964766e+08, relative=5.942059e-04.
  itrIdx=179,	residual=3.648915e+05,	 rhs=5.964766e+08, relative=6.117448e-04.
  itrIdx=180,	residual=3.958837e+05,	 rhs=5.964766e+08, relative=6.637036e-04.
  itrIdx=181,	residual=3.610678e+05,	 rhs=5.964766e+08, relative=6.053343e-04.
  itrIdx=182,	residual=3.659534e+05,	 rhs=5.964766e+08, relative=6.135251e-04.
  itrIdx=183,	residual=3.672971e+05,	 rhs=5.964766e+08, relative=6.157778e-04.
  itrIdx=184,	residual=3.130267e+05,	 rhs=5.964766e+08, relative=5.247929e-04.
  itrIdx=185,	residual=3.414894e+05,	 rhs=5.964766e+08, relative=5.725109e-04.
  itrIdx=186,	residual=3.597876e+05,	 rhs=5.964766e+08, relative=6.031881e-04.
  itrIdx=187,	residual=3.450090e+05,	 rhs=5.964766e+08, relative=5.784115e-04.
  itrIdx=188,	residual=4.632598e+05,	 rhs=5.964766e+08, relative=7.766604e-04.
  itrIdx=189,	residual=3.768997e+05,	 rhs=5.964766e+08, relative=6.318767e-04.
  itrIdx=190,	residual=3.573647e+05,	 rhs=5.964766e+08, relative=5.991261e-04.
  itrIdx=191,	residual=3.844299e+05,	 rhs=5.964766e+08, relative=6.445011e-04.
  itrIdx=192,	residual=3.230230e+05,	 rhs=5.964766e+08, relative=5.415519e-04.
  itrIdx=193,	residual=3.546014e+05,	 rhs=5.964766e+08, relative=5.944934e-04.
  itrIdx=194,	residual=4.008433e+05,	 rhs=5.964766e+08, relative=6.720184e-04.
  itrIdx=195,	residual=3.502545e+05,	 rhs=5.964766e+08, relative=5.872057e-04.
  itrIdx=196,	residual=3.578562e+05,	 rhs=5.964766e+08, relative=5.999500e-04.
  itrIdx=197,	residual=3.845348e+05,	 rhs=5.964766e+08, relative=6.446771e-04.
  itrIdx=198,	residual=3.478371e+05,	 rhs=5.964766e+08, relative=5.831530e-04.
  itrIdx=199,	residual=4.178083e+05,	 rhs=5.964766e+08, relative=7.004605e-04.
  itrIdx=200,	residual=3.998578e+05,	 rhs=5.964766e+08, relative=6.703663e-04.
  itrIdx=201,	residual=4.124974e+05,	 rhs=5.964766e+08, relative=6.915566e-04.
  itrIdx=202,	residual=3.775838e+05,	 rhs=5.964766e+08, relative=6.330236e-04.
  itrIdx=203,	residual=3.327495e+05,	 rhs=5.964766e+08, relative=5.578584e-04.
  itrIdx=204,	residual=3.422557e+05,	 rhs=5.964766e+08, relative=5.737957e-04.
  itrIdx=205,	residual=3.423696e+05,	 rhs=5.964766e+08, relative=5.739865e-04.
  itrIdx=206,	residual=3.235138e+05,	 rhs=5.964766e+08, relative=5.423746e-04.
  itrIdx=207,	residual=3.940725e+05,	 rhs=5.964766e+08, relative=6.606671e-04.
  itrIdx=208,	residual=3.640672e+05,	 rhs=5.964766e+08, relative=6.103629e-04.
  itrIdx=209,	residual=3.551710e+05,	 rhs=5.964766e+08, relative=5.954483e-04.
  itrIdx=210,	residual=3.772217e+05,	 rhs=5.964766e+08, relative=6.324165e-04.
  itrIdx=211,	residual=3.333829e+05,	 rhs=5.964766e+08, relative=5.589203e-04.
  itrIdx=212,	residual=3.481653e+05,	 rhs=5.964766e+08, relative=5.837032e-04.
  itrIdx=213,	residual=3.498435e+05,	 rhs=5.964766e+08, relative=5.865168e-04.
  itrIdx=214,	residual=3.188386e+05,	 rhs=5.964766e+08, relative=5.345367e-04.
  itrIdx=215,	residual=3.424527e+05,	 rhs=5.964766e+08, relative=5.741259e-04.
  itrIdx=216,	residual=3.280360e+05,	 rhs=5.964766e+08, relative=5.499561e-04.
  itrIdx=217,	residual=3.152413e+05,	 rhs=5.964766e+08, relative=5.285058e-04.
  itrIdx=218,	residual=3.569322e+05,	 rhs=5.964766e+08, relative=5.984009e-04.
  itrIdx=219,	residual=3.388337e+05,	 rhs=5.964766e+08, relative=5.680586e-04.
  itrIdx=220,	residual=3.286440e+05,	 rhs=5.964766e+08, relative=5.509755e-04.
  itrIdx=221,	residual=3.322531e+05,	 rhs=5.964766e+08, relative=5.570262e-04.
  itrIdx=222,	residual=3.086986e+05,	 rhs=5.964766e+08, relative=5.175367e-04.
  itrIdx=223,	residual=3.154168e+05,	 rhs=5.964766e+08, relative=5.287999e-04.
  itrIdx=224,	residual=3.213411e+05,	 rhs=5.964766e+08, relative=5.387321e-04.
  itrIdx=225,	residual=3.200817e+05,	 rhs=5.964766e+08, relative=5.366207e-04.
  itrIdx=226,	residual=3.794596e+05,	 rhs=5.964766e+08, relative=6.361684e-04.
  itrIdx=227,	residual=3.444927e+05,	 rhs=5.964766e+08, relative=5.775460e-04.
  itrIdx=228,	residual=3.131824e+05,	 rhs=5.964766e+08, relative=5.250540e-04.
  itrIdx=229,	residual=3.325043e+05,	 rhs=5.964766e+08, relative=5.574474e-04.
  itrIdx=230,	residual=2.879312e+05,	 rhs=5.964766e+08, relative=4.827200e-04.
  itrIdx=231,	residual=2.883325e+05,	 rhs=5.964766e+08, relative=4.833929e-04.
  itrIdx=232,	residual=3.142005e+05,	 rhs=5.964766e+08, relative=5.267608e-04.
  itrIdx=233,	residual=3.051312e+05,	 rhs=5.964766e+08, relative=5.115561e-04.
  itrIdx=234,	residual=3.771005e+05,	 rhs=5.964766e+08, relative=6.322133e-04.
  itrIdx=235,	residual=3.820685e+05,	 rhs=5.964766e+08, relative=6.405423e-04.
  itrIdx=236,	residual=3.169814e+05,	 rhs=5.964766e+08, relative=5.314231e-04.
  itrIdx=237,	residual=3.263595e+05,	 rhs=5.964766e+08, relative=5.471455e-04.
  itrIdx=238,	residual=2.941648e+05,	 rhs=5.964766e+08, relative=4.931707e-04.
  itrIdx=239,	residual=2.816240e+05,	 rhs=5.964766e+08, relative=4.721459e-04.
  itrIdx=240,	residual=3.099054e+05,	 rhs=5.964766e+08, relative=5.195601e-04.
  itrIdx=241,	residual=3.111911e+05,	 rhs=5.964766e+08, relative=5.217155e-04.
  itrIdx=242,	residual=3.465705e+05,	 rhs=5.964766e+08, relative=5.810294e-04.
  itrIdx=243,	residual=4.092320e+05,	 rhs=5.964766e+08, relative=6.860822e-04.
  itrIdx=244,	residual=3.375335e+05,	 rhs=5.964766e+08, relative=5.658789e-04.
  itrIdx=245,	residual=3.746817e+05,	 rhs=5.964766e+08, relative=6.281583e-04.
  itrIdx=246,	residual=3.079243e+05,	 rhs=5.964766e+08, relative=5.162387e-04.
  itrIdx=247,	residual=2.816666e+05,	 rhs=5.964766e+08, relative=4.722174e-04.
  itrIdx=248,	residual=3.638404e+05,	 rhs=5.964766e+08, relative=6.099827e-04.
  itrIdx=249,	residual=3.143976e+05,	 rhs=5.964766e+08, relative=5.270913e-04.
  itrIdx=250,	residual=3.232402e+05,	 rhs=5.964766e+08, relative=5.419160e-04.
  itrIdx=251,	residual=4.003538e+05,	 rhs=5.964766e+08, relative=6.711978e-04.
  itrIdx=252,	residual=3.075959e+05,	 rhs=5.964766e+08, relative=5.156880e-04.
  itrIdx=253,	residual=2.983279e+05,	 rhs=5.964766e+08, relative=5.001502e-04.
  itrIdx=254,	residual=3.014670e+05,	 rhs=5.964766e+08, relative=5.054130e-04.
  itrIdx=255,	residual=2.299989e+05,	 rhs=5.964766e+08, relative=3.855958e-04.
  itrIdx=256,	residual=2.484855e+05,	 rhs=5.964766e+08, relative=4.165889e-04.
  itrIdx=257,	residual=2.146822e+05,	 rhs=5.964766e+08, relative=3.599171e-04.
  itrIdx=258,	residual=2.039478e+05,	 rhs=5.964766e+08, relative=3.419209e-04.
  itrIdx=259,	residual=2.388092e+05,	 rhs=5.964766e+08, relative=4.003664e-04.
  itrIdx=260,	residual=2.155000e+05,	 rhs=5.964766e+08, relative=3.612882e-04.
  itrIdx=261,	residual=2.117381e+05,	 rhs=5.964766e+08, relative=3.549814e-04.
  itrIdx=262,	residual=2.458163e+05,	 rhs=5.964766e+08, relative=4.121138e-04.
  itrIdx=263,	residual=1.973969e+05,	 rhs=5.964766e+08, relative=3.309382e-04.
  itrIdx=264,	residual=2.345791e+05,	 rhs=5.964766e+08, relative=3.932746e-04.
  itrIdx=265,	residual=2.280654e+05,	 rhs=5.964766e+08, relative=3.823543e-04.
  itrIdx=266,	residual=1.936743e+05,	 rhs=5.964766e+08, relative=3.246971e-04.
  itrIdx=267,	residual=2.275999e+05,	 rhs=5.964766e+08, relative=3.815739e-04.
  itrIdx=268,	residual=1.727803e+05,	 rhs=5.964766e+08, relative=2.896681e-04.
  itrIdx=269,	residual=1.574419e+05,	 rhs=5.964766e+08, relative=2.639532e-04.
  itrIdx=270,	residual=1.947948e+05,	 rhs=5.964766e+08, relative=3.265757e-04.
  itrIdx=271,	residual=1.506370e+05,	 rhs=5.964766e+08, relative=2.525446e-04.
  itrIdx=272,	residual=2.004236e+05,	 rhs=5.964766e+08, relative=3.360126e-04.
  itrIdx=273,	residual=2.248849e+05,	 rhs=5.964766e+08, relative=3.770222e-04.
  itrIdx=274,	residual=1.890633e+05,	 rhs=5.964766e+08, relative=3.169669e-04.
  itrIdx=275,	residual=1.786626e+05,	 rhs=5.964766e+08, relative=2.995299e-04.
  itrIdx=276,	residual=1.416882e+05,	 rhs=5.964766e+08, relative=2.375419e-04.
  itrIdx=277,	residual=1.240571e+05,	 rhs=5.964766e+08, relative=2.079832e-04.
  itrIdx=278,	residual=1.393081e+05,	 rhs=5.964766e+08, relative=2.335516e-04.
  itrIdx=279,	residual=1.200322e+05,	 rhs=5.964766e+08, relative=2.012354e-04.
  itrIdx=280,	residual=1.545039e+05,	 rhs=5.964766e+08, relative=2.590276e-04.
  itrIdx=281,	residual=1.735469e+05,	 rhs=5.964766e+08, relative=2.909534e-04.
  itrIdx=282,	residual=1.274994e+05,	 rhs=5.964766e+08, relative=2.137542e-04.
  itrIdx=283,	residual=1.306713e+05,	 rhs=5.964766e+08, relative=2.190720e-04.
  itrIdx=284,	residual=1.057446e+05,	 rhs=5.964766e+08, relative=1.772820e-04.
  itrIdx=285,	residual=7.834636e+04,	 rhs=5.964766e+08, relative=1.313486e-04.
  itrIdx=286,	residual=9.101035e+04,	 rhs=5.964766e+08, relative=1.525799e-04.
  itrIdx=287,	residual=7.229798e+04,	 rhs=5.964766e+08, relative=1.212084e-04.
  itrIdx=288,	residual=7.020873e+04,	 rhs=5.964766e+08, relative=1.177057e-04.
  itrIdx=289,	residual=9.540288e+04,	 rhs=5.964766e+08, relative=1.599440e-04.
  itrIdx=290,	residual=7.423061e+04,	 rhs=5.964766e+08, relative=1.244485e-04.
  itrIdx=291,	residual=8.593807e+04,	 rhs=5.964766e+08, relative=1.440762e-04.
  itrIdx=292,	residual=1.041880e+05,	 rhs=5.964766e+08, relative=1.746724e-04.
  itrIdx=293,	residual=8.122068e+04,	 rhs=5.964766e+08, relative=1.361674e-04.
  itrIdx=294,	residual=7.933508e+04,	 rhs=5.964766e+08, relative=1.330062e-04.
  itrIdx=295,	residual=6.776937e+04,	 rhs=5.964766e+08, relative=1.136161e-04.
  itrIdx=296,	residual=5.077674e+04,	 rhs=5.964766e+08, relative=8.512779e-05.
  itrIdx=297,	residual=4.962486e+04,	 rhs=5.964766e+08, relative=8.319665e-05.
  itrIdx=298,	residual=4.502727e+04,	 rhs=5.964766e+08, relative=7.548875e-05.
  itrIdx=299,	residual=5.387021e+04,	 rhs=5.964766e+08, relative=9.031403e-05.
  itrIdx=300,	residual=7.093788e+04,	 rhs=5.964766e+08, relative=1.189282e-04.
  itrIdx=301,	residual=5.414136e+04,	 rhs=5.964766e+08, relative=9.076862e-05.
  itrIdx=302,	residual=7.014365e+04,	 rhs=5.964766e+08, relative=1.175966e-04.
  itrIdx=303,	residual=6.845500e+04,	 rhs=5.964766e+08, relative=1.147656e-04.
  itrIdx=304,	residual=4.054783e+04,	 rhs=5.964766e+08, relative=6.797891e-05.
  itrIdx=305,	residual=4.648951e+04,	 rhs=5.964766e+08, relative=7.794021e-05.
  itrIdx=306,	residual=4.341104e+04,	 rhs=5.964766e+08, relative=7.277912e-05.
  itrIdx=307,	residual=3.762290e+04,	 rhs=5.964766e+08, relative=6.307523e-05.
  itrIdx=308,	residual=4.666469e+04,	 rhs=5.964766e+08, relative=7.823389e-05.
  itrIdx=309,	residual=5.245218e+04,	 rhs=5.964766e+08, relative=8.793669e-05.
  itrIdx=310,	residual=5.390350e+04,	 rhs=5.964766e+08, relative=9.036985e-05.
  itrIdx=311,	residual=5.594670e+04,	 rhs=5.964766e+08, relative=9.379530e-05.
  itrIdx=312,	residual=4.151385e+04,	 rhs=5.964766e+08, relative=6.959845e-05.
  itrIdx=313,	residual=4.713740e+04,	 rhs=5.964766e+08, relative=7.902640e-05.
  itrIdx=314,	residual=3.822900e+04,	 rhs=5.964766e+08, relative=6.409136e-05.
  itrIdx=315,	residual=3.445611e+04,	 rhs=5.964766e+08, relative=5.776607e-05.
  itrIdx=316,	residual=5.612478e+04,	 rhs=5.964766e+08, relative=9.409384e-05.
  itrIdx=317,	residual=4.804226e+04,	 rhs=5.964766e+08, relative=8.054341e-05.
  itrIdx=318,	residual=4.389089e+04,	 rhs=5.964766e+08, relative=7.358359e-05.
  itrIdx=319,	residual=5.468359e+04,	 rhs=5.964766e+08, relative=9.167768e-05.
  itrIdx=320,	residual=3.522879e+04,	 rhs=5.964766e+08, relative=5.906148e-05.
  itrIdx=321,	residual=2.965263e+04,	 rhs=5.964766e+08, relative=4.971299e-05.
  itrIdx=322,	residual=3.081155e+04,	 rhs=5.964766e+08, relative=5.165592e-05.
  itrIdx=323,	residual=2.914704e+04,	 rhs=5.964766e+08, relative=4.886534e-05.
  itrIdx=324,	residual=3.434945e+04,	 rhs=5.964766e+08, relative=5.758725e-05.
  itrIdx=325,	residual=3.596022e+04,	 rhs=5.964766e+08, relative=6.028773e-05.
  itrIdx=326,	residual=3.299661e+04,	 rhs=5.964766e+08, relative=5.531920e-05.
  itrIdx=327,	residual=3.664988e+04,	 rhs=5.964766e+08, relative=6.144394e-05.
  itrIdx=328,	residual=2.634926e+04,	 rhs=5.964766e+08, relative=4.417484e-05.
  itrIdx=329,	residual=2.751937e+04,	 rhs=5.964766e+08, relative=4.613654e-05.
  itrIdx=330,	residual=3.252730e+04,	 rhs=5.964766e+08, relative=5.453240e-05.
  itrIdx=331,	residual=2.363526e+04,	 rhs=5.964766e+08, relative=3.962479e-05.
  itrIdx=332,	residual=2.585869e+04,	 rhs=5.964766e+08, relative=4.335239e-05.
  itrIdx=333,	residual=2.600688e+04,	 rhs=5.964766e+08, relative=4.360084e-05.
  itrIdx=334,	residual=1.899908e+04,	 rhs=5.964766e+08, relative=3.185218e-05.
  itrIdx=335,	residual=2.117219e+04,	 rhs=5.964766e+08, relative=3.549542e-05.
  itrIdx=336,	residual=2.069447e+04,	 rhs=5.964766e+08, relative=3.469452e-05.
  itrIdx=337,	residual=2.202010e+04,	 rhs=5.964766e+08, relative=3.691696e-05.
  itrIdx=338,	residual=3.048862e+04,	 rhs=5.964766e+08, relative=5.111453e-05.
  itrIdx=339,	residual=2.832367e+04,	 rhs=5.964766e+08, relative=4.748496e-05.
  itrIdx=340,	residual=2.519525e+04,	 rhs=5.964766e+08, relative=4.224013e-05.
  itrIdx=341,	residual=2.408402e+04,	 rhs=5.964766e+08, relative=4.037713e-05.
  itrIdx=342,	residual=1.700778e+04,	 rhs=5.964766e+08, relative=2.851375e-05.
  itrIdx=343,	residual=1.584037e+04,	 rhs=5.964766e+08, relative=2.655656e-05.
  itrIdx=344,	residual=1.580443e+04,	 rhs=5.964766e+08, relative=2.649630e-05.
  itrIdx=345,	residual=1.462848e+04,	 rhs=5.964766e+08, relative=2.452482e-05.
  itrIdx=346,	residual=1.838454e+04,	 rhs=5.964766e+08, relative=3.082189e-05.
  itrIdx=347,	residual=1.793220e+04,	 rhs=5.964766e+08, relative=3.006355e-05.
  itrIdx=348,	residual=1.936533e+04,	 rhs=5.964766e+08, relative=3.246620e-05.
  itrIdx=349,	residual=2.227239e+04,	 rhs=5.964766e+08, relative=3.733992e-05.
  itrIdx=350,	residual=1.595219e+04,	 rhs=5.964766e+08, relative=2.674404e-05.
  itrIdx=351,	residual=1.598275e+04,	 rhs=5.964766e+08, relative=2.679526e-05.
  itrIdx=352,	residual=1.596480e+04,	 rhs=5.964766e+08, relative=2.676517e-05.
  itrIdx=353,	residual=1.379765e+04,	 rhs=5.964766e+08, relative=2.313192e-05.
  itrIdx=354,	residual=1.507906e+04,	 rhs=5.964766e+08, relative=2.528022e-05.
  itrIdx=355,	residual=1.592861e+04,	 rhs=5.964766e+08, relative=2.670450e-05.
  itrIdx=356,	residual=1.458713e+04,	 rhs=5.964766e+08, relative=2.445549e-05.
  itrIdx=357,	residual=1.615237e+04,	 rhs=5.964766e+08, relative=2.707963e-05.
  itrIdx=358,	residual=1.632793e+04,	 rhs=5.964766e+08, relative=2.737396e-05.
  itrIdx=359,	residual=1.551636e+04,	 rhs=5.964766e+08, relative=2.601336e-05.
  itrIdx=360,	residual=1.677567e+04,	 rhs=5.964766e+08, relative=2.812460e-05.
  itrIdx=361,	residual=1.453713e+04,	 rhs=5.964766e+08, relative=2.437166e-05.
  itrIdx=362,	residual=1.484410e+04,	 rhs=5.964766e+08, relative=2.488631e-05.
  itrIdx=363,	residual=1.499460e+04,	 rhs=5.964766e+08, relative=2.513862e-05.
  itrIdx=364,	residual=1.371094e+04,	 rhs=5.964766e+08, relative=2.298655e-05.
  itrIdx=365,	residual=1.582751e+04,	 rhs=5.964766e+08, relative=2.653500e-05.
  itrIdx=366,	residual=1.667921e+04,	 rhs=5.964766e+08, relative=2.796289e-05.
  itrIdx=367,	residual=1.467730e+04,	 rhs=5.964766e+08, relative=2.460666e-05.
  itrIdx=368,	residual=1.736053e+04,	 rhs=5.964766e+08, relative=2.910513e-05.
  itrIdx=369,	residual=1.496882e+04,	 rhs=5.964766e+08, relative=2.509539e-05.
  itrIdx=370,	residual=1.358807e+04,	 rhs=5.964766e+08, relative=2.278056e-05.
  itrIdx=371,	residual=1.441281e+04,	 rhs=5.964766e+08, relative=2.416325e-05.
  itrIdx=372,	residual=1.372903e+04,	 rhs=5.964766e+08, relative=2.301688e-05.
  itrIdx=373,	residual=1.488019e+04,	 rhs=5.964766e+08, relative=2.494681e-05.
  itrIdx=374,	residual=1.624985e+04,	 rhs=5.964766e+08, relative=2.724306e-05.
  itrIdx=375,	residual=1.492629e+04,	 rhs=5.964766e+08, relative=2.502410e-05.
  itrIdx=376,	residual=1.635340e+04,	 rhs=5.964766e+08, relative=2.741667e-05.
  itrIdx=377,	residual=1.466725e+04,	 rhs=5.964766e+08, relative=2.458981e-05.
  itrIdx=378,	residual=1.316485e+04,	 rhs=5.964766e+08, relative=2.207103e-05.
  itrIdx=379,	residual=1.457519e+04,	 rhs=5.964766e+08, relative=2.443548e-05.
  itrIdx=380,	residual=1.345478e+04,	 rhs=5.964766e+08, relative=2.255709e-05.
  itrIdx=381,	residual=1.360559e+04,	 rhs=5.964766e+08, relative=2.280993e-05.
  itrIdx=382,	residual=1.582716e+04,	 rhs=5.964766e+08, relative=2.653441e-05.
  itrIdx=383,	residual=1.446617e+04,	 rhs=5.964766e+08, relative=2.425270e-05.
  itrIdx=384,	residual=1.681814e+04,	 rhs=5.964766e+08, relative=2.819581e-05.
  itrIdx=385,	residual=1.610586e+04,	 rhs=5.964766e+08, relative=2.700167e-05.
  itrIdx=386,	residual=1.426103e+04,	 rhs=5.964766e+08, relative=2.390878e-05.
  itrIdx=387,	residual=1.529303e+04,	 rhs=5.964766e+08, relative=2.563894e-05.
  itrIdx=388,	residual=1.326642e+04,	 rhs=5.964766e+08, relative=2.224131e-05.
  itrIdx=389,	residual=1.301377e+04,	 rhs=5.964766e+08, relative=2.181773e-05.
  itrIdx=390,	residual=1.490263e+04,	 rhs=5.964766e+08, relative=2.498443e-05.
  itrIdx=391,	residual=1.317817e+04,	 rhs=5.964766e+08, relative=2.209335e-05.
  itrIdx=392,	residual=1.456146e+04,	 rhs=5.964766e+08, relative=2.441245e-05.
  itrIdx=393,	residual=1.620455e+04,	 rhs=5.964766e+08, relative=2.716711e-05.
  itrIdx=394,	residual=1.386184e+04,	 rhs=5.964766e+08, relative=2.323953e-05.
  itrIdx=395,	residual=1.517765e+04,	 rhs=5.964766e+08, relative=2.544551e-05.
  itrIdx=396,	residual=1.425170e+04,	 rhs=5.964766e+08, relative=2.389315e-05.
  itrIdx=397,	residual=1.401409e+04,	 rhs=5.964766e+08, relative=2.349479e-05.
  itrIdx=398,	residual=1.561359e+04,	 rhs=5.964766e+08, relative=2.617637e-05.
  itrIdx=399,	residual=1.399500e+04,	 rhs=5.964766e+08, relative=2.346278e-05.
  itrIdx=400,	residual=1.481586e+04,	 rhs=5.964766e+08, relative=2.483897e-05.
  itrIdx=401,	residual=1.468836e+04,	 rhs=5.964766e+08, relative=2.462520e-05.
  itrIdx=402,	residual=1.285945e+04,	 rhs=5.964766e+08, relative=2.155903e-05.
  itrIdx=403,	residual=1.482126e+04,	 rhs=5.964766e+08, relative=2.484802e-05.
  itrIdx=404,	residual=1.479159e+04,	 rhs=5.964766e+08, relative=2.479827e-05.
  itrIdx=405,	residual=1.480105e+04,	 rhs=5.964766e+08, relative=2.481412e-05.
  itrIdx=406,	residual=1.728076e+04,	 rhs=5.964766e+08, relative=2.897140e-05.
  itrIdx=407,	residual=1.358241e+04,	 rhs=5.964766e+08, relative=2.277107e-05.
  itrIdx=408,	residual=1.358674e+04,	 rhs=5.964766e+08, relative=2.277832e-05.
  itrIdx=409,	residual=1.281201e+04,	 rhs=5.964766e+08, relative=2.147949e-05.
  itrIdx=410,	residual=1.177114e+04,	 rhs=5.964766e+08, relative=1.973446e-05.
  itrIdx=411,	residual=1.343675e+04,	 rhs=5.964766e+08, relative=2.252687e-05.
  itrIdx=412,	residual=1.349274e+04,	 rhs=5.964766e+08, relative=2.262073e-05.
  itrIdx=413,	residual=1.425762e+04,	 rhs=5.964766e+08, relative=2.390307e-05.
  itrIdx=414,	residual=1.758572e+04,	 rhs=5.964766e+08, relative=2.948267e-05.
  itrIdx=415,	residual=1.401553e+04,	 rhs=5.964766e+08, relative=2.349720e-05.
  itrIdx=416,	residual=1.365673e+04,	 rhs=5.964766e+08, relative=2.289566e-05.
  itrIdx=417,	residual=1.267443e+04,	 rhs=5.964766e+08, relative=2.124882e-05.
  itrIdx=418,	residual=1.141966e+04,	 rhs=5.964766e+08, relative=1.914519e-05.
  itrIdx=419,	residual=1.205827e+04,	 rhs=5.964766e+08, relative=2.021583e-05.
  itrIdx=420,	residual=1.226179e+04,	 rhs=5.964766e+08, relative=2.055703e-05.
  itrIdx=421,	residual=1.236402e+04,	 rhs=5.964766e+08, relative=2.072842e-05.
  itrIdx=422,	residual=1.422975e+04,	 rhs=5.964766e+08, relative=2.385634e-05.
  itrIdx=423,	residual=1.317305e+04,	 rhs=5.964766e+08, relative=2.208478e-05.
  itrIdx=424,	residual=1.224996e+04,	 rhs=5.964766e+08, relative=2.053721e-05.
  itrIdx=425,	residual=1.285889e+04,	 rhs=5.964766e+08, relative=2.155808e-05.
  itrIdx=426,	residual=1.171142e+04,	 rhs=5.964766e+08, relative=1.963433e-05.
  itrIdx=427,	residual=1.215738e+04,	 rhs=5.964766e+08, relative=2.038199e-05.
  itrIdx=428,	residual=1.417779e+04,	 rhs=5.964766e+08, relative=2.376923e-05.
  itrIdx=429,	residual=1.276024e+04,	 rhs=5.964766e+08, relative=2.139270e-05.
  itrIdx=430,	residual=1.467153e+04,	 rhs=5.964766e+08, relative=2.459699e-05.
  itrIdx=431,	residual=1.383114e+04,	 rhs=5.964766e+08, relative=2.318807e-05.
  itrIdx=432,	residual=1.205101e+04,	 rhs=5.964766e+08, relative=2.020366e-05.
  itrIdx=433,	residual=1.312008e+04,	 rhs=5.964766e+08, relative=2.199596e-05.
  itrIdx=434,	residual=1.204417e+04,	 rhs=5.964766e+08, relative=2.019219e-05.
  itrIdx=435,	residual=1.147701e+04,	 rhs=5.964766e+08, relative=1.924134e-05.
  itrIdx=436,	residual=1.259722e+04,	 rhs=5.964766e+08, relative=2.111938e-05.
  itrIdx=437,	residual=1.137296e+04,	 rhs=5.964766e+08, relative=1.906689e-05.
  itrIdx=438,	residual=1.181745e+04,	 rhs=5.964766e+08, relative=1.981210e-05.
  itrIdx=439,	residual=1.300313e+04,	 rhs=5.964766e+08, relative=2.179990e-05.
  itrIdx=440,	residual=1.249258e+04,	 rhs=5.964766e+08, relative=2.094395e-05.
  itrIdx=441,	residual=1.509931e+04,	 rhs=5.964766e+08, relative=2.531417e-05.
  itrIdx=442,	residual=1.471052e+04,	 rhs=5.964766e+08, relative=2.466236e-05.
  itrIdx=443,	residual=1.254485e+04,	 rhs=5.964766e+08, relative=2.103159e-05.
  itrIdx=444,	residual=1.352981e+04,	 rhs=5.964766e+08, relative=2.268288e-05.
  itrIdx=445,	residual=1.123945e+04,	 rhs=5.964766e+08, relative=1.884308e-05.
  itrIdx=446,	residual=1.055474e+04,	 rhs=5.964766e+08, relative=1.769515e-05.
  itrIdx=447,	residual=1.174413e+04,	 rhs=5.964766e+08, relative=1.968917e-05.
  itrIdx=448,	residual=1.090907e+04,	 rhs=5.964766e+08, relative=1.828919e-05.
  itrIdx=449,	residual=1.188752e+04,	 rhs=5.964766e+08, relative=1.992956e-05.
  itrIdx=450,	residual=1.289387e+04,	 rhs=5.964766e+08, relative=2.161673e-05.
  itrIdx=451,	residual=1.166830e+04,	 rhs=5.964766e+08, relative=1.956204e-05.
  itrIdx=452,	residual=1.285226e+04,	 rhs=5.964766e+08, relative=2.154697e-05.
  itrIdx=453,	residual=1.212254e+04,	 rhs=5.964766e+08, relative=2.032357e-05.
  itrIdx=454,	residual=1.135803e+04,	 rhs=5.964766e+08, relative=1.904187e-05.
  itrIdx=455,	residual=1.253883e+04,	 rhs=5.964766e+08, relative=2.102150e-05.
  itrIdx=456,	residual=1.158660e+04,	 rhs=5.964766e+08, relative=1.942507e-05.
  itrIdx=457,	residual=1.101704e+04,	 rhs=5.964766e+08, relative=1.847019e-05.
  itrIdx=458,	residual=1.218997e+04,	 rhs=5.964766e+08, relative=2.043663e-05.
  itrIdx=459,	residual=1.078491e+04,	 rhs=5.964766e+08, relative=1.808102e-05.
  itrIdx=460,	residual=1.117507e+04,	 rhs=5.964766e+08, relative=1.873513e-05.
  itrIdx=461,	residual=1.195798e+04,	 rhs=5.964766e+08, relative=2.004769e-05.
  itrIdx=462,	residual=1.098050e+04,	 rhs=5.964766e+08, relative=1.840894e-05.
  itrIdx=463,	residual=1.198540e+04,	 rhs=5.964766e+08, relative=2.009366e-05.
  itrIdx=464,	residual=1.128162e+04,	 rhs=5.964766e+08, relative=1.891376e-05.
  itrIdx=465,	residual=1.076433e+04,	 rhs=5.964766e+08, relative=1.804652e-05.
  itrIdx=466,	residual=1.194411e+04,	 rhs=5.964766e+08, relative=2.002444e-05.
  itrIdx=467,	residual=1.093280e+04,	 rhs=5.964766e+08, relative=1.832897e-05.
  itrIdx=468,	residual=1.111370e+04,	 rhs=5.964766e+08, relative=1.863225e-05.
  itrIdx=469,	residual=1.304497e+04,	 rhs=5.964766e+08, relative=2.187004e-05.
  itrIdx=470,	residual=1.022149e+04,	 rhs=5.964766e+08, relative=1.713645e-05.
  itrIdx=471,	residual=1.076824e+04,	 rhs=5.964766e+08, relative=1.805308e-05.
  itrIdx=472,	residual=1.108258e+04,	 rhs=5.964766e+08, relative=1.858008e-05.
  itrIdx=473,	residual=9.999962e+03,	 rhs=5.964766e+08, relative=1.676505e-05.
  itrIdx=474,	residual=1.186085e+04,	 rhs=5.964766e+08, relative=1.988485e-05.
  itrIdx=475,	residual=1.147216e+04,	 rhs=5.964766e+08, relative=1.923321e-05.
  itrIdx=476,	residual=1.153436e+04,	 rhs=5.964766e+08, relative=1.933749e-05.
  itrIdx=477,	residual=1.224829e+04,	 rhs=5.964766e+08, relative=2.053441e-05.
  itrIdx=478,	residual=1.050098e+04,	 rhs=5.964766e+08, relative=1.760501e-05.
  itrIdx=479,	residual=1.083241e+04,	 rhs=5.964766e+08, relative=1.816066e-05.
  itrIdx=480,	residual=1.151909e+04,	 rhs=5.964766e+08, relative=1.931190e-05.
  itrIdx=481,	residual=1.035863e+04,	 rhs=5.964766e+08, relative=1.736636e-05.
  itrIdx=482,	residual=1.249748e+04,	 rhs=5.964766e+08, relative=2.095217e-05.
  itrIdx=483,	residual=1.300381e+04,	 rhs=5.964766e+08, relative=2.180104e-05.
  itrIdx=484,	residual=1.055639e+04,	 rhs=5.964766e+08, relative=1.769791e-05.
  itrIdx=485,	residual=1.209327e+04,	 rhs=5.964766e+08, relative=2.027451e-05.
  itrIdx=486,	residual=1.027003e+04,	 rhs=5.964766e+08, relative=1.721782e-05.
  itrIdx=487,	residual=9.230718e+03,	 rhs=5.964766e+08, relative=1.547541e-05.
  itrIdx=488,	residual=1.089764e+04,	 rhs=5.964766e+08, relative=1.827001e-05.
  itrIdx=489,	residual=9.909046e+03,	 rhs=5.964766e+08, relative=1.661263e-05.
  itrIdx=490,	residual=1.039144e+04,	 rhs=5.964766e+08, relative=1.742137e-05.
  itrIdx=491,	residual=1.303269e+04,	 rhs=5.964766e+08, relative=2.184946e-05.
  itrIdx=492,	residual=1.033201e+04,	 rhs=5.964766e+08, relative=1.732174e-05.
  itrIdx=493,	residual=1.167041e+04,	 rhs=5.964766e+08, relative=1.956557e-05.
  itrIdx=494,	residual=1.153775e+04,	 rhs=5.964766e+08, relative=1.934318e-05.
  itrIdx=495,	residual=9.643203e+03,	 rhs=5.964766e+08, relative=1.616694e-05.
  itrIdx=496,	residual=1.048119e+04,	 rhs=5.964766e+08, relative=1.757184e-05.
  itrIdx=497,	residual=9.199557e+03,	 rhs=5.964766e+08, relative=1.542316e-05.
  itrIdx=498,	residual=8.537840e+03,	 rhs=5.964766e+08, relative=1.431379e-05.
  itrIdx=499,	residual=8.902445e+03,	 rhs=5.964766e+08, relative=1.492505e-05.
  itrIdx=500,	residual=7.755041e+03,	 rhs=5.964766e+08, relative=1.300142e-05.
  itrIdx=501,	residual=8.184336e+03,	 rhs=5.964766e+08, relative=1.372113e-05.
  itrIdx=502,	residual=9.136151e+03,	 rhs=5.964766e+08, relative=1.531686e-05.
  itrIdx=503,	residual=8.544408e+03,	 rhs=5.964766e+08, relative=1.432480e-05.
  itrIdx=504,	residual=1.068142e+04,	 rhs=5.964766e+08, relative=1.790752e-05.
  itrIdx=505,	residual=1.168455e+04,	 rhs=5.964766e+08, relative=1.958929e-05.
  itrIdx=506,	residual=9.275269e+03,	 rhs=5.964766e+08, relative=1.555010e-05.
  itrIdx=507,	residual=1.045848e+04,	 rhs=5.964766e+08, relative=1.753376e-05.
  itrIdx=508,	residual=9.429355e+03,	 rhs=5.964766e+08, relative=1.580842e-05.
  itrIdx=509,	residual=7.772956e+03,	 rhs=5.964766e+08, relative=1.303145e-05.
  itrIdx=510,	residual=8.888751e+03,	 rhs=5.964766e+08, relative=1.490209e-05.
  itrIdx=511,	residual=8.519261e+03,	 rhs=5.964766e+08, relative=1.428264e-05.
  itrIdx=512,	residual=7.844172e+03,	 rhs=5.964766e+08, relative=1.315085e-05.
  itrIdx=513,	residual=8.768138e+03,	 rhs=5.964766e+08, relative=1.469989e-05.
  itrIdx=514,	residual=8.060218e+03,	 rhs=5.964766e+08, relative=1.351305e-05.
  itrIdx=515,	residual=8.721405e+03,	 rhs=5.964766e+08, relative=1.462154e-05.
  itrIdx=516,	residual=9.032027e+03,	 rhs=5.964766e+08, relative=1.514230e-05.
  itrIdx=517,	residual=8.501586e+03,	 rhs=5.964766e+08, relative=1.425301e-05.
  itrIdx=518,	residual=1.128310e+04,	 rhs=5.964766e+08, relative=1.891625e-05.
  itrIdx=519,	residual=9.551643e+03,	 rhs=5.964766e+08, relative=1.601344e-05.
  itrIdx=520,	residual=8.229481