========================================================
Contrast_x,y,z=4  25  100
Get kvals from python.
1.04858e+06  6.5536e+06  2.62144e+07  2.62144e+07  2.62144e+07  262144  262144  262144  262144  262144  10485.8  65536  262144  262144  262144  
Use the following reference parameters:
10485.8  65536  262144  262144  262144  
GPU solver with FCT preconditioner.
  itrIdx=1,	residual=6.641216e+08,	 rhs=6.715918e+09, relative=9.888769e-02.
  itrIdx=2,	residual=5.200554e+08,	 rhs=6.715918e+09, relative=7.743624e-02.
  itrIdx=3,	residual=5.359370e+08,	 rhs=6.715918e+09, relative=7.980100e-02.
  itrIdx=4,	residual=5.812693e+08,	 rhs=6.715918e+09, relative=8.655098e-02.
  itrIdx=5,	residual=3.621373e+08,	 rhs=6.715918e+09, relative=5.392223e-02.
  itrIdx=6,	residual=2.881178e+08,	 rhs=6.715918e+09, relative=4.290073e-02.
  itrIdx=7,	residual=2.875501e+08,	 rhs=6.715918e+09, relative=4.281620e-02.
  itrIdx=8,	residual=3.053341e+08,	 rhs=6.715918e+09, relative=4.546425e-02.
  itrIdx=9,	residual=2.507781e+08,	 rhs=6.715918e+09, relative=3.734086e-02.
  itrIdx=10,	residual=1.311678e+08,	 rhs=6.715918e+09, relative=1.953089e-02.
  itrIdx=11,	residual=1.099540e+08,	 rhs=6.715918e+09, relative=1.637214e-02.
  itrIdx=12,	residual=1.268551e+08,	 rhs=6.715918e+09, relative=1.888872e-02.
  itrIdx=13,	residual=7.511307e+07,	 rhs=6.715918e+09, relative=1.118433e-02.
  itrIdx=14,	residual=7.483554e+07,	 rhs=6.715918e+09, relative=1.114301e-02.
  itrIdx=15,	residual=5.012449e+07,	 rhs=6.715918e+09, relative=7.463536e-03.
  itrIdx=16,	residual=3.909788e+07,	 rhs=6.715918e+09, relative=5.821674e-03.
  itrIdx=17,	residual=3.264473e+07,	 rhs=6.715918e+09, relative=4.860800e-03.
  itrIdx=18,	residual=2.908611e+07,	 rhs=6.715918e+09, relative=4.330921e-03.
  itrIdx=19,	residual=2.520841e+07,	 rhs=6.715918e+09, relative=3.753531e-03.
  itrIdx=20,	residual=1.695352e+07,	 rhs=6.715918e+09, relative=2.524379e-03.
  itrIdx=21,	residual=1.237627e+07,	 rhs=6.715918e+09, relative=1.842826e-03.
  itrIdx=22,	residual=1.203398e+07,	 rhs=6.715918e+09, relative=1.791859e-03.
  itrIdx=23,	residual=7.476982e+06,	 rhs=6.715918e+09, relative=1.113322e-03.
  itrIdx=24,	residual=8.320353e+06,	 rhs=6.715918e+09, relative=1.238900e-03.
  itrIdx=25,	residual=5.951974e+06,	 rhs=6.715918e+09, relative=8.862487e-04.
  itrIdx=26,	residual=4.224824e+06,	 rhs=6.715918e+09, relative=6.290762e-04.
  itrIdx=27,	residual=4.220701e+06,	 rhs=6.715918e+09, relative=6.284623e-04.
  itrIdx=28,	residual=2.771199e+06,	 rhs=6.715918e+09, relative=4.126315e-04.
  itrIdx=29,	residual=2.709904e+06,	 rhs=6.715918e+09, relative=4.035047e-04.
  itrIdx=30,	residual=1.804987e+06,	 rhs=6.715918e+09, relative=2.687626e-04.
  itrIdx=31,	residual=1.752543e+06,	 rhs=6.715918e+09, relative=2.609535e-04.
  itrIdx=32,	residual=1.437538e+06,	 rhs=6.715918e+09, relative=2.140494e-04.
  itrIdx=33,	residual=8.345016e+05,	 rhs=6.715918e+09, relative=1.242573e-04.
  itrIdx=34,	residual=1.091102e+06,	 rhs=6.715918e+09, relative=1.624650e-04.
  itrIdx=35,	residual=6.221991e+05,	 rhs=6.715918e+09, relative=9.264544e-05.
  itrIdx=36,	residual=5.944597e+05,	 rhs=6.715918e+09, relative=8.851503e-05.
  itrIdx=37,	residual=4.597819e+05,	 rhs=6.715918e+09, relative=6.846152e-05.
  itrIdx=38,	residual=3.659940e+05,	 rhs=6.715918e+09, relative=5.449650e-05.
  itrIdx=39,	residual=3.506684e+05,	 rhs=6.715918e+09, relative=5.221451e-05.
  itrIdx=40,	residual=2.051866e+05,	 rhs=6.715918e+09, relative=3.055227e-05.
  itrIdx=41,	residual=2.467967e+05,	 rhs=6.715918e+09, relative=3.674802e-05.
  itrIdx=42,	residual=1.440718e+05,	 rhs=6.715918e+09, relative=2.145229e-05.
  itrIdx=43,	residual=1.334498e+05,	 rhs=6.715918e+09, relative=1.987067e-05.
  itrIdx=44,	residual=1.131422e+05,	 rhs=6.715918e+09, relative=1.684687e-05.
  itrIdx=45,	residual=7.395412e+04,	 rhs=6.715918e+09, relative=1.101177e-05.
  itrIdx=46,	residual=7.957941e+04,	 rhs=6.715918e+09, relative=1.184937e-05.
Reach rtol=1.000000e-05, the solver exits with residual=5.380400e+04 and iterations=47.
  homoCoeffZ=7.4621
========================================================
Contrast_x,y,z=8  125  1000
Get kvals from python.
2.09715e+06  3.2768e+07  2.62144e+08  2.62144e+08  2.62144e+08  262144  262144  262144  262144  262144  2097.15  32768  262144  262144  262144  
Use the following reference parameters:
2097.15  32768  262144  262144  262144  
GPU solver with FCT preconditioner.
  itrIdx=1,	residual=4.618378e+09,	 rhs=6.710937e+10, relative=6.881868e-02.
  itrIdx=2,	residual=2.865580e+09,	 rhs=6.710937e+10, relative=4.270014e-02.
  itrIdx=3,	residual=1.929310e+09,	 rhs=6.710937e+10, relative=2.874874e-02.
  itrIdx=4,	residual=2.111353e+09,	 rhs=6.710937e+10, relative=3.146138e-02.
  itrIdx=5,	residual=1.409024e+09,	 rhs=6.710937e+10, relative=2.099594e-02.
  itrIdx=6,	residual=9.489602e+08,	 rhs=6.710937e+10, relative=1.414050e-02.
  itrIdx=7,	residual=1.001936e+09,	 rhs=6.710937e+10, relative=1.492990e-02.
  itrIdx=8,	residual=7.016858e+08,	 rhs=6.710937e+10, relative=1.045585e-02.
  itrIdx=9,	residual=7.708749e+08,	 rhs=6.710937e+10, relative=1.148684e-02.
  itrIdx=10,	residual=8.595085e+08,	 rhs=6.710937e+10, relative=1.280758e-02.
  itrIdx=11,	residual=6.156539e+08,	 rhs=6.710937e+10, relative=9.173889e-03.
  itrIdx=12,	residual=6.497526e+08,	 rhs=6.710937e+10, relative=9.681996e-03.
  itrIdx=13,	residual=8.287136e+08,	 rhs=6.710937e+10, relative=1.234870e-02.
  itrIdx=14,	residual=5.264023e+08,	 rhs=6.710937e+10, relative=7.843947e-03.
  itrIdx=15,	residual=6.443932e+08,	 rhs=6.710937e+10, relative=9.602135e-03.
  itrIdx=16,	residual=7.967681e+08,	 rhs=6.710937e+10, relative=1.187268e-02.
  itrIdx=17,	residual=5.408549e+08,	 rhs=6.710937e+10, relative=8.059305e-03.
  itrIdx=18,	residual=6.834157e+08,	 rhs=6.710937e+10, relative=1.018361e-02.
  itrIdx=19,	residual=6.590648e+08,	 rhs=6.710937e+10, relative=9.820758e-03.
  itrIdx=20,	residual=4.763803e+08,	 rhs=6.710937e+10, relative=7.098566e-03.
  itrIdx=21,	residual=6.924364e+08,	 rhs=6.710937e+10, relative=1.031803e-02.
  itrIdx=22,	residual=5.549886e+08,	 rhs=6.710937e+10, relative=8.269913e-03.
  itrIdx=23,	residual=4.611239e+08,	 rhs=6.710937e+10, relative=6.871230e-03.
  itrIdx=24,	residual=6.032007e+08,	 rhs=6.710937e+10, relative=8.988323e-03.
  itrIdx=25,	residual=4.144220e+08,	 rhs=6.710937e+10, relative=6.175322e-03.
  itrIdx=26,	residual=4.182923e+08,	 rhs=6.710937e+10, relative=6.232995e-03.
  itrIdx=27,	residual=5.203128e+08,	 rhs=6.710937e+10, relative=7.753207e-03.
  itrIdx=28,	residual=3.284974e+08,	 rhs=6.710937e+10, relative=4.894956e-03.
  itrIdx=29,	residual=3.805075e+08,	 rhs=6.710937e+10, relative=5.669961e-03.
  itrIdx=30,	residual=4.194602e+08,	 rhs=6.710937e+10, relative=6.250398e-03.
  itrIdx=31,	residual=2.879989e+08,	 rhs=6.710937e+10, relative=4.291486e-03.
  itrIdx=32,	residual=2.986213e+08,	 rhs=6.710937e+10, relative=4.449771e-03.
  itrIdx=33,	residual=2.966518e+08,	 rhs=6.710937e+10, relative=4.420423e-03.
  itrIdx=34,	residual=2.644790e+08,	 rhs=6.710937e+10, relative=3.941014e-03.
  itrIdx=35,	residual=2.577009e+08,	 rhs=6.710937e+10, relative=3.840014e-03.
  itrIdx=36,	residual=2.096378e+08,	 rhs=6.710937e+10, relative=3.123823e-03.
  itrIdx=37,	residual=2.363418e+08,	 rhs=6.710937e+10, relative=3.521742e-03.
  itrIdx=38,	residual=2.165007e+08,	 rhs=6.710937e+10, relative=3.226088e-03.
  itrIdx=39,	residual=1.573716e+08,	 rhs=6.710937e+10, relative=2.345003e-03.
  itrIdx=40,	residual=1.806592e+08,	 rhs=6.710937e+10, relative=2.692012e-03.
  itrIdx=41,	residual=1.670104e+08,	 rhs=6.710937e+10, relative=2.488630e-03.
  itrIdx=42,	residual=1.415310e+08,	 rhs=6.710937e+10, relative=2.108960e-03.
  itrIdx=43,	residual=1.606558e+08,	 rhs=6.710937e+10, relative=2.393941e-03.
  itrIdx=44,	residual=1.121471e+08,	 rhs=6.710937e+10, relative=1.671110e-03.
  itrIdx=45,	residual=1.238383e+08,	 rhs=6.710937e+10, relative=1.845321e-03.
  itrIdx=46,	residual=1.255177e+08,	 rhs=6.710937e+10, relative=1.870346e-03.
  itrIdx=47,	residual=8.028116e+07,	 rhs=6.710937e+10, relative=1.196273e-03.
  itrIdx=48,	residual=1.187749e+08,	 rhs=6.710937e+10, relative=1.769871e-03.
  itrIdx=49,	residual=1.053846e+08,	 rhs=6.710937e+10, relative=1.570341e-03.
  itrIdx=50,	residual=6.692544e+07,	 rhs=6.710937e+10, relative=9.972592e-04.
  itrIdx=51,	residual=9.904757e+07,	 rhs=6.710937e+10, relative=1.475913e-03.
  itrIdx=52,	residual=7.501369e+07,	 rhs=6.710937e+10, relative=1.117783e-03.
  itrIdx=53,	residual=5.992323e+07,	 rhs=6.710937e+10, relative=8.929189e-04.
  itrIdx=54,	residual=8.292224e+07,	 rhs=6.710937e+10, relative=1.235628e-03.
  itrIdx=55,	residual=5.784939e+07,	 rhs=6.710937e+10, relative=8.620166e-04.
  itrIdx=56,	residual=5.060894e+07,	 rhs=6.710937e+10, relative=7.541263e-04.
  itrIdx=57,	residual=5.831313e+07,	 rhs=6.710937e+10, relative=8.689269e-04.
  itrIdx=58,	residual=4.244848e+07,	 rhs=6.710937e+10, relative=6.325269e-04.
  itrIdx=59,	residual=4.519247e+07,	 rhs=6.710937e+10, relative=6.734152e-04.
  itrIdx=60,	residual=4.516593e+07,	 rhs=6.710937e+10, relative=6.730198e-04.
  itrIdx=61,	residual=3.285936e+07,	 rhs=6.710937e+10, relative=4.896389e-04.
  itrIdx=62,	residual=3.842014e+07,	 rhs=6.710937e+10, relative=5.725005e-04.
  itrIdx=63,	residual=3.047081e+07,	 rhs=6.710937e+10, relative=4.540470e-04.
  itrIdx=64,	residual=2.763726e+07,	 rhs=6.710937e+10, relative=4.118242e-04.
  itrIdx=65,	residual=3.103510e+07,	 rhs=6.710937e+10, relative=4.624556e-04.
  itrIdx=66,	residual=2.477746e+07,	 rhs=6.710937e+10, relative=3.692102e-04.
  itrIdx=67,	residual=2.598212e+07,	 rhs=6.710937e+10, relative=3.871608e-04.
  itrIdx=68,	residual=2.263454e+07,	 rhs=6.710937e+10, relative=3.372783e-04.
  itrIdx=69,	residual=2.000380e+07,	 rhs=6.710937e+10, relative=2.980776e-04.
  itrIdx=70,	residual=2.503710e+07,	 rhs=6.710937e+10, relative=3.730791e-04.
  itrIdx=71,	residual=1.773864e+07,	 rhs=6.710937e+10, relative=2.643243e-04.
  itrIdx=72,	residual=1.910478e+07,	 rhs=6.710937e+10, relative=2.846813e-04.
  itrIdx=73,	residual=2.169271e+07,	 rhs=6.710937e+10, relative=3.232441e-04.
  itrIdx=74,	residual=1.313787e+07,	 rhs=6.710937e+10, relative=1.957680e-04.
  itrIdx=75,	residual=1.605514e+07,	 rhs=6.710937e+10, relative=2.392385e-04.
  itrIdx=76,	residual=1.737252e+07,	 rhs=6.710937e+10, relative=2.588688e-04.
  itrIdx=77,	residual=1.087849e+07,	 rhs=6.710937e+10, relative=1.621010e-04.
  itrIdx=78,	residual=1.524113e+07,	 rhs=6.710937e+10, relative=2.271088e-04.
  itrIdx=79,	residual=1.253713e+07,	 rhs=6.710937e+10, relative=1.868164e-04.
  itrIdx=80,	residual=8.993259e+06,	 rhs=6.710937e+10, relative=1.340090e-04.
  itrIdx=81,	residual=1.234158e+07,	 rhs=6.710937e+10, relative=1.839026e-04.
  itrIdx=82,	residual=9.064188e+06,	 rhs=6.710937e+10, relative=1.350659e-04.
  itrIdx=83,	residual=7.794525e+06,	 rhs=6.710937e+10, relative=1.161466e-04.
  itrIdx=84,	residual=1.005050e+07,	 rhs=6.710937e+10, relative=1.497630e-04.
  itrIdx=85,	residual=6.603888e+06,	 rhs=6.710937e+10, relative=9.840487e-05.
  itrIdx=86,	residual=6.947755e+06,	 rhs=6.710937e+10, relative=1.035288e-04.
  itrIdx=87,	residual=7.333145e+06,	 rhs=6.710937e+10, relative=1.092716e-04.
  itrIdx=88,	residual=5.278103e+06,	 rhs=6.710937e+10, relative=7.864928e-05.
  itrIdx=89,	residual=6.214290e+06,	 rhs=6.710937e+10, relative=9.259944e-05.
  itrIdx=90,	residual=5.471731e+06,	 rhs=6.710937e+10, relative=8.153453e-05.
  itrIdx=91,	residual=4.655601e+06,	 rhs=6.710937e+10, relative=6.937334e-05.
  itrIdx=92,	residual=5.128344e+06,	 rhs=6.710937e+10, relative=7.641771e-05.
  itrIdx=93,	residual=4.164234e+06,	 rhs=6.710937e+10, relative=6.205146e-05.
  itrIdx=94,	residual=4.344288e+06,	 rhs=6.710937e+10, relative=6.473445e-05.
  itrIdx=95,	residual=3.870006e+06,	 rhs=6.710937e+10, relative=5.766715e-05.
  itrIdx=96,	residual=3.456721e+06,	 rhs=6.710937e+10, relative=5.150877e-05.
  itrIdx=97,	residual=4.058360e+06,	 rhs=6.710937e+10, relative=6.047383e-05.
  itrIdx=98,	residual=3.017435e+06,	 rhs=6.710937e+10, relative=4.496295e-05.
  itrIdx=99,	residual=2.936660e+06,	 rhs=6.710937e+10, relative=4.375931e-05.
  itrIdx=100,	residual=3.579366e+06,	 rhs=6.710937e+10, relative=5.333630e-05.
  itrIdx=101,	residual=2.414058e+06,	 rhs=6.710937e+10, relative=3.597199e-05.
  itrIdx=102,	residual=2.559645e+06,	 rhs=6.710937e+10, relative=3.814139e-05.
  itrIdx=103,	residual=2.921905e+06,	 rhs=6.710937e+10, relative=4.353945e-05.
  itrIdx=104,	residual=1.840853e+06,	 rhs=6.710937e+10, relative=2.743064e-05.
  itrIdx=105,	residual=2.400945e+06,	 rhs=6.710937e+10, relative=3.577659e-05.
  itrIdx=106,	residual=2.255528e+06,	 rhs=6.710937e+10, relative=3.360974e-05.
  itrIdx=107,	residual=1.490062e+06,	 rhs=6.710937e+10, relative=2.220349e-05.
  itrIdx=108,	residual=2.087084e+06,	 rhs=6.710937e+10, relative=3.109975e-05.
  itrIdx=109,	residual=1.611943e+06,	 rhs=6.710937e+10, relative=2.401964e-05.
  itrIdx=110,	residual=1.350259e+06,	 rhs=6.710937e+10, relative=2.012028e-05.
  itrIdx=111,	residual=1.773673e+06,	 rhs=6.710937e+10, relative=2.642958e-05.
  itrIdx=112,	residual=1.187132e+06,	 rhs=6.710937e+10, relative=1.768951e-05.
  itrIdx=113,	residual=1.170895e+06,	 rhs=6.710937e+10, relative=1.744756e-05.
  itrIdx=114,	residual=1.378542e+06,	 rhs=6.710937e+10, relative=2.054172e-05.
  itrIdx=115,	residual=9.916799e+05,	 rhs=6.710937e+10, relative=1.477707e-05.
  itrIdx=116,	residual=1.056804e+06,	 rhs=6.710937e+10, relative=1.574748e-05.
  itrIdx=117,	residual=1.044003e+06,	 rhs=6.710937e+10, relative=1.555674e-05.
  itrIdx=118,	residual=8.202253e+05,	 rhs=6.710937e+10, relative=1.222222e-05.
  itrIdx=119,	residual=9.058665e+05,	 rhs=6.710937e+10, relative=1.349836e-05.
  itrIdx=120,	residual=7.647385e+05,	 rhs=6.710937e+10, relative=1.139541e-05.
  itrIdx=121,	residual=7.953083e+05,	 rhs=6.710937e+10, relative=1.185093e-05.
  itrIdx=122,	residual=7.495310e+05,	 rhs=6.710937e+10, relative=1.116880e-05.
Reach rtol=1.000000e-05, the solver exits with residual=6.051185e+05 and iterations=123.
  homoCoeffZ=64.0951
========================================================
Contrast_x,y,z=16  625  10000
Get kvals from python.
4.1943e+06  1.6384e+08  2.62144e+09  2.62144e+09  2.62144e+09  262144  262144  262144  262144  262144  419.43  16384  262144  262144  262144  
Use the following reference parameters:
419.43  16384  262144  262144  262144  
GPU solver with FCT preconditioner.
  itrIdx=1,	residual=3.569920e+10,	 rhs=6.710887e+11, relative=5.319594e-02.
  itrIdx=2,	residual=2.412025e+10,	 rhs=6.710887e+11, relative=3.594197e-02.
  itrIdx=3,	residual=1.525172e+10,	 rhs=6.710887e+11, relative=2.272683e-02.
  itrIdx=4,	residual=1.056461e+10,	 rhs=6.710887e+11, relative=1.574250e-02.
  itrIdx=5,	residual=9.878135e+09,	 rhs=6.710887e+11, relative=1.471957e-02.
  itrIdx=6,	residual=8.807573e+09,	 rhs=6.710887e+11, relative=1.312431e-02.
  itrIdx=7,	residual=5.606380e+09,	 rhs=6.710887e+11, relative=8.354157e-03.
  itrIdx=8,	residual=4.323385e+09,	 rhs=6.710887e+11, relative=6.442346e-03.
  itrIdx=9,	residual=4.075692e+09,	 rhs=6.710887e+11, relative=6.073254e-03.
  itrIdx=10,	residual=2.937859e+09,	 rhs=6.710887e+11, relative=4.377751e-03.
  itrIdx=11,	residual=2.632365e+09,	 rhs=6.710887e+11, relative=3.922530e-03.
  itrIdx=12,	residual=2.739345e+09,	 rhs=6.710887e+11, relative=4.081942e-03.
  itrIdx=13,	residual=2.821802e+09,	 rhs=6.710887e+11, relative=4.204813e-03.
  itrIdx=14,	residual=2.106946e+09,	 rhs=6.710887e+11, relative=3.139595e-03.
  itrIdx=15,	residual=2.116135e+09,	 rhs=6.710887e+11, relative=3.153287e-03.
  itrIdx=16,	residual=2.196807e+09,	 rhs=6.710887e+11, relative=3.273498e-03.
  itrIdx=17,	residual=1.674889e+09,	 rhs=6.710887e+11, relative=2.495778e-03.
  itrIdx=18,	residual=1.491717e+09,	 rhs=6.710887e+11, relative=2.222831e-03.
  itrIdx=19,	residual=1.712896e+09,	 rhs=6.710887e+11, relative=2.552413e-03.
  itrIdx=20,	residual=1.892665e+09,	 rhs=6.710887e+11, relative=2.820290e-03.
  itrIdx=21,	residual=1.600710e+09,	 rhs=6.710887e+11, relative=2.385244e-03.
  itrIdx=22,	residual=1.519768e+09,	 rhs=6.710887e+11, relative=2.264631e-03.
  itrIdx=23,	residual=1.684171e+09,	 rhs=6.710887e+11, relative=2.509610e-03.
  itrIdx=24,	residual=1.406060e+09,	 rhs=6.710887e+11, relative=2.095193e-03.
  itrIdx=25,	residual=1.424047e+09,	 rhs=6.710887e+11, relative=2.121995e-03.
  itrIdx=26,	residual=1.435921e+09,	 rhs=6.710887e+11, relative=2.139690e-03.
  itrIdx=27,	residual=1.193465e+09,	 rhs=6.710887e+11, relative=1.778402e-03.
  itrIdx=28,	residual=1.166587e+09,	 rhs=6.710887e+11, relative=1.738349e-03.
  itrIdx=29,	residual=1.490267e+09,	 rhs=6.710887e+11, relative=2.220671e-03.
  itrIdx=30,	residual=1.342034e+09,	 rhs=6.710887e+11, relative=1.999787e-03.
  itrIdx=31,	residual=1.031258e+09,	 rhs=6.710887e+11, relative=1.536694e-03.
  itrIdx=32,	residual=1.234779e+09,	 rhs=6.710887e+11, relative=1.839964e-03.
  itrIdx=33,	residual=1.223172e+09,	 rhs=6.710887e+11, relative=1.822668e-03.
  itrIdx=34,	residual=9.984090e+08,	 rhs=6.710887e+11, relative=1.487745e-03.
  itrIdx=35,	residual=1.071492e+09,	 rhs=6.710887e+11, relative=1.596647e-03.
  itrIdx=36,	residual=1.300290e+09,	 rhs=6.710887e+11, relative=1.937583e-03.
  itrIdx=37,	residual=1.090742e+09,	 rhs=6.710887e+11, relative=1.625332e-03.
  itrIdx=38,	residual=9.610020e+08,	 rhs=6.710887e+11, relative=1.432005e-03.
  itrIdx=39,	residual=1.317319e+09,	 rhs=6.710887e+11, relative=1.962958e-03.
  itrIdx=40,	residual=1.082226e+09,	 rhs=6.710887e+11, relative=1.612643e-03.
  itrIdx=41,	residual=8.551105e+08,	 rhs=6.710887e+11, relative=1.274214e-03.
  itrIdx=42,	residual=1.129148e+09,	 rhs=6.710887e+11, relative=1.682562e-03.
  itrIdx=43,	residual=1.203957e+09,	 rhs=6.710887e+11, relative=1.794036e-03.
  itrIdx=44,	residual=8.750037e+08,	 rhs=6.710887e+11, relative=1.303857e-03.
  itrIdx=45,	residual=9.387273e+08,	 rhs=6.710887e+11, relative=1.398813e-03.
  itrIdx=46,	residual=1.421527e+09,	 rhs=6.710887e+11, relative=2.118239e-03.
  itrIdx=47,	residual=1.014021e+09,	 rhs=6.710887e+11, relative=1.511009e-03.
  itrIdx=48,	residual=8.885502e+08,	 rhs=6.710887e+11, relative=1.324043e-03.
  itrIdx=49,	residual=1.217887e+09,	 rhs=6.710887e+11, relative=1.814793e-03.
  itrIdx=50,	residual=1.097132e+09,	 rhs=6.710887e+11, relative=1.634853e-03.
  itrIdx=51,	residual=8.210126e+08,	 rhs=6.710887e+11, relative=1.223404e-03.
  itrIdx=52,	residual=1.055050e+09,	 rhs=6.710887e+11, relative=1.572147e-03.
  itrIdx=53,	residual=1.324884e+09,	 rhs=6.710887e+11, relative=1.974230e-03.
  itrIdx=54,	residual=8.700547e+08,	 rhs=6.710887e+11, relative=1.296482e-03.
  itrIdx=55,	residual=9.718920e+08,	 rhs=6.710887e+11, relative=1.448232e-03.
  itrIdx=56,	residual=1.303320e+09,	 rhs=6.710887e+11, relative=1.942098e-03.
  itrIdx=57,	residual=1.006338e+09,	 rhs=6.710887e+11, relative=1.499561e-03.
  itrIdx=58,	residual=7.709346e+08,	 rhs=6.710887e+11, relative=1.148782e-03.
  itrIdx=59,	residual=1.050610e+09,	 rhs=6.710887e+11, relative=1.565531e-03.
  itrIdx=60,	residual=1.143496e+09,	 rhs=6.710887e+11, relative=1.703942e-03.
  itrIdx=61,	residual=8.829889e+08,	 rhs=6.710887e+11, relative=1.315756e-03.
  itrIdx=62,	residual=1.054450e+09,	 rhs=6.710887e+11, relative=1.571253e-03.
  itrIdx=63,	residual=1.160762e+09,	 rhs=6.710887e+11, relative=1.729670e-03.
  itrIdx=64,	residual=8.698360e+08,	 rhs=6.710887e+11, relative=1.296157e-03.
  itrIdx=65,	residual=8.681117e+08,	 rhs=6.710887e+11, relative=1.293587e-03.
  itrIdx=66,	residual=1.074090e+09,	 rhs=6.710887e+11, relative=1.600518e-03.
  itrIdx=67,	residual=9.450305e+08,	 rhs=6.710887e+11, relative=1.408205e-03.
  itrIdx=68,	residual=8.164225e+08,	 rhs=6.710887e+11, relative=1.216564e-03.
  itrIdx=69,	residual=1.057139e+09,	 rhs=6.710887e+11, relative=1.575260e-03.
  itrIdx=70,	residual=1.026193e+09,	 rhs=6.710887e+11, relative=1.529147e-03.
  itrIdx=71,	residual=8.117665e+08,	 rhs=6.710887e+11, relative=1.209626e-03.
  itrIdx=72,	residual=8.245278e+08,	 rhs=6.710887e+11, relative=1.228642e-03.
  itrIdx=73,	residual=8.646772e+08,	 rhs=6.710887e+11, relative=1.288469e-03.
  itrIdx=74,	residual=7.772728e+08,	 rhs=6.710887e+11, relative=1.158227e-03.
  itrIdx=75,	residual=8.332638e+08,	 rhs=6.710887e+11, relative=1.241660e-03.
  itrIdx=76,	residual=9.686983e+08,	 rhs=6.710887e+11, relative=1.443473e-03.
  itrIdx=77,	residual=8.211495e+08,	 rhs=6.710887e+11, relative=1.223608e-03.
  itrIdx=78,	residual=8.419488e+08,	 rhs=6.710887e+11, relative=1.254601e-03.
  itrIdx=79,	residual=8.837173e+08,	 rhs=6.710887e+11, relative=1.316841e-03.
  itrIdx=80,	residual=7.266039e+08,	 rhs=6.710887e+11, relative=1.082724e-03.
  itrIdx=81,	residual=6.911844e+08,	 rhs=6.710887e+11, relative=1.029945e-03.
  itrIdx=82,	residual=8.001446e+08,	 rhs=6.710887e+11, relative=1.192308e-03.
  itrIdx=83,	residual=7.439522e+08,	 rhs=6.710887e+11, relative=1.108575e-03.
  itrIdx=84,	residual=6.474588e+08,	 rhs=6.710887e+11, relative=9.647887e-04.
  itrIdx=85,	residual=8.309778e+08,	 rhs=6.710887e+11, relative=1.238253e-03.
  itrIdx=86,	residual=8.437575e+08,	 rhs=6.710887e+11, relative=1.257297e-03.
  itrIdx=87,	residual=6.422209e+08,	 rhs=6.710887e+11, relative=9.569837e-04.
  itrIdx=88,	residual=7.660007e+08,	 rhs=6.710887e+11, relative=1.141430e-03.
  itrIdx=89,	residual=8.220223e+08,	 rhs=6.710887e+11, relative=1.224909e-03.
  itrIdx=90,	residual=5.570173e+08,	 rhs=6.710887e+11, relative=8.300205e-04.
  itrIdx=91,	residual=5.236938e+08,	 rhs=6.710887e+11, relative=7.803645e-04.
  itrIdx=92,	residual=7.386202e+08,	 rhs=6.710887e+11, relative=1.100630e-03.
  itrIdx=93,	residual=6.291101e+08,	 rhs=6.710887e+11, relative=9.374471e-04.
  itrIdx=94,	residual=5.121890e+08,	 rhs=6.710887e+11, relative=7.632210e-04.
  itrIdx=95,	residual=8.042443e+08,	 rhs=6.710887e+11, relative=1.198417e-03.
  itrIdx=96,	residual=7.878580e+08,	 rhs=6.710887e+11, relative=1.174000e-03.
  itrIdx=97,	residual=5.122428e+08,	 rhs=6.710887e+11, relative=7.633011e-04.
  itrIdx=98,	residual=5.507383e+08,	 rhs=6.710887e+11, relative=8.206640e-04.
  itrIdx=99,	residual=7.024315e+08,	 rhs=6.710887e+11, relative=1.046704e-03.
  itrIdx=100,	residual=4.586390e+08,	 rhs=6.710887e+11, relative=6.834253e-04.
  itrIdx=101,	residual=4.047049e+08,	 rhs=6.710887e+11, relative=6.030572e-04.
  itrIdx=102,	residual=6.088948e+08,	 rhs=6.710887e+11, relative=9.073240e-04.
  itrIdx=103,	residual=5.341138e+08,	 rhs=6.710887e+11, relative=7.958915e-04.
  itrIdx=104,	residual=4.434811e+08,	 rhs=6.710887e+11, relative=6.608382e-04.
  itrIdx=105,	residual=5.711795e+08,	 rhs=6.710887e+11, relative=8.511236e-04.
  itrIdx=106,	residual=6.036997e+08,	 rhs=6.710887e+11, relative=8.995827e-04.
  itrIdx=107,	residual=4.186028e+08,	 rhs=6.710887e+11, relative=6.237667e-04.
  itrIdx=108,	residual=4.162047e+08,	 rhs=6.710887e+11, relative=6.201933e-04.
  itrIdx=109,	residual=5.432748e+08,	 rhs=6.710887e+11, relative=8.095425e-04.
  itrIdx=110,	residual=3.590548e+08,	 rhs=6.710887e+11, relative=5.350333e-04.
  itrIdx=111,	residual=3.199859e+08,	 rhs=6.710887e+11, relative=4.768161e-04.
  itrIdx=112,	residual=4.930139e+08,	 rhs=6.710887e+11, relative=7.346479e-04.
  itrIdx=113,	residual=4.021953e+08,	 rhs=6.710887e+11, relative=5.993176e-04.
  itrIdx=114,	residual=3.542756e+08,	 rhs=6.710887e+11, relative=5.279118e-04.
  itrIdx=115,	residual=4.030290e+08,	 rhs=6.710887e+11, relative=6.005599e-04.
  itrIdx=116,	residual=4.441917e+08,	 rhs=6.710887e+11, relative=6.618971e-04.
  itrIdx=117,	residual=3.867278e+08,	 rhs=6.710887e+11, relative=5.762693e-04.
  itrIdx=118,	residual=3.497982e+08,	 rhs=6.710887e+11, relative=5.212398e-04.
  itrIdx=119,	residual=4.274718e+08,	 rhs=6.710887e+11, relative=6.369826e-04.
  itrIdx=120,	residual=3.200488e+08,	 rhs=6.710887e+11, relative=4.769098e-04.
  itrIdx=121,	residual=3.253195e+08,	 rhs=6.710887e+11, relative=4.847638e-04.
  itrIdx=122,	residual=3.445054e+08,	 rhs=6.710887e+11, relative=5.133530e-04.
  itrIdx=123,	residual=2.926841e+08,	 rhs=6.710887e+11, relative=4.361332e-04.
  itrIdx=124,	residual=2.912690e+08,	 rhs=6.710887e+11, relative=4.340245e-04.
  itrIdx=125,	residual=2.949922e+08,	 rhs=6.710887e+11, relative=4.395727e-04.
  itrIdx=126,	residual=3.213204e+08,	 rhs=6.710887e+11, relative=4.788047e-04.
  itrIdx=127,	residual=2.729704e+08,	 rhs=6.710887e+11, relative=4.067576e-04.
  itrIdx=128,	residual=3.776399e+08,	 rhs=6.710887e+11, relative=5.627272e-04.
  itrIdx=129,	residual=2.992936e+08,	 rhs=6.710887e+11, relative=4.459822e-04.
  itrIdx=130,	residual=2.730654e+08,	 rhs=6.710887e+11, relative=4.068991e-04.
  itrIdx=131,	residual=2.998629e+08,	 rhs=6.710887e+11, relative=4.468304e-04.
  itrIdx=132,	residual=2.934754e+08,	 rhs=6.710887e+11, relative=4.373125e-04.
  itrIdx=133,	residual=2.104553e+08,	 rhs=6.710887e+11, relative=3.136029e-04.
  itrIdx=134,	residual=2.621729e+08,	 rhs=6.710887e+11, relative=3.906680e-04.
  itrIdx=135,	residual=2.608599e+08,	 rhs=6.710887e+11, relative=3.887115e-04.
  itrIdx=136,	residual=1.983839e+08,	 rhs=6.710887e+11, relative=2.956150e-04.
  itrIdx=137,	residual=2.382608e+08,	 rhs=6.710887e+11, relative=3.550362e-04.
  itrIdx=138,	residual=2.617267e+08,	 rhs=6.710887e+11, relative=3.900032e-04.
  itrIdx=139,	residual=2.579746e+08,	 rhs=6.710887e+11, relative=3.844120e-04.
  itrIdx=140,	residual=1.827340e+08,	 rhs=6.710887e+11, relative=2.722948e-04.
  itrIdx=141,	residual=3.131916e+08,	 rhs=6.710887e+11, relative=4.666918e-04.
  itrIdx=142,	residual=2.055150e+08,	 rhs=6.710887e+11, relative=3.062412e-04.
  itrIdx=143,	residual=1.887494e+08,	 rhs=6.710887e+11, relative=2.812585e-04.
  itrIdx=144,	residual=1.939007e+08,	 rhs=6.710887e+11, relative=2.889346e-04.
  itrIdx=145,	residual=2.698821e+08,	 rhs=6.710887e+11, relative=4.021557e-04.
  itrIdx=146,	residual=1.340505e+08,	 rhs=6.710887e+11, relative=1.997508e-04.
  itrIdx=147,	residual=2.240275e+08,	 rhs=6.710887e+11, relative=3.338270e-04.
  itrIdx=148,	residual=1.877620e+08,	 rhs=6.710887e+11, relative=2.797872e-04.
  itrIdx=149,	residual=1.676563e+08,	 rhs=6.710887e+11, relative=2.498274e-04.
  itrIdx=150,	residual=1.314612e+08,	 rhs=6.710887e+11, relative=1.958924e-04.
  itrIdx=151,	residual=2.451615e+08,	 rhs=6.710887e+11, relative=3.653190e-04.
  itrIdx=152,	residual=1.446173e+08,	 rhs=6.710887e+11, relative=2.154965e-04.
  itrIdx=153,	residual=1.576568e+08,	 rhs=6.710887e+11, relative=2.349270e-04.
  itrIdx=154,	residual=1.840950e+08,	 rhs=6.710887e+11, relative=2.743230e-04.
  itrIdx=155,	residual=2.112345e+08,	 rhs=6.710887e+11, relative=3.147639e-04.
  itrIdx=156,	residual=1.100417e+08,	 rhs=6.710887e+11, relative=1.639750e-04.
  itrIdx=157,	residual=1.907186e+08,	 rhs=6.710887e+11, relative=2.841928e-04.
  itrIdx=158,	residual=1.487273e+08,	 rhs=6.710887e+11, relative=2.216210e-04.
  itrIdx=159,	residual=1.360716e+08,	 rhs=6.710887e+11, relative=2.027625e-04.
  itrIdx=160,	residual=1.165389e+08,	 rhs=6.710887e+11, relative=1.736565e-04.
  itrIdx=161,	residual=1.710948e+08,	 rhs=6.710887e+11, relative=2.549512e-04.
  itrIdx=162,	residual=1.002405e+08,	 rhs=6.710887e+11, relative=1.493700e-04.
  itrIdx=163,	residual=1.246519e+08,	 rhs=6.710887e+11, relative=1.857458e-04.
  itrIdx=164,	residual=1.354084e+08,	 rhs=6.710887e+11, relative=2.017742e-04.
  itrIdx=165,	residual=1.401235e+08,	 rhs=6.710887e+11, relative=2.088003e-04.
  itrIdx=166,	residual=1.115288e+08,	 rhs=6.710887e+11, relative=1.661908e-04.
  itrIdx=167,	residual=1.586497e+08,	 rhs=6.710887e+11, relative=2.364065e-04.
  itrIdx=168,	residual=1.049113e+08,	 rhs=6.710887e+11, relative=1.563300e-04.
  itrIdx=169,	residual=1.439235e+08,	 rhs=6.710887e+11, relative=2.144627e-04.
  itrIdx=170,	residual=9.483329e+07,	 rhs=6.710887e+11, relative=1.413126e-04.
  itrIdx=171,	residual=1.177932e+08,	 rhs=6.710887e+11, relative=1.755255e-04.
  itrIdx=172,	residual=8.968776e+07,	 rhs=6.710887e+11, relative=1.336452e-04.
  itrIdx=173,	residual=1.444692e+08,	 rhs=6.710887e+11, relative=2.152758e-04.
  itrIdx=174,	residual=6.812767e+07,	 rhs=6.710887e+11, relative=1.015181e-04.
  itrIdx=175,	residual=1.115243e+08,	 rhs=6.710887e+11, relative=1.661842e-04.
  itrIdx=176,	residual=8.704424e+07,	 rhs=6.710887e+11, relative=1.297060e-04.
  itrIdx=177,	residual=1.022507e+08,	 rhs=6.710887e+11, relative=1.523654e-04.
  itrIdx=178,	residual=6.491417e+07,	 rhs=6.710887e+11, relative=9.672964e-05.
  itrIdx=179,	residual=1.255712e+08,	 rhs=6.710887e+11, relative=1.871157e-04.
  itrIdx=180,	residual=6.518838e+07,	 rhs=6.710887e+11, relative=9.713825e-05.
  itrIdx=181,	residual=9.477227e+07,	 rhs=6.710887e+11, relative=1.412217e-04.
  itrIdx=182,	residual=7.878236e+07,	 rhs=6.710887e+11, relative=1.173949e-04.
  itrIdx=183,	residual=1.014590e+08,	 rhs=6.710887e+11, relative=1.511857e-04.
  itrIdx=184,	residual=6.052425e+07,	 rhs=6.710887e+11, relative=9.018815e-05.
  itrIdx=185,	residual=1.135183e+08,	 rhs=6.710887e+11, relative=1.691555e-04.
  itrIdx=186,	residual=5.364239e+07,	 rhs=6.710887e+11, relative=7.993338e-05.
  itrIdx=187,	residual=5.590802e+07,	 rhs=6.710887e+11, relative=8.330943e-05.
  itrIdx=188,	residual=7.668270e+07,	 rhs=6.710887e+11, relative=1.142661e-04.
  itrIdx=189,	residual=6.413388e+07,	 rhs=6.710887e+11, relative=9.556692e-05.
  itrIdx=190,	residual=4.663589e+07,	 rhs=6.710887e+11, relative=6.949288e-05.
  itrIdx=191,	residual=6.452298e+07,	 rhs=6.710887e+11, relative=9.614673e-05.
  itrIdx=192,	residual=9.161149e+07,	 rhs=6.710887e+11, relative=1.365117e-04.
  itrIdx=193,	residual=4.306223e+07,	 rhs=6.710887e+11, relative=6.416772e-05.
  itrIdx=194,	residual=8.148418e+07,	 rhs=6.710887e+11, relative=1.214209e-04.
  itrIdx=195,	residual=5.189259e+07,	 rhs=6.710887e+11, relative=7.732599e-05.
  itrIdx=196,	residual=7.052051e+07,	 rhs=6.710887e+11, relative=1.050837e-04.
  itrIdx=197,	residual=4.519128e+07,	 rhs=6.710887e+11, relative=6.734026e-05.
  itrIdx=198,	residual=7.421693e+07,	 rhs=6.710887e+11, relative=1.105918e-04.
  itrIdx=199,	residual=4.250422e+07,	 rhs=6.710887e+11, relative=6.333622e-05.
  itrIdx=200,	residual=7.277287e+07,	 rhs=6.710887e+11, relative=1.084400e-04.
  itrIdx=201,	residual=4.530120e+07,	 rhs=6.710887e+11, relative=6.750405e-05.
  itrIdx=202,	residual=5.087017e+07,	 rhs=6.710887e+11, relative=7.580246e-05.
  itrIdx=203,	residual=5.157761e+07,	 rhs=6.710887e+11, relative=7.685663e-05.
  itrIdx=204,	residual=4.371555e+07,	 rhs=6.710887e+11, relative=6.514124e-05.
  itrIdx=205,	residual=5.083749e+07,	 rhs=6.710887e+11, relative=7.575376e-05.
  itrIdx=206,	residual=4.784316e+07,	 rhs=6.710887e+11, relative=7.129185e-05.
  itrIdx=207,	residual=5.202113e+07,	 rhs=6.710887e+11, relative=7.751752e-05.
  itrIdx=208,	residual=3.949427e+07,	 rhs=6.710887e+11, relative=5.885104e-05.
  itrIdx=209,	residual=8.432575e+07,	 rhs=6.710887e+11, relative=1.256551e-04.
  itrIdx=210,	residual=2.943504e+07,	 rhs=6.710887e+11, relative=4.386162e-05.
  itrIdx=211,	residual=6.111865e+07,	 rhs=6.710887e+11, relative=9.107388e-05.
  itrIdx=212,	residual=4.245106e+07,	 rhs=6.710887e+11, relative=6.325700e-05.
  itrIdx=213,	residual=4.521190e+07,	 rhs=6.710887e+11, relative=6.737098e-05.
  itrIdx=214,	residual=3.823890e+07,	 rhs=6.710887e+11, relative=5.698040e-05.
  itrIdx=215,	residual=5.913531e+07,	 rhs=6.710887e+11, relative=8.811847e-05.
  itrIdx=216,	residual=3.468895e+07,	 rhs=6.710887e+11, relative=5.169056e-05.
  itrIdx=217,	residual=3.180082e+07,	 rhs=6.710887e+11, relative=4.738691e-05.
  itrIdx=218,	residual=5.357553e+07,	 rhs=6.710887e+11, relative=7.983375e-05.
  itrIdx=219,	residual=2.622519e+07,	 rhs=6.710887e+11, relative=3.907858e-05.
  itrIdx=220,	residual=4.806827e+07,	 rhs=6.710887e+11, relative=7.162729e-05.
  itrIdx=221,	residual=2.749240e+07,	 rhs=6.710887e+11, relative=4.096686e-05.
  itrIdx=222,	residual=5.867510e+07,	 rhs=6.710887e+11, relative=8.743271e-05.
  itrIdx=223,	residual=2.717251e+07,	 rhs=6.710887e+11, relative=4.049020e-05.
  itrIdx=224,	residual=4.789973e+07,	 rhs=6.710887e+11, relative=7.137616e-05.
  itrIdx=225,	residual=3.504032e+07,	 rhs=6.710887e+11, relative=5.221414e-05.
  itrIdx=226,	residual=3.336575e+07,	 rhs=6.710887e+11, relative=4.971884e-05.
  itrIdx=227,	residual=2.899304e+07,	 rhs=6.710887e+11, relative=4.320299e-05.
  itrIdx=228,	residual=4.182308e+07,	 rhs=6.710887e+11, relative=6.232124e-05.
  itrIdx=229,	residual=2.720214e+07,	 rhs=6.710887e+11, relative=4.053434e-05.
  itrIdx=230,	residual=2.488438e+07,	 rhs=6.710887e+11, relative=3.708061e-05.
  itrIdx=231,	residual=3.647835e+07,	 rhs=6.710887e+11, relative=5.435697e-05.
  itrIdx=232,	residual=1.938297e+07,	 rhs=6.710887e+11, relative=2.888287e-05.
  itrIdx=233,	residual=3.988789e+07,	 rhs=6.710887e+11, relative=5.943759e-05.
  itrIdx=234,	residual=2.153272e+07,	 rhs=6.710887e+11, relative=3.208625e-05.
  itrIdx=235,	residual=2.931681e+07,	 rhs=6.710887e+11, relative=4.368545e-05.
  itrIdx=236,	residual=2.417877e+07,	 rhs=6.710887e+11, relative=3.602918e-05.
  itrIdx=237,	residual=2.108382e+07,	 rhs=6.710887e+11, relative=3.141734e-05.
  itrIdx=238,	residual=3.421629e+07,	 rhs=6.710887e+11, relative=5.098624e-05.
  itrIdx=239,	residual=1.496650e+07,	 rhs=6.710887e+11, relative=2.230182e-05.
  itrIdx=240,	residual=2.731212e+07,	 rhs=6.710887e+11, relative=4.069822e-05.
  itrIdx=241,	residual=2.188978e+07,	 rhs=6.710887e+11, relative=3.261831e-05.
  itrIdx=242,	residual=2.013061e+07,	 rhs=6.710887e+11, relative=2.999694e-05.
  itrIdx=243,	residual=2.621365e+07,	 rhs=6.710887e+11, relative=3.906138e-05.
  itrIdx=244,	residual=1.615977e+07,	 rhs=6.710887e+11, relative=2.407993e-05.
  itrIdx=245,	residual=2.551167e+07,	 rhs=6.710887e+11, relative=3.801534e-05.
  itrIdx=246,	residual=1.882175e+07,	 rhs=6.710887e+11, relative=2.804659e-05.
  itrIdx=247,	residual=1.433393e+07,	 rhs=6.710887e+11, relative=2.135923e-05.
  itrIdx=248,	residual=2.594448e+07,	 rhs=6.710887e+11, relative=3.866028e-05.
  itrIdx=249,	residual=1.331421e+07,	 rhs=6.710887e+11, relative=1.983971e-05.
  itrIdx=250,	residual=1.173217e+07,	 rhs=6.710887e+11, relative=1.748229e-05.
  itrIdx=251,	residual=2.594335e+07,	 rhs=6.710887e+11, relative=3.865859e-05.
  itrIdx=252,	residual=1.359999e+07,	 rhs=6.710887e+11, relative=2.026557e-05.
  itrIdx=253,	residual=1.751408e+07,	 rhs=6.710887e+11, relative=2.609801e-05.
  itrIdx=254,	residual=1.416758e+07,	 rhs=6.710887e+11, relative=2.111134e-05.
  itrIdx=255,	residual=1.360566e+07,	 rhs=6.710887e+11, relative=2.027401e-05.
  itrIdx=256,	residual=1.740944e+07,	 rhs=6.710887e+11, relative=2.594208e-05.
  itrIdx=257,	residual=1.317888e+07,	 rhs=6.710887e+11, relative=1.963806e-05.
  itrIdx=258,	residual=1.581897e+07,	 rhs=6.710887e+11, relative=2.357210e-05.
  itrIdx=259,	residual=1.911719e+07,	 rhs=6.710887e+11, relative=2.848684e-05.
  itrIdx=260,	residual=9.560218e+06,	 rhs=6.710887e+11, relative=1.424583e-05.
  itrIdx=261,	residual=1.667656e+07,	 rhs=6.710887e+11, relative=2.485001e-05.
  itrIdx=262,	residual=1.456364e+07,	 rhs=6.710887e+11, relative=2.170151e-05.
  itrIdx=263,	residual=8.850139e+06,	 rhs=6.710887e+11, relative=1.318773e-05.
  itrIdx=264,	residual=1.366018e+07,	 rhs=6.710887e+11, relative=2.035525e-05.
  itrIdx=265,	residual=1.077592e+07,	 rhs=6.710887e+11, relative=1.605736e-05.
  itrIdx=266,	residual=9.626362e+06,	 rhs=6.710887e+11, relative=1.434440e-05.
  itrIdx=267,	residual=1.356272e+07,	 rhs=6.710887e+11, relative=2.021002e-05.
  itrIdx=268,	residual=1.213255e+07,	 rhs=6.710887e+11, relative=1.807890e-05.
  itrIdx=269,	residual=1.078869e+07,	 rhs=6.710887e+11, relative=1.607640e-05.
  itrIdx=270,	residual=1.224637e+07,	 rhs=6.710887e+11, relative=1.824852e-05.
  itrIdx=271,	residual=8.551503e+06,	 rhs=6.710887e+11, relative=1.274273e-05.
  itrIdx=272,	residual=1.380680e+07,	 rhs=6.710887e+11, relative=2.057374e-05.
  itrIdx=273,	residual=1.112862e+07,	 rhs=6.710887e+11, relative=1.658294e-05.
  itrIdx=274,	residual=7.577307e+06,	 rhs=6.710887e+11, relative=1.129107e-05.
  itrIdx=275,	residual=1.213076e+07,	 rhs=6.710887e+11, relative=1.807624e-05.
  itrIdx=276,	residual=1.130950e+07,	 rhs=6.710887e+11, relative=1.685247e-05.
  itrIdx=277,	residual=9.440041e+06,	 rhs=6.710887e+11, relative=1.406676e-05.
  itrIdx=278,	residual=1.081462e+07,	 rhs=6.710887e+11, relative=1.611504e-05.
  itrIdx=279,	residual=8.800855e+06,	 rhs=6.710887e+11, relative=1.311429e-05.
  itrIdx=280,	residual=8.495931e+06,	 rhs=6.710887e+11, relative=1.265992e-05.
  itrIdx=281,	residual=1.136389e+07,	 rhs=6.710887e+11, relative=1.693351e-05.
  itrIdx=282,	residual=7.140534e+06,	 rhs=6.710887e+11, relative=1.064022e-05.
  itrIdx=283,	residual=1.127336e+07,	 rhs=6.710887e+11, relative=1.679862e-05.
  itrIdx=284,	residual=9.983422e+06,	 rhs=6.710887e+11, relative=1.487646e-05.
Reach rtol=1.000000e-05, the solver exits with residual=5.739216e+06 and iterations=285.
  homoCoeffZ=628.477
========================================================
Contrast_x,y,z=32  3125  100000
Get kvals from python.
8.38861e+06  8.192e+08  2.62144e+10  2.62144e+10  2.62144e+10  262144  262144  262144  262144  262144  83.8861  8192  262144  262144  262144  
Use the following reference parameters:
83.8861  8192  262144  262144  262144  
GPU solver with FCT preconditioner.
  itrIdx=1,	residual=2.856130e+11,	 rhs=6.710886e+12, relative=4.255965e-02.
  itrIdx=2,	residual=1.782936e+11,	 rhs=6.710886e+12, relative=2.656782e-02.
  itrIdx=3,	residual=1.334925e+11,	 rhs=6.710886e+12, relative=1.989193e-02.
  itrIdx=4,	residual=8.231916e+10,	 rhs=6.710886e+12, relative=1.226651e-02.
  itrIdx=5,	residual=5.452199e+10,	 rhs=6.710886e+12, relative=8.124409e-03.
  itrIdx=6,	residual=6.199392e+10,	 rhs=6.710886e+12, relative=9.237814e-03.
  itrIdx=7,	residual=6.424466e+10,	 rhs=6.710886e+12, relative=9.573200e-03.
  itrIdx=8,	residual=3.604507e+10,	 rhs=6.710886e+12, relative=5.371134e-03.
  itrIdx=9,	residual=2.746057e+10,	 rhs=6.710886e+12, relative=4.091944e-03.
  itrIdx=10,	residual=2.871168e+10,	 rhs=6.710886e+12, relative=4.278373e-03.
  itrIdx=11,	residual=2.643746e+10,	 rhs=6.710886e+12, relative=3.939489e-03.
  itrIdx=12,	residual=1.714632e+10,	 rhs=6.710886e+12, relative=2.555000e-03.
  itrIdx=13,	residual=1.362655e+10,	 rhs=6.710886e+12, relative=2.030513e-03.
  itrIdx=14,	residual=1.359248e+10,	 rhs=6.710886e+12, relative=2.025438e-03.
  itrIdx=15,	residual=1.265668e+10,	 rhs=6.710886e+12, relative=1.885992e-03.
  itrIdx=16,	residual=1.232949e+10,	 rhs=6.710886e+12, relative=1.837237e-03.
  itrIdx=17,	residual=1.012395e+10,	 rhs=6.710886e+12, relative=1.508586e-03.
  itrIdx=18,	residual=1.095069e+10,	 rhs=6.710886e+12, relative=1.631779e-03.
  itrIdx=19,	residual=1.146828e+10,	 rhs=6.710886e+12, relative=1.708907e-03.
  itrIdx=20,	residual=1.098447e+10,	 rhs=6.710886e+12, relative=1.636813e-03.
  itrIdx=21,	residual=1.030163e+10,	 rhs=6.710886e+12, relative=1.535063e-03.
  itrIdx=22,	residual=9.158823e+09,	 rhs=6.710886e+12, relative=1.364771e-03.
  itrIdx=23,	residual=8.829290e+09,	 rhs=6.710886e+12, relative=1.315667e-03.
  itrIdx=24,	residual=7.270366e+09,	 rhs=6.710886e+12, relative=1.083369e-03.
  itrIdx=25,	residual=6.838547e+09,	 rhs=6.710886e+12, relative=1.019023e-03.
  itrIdx=26,	residual=6.629832e+09,	 rhs=6.710886e+12, relative=9.879220e-04.
  itrIdx=27,	residual=6.716635e+09,	 rhs=6.710886e+12, relative=1.000857e-03.
  itrIdx=28,	residual=7.171383e+09,	 rhs=6.710886e+12, relative=1.068619e-03.
  itrIdx=29,	residual=6.293482e+09,	 rhs=6.710886e+12, relative=9.378019e-04.
  itrIdx=30,	residual=6.543049e+09,	 rhs=6.710886e+12, relative=9.749903e-04.
  itrIdx=31,	residual=6.599113e+09,	 rhs=6.710886e+12, relative=9.833445e-04.
  itrIdx=32,	residual=6.479728e+09,	 rhs=6.710886e+12, relative=9.655547e-04.
  itrIdx=33,	residual=5.637220e+09,	 rhs=6.710886e+12, relative=8.400112e-04.
  itrIdx=34,	residual=5.498042e+09,	 rhs=6.710886e+12, relative=8.192721e-04.
  itrIdx=35,	residual=5.438842e+09,	 rhs=6.710886e+12, relative=8.104506e-04.
  itrIdx=36,	residual=4.776069e+09,	 rhs=6.710886e+12, relative=7.116898e-04.
  itrIdx=37,	residual=4.513604e+09,	 rhs=6.710886e+12, relative=6.725794e-04.
  itrIdx=38,	residual=4.613066e+09,	 rhs=6.710886e+12, relative=6.874004e-04.
  itrIdx=39,	residual=4.957242e+09,	 rhs=6.710886e+12, relative=7.386866e-04.
  itrIdx=40,	residual=4.624680e+09,	 rhs=6.710886e+12, relative=6.891310e-04.
  itrIdx=41,	residual=4.232832e+09,	 rhs=6.710886e+12, relative=6.307411e-04.
  itrIdx=42,	residual=4.505832e+09,	 rhs=6.710886e+12, relative=6.714213e-04.
  itrIdx=43,	residual=4.623605e+09,	 rhs=6.710886e+12, relative=6.889708e-04.
  itrIdx=44,	residual=4.119232e+09,	 rhs=6.710886e+12, relative=6.138133e-04.
  itrIdx=45,	residual=3.762810e+09,	 rhs=6.710886e+12, relative=5.607023e-04.
  itrIdx=46,	residual=3.941534e+09,	 rhs=6.710886e+12, relative=5.873343e-04.
  itrIdx=47,	residual=3.823419e+09,	 rhs=6.710886e+12, relative=5.697339e-04.
  itrIdx=48,	residual=3.292602e+09,	 rhs=6.710886e+12, relative=4.906359e-04.
  itrIdx=49,	residual=3.294116e+09,	 rhs=6.710886e+12, relative=4.908616e-04.
  itrIdx=50,	residual=3.797204e+09,	 rhs=6.710886e+12, relative=5.658274e-04.
  itrIdx=51,	residual=3.755999e+09,	 rhs=6.710886e+12, relative=5.596874e-04.
  itrIdx=52,	residual=3.511555e+09,	 rhs=6.710886e+12, relative=5.232624e-04.
  itrIdx=53,	residual=3.623937e+09,	 rhs=6.710886e+12, relative=5.400087e-04.
  itrIdx=54,	residual=3.880275e+09,	 rhs=6.710886e+12, relative=5.782060e-04.
  itrIdx=55,	residual=3.736097e+09,	 rhs=6.710886e+12, relative=5.567219e-04.
  itrIdx=56,	residual=3.122645e+09,	 rhs=6.710886e+12, relative=4.653104e-04.
  itrIdx=57,	residual=3.214980e+09,	 rhs=6.710886e+12, relative=4.790693e-04.
  itrIdx=58,	residual=3.106488e+09,	 rhs=6.710886e+12, relative=4.629027e-04.
  itrIdx=59,	residual=2.931791e+09,	 rhs=6.710886e+12, relative=4.368708e-04.
  itrIdx=60,	residual=2.532174e+09,	 rhs=6.710886e+12, relative=3.773233e-04.
  itrIdx=61,	residual=2.793280e+09,	 rhs=6.710886e+12, relative=4.162311e-04.
  itrIdx=62,	residual=3.063724e+09,	 rhs=6.710886e+12, relative=4.565305e-04.
  itrIdx=63,	residual=2.998492e+09,	 rhs=6.710886e+12, relative=4.468102e-04.
  itrIdx=64,	residual=2.989795e+09,	 rhs=6.710886e+12, relative=4.455141e-04.
  itrIdx=65,	residual=3.187104e+09,	 rhs=6.710886e+12, relative=4.749155e-04.
  itrIdx=66,	residual=3.551865e+09,	 rhs=6.710886e+12, relative=5.292692e-04.
  itrIdx=67,	residual=2.930292e+09,	 rhs=6.710886e+12, relative=4.366476e-04.
  itrIdx=68,	residual=2.941312e+09,	 rhs=6.710886e+12, relative=4.382896e-04.
  itrIdx=69,	residual=3.117019e+09,	 rhs=6.710886e+12, relative=4.644720e-04.
  itrIdx=70,	residual=2.864073e+09,	 rhs=6.710886e+12, relative=4.267802e-04.
  itrIdx=71,	residual=2.375514e+09,	 rhs=6.710886e+12, relative=3.539792e-04.
  itrIdx=72,	residual=2.033084e+09,	 rhs=6.710886e+12, relative=3.029532e-04.
  itrIdx=73,	residual=2.252511e+09,	 rhs=6.710886e+12, relative=3.356502e-04.
  itrIdx=74,	residual=2.348374e+09,	 rhs=6.710886e+12, relative=3.499349e-04.
  itrIdx=75,	residual=2.080109e+09,	 rhs=6.710886e+12, relative=3.099604e-04.
  itrIdx=76,	residual=2.283866e+09,	 rhs=6.710886e+12, relative=3.403226e-04.
  itrIdx=77,	residual=2.848092e+09,	 rhs=6.710886e+12, relative=4.243987e-04.
  itrIdx=78,	residual=2.448849e+09,	 rhs=6.710886e+12, relative=3.649070e-04.
  itrIdx=79,	residual=2.635721e+09,	 rhs=6.710886e+12, relative=3.927530e-04.
  itrIdx=80,	residual=2.594262e+09,	 rhs=6.710886e+12, relative=3.865751e-04.
  itrIdx=81,	residual=2.655718e+09,	 rhs=6.710886e+12, relative=3.957328e-04.
  itrIdx=82,	residual=2.881901e+09,	 rhs=6.710886e+12, relative=4.294367e-04.
  itrIdx=83,	residual=1.922182e+09,	 rhs=6.710886e+12, relative=2.864274e-04.
  itrIdx=84,	residual=2.471617e+09,	 rhs=6.710886e+12, relative=3.682997e-04.
  itrIdx=85,	residual=2.052141e+09,	 rhs=6.710886e+12, relative=3.057928e-04.
  itrIdx=86,	residual=1.867008e+09,	 rhs=6.710886e+12, relative=2.782059e-04.
  itrIdx=87,	residual=1.857290e+09,	 rhs=6.710886e+12, relative=2.767578e-04.
  itrIdx=88,	residual=1.602874e+09,	 rhs=6.710886e+12, relative=2.388469e-04.
  itrIdx=89,	residual=2.313798e+09,	 rhs=6.710886e+12, relative=3.447828e-04.
  itrIdx=90,	residual=1.645682e+09,	 rhs=6.710886e+12, relative=2.452257e-04.
  itrIdx=91,	residual=2.169131e+09,	 rhs=6.710886e+12, relative=3.232256e-04.
  itrIdx=92,	residual=2.089572e+09,	 rhs=6.710886e+12, relative=3.113705e-04.
  itrIdx=93,	residual=2.359269e+09,	 rhs=6.710886e+12, relative=3.515585e-04.
  itrIdx=94,	residual=2.125294e+09,	 rhs=6.710886e+12, relative=3.166936e-04.
  itrIdx=95,	residual=1.973591e+09,	 rhs=6.710886e+12, relative=2.940880e-04.
  itrIdx=96,	residual=2.615809e+09,	 rhs=6.710886e+12, relative=3.897859e-04.
  itrIdx=97,	residual=1.846036e+09,	 rhs=6.710886e+12, relative=2.750808e-04.
  itrIdx=98,	residual=2.268607e+09,	 rhs=6.710886e+12, relative=3.380488e-04.
  itrIdx=99,	residual=1.613734e+09,	 rhs=6.710886e+12, relative=2.404652e-04.
  itrIdx=100,	residual=2.610703e+09,	 rhs=6.710886e+12, relative=3.890250e-04.
  itrIdx=101,	residual=1.533675e+09,	 rhs=6.710886e+12, relative=2.285353e-04.
  itrIdx=102,	residual=2.011566e+09,	 rhs=6.710886e+12, relative=2.997467e-04.
  itrIdx=103,	residual=1.580620e+09,	 rhs=6.710886e+12, relative=2.355307e-04.
  itrIdx=104,	residual=2.157205e+09,	 rhs=6.710886e+12, relative=3.214486e-04.
  itrIdx=105,	residual=1.553727e+09,	 rhs=6.710886e+12, relative=2.315233e-04.
  itrIdx=106,	residual=1.733942e+09,	 rhs=6.710886e+12, relative=2.583774e-04.
  itrIdx=107,	residual=1.983497e+09,	 rhs=6.710886e+12, relative=2.955642e-04.
  itrIdx=108,	residual=1.697301e+09,	 rhs=6.710886e+12, relative=2.529176e-04.
  itrIdx=109,	residual=1.893326e+09,	 rhs=6.710886e+12, relative=2.821275e-04.
  itrIdx=110,	residual=1.486806e+09,	 rhs=6.710886e+12, relative=2.215514e-04.
  itrIdx=111,	residual=2.509646e+09,	 rhs=6.710886e+12, relative=3.739663e-04.
  itrIdx=112,	residual=1.691226e+09,	 rhs=6.710886e+12, relative=2.520123e-04.
  itrIdx=113,	residual=2.337412e+09,	 rhs=6.710886e+12, relative=3.483015e-04.
  itrIdx=114,	residual=1.706830e+09,	 rhs=6.710886e+12, relative=2.543375e-04.
  itrIdx=115,	residual=2.793346e+09,	 rhs=6.710886e+12, relative=4.162410e-04.
  itrIdx=116,	residual=1.447039e+09,	 rhs=6.710886e+12, relative=2.156256e-04.
  itrIdx=117,	residual=2.440073e+09,	 rhs=6.710886e+12, relative=3.635992e-04.
  itrIdx=118,	residual=1.423811e+09,	 rhs=6.710886e+12, relative=2.121643e-04.
  itrIdx=119,	residual=2.534767e+09,	 rhs=6.710886e+12, relative=3.777098e-04.
  itrIdx=120,	residual=1.259853e+09,	 rhs=6.710886e+12, relative=1.877327e-04.
  itrIdx=121,	residual=2.643856e+09,	 rhs=6.710886e+12, relative=3.939653e-04.
  itrIdx=122,	residual=1.400877e+09,	 rhs=6.710886e+12, relative=2.087469e-04.
  itrIdx=123,	residual=2.150440e+09,	 rhs=6.710886e+12, relative=3.204405e-04.
  itrIdx=124,	residual=1.304240e+09,	 rhs=6.710886e+12, relative=1.943469e-04.
  itrIdx=125,	residual=2.550571e+09,	 rhs=6.710886e+12, relative=3.800646e-04.
  itrIdx=126,	residual=1.298798e+09,	 rhs=6.710886e+12, relative=1.935360e-04.
  itrIdx=127,	residual=2.144898e+09,	 rhs=6.710886e+12, relative=3.196147e-04.
  itrIdx=128,	residual=1.355502e+09,	 rhs=6.710886e+12, relative=2.019856e-04.
  itrIdx=129,	residual=2.986828e+09,	 rhs=6.710886e+12, relative=4.450720e-04.
  itrIdx=130,	residual=1.300036e+09,	 rhs=6.710886e+12, relative=1.937205e-04.
  itrIdx=131,	residual=2.669211e+09,	 rhs=6.710886e+12, relative=3.977435e-04.
  itrIdx=132,	residual=1.606985e+09,	 rhs=6.710886e+12, relative=2.394595e-04.
  itrIdx=133,	residual=3.183318e+09,	 rhs=6.710886e+12, relative=4.743513e-04.
  itrIdx=134,	residual=1.305092e+09,	 rhs=6.710886e+12, relative=1.944739e-04.
  itrIdx=135,	residual=2.847140e+09,	 rhs=6.710886e+12, relative=4.242569e-04.
  itrIdx=136,	residual=1.613564e+09,	 rhs=6.710886e+12, relative=2.404398e-04.
  itrIdx=137,	residual=2.750317e+09,	 rhs=6.710886e+12, relative=4.098291e-04.
  itrIdx=138,	residual=1.274270e+09,	 rhs=6.710886e+12, relative=1.898810e-04.
  itrIdx=139,	residual=2.471323e+09,	 rhs=6.710886e+12, relative=3.682558e-04.
  itrIdx=140,	residual=1.203979e+09,	 rhs=6.710886e+12, relative=1.794069e-04.
  itrIdx=141,	residual=2.144898e+09,	 rhs=6.710886e+12, relative=3.196147e-04.
  itrIdx=142,	residual=1.319054e+09,	 rhs=6.710886e+12, relative=1.965544e-04.
  itrIdx=143,	residual=2.370913e+09,	 rhs=6.710886e+12, relative=3.532936e-04.
  itrIdx=144,	residual=1.233350e+09,	 rhs=6.710886e+12, relative=1.837835e-04.
  itrIdx=145,	residual=2.456955e+09,	 rhs=6.710886e+12, relative=3.661148e-04.
  itrIdx=146,	residual=1.788845e+09,	 rhs=6.710886e+12, relative=2.665586e-04.
  itrIdx=147,	residual=2.056345e+09,	 rhs=6.710886e+12, relative=3.064192e-04.
  itrIdx=148,	residual=1.468963e+09,	 rhs=6.710886e+12, relative=2.188926e-04.
  itrIdx=149,	residual=2.014609e+09,	 rhs=6.710886e+12, relative=3.002001e-04.
  itrIdx=150,	residual=2.144393e+09,	 rhs=6.710886e+12, relative=3.195394e-04.
  itrIdx=151,	residual=1.703467e+09,	 rhs=6.710886e+12, relative=2.538364e-04.
  itrIdx=152,	residual=2.041612e+09,	 rhs=6.710886e+12, relative=3.042239e-04.
  itrIdx=153,	residual=1.512542e+09,	 rhs=6.710886e+12, relative=2.253863e-04.
  itrIdx=154,	residual=2.177461e+09,	 rhs=6.710886e+12, relative=3.244670e-04.
  itrIdx=155,	residual=1.662340e+09,	 rhs=6.710886e+12, relative=2.477080e-04.
  itrIdx=156,	residual=2.627044e+09,	 rhs=6.710886e+12, relative=3.914600e-04.
  itrIdx=157,	residual=1.103707e+09,	 rhs=6.710886e+12, relative=1.644652e-04.
  itrIdx=158,	residual=2.653970e+09,	 rhs=6.710886e+12, relative=3.954724e-04.
  itrIdx=159,	residual=1.557875e+09,	 rhs=6.710886e+12, relative=2.321414e-04.
  itrIdx=160,	residual=2.891576e+09,	 rhs=6.710886e+12, relative=4.308785e-04.
  itrIdx=161,	residual=1.048891e+09,	 rhs=6.710886e+12, relative=1.562969e-04.
  itrIdx=162,	residual=2.414696e+09,	 rhs=6.710886e+12, relative=3.598177e-04.
  itrIdx=163,	residual=1.350385e+09,	 rhs=6.710886e+12, relative=2.012230e-04.
  itrIdx=164,	residual=2.060516e+09,	 rhs=6.710886e+12, relative=3.070408e-04.
  itrIdx=165,	residual=1.364295e+09,	 rhs=6.710886e+12, relative=2.032958e-04.
  itrIdx=166,	residual=1.559269e+09,	 rhs=6.710886e+12, relative=2.323492e-04.
  itrIdx=167,	residual=1.494194e+09,	 rhs=6.710886e+12, relative=2.226523e-04.
  itrIdx=168,	residual=1.850405e+09,	 rhs=6.710886e+12, relative=2.757319e-04.
  itrIdx=169,	residual=2.259273e+09,	 rhs=6.710886e+12, relative=3.366579e-04.
  itrIdx=170,	residual=1.268378e+09,	 rhs=6.710886e+12, relative=1.890031e-04.
  itrIdx=171,	residual=2.682752e+09,	 rhs=6.710886e+12, relative=3.997611e-04.
  itrIdx=172,	residual=1.516458e+09,	 rhs=6.710886e+12, relative=2.259699e-04.
  itrIdx=173,	residual=2.857857e+09,	 rhs=6.710886e+12, relative=4.258539e-04.
  itrIdx=174,	residual=1.301382e+09,	 rhs=6.710886e+12, relative=1.939210e-04.
  itrIdx=175,	residual=2.690397e+09,	 rhs=6.710886e+12, relative=4.009003e-04.
  itrIdx=176,	residual=1.612329e+09,	 rhs=6.710886e+12, relative=2.402557e-04.
  itrIdx=177,	residual=1.346329e+09,	 rhs=6.710886e+12, relative=2.006187e-04.
  itrIdx=178,	residual=2.237543e+09,	 rhs=6.710886e+12, relative=3.334199e-04.
  itrIdx=179,	residual=1.351345e+09,	 rhs=6.710886e+12, relative=2.013661e-04.
  itrIdx=180,	residual=2.127546e+09,	 rhs=6.710886e+12, relative=3.170291e-04.
  itrIdx=181,	residual=1.511493e+09,	 rhs=6.710886e+12, relative=2.252300e-04.
  itrIdx=182,	residual=1.540902e+09,	 rhs=6.710886e+12, relative=2.296123e-04.
  itrIdx=183,	residual=1.787450e+09,	 rhs=6.710886e+12, relative=2.663509e-04.
  itrIdx=184,	residual=1.404031e+09,	 rhs=6.710886e+12, relative=2.092169e-04.
  itrIdx=185,	residual=2.170520e+09,	 rhs=6.710886e+12, relative=3.234327e-04.
  itrIdx=186,	residual=1.794763e+09,	 rhs=6.710886e+12, relative=2.674406e-04.
  itrIdx=187,	residual=9.331722e+08,	 rhs=6.710886e+12, relative=1.390535e-04.
  itrIdx=188,	residual=1.608218e+09,	 rhs=6.710886e+12, relative=2.396432e-04.
  itrIdx=189,	residual=1.599989e+09,	 rhs=6.710886e+12, relative=2.384169e-04.
  itrIdx=190,	residual=1.533457e+09,	 rhs=6.710886e+12, relative=2.285030e-04.
  itrIdx=191,	residual=1.920695e+09,	 rhs=6.710886e+12, relative=2.862059e-04.
  itrIdx=192,	residual=1.166376e+09,	 rhs=6.710886e+12, relative=1.738036e-04.
  itrIdx=193,	residual=2.275016e+09,	 rhs=6.710886e+12, relative=3.390039e-04.
  itrIdx=194,	residual=1.751413e+09,	 rhs=6.710886e+12, relative=2.609808e-04.
  itrIdx=195,	residual=1.653539e+09,	 rhs=6.710886e+12, relative=2.463966e-04.
  itrIdx=196,	residual=2.767504e+09,	 rhs=6.710886e+12, relative=4.123902e-04.
  itrIdx=197,	residual=1.435918e+09,	 rhs=6.710886e+12, relative=2.139684e-04.
  itrIdx=198,	residual=1.930650e+09,	 rhs=6.710886e+12, relative=2.876893e-04.
  itrIdx=199,	residual=1.932902e+09,	 rhs=6.710886e+12, relative=2.880249e-04.
  itrIdx=200,	residual=1.150366e+09,	 rhs=6.710886e+12, relative=1.714179e-04.
  itrIdx=201,	residual=1.627885e+09,	 rhs=6.710886e+12, relative=2.425738e-04.
  itrIdx=202,	residual=1.608157e+09,	 rhs=6.710886e+12, relative=2.396341e-04.
  itrIdx=203,	residual=1.459790e+09,	 rhs=6.710886e+12, relative=2.175257e-04.
  itrIdx=204,	residual=1.501288e+09,	 rhs=6.710886e+12, relative=2.237093e-04.
  itrIdx=205,	residual=1.146216e+09,	 rhs=6.710886e+12, relative=1.707995e-04.
  itrIdx=206,	residual=1.583737e+09,	 rhs=6.710886e+12, relative=2.359952e-04.
  itrIdx=207,	residual=2.441810e+09,	 rhs=6.710886e+12, relative=3.638581e-04.
  itrIdx=208,	residual=1.484266e+09,	 rhs=6.710886e+12, relative=2.211729e-04.
  itrIdx=209,	residual=1.669228e+09,	 rhs=6.710886e+12, relative=2.487343e-04.
  itrIdx=210,	residual=1.757149e+09,	 rhs=6.710886e+12, relative=2.618355e-04.
  itrIdx=211,	residual=1.064221e+09,	 rhs=6.710886e+12, relative=1.585814e-04.
  itrIdx=212,	residual=1.951219e+09,	 rhs=6.710886e+12, relative=2.907543e-04.
  itrIdx=213,	residual=1.745582e+09,	 rhs=6.710886e+12, relative=2.601119e-04.
  itrIdx=214,	residual=1.134708e+09,	 rhs=6.710886e+12, relative=1.690846e-04.
  itrIdx=215,	residual=1.592379e+09,	 rhs=6.710886e+12, relative=2.372829e-04.
  itrIdx=216,	residual=1.297522e+09,	 rhs=6.710886e+12, relative=1.933459e-04.
  itrIdx=217,	residual=1.563930e+09,	 rhs=6.710886e+12, relative=2.330437e-04.
  itrIdx=218,	residual=1.667629e+09,	 rhs=6.710886e+12, relative=2.484960e-04.
  itrIdx=219,	residual=1.177985e+09,	 rhs=6.710886e+12, relative=1.755335e-04.
  itrIdx=220,	residual=1.901677e+09,	 rhs=6.710886e+12, relative=2.833720e-04.
  itrIdx=221,	residual=2.339603e+09,	 rhs=6.710886e+12, relative=3.486279e-04.
  itrIdx=222,	residual=1.403748e+09,	 rhs=6.710886e+12, relative=2.091747e-04.
  itrIdx=223,	residual=1.449319e+09,	 rhs=6.710886e+12, relative=2.159653e-04.
  itrIdx=224,	residual=2.092591e+09,	 rhs=6.710886e+12, relative=3.118204e-04.
  itrIdx=225,	residual=1.407866e+09,	 rhs=6.710886e+12, relative=2.097884e-04.
  itrIdx=226,	residual=1.957600e+09,	 rhs=6.710886e+12, relative=2.917051e-04.
  itrIdx=227,	residual=1.993629e+09,	 rhs=6.710886e+12, relative=2.970739e-04.
  itrIdx=228,	residual=1.017246e+09,	 rhs=6.710886e+12, relative=1.515815e-04.
  itrIdx=229,	residual=1.507168e+09,	 rhs=6.710886e+12, relative=2.245856e-04.
  itrIdx=230,	residual=1.596860e+09,	 rhs=6.710886e+12, relative=2.379507e-04.
  itrIdx=231,	residual=1.407384e+09,	 rhs=6.710886e+12, relative=2.097165e-04.
  itrIdx=232,	residual=1.717092e+09,	 rhs=6.710886e+12, relative=2.558667e-04.
  itrIdx=233,	residual=1.204375e+09,	 rhs=6.710886e+12, relative=1.794659e-04.
  itrIdx=234,	residual=1.203597e+09,	 rhs=6.710886e+12, relative=1.793499e-04.
  itrIdx=235,	residual=1.644982e+09,	 rhs=6.710886e+12, relative=2.451214e-04.
  itrIdx=236,	residual=1.307886e+09,	 rhs=6.710886e+12, relative=1.948902e-04.
  itrIdx=237,	residual=1.196231e+09,	 rhs=6.710886e+12, relative=1.782523e-04.
  itrIdx=238,	residual=1.675084e+09,	 rhs=6.710886e+12, relative=2.496069e-04.
  itrIdx=239,	residual=1.449144e+09,	 rhs=6.710886e+12, relative=2.159392e-04.
  itrIdx=240,	residual=1.136098e+09,	 rhs=6.710886e+12, relative=1.692918e-04.
  itrIdx=241,	residual=1.875892e+09,	 rhs=6.710886e+12, relative=2.795297e-04.
  itrIdx=242,	residual=1.089189e+09,	 rhs=6.710886e+12, relative=1.623018e-04.
  itrIdx=243,	residual=1.145485e+09,	 rhs=6.710886e+12, relative=1.706905e-04.
  itrIdx=244,	residual=1.921067e+09,	 rhs=6.710886e+12, relative=2.862612e-04.
  itrIdx=245,	residual=1.537799e+09,	 rhs=6.710886e+12, relative=2.291498e-04.
  itrIdx=246,	residual=1.049365e+09,	 rhs=6.710886e+12, relative=1.563676e-04.
  itrIdx=247,	residual=1.464346e+09,	 rhs=6.710886e+12, relative=2.182045e-04.
  itrIdx=248,	residual=1.531482e+09,	 rhs=6.710886e+12, relative=2.282086e-04.
  itrIdx=249,	residual=1.582310e+09,	 rhs=6.710886e+12, relative=2.357825e-04.
  itrIdx=250,	residual=1.496709e+09,	 rhs=6.710886e+12, relative=2.230270e-04.
  itrIdx=251,	residual=1.178653e+09,	 rhs=6.710886e+12, relative=1.756330e-04.
  itrIdx=252,	residual=1.302902e+09,	 rhs=6.710886e+12, relative=1.941475e-04.
  itrIdx=253,	residual=2.140428e+09,	 rhs=6.710886e+12, relative=3.189487e-04.
  itrIdx=254,	residual=1.390387e+09,	 rhs=6.710886e+12, relative=2.071838e-04.
  itrIdx=255,	residual=1.113058e+09,	 rhs=6.710886e+12, relative=1.658585e-04.
  itrIdx=256,	residual=1.344336e+09,	 rhs=6.710886e+12, relative=2.003217e-04.
  itrIdx=257,	residual=9.814482e+08,	 rhs=6.710886e+12, relative=1.462472e-04.
  itrIdx=258,	residual=1.256021e+09,	 rhs=6.710886e+12, relative=1.871617e-04.
  itrIdx=259,	residual=1.833088e+09,	 rhs=6.710886e+12, relative=2.731514e-04.
  itrIdx=260,	residual=1.036410e+09,	 rhs=6.710886e+12, relative=1.544372e-04.
  itrIdx=261,	residual=7.696417e+08,	 rhs=6.710886e+12, relative=1.146855e-04.
  itrIdx=262,	residual=1.246370e+09,	 rhs=6.710886e+12, relative=1.857235e-04.
  itrIdx=263,	residual=1.440701e+09,	 rhs=6.710886e+12, relative=2.146812e-04.
  itrIdx=264,	residual=1.101719e+09,	 rhs=6.710886e+12, relative=1.641689e-04.
  itrIdx=265,	residual=1.355115e+09,	 rhs=6.710886e+12, relative=2.019279e-04.
  itrIdx=266,	residual=1.176288e+09,	 rhs=6.710886e+12, relative=1.752805e-04.
  itrIdx=267,	residual=8.284991e+08,	 rhs=6.710886e+12, relative=1.234560e-04.
  itrIdx=268,	residual=1.425549e+09,	 rhs=6.710886e+12, relative=2.124234e-04.
  itrIdx=269,	residual=1.496226e+09,	 rhs=6.710886e+12, relative=2.229550e-04.
  itrIdx=270,	residual=9.147079e+08,	 rhs=6.710886e+12, relative=1.363021e-04.
  itrIdx=271,	residual=1.081416e+09,	 rhs=6.710886e+12, relative=1.611435e-04.
  itrIdx=272,	residual=1.144275e+09,	 rhs=6.710886e+12, relative=1.705102e-04.
  itrIdx=273,	residual=1.226149e+09,	 rhs=6.710886e+12, relative=1.827104e-04.
  itrIdx=274,	residual=1.489532e+09,	 rhs=6.710886e+12, relative=2.219576e-04.
  itrIdx=275,	residual=1.114023e+09,	 rhs=6.710886e+12, relative=1.660024e-04.
  itrIdx=276,	residual=8.219185e+08,	 rhs=6.710886e+12, relative=1.224754e-04.
  itrIdx=277,	residual=1.105762e+09,	 rhs=6.710886e+12, relative=1.647714e-04.
  itrIdx=278,	residual=1.590998e+09,	 rhs=6.710886e+12, relative=2.370772e-04.
  itrIdx=279,	residual=1.065210e+09,	 rhs=6.710886e+12, relative=1.587287e-04.
  itrIdx=280,	residual=1.046061e+09,	 rhs=6.710886e+12, relative=1.558752e-04.
  itrIdx=281,	residual=1.247448e+09,	 rhs=6.710886e+12, relative=1.858842e-04.
  itrIdx=282,	residual=8.858395e+08,	 rhs=6.710886e+12, relative=1.320004e-04.
  itrIdx=283,	residual=1.279139e+09,	 rhs=6.710886e+12, relative=1.906065e-04.
  itrIdx=284,	residual=1.617544e+09,	 rhs=6.710886e+12, relative=2.410328e-04.
  itrIdx=285,	residual=1.011690e+09,	 rhs=6.710886e+12, relative=1.507536e-04.
  itrIdx=286,	residual=8.264926e+08,	 rhs=6.710886e+12, relative=1.231570e-04.
  itrIdx=287,	residual=1.248770e+09,	 rhs=6.710886e+12, relative=1.860812e-04.
  itrIdx=288,	residual=1.193259e+09,	 rhs=6.710886e+12, relative=1.778095e-04.
  itrIdx=289,	residual=7.694287e+08,	 rhs=6.710886e+12, relative=1.146538e-04.
  itrIdx=290,	residual=9.586141e+08,	 rhs=6.710886e+12, relative=1.428446e-04.
  itrIdx=291,	residual=1.132839e+09,	 rhs=6.710886e+12, relative=1.688061e-04.
  itrIdx=292,	residual=9.675058e+08,	 rhs=6.710886e+12, relative=1.441696e-04.
  itrIdx=293,	residual=1.204151e+09,	 rhs=6.710886e+12, relative=1.794324e-04.
  itrIdx=294,	residual=1.095556e+09,	 rhs=6.710886e+12, relative=1.632505e-04.
  itrIdx=295,	residual=7.507484e+08,	 rhs=6.710886e+12, relative=1.118702e-04.
  itrIdx=296,	residual=8.028933e+08,	 rhs=6.710886e+12, relative=1.196404e-04.
  itrIdx=297,	residual=1.195647e+09,	 rhs=6.710886e+12, relative=1.781653e-04.
  itrIdx=298,	residual=1.308887e+09,	 rhs=6.710886e+12, relative=1.950393e-04.
  itrIdx=299,	residual=9.965445e+08,	 rhs=6.710886e+12, relative=1.484967e-04.
  itrIdx=300,	residual=7.688488e+08,	 rhs=6.710886e+12, relative=1.145674e-04.
  itrIdx=301,	residual=7.151044e+08,	 rhs=6.710886e+12, relative=1.065589e-04.
  itrIdx=302,	residual=9.608273e+08,	 rhs=6.710886e+12, relative=1.431744e-04.
  itrIdx=303,	residual=1.352331e+09,	 rhs=6.710886e+12, relative=2.015130e-04.
  itrIdx=304,	residual=1.032002e+09,	 rhs=6.710886e+12, relative=1.537802e-04.
  itrIdx=305,	residual=8.745832e+08,	 rhs=6.710886e+12, relative=1.303231e-04.
  itrIdx=306,	residual=1.006974e+09,	 rhs=6.710886e+12, relative=1.500508e-04.
  itrIdx=307,	residual=8.230778e+08,	 rhs=6.710886e+12, relative=1.226481e-04.
  itrIdx=308,	residual=1.100626e+09,	 rhs=6.710886e+12, relative=1.640061e-04.
  itrIdx=309,	residual=1.488984e+09,	 rhs=6.710886e+12, relative=2.218759e-04.
  itrIdx=310,	residual=9.124574e+08,	 rhs=6.710886e+12, relative=1.359668e-04.
  itrIdx=311,	residual=6.639687e+08,	 rhs=6.710886e+12, relative=9.893904e-05.
  itrIdx=312,	residual=1.133698e+09,	 rhs=6.710886e+12, relative=1.689342e-04.
  itrIdx=313,	residual=1.497329e+09,	 rhs=6.710886e+12, relative=2.231194e-04.
  itrIdx=314,	residual=9.284615e+08,	 rhs=6.710886e+12, relative=1.383515e-04.
  itrIdx=315,	residual=7.913487e+08,	 rhs=6.710886e+12, relative=1.179201e-04.
  itrIdx=316,	residual=1.053510e+09,	 rhs=6.710886e+12, relative=1.569853e-04.
  itrIdx=317,	residual=7.193064e+08,	 rhs=6.710886e+12, relative=1.071850e-04.
  itrIdx=318,	residual=8.370572e+08,	 rhs=6.710886e+12, relative=1.247312e-04.
  itrIdx=319,	residual=1.284094e+09,	 rhs=6.710886e+12, relative=1.913449e-04.
  itrIdx=320,	residual=7.960576e+08,	 rhs=6.710886e+12, relative=1.186218e-04.
  itrIdx=321,	residual=4.605103e+08,	 rhs=6.710886e+12, relative=6.862139e-05.
  itrIdx=322,	residual=6.218054e+08,	 rhs=6.710886e+12, relative=9.265622e-05.
  itrIdx=323,	residual=1.204784e+09,	 rhs=6.710886e+12, relative=1.795269e-04.
  itrIdx=324,	residual=8.897177e+08,	 rhs=6.710886e+12, relative=1.325783e-04.
  itrIdx=325,	residual=7.552973e+08,	 rhs=6.710886e+12, relative=1.125481e-04.
  itrIdx=326,	residual=9.116872e+08,	 rhs=6.710886e+12, relative=1.358520e-04.
  itrIdx=327,	residual=6.949517e+08,	 rhs=6.710886e+12, relative=1.035559e-04.
  itrIdx=328,	residual=6.808285e+08,	 rhs=6.710886e+12, relative=1.014514e-04.
  itrIdx=329,	residual=1.261465e+09,	 rhs=6.710886e+12, relative=1.879729e-04.
  itrIdx=330,	residual=1.147277e+09,	 rhs=6.710886e+12, relative=1.709576e-04.
  itrIdx=331,	residual=5.859377e+08,	 rhs=6.710886e+12, relative=8.731152e-05.
  itrIdx=332,	residual=5.715490e+08,	 rhs=6.710886e+12, relative=8.516743e-05.
  itrIdx=333,	residual=9.298386e+08,	 rhs=6.710886e+12, relative=1.385567e-04.
  itrIdx=334,	residual=1.010348e+09,	 rhs=6.710886e+12, relative=1.505536e-04.
  itrIdx=335,	residual=7.668776e+08,	 rhs=6.710886e+12, relative=1.142737e-04.
  itrIdx=336,	residual=8.949841e+08,	 rhs=6.710886e+12, relative=1.333630e-04.
  itrIdx=337,	residual=6.997907e+08,	 rhs=6.710886e+12, relative=1.042769e-04.
  itrIdx=338,	residual=6.419001e+08,	 rhs=6.710886e+12, relative=9.565056e-05.
  itrIdx=339,	residual=9.706320e+08,	 rhs=6.710886e+12, relative=1.446354e-04.
  itrIdx=340,	residual=1.283375e+09,	 rhs=6.710886e+12, relative=1.912378e-04.
  itrIdx=341,	residual=7.359089e+08,	 rhs=6.710886e+12, relative=1.096590e-04.
  itrIdx=342,	residual=5.209043e+08,	 rhs=6.710886e+12, relative=7.762079e-05.
  itrIdx=343,	residual=5.806843e+08,	 rhs=6.710886e+12, relative=8.652871e-05.
  itrIdx=344,	residual=7.866681e+08,	 rhs=6.710886e+12, relative=1.172227e-04.
  itrIdx=345,	residual=7.608590e+08,	 rhs=6.710886e+12, relative=1.133768e-04.
  itrIdx=346,	residual=8.374949e+08,	 rhs=6.710886e+12, relative=1.247965e-04.
  itrIdx=347,	residual=6.059838e+08,	 rhs=6.710886e+12, relative=9.029863e-05.
  itrIdx=348,	residual=4.685464e+08,	 rhs=6.710886e+12, relative=6.981885e-05.
  itrIdx=349,	residual=6.042563e+08,	 rhs=6.710886e+12, relative=9.004121e-05.
  itrIdx=350,	residual=8.698049e+08,	 rhs=6.710886e+12, relative=1.296110e-04.
  itrIdx=351,	residual=8.091995e+08,	 rhs=6.710886e+12, relative=1.205801e-04.
  itrIdx=352,	residual=6.158104e+08,	 rhs=6.710886e+12, relative=9.176289e-05.
  itrIdx=353,	residual=4.873524e+08,	 rhs=6.710886e+12, relative=7.262117e-05.
  itrIdx=354,	residual=5.200180e+08,	 rhs=6.710886e+12, relative=7.748872e-05.
  itrIdx=355,	residual=5.855421e+08,	 rhs=6.710886e+12, relative=8.725258e-05.
  itrIdx=356,	residual=8.661781e+08,	 rhs=6.710886e+12, relative=1.290706e-04.
  itrIdx=357,	residual=7.432180e+08,	 rhs=6.710886e+12, relative=1.107481e-04.
  itrIdx=358,	residual=4.357995e+08,	 rhs=6.710886e+12, relative=6.493919e-05.
  itrIdx=359,	residual=4.956900e+08,	 rhs=6.710886e+12, relative=7.386357e-05.
  itrIdx=360,	residual=8.148584e+08,	 rhs=6.710886e+12, relative=1.214234e-04.
  itrIdx=361,	residual=8.219587e+08,	 rhs=6.710886e+12, relative=1.224814e-04.
  itrIdx=362,	residual=7.085626e+08,	 rhs=6.710886e+12, relative=1.055840e-04.
  itrIdx=363,	residual=6.539777e+08,	 rhs=6.710886e+12, relative=9.745026e-05.
  itrIdx=364,	residual=5.290970e+08,	 rhs=6.710886e+12, relative=7.884160e-05.
  itrIdx=365,	residual=4.807236e+08,	 rhs=6.710886e+12, relative=7.163340e-05.
  itrIdx=366,	residual=7.078695e+08,	 rhs=6.710886e+12, relative=1.054808e-04.
  itrIdx=367,	residual=1.144877e+09,	 rhs=6.710886e+12, relative=1.706000e-04.
  itrIdx=368,	residual=5.034087e+08,	 rhs=6.710886e+12, relative=7.501375e-05.
  itrIdx=369,	residual=3.459833e+08,	 rhs=6.710886e+12, relative=5.155553e-05.
  itrIdx=370,	residual=5.315392e+08,	 rhs=6.710886e+12, relative=7.920552e-05.
  itrIdx=371,	residual=7.354250e+08,	 rhs=6.710886e+12, relative=1.095869e-04.
  itrIdx=372,	residual=5.836539e+08,	 rhs=6.710886e+12, relative=8.697122e-05.
  itrIdx=373,	residual=6.174510e+08,	 rhs=6.710886e+12, relative=9.200736e-05.
  itrIdx=374,	residual=5.902249e+08,	 rhs=6.710886e+12, relative=8.795036e-05.
  itrIdx=375,	residual=4.230759e+08,	 rhs=6.710886e+12, relative=6.304322e-05.
  itrIdx=376,	residual=3.719279e+08,	 rhs=6.710886e+12, relative=5.542158e-05.
  itrIdx=377,	residual=7.443319e+08,	 rhs=6.710886e+12, relative=1.109141e-04.
  itrIdx=378,	residual=8.318028e+08,	 rhs=6.710886e+12, relative=1.239483e-04.
  itrIdx=379,	residual=3.591961e+08,	 rhs=6.710886e+12, relative=5.352439e-05.
  itrIdx=380,	residual=3.562392e+08,	 rhs=6.710886e+12, relative=5.308378e-05.
  itrIdx=381,	residual=5.708532e+08,	 rhs=6.710886e+12, relative=8.506375e-05.
  itrIdx=382,	residual=6.626357e+08,	 rhs=6.710886e+12, relative=9.874042e-05.
  itrIdx=383,	residual=4.566022e+08,	 rhs=6.710886e+12, relative=6.803904e-05.
  itrIdx=384,	residual=5.131615e+08,	 rhs=6.710886e+12, relative=7.646702e-05.
  itrIdx=385,	residual=4.634213e+08,	 rhs=6.710886e+12, relative=6.905516e-05.
  itrIdx=386,	residual=3.540210e+08,	 rhs=6.710886e+12, relative=5.275324e-05.
  itrIdx=387,	residual=4.627041e+08,	 rhs=6.710886e+12, relative=6.894828e-05.
  itrIdx=388,	residual=8.956057e+08,	 rhs=6.710886e+12, relative=1.334557e-04.
  itrIdx=389,	residual=6.086773e+08,	 rhs=6.710886e+12, relative=9.069999e-05.
  itrIdx=390,	residual=3.069605e+08,	 rhs=6.710886e+12, relative=4.574068e-05.
  itrIdx=391,	residual=3.492452e+08,	 rhs=6.710886e+12, relative=5.204159e-05.
  itrIdx=392,	residual=5.128651e+08,	 rhs=6.710886e+12, relative=7.642286e-05.
  itrIdx=393,	residual=5.943576e+08,	 rhs=6.710886e+12, relative=8.856618e-05.
  itrIdx=394,	residual=5.359457e+08,	 rhs=6.710886e+12, relative=7.986213e-05.
  itrIdx=395,	residual=5.969527e+08,	 rhs=6.710886e+12, relative=8.895289e-05.
  itrIdx=396,	residual=3.903578e+08,	 rhs=6.710886e+12, relative=5.816784e-05.
  itrIdx=397,	residual=3.411348e+08,	 rhs=6.710886e+12, relative=5.083305e-05.
  itrIdx=398,	residual=5.321522e+08,	 rhs=6.710886e+12, relative=7.929686e-05.
  itrIdx=399,	residual=8.614458e+08,	 rhs=6.710886e+12, relative=1.283654e-04.
  itrIdx=400,	residual=6.834921e+08,	 rhs=6.710886e+12, relative=1.018483e-04.
  itrIdx=401,	residual=3.967960e+08,	 rhs=6.710886e+12, relative=5.912721e-05.
  itrIdx=402,	residual=3.353852e+08,	 rhs=6.710886e+12, relative=4.997628e-05.
  itrIdx=403,	residual=3.468896e+08,	 rhs=6.710886e+12, relative=5.169058e-05.
  itrIdx=404,	residual=4.583043e+08,	 rhs=6.710886e+12, relative=6.829267e-05.
  itrIdx=405,	residual=5.115689e+08,	 rhs=6.710886e+12, relative=7.622970e-05.
  itrIdx=406,	residual=5.477291e+08,	 rhs=6.710886e+12, relative=8.161800e-05.
  itrIdx=407,	residual=3.093318e+08,	 rhs=6.710886e+12, relative=4.609402e-05.
  itrIdx=408,	residual=2.943742e+08,	 rhs=6.710886e+12, relative=4.386518e-05.
  itrIdx=409,	residual=3.919412e+08,	 rhs=6.710886e+12, relative=5.840379e-05.
  itrIdx=410,	residual=5.009308e+08,	 rhs=6.710886e+12, relative=7.464451e-05.
  itrIdx=411,	residual=5.448878e+08,	 rhs=6.710886e+12, relative=8.119461e-05.
  itrIdx=412,	residual=3.997235e+08,	 rhs=6.710886e+12, relative=5.956344e-05.
  itrIdx=413,	residual=3.109633e+08,	 rhs=6.710886e+12, relative=4.633714e-05.
  itrIdx=414,	residual=2.890815e+08,	 rhs=6.710886e+12, relative=4.307650e-05.
  itrIdx=415,	residual=4.598958e+08,	 rhs=6.710886e+12, relative=6.852981e-05.
  itrIdx=416,	residual=5.657956e+08,	 rhs=6.710886e+12, relative=8.431011e-05.
  itrIdx=417,	residual=3.987713e+08,	 rhs=6.710886e+12, relative=5.942155e-05.
  itrIdx=418,	residual=2.808970e+08,	 rhs=6.710886e+12, relative=4.185692e-05.
  itrIdx=419,	residual=3.486776e+08,	 rhs=6.710886e+12, relative=5.195701e-05.
  itrIdx=420,	residual=4.305375e+08,	 rhs=6.710886e+12, relative=6.415509e-05.
  itrIdx=421,	residual=4.628393e+08,	 rhs=6.710886e+12, relative=6.896843e-05.
  itrIdx=422,	residual=5.182166e+08,	 rhs=6.710886e+12, relative=7.722028e-05.
  itrIdx=423,	residual=3.860455e+08,	 rhs=6.710886e+12, relative=5.752526e-05.
  itrIdx=424,	residual=2.433553e+08,	 rhs=6.710886e+12, relative=3.626276e-05.
  itrIdx=425,	residual=2.833488e+08,	 rhs=6.710886e+12, relative=4.222226e-05.
  itrIdx=426,	residual=4.954388e+08,	 rhs=6.710886e+12, relative=7.382614e-05.
  itrIdx=427,	residual=7.266780e+08,	 rhs=6.710886e+12, relative=1.082835e-04.
  itrIdx=428,	residual=3.640798e+08,	 rhs=6.710886e+12, relative=5.425212e-05.
  itrIdx=429,	residual=3.137649e+08,	 rhs=6.710886e+12, relative=4.675462e-05.
  itrIdx=430,	residual=3.358483e+08,	 rhs=6.710886e+12, relative=5.004530e-05.
  itrIdx=431,	residual=3.566539e+08,	 rhs=6.710886e+12, relative=5.314558e-05.
  itrIdx=432,	residual=3.658209e+08,	 rhs=6.710886e+12, relative=5.451156e-05.
  itrIdx=433,	residual=4.840896e+08,	 rhs=6.710886e+12, relative=7.213497e-05.
  itrIdx=434,	residual=4.459328e+08,	 rhs=6.710886e+12, relative=6.644917e-05.
  itrIdx=435,	residual=2.031486e+08,	 rhs=6.710886e+12, relative=3.027150e-05.
  itrIdx=436,	residual=1.968777e+08,	 rhs=6.710886e+12, relative=2.933707e-05.
  itrIdx=437,	residual=2.696666e+08,	 rhs=6.710886e+12, relative=4.018345e-05.
  itrIdx=438,	residual=3.354503e+08,	 rhs=6.710886e+12, relative=4.998599e-05.
  itrIdx=439,	residual=3.192384e+08,	 rhs=6.710886e+12, relative=4.757022e-05.
  itrIdx=440,	residual=4.455740e+08,	 rhs=6.710886e+12, relative=6.639571e-05.
  itrIdx=441,	residual=5.061867e+08,	 rhs=6.710886e+12, relative=7.542770e-05.
  itrIdx=442,	residual=2.685227e+08,	 rhs=6.710886e+12, relative=4.001300e-05.
  itrIdx=443,	residual=2.164547e+08,	 rhs=6.710886e+12, relative=3.225426e-05.
  itrIdx=444,	residual=3.068269e+08,	 rhs=6.710886e+12, relative=4.572077e-05.
  itrIdx=445,	residual=4.322721e+08,	 rhs=6.710886e+12, relative=6.441357e-05.
  itrIdx=446,	residual=2.973419e+08,	 rhs=6.710886e+12, relative=4.430739e-05.
  itrIdx=447,	residual=2.476031e+08,	 rhs=6.710886e+12, relative=3.689574e-05.
  itrIdx=448,	residual=2.795231e+08,	 rhs=6.710886e+12, relative=4.165219e-05.
  itrIdx=449,	residual=1.970707e+08,	 rhs=6.710886e+12, relative=2.936582e-05.
  itrIdx=450,	residual=2.286453e+08,	 rhs=6.710886e+12, relative=3.407080e-05.
  itrIdx=451,	residual=3.654345e+08,	 rhs=6.710886e+12, relative=5.445399e-05.
  itrIdx=452,	residual=4.564695e+08,	 rhs=6.710886e+12, relative=6.801925e-05.
  itrIdx=453,	residual=3.231984e+08,	 rhs=6.710886e+12, relative=4.816031e-05.
  itrIdx=454,	residual=2.558360e+08,	 rhs=6.710886e+12, relative=3.812254e-05.
  itrIdx=455,	residual=3.444292e+08,	 rhs=6.710886e+12, relative=5.132395e-05.
  itrIdx=456,	residual=2.563407e+08,	 rhs=6.710886e+12, relative=3.819774e-05.
  itrIdx=457,	residual=2.254671e+08,	 rhs=6.710886e+12, relative=3.359722e-05.
  itrIdx=458,	residual=3.273253e+08,	 rhs=6.710886e+12, relative=4.877527e-05.
  itrIdx=459,	residual=3.510396e+08,	 rhs=6.710886e+12, relative=5.230897e-05.
  itrIdx=460,	residual=2.669450e+08,	 rhs=6.710886e+12, relative=3.977790e-05.
  itrIdx=461,	residual=2.031650e+08,	 rhs=6.710886e+12, relative=3.027394e-05.
  itrIdx=462,	residual=2.515645e+08,	 rhs=6.710886e+12, relative=3.748603e-05.
  itrIdx=463,	residual=2.830463e+08,	 rhs=6.710886e+12, relative=4.217718e-05.
  itrIdx=464,	residual=2.710604e+08,	 rhs=6.710886e+12, relative=4.039114e-05.
  itrIdx=465,	residual=3.868918e+08,	 rhs=6.710886e+12, relative=5.765137e-05.
  itrIdx=466,	residual=3.864770e+08,	 rhs=6.710886e+12, relative=5.758956e-05.
  itrIdx=467,	residual=2.680647e+08,	 rhs=6.710886e+12, relative=3.994475e-05.
  itrIdx=468,	residual=2.065059e+08,	 rhs=6.710886e+12, relative=3.077177e-05.
  itrIdx=469,	residual=2.114135e+08,	 rhs=6.710886e+12, relative=3.150307e-05.
  itrIdx=470,	residual=1.628347e+08,	 rhs=6.710886e+12, relative=2.426426e-05.
  itrIdx=471,	residual=1.710925e+08,	 rhs=6.710886e+12, relative=2.549477e-05.
  itrIdx=472,	residual=3.000147e+08,	 rhs=6.710886e+12, relative=4.470567e-05.
  itrIdx=473,	residual=3.180553e+08,	 rhs=6.710886e+12, relative=4.739394e-05.
  itrIdx=474,	residual=2.322556e+08,	 rhs=6.710886e+12, relative=3.460878e-05.
  itrIdx=475,	residual=1.827245e+08,	 rhs=6.710886e+12, relative=2.722808e-05.
  itrIdx=476,	residual=2.458826e+08,	 rhs=6.710886e+12, relative=3.663937e-05.
  itrIdx=477,	residual=3.541096e+08,	 rhs=6.710886e+12, relative=5.276644e-05.
  itrIdx=478,	residual=3.064812e+08,	 rhs=6.710886e+12, relative=4.566926e-05.
  itrIdx=479,	residual=3.331657e+08,	 rhs=6.710886e+12, relative=4.964556e-05.
  itrIdx=480,	residual=3.232008e+08,	 rhs=6.710886e+12, relative=4.816068e-05.
  itrIdx=481,	residual=1.834736e+08,	 rhs=6.710886e+12, relative=2.733970e-05.
  itrIdx=482,	residual=1.591305e+08,	 rhs=6.710886e+12, relative=2.371229e-05.
  itrIdx=483,	residual=1.671537e+08,	 rhs=6.710886e+12, relative=2.490784e-05.
  itrIdx=484,	residual=2.027269e+08,	 rhs=6.710886e+12, relative=3.020866e-05.
  itrIdx=485,	residual=1.984776e+08,	 rhs=6.710886e+12, relative=2.957547e-05.
  itrIdx=486,	residual=2.227230e+08,	 rhs=6.710886e+12, relative=3.318831e-05.
  itrIdx=487,	residual=3.274903e+08,	 rhs=6.710886e+12, relative=4.879985e-05.
  itrIdx=488,	residual=2.210935e+08,	 rhs=6.710886e+12, relative=3.294549e-05.
  itrIdx=489,	residual=1.882714e+08,	 rhs=6.710886e+12, relative=2.805462e-05.
  itrIdx=490,	residual=2.720608e+08,	 rhs=6.710886e+12, relative=4.054022e-05.
  itrIdx=491,	residual=3.190940e+08,	 rhs=6.710886e+12, relative=4.754871e-05.
  itrIdx=492,	residual=2.764158e+08,	 rhs=6.710886e+12, relative=4.118916e-05.
  itrIdx=493,	residual=2.029224e+08,	 rhs=6.710886e+12, relative=3.023779e-05.
  itrIdx=494,	residual=2.075441e+08,	 rhs=6.710886e+12, relative=3.092649e-05.
  itrIdx=495,	residual=1.944308e+08,	 rhs=6.710886e+12, relative=2.897245e-05.
  itrIdx=496,	residual=1.329869e+08,	 rhs=6.710886e+12, relative=1.981660e-05.
  itrIdx=497,	residual=1.456697e+08,	 rhs=6.710886e+12, relative=2.170647e-05.
  itrIdx=498,	residual=2.121363e+08,	 rhs=6.710886e+12, relative=3.161078e-05.
  itrIdx=499,	residual=2.773973e+08,	 rhs=6.710886e+12, relative=4.133542e-05.
  itrIdx=500,	residual=2.441185e+08,	 rhs=6.710886e+12, relative=3.637648e-05.
  itrIdx=501,	residual=2.235776e+08,	 rhs=6.710886e+12, relative=3.331566e-05.
  itrIdx=502,	residual=2.439098e+08,	 rhs=6.710886e+12, relative=3.634540e-05.
  itrIdx=503,	residual=1.885506e+08,	 rhs=6.710886e+12, relative=2.809623e-05.
  itrIdx=504,	residual=2.024159e+08,	 rhs=6.710886e+12, relative=3.016232e-05.
  itrIdx=505,	residual=2.260432e+08,	 rhs=6.710886e+12, relative=3.368306e-05.
  itrIdx=506,	residual=1.925043e+08,	 rhs=6.710886e+12, relative=2.868538e-05.
  itrIdx=507,	residual=1.966721e+08,	 rhs=6.710886e+12, relative=2.930642e-05.
  itrIdx=508,	residual=1.641628e+08,	 rhs=6.710886e+12, relative=2.446217e-05.
  itrIdx=509,	residual=1.373548e+08,	 rhs=6.710886e+12, relative=2.046746e-05.
  itrIdx=510,	residual=1.419714e+08,	 rhs=6.710886e+12, relative=2.115538e-05.
  itrIdx=511,	residual=1.224548e+08,	 rhs=6.710886e+12, relative=1.824719e-05.
  itrIdx=512,	residual=1.837546e+08,	 rhs=6.710886e+12, relative=2.738156e-05.
  itrIdx=513,	residual=2.175546e+08,	 rhs=6.710886e+12, relative=3.241817e-05.
  itrIdx=514,	residual=2.198683e+08,	 rhs=6.710886e+12, relative=3.276292e-05.
  itrIdx=515,	residual=2.647220e+08,	 rhs=6.710886e+12, relative=3.944665e-05.
  itrIdx=516,	residual=1.869926e+08,	 rhs=6.710886e+12, relative=2.786408e-05.
  itrIdx=517,	residual=1.430873e+08,	 rhs=6.710886e+12, relative=2.132167e-05.
  itrIdx=518,	residual=1.244714e+08,	 rhs=6.710886e+12, relative=1.854768e-05.
  itrIdx=519,	residual=1.179469e+08,	 rhs=6.710886e+12, relative=1.757546e-05.
  itrIdx=520,	residual=1.331720e+08,	 rhs=6.710886e+12, relative=1.984418e-05.
  itrIdx=521,	residual=1.661239e+08,	 rhs=6.710886e+12, relative=2.475439e-05.
  itrIdx=522,	residual=2.014893e+08,	 rhs=6.710886e+12, relative=3.002424e-05.
  itrIdx=523,	residual=2.399893e+08,	 rhs=6.710886e+12, relative=3.576119e-05.
  itrIdx=524,	residual=1.320528e+08,	 rhs=6.710886e+12, relative=1.967740e-05.
  itrIdx=525,	residual=1.581185e+08,	 rhs=6.710886e+12, relative=2.356150e-05.
  itrIdx=526,	residual=2.001926e+08,	 rhs=6.710886e+12, relative=2.983102e-05.
  itrIdx=527,	residual=2.022689e+08,	 rhs=6.710886e+12, relative=3.014041e-05.
  itrIdx=528,	residual=2.045838e+08,	 rhs=6.710886e+12, relative=3.048537e-05.
  itrIdx=529,	residual=2.139796e+08,	 rhs=6.710886e+12, relative=3.188545e-05.
  itrIdx=530,	residual=1.927827e+08,	 rhs=6.710886e+12, relative=2.872686e-05.
  itrIdx=531,	residual=1.488814e+08,	 rhs=6.710886e+12, relative=2.218506e-05.
  itrIdx=532,	residual=9.398075e+07,	 rhs=6.710886e+12, relative=1.400422e-05.
  itrIdx=533,	residual=1.134121e+08,	 rhs=6.710886e+12, relative=1.689972e-05.
  itrIdx=534,	residual=1.368812e+08,	 rhs=6.710886e+12, relative=2.039689e-05.
  itrIdx=535,	residual=1.347986e+08,	 rhs=6.710886e+12, relative=2.008655e-05.
  itrIdx=536,	residual=1.684951e+08,	 rhs=6.710886e+12, relative=2.510772e-05.
  itrIdx=537,	residual=1.913808e+08,	 rhs=6.710886e+12, relative=2.851796e-05.
  itrIdx=538,	residual=1.606960e+08,	 rhs=6.710886e+12, relative=2.394557e-05.
  itrIdx=539,	residual=1.279230e+08,	 rhs=6.710886e+12, relative=1.906202e-05.
  itrIdx=540,	residual=9.605215e+07,	 rhs=6.710886e+12, relative=1.431289e-05.
  itrIdx=541,	residual=1.106404e+08,	 rhs=6.710886e+12, relative=1.648671e-05.
  itrIdx=542,	residual=1.024659e+08,	 rhs=6.710886e+12, relative=1.526861e-05.
  itrIdx=543,	residual=1.144078e+08,	 rhs=6.710886e+12, relative=1.704808e-05.
  itrIdx=544,	residual=1.540214e+08,	 rhs=6.710886e+12, relative=2.295098e-05.
  itrIdx=545,	residual=1.483832e+08,	 rhs=6.710886e+12, relative=2.211082e-05.
  itrIdx=546,	residual=1.174058e+08,	 rhs=6.710886e+12, relative=1.749483e-05.
  itrIdx=547,	residual=1.259336e+08,	 rhs=6.710886e+12, relative=1.876557e-05.
  itrIdx=548,	residual=1.270277e+08,	 rhs=6.710886e+12, relative=1.892860e-05.
  itrIdx=549,	residual=1.314896e+08,	 rhs=6.710886e+12, relative=1.959347e-05.
  itrIdx=550,	residual=1.328216e+08,	 rhs=6.710886e+12, relative=1.979195e-05.
  itrIdx=551,	residual=1.674804e+08,	 rhs=6.710886e+12, relative=2.495652e-05.
  itrIdx=552,	residual=1.704578e+08,	 rhs=6.710886e+12, relative=2.540019e-05.
  itrIdx=553,	residual=1.289022e+08,	 rhs=6.710886e+12, relative=1.920793e-05.
  itrIdx=554,	residual=9.613491e+07,	 rhs=6.710886e+12, relative=1.432522e-05.
  itrIdx=555,	residual=9.757514e+07,	 rhs=6.710886e+12, relative=1.453983e-05.
  itrIdx=556,	residual=1.001321e+08,	 rhs=6.710886e+12, relative=1.492084e-05.
  itrIdx=557,	residual=1.209585e+08,	 rhs=6.710886e+12, relative=1.802422e-05.
  itrIdx=558,	residual=1.270723e+08,	 rhs=6.710886e+12, relative=1.893525e-05.
  itrIdx=559,	residual=1.664297e+08,	 rhs=6.710886e+12, relative=2.479996e-05.
  itrIdx=560,	residual=1.565843e+08,	 rhs=6.710886e+12, relative=2.333288e-05.
  itrIdx=561,	residual=1.262359e+08,	 rhs=6.710886e+12, relative=1.881061e-05.
  itrIdx=562,	residual=1.222711e+08,	 rhs=6.710886e+12, relative=1.821981e-05.
  itrIdx=563,	residual=1.104214e+08,	 rhs=6.710886e+12, relative=1.645407e-05.
  itrIdx=564,	residual=9.273032e+07,	 rhs=6.710886e+12, relative=1.381789e-05.
  itrIdx=565,	residual=1.216129e+08,	 rhs=6.710886e+12, relative=1.812174e-05.
  itrIdx=566,	residual=1.267838e+08,	 rhs=6.710886e+12, relative=1.889226e-05.
  itrIdx=567,	residual=1.281284e+08,	 rhs=6.710886e+12, relative=1.909262e-05.
  itrIdx=568,	residual=1.209235e+08,	 rhs=6.710886e+12, relative=1.801901e-05.
  itrIdx=569,	residual=1.126043e+08,	 rhs=6.710886e+12, relative=1.677935e-05.
  itrIdx=570,	residual=1.119556e+08,	 rhs=6.710886e+12, relative=1.668269e-05.
  itrIdx=571,	residual=8.679636e+07,	 rhs=6.710886e+12, relative=1.293367e-05.
  itrIdx=572,	residual=8.753353e+07,	 rhs=6.710886e+12, relative=1.304351e-05.
  itrIdx=573,	residual=1.384425e+08,	 rhs=6.710886e+12, relative=2.062954e-05.
  itrIdx=574,	residual=1.372305e+08,	 rhs=6.710886e+12, relative=2.044894e-05.
  itrIdx=575,	residual=1.065849e+08,	 rhs=6.710886e+12, relative=1.588238e-05.
  itrIdx=576,	residual=1.241151e+08,	 rhs=6.710886e+12, relative=1.849458e-05.
  itrIdx=577,	residual=1.041890e+08,	 rhs=6.710886e+12, relative=1.552537e-05.
  itrIdx=578,	residual=1.044077e+08,	 rhs=6.710886e+12, relative=1.555795e-05.
  itrIdx=579,	residual=9.500410e+07,	 rhs=6.710886e+12, relative=1.415671e-05.
  itrIdx=580,	residual=1.160752e+08,	 rhs=6.710886e+12, relative=1.729656e-05.
  itrIdx=581,	residual=1.700039e+08,	 rhs=6.710886e+12, relative=2.533256e-05.
  itrIdx=582,	residual=1.306970e+08,	 rhs=6.710886e+12, relative=1.947537e-05.
  itrIdx=583,	residual=8.521438e+07,	 rhs=6.710886e+12, relative=1.269793e-05.
  itrIdx=584,	residual=1.099022e+08,	 rhs=6.710886e+12, relative=1.637671e-05.
  itrIdx=585,	residual=7.638321e+07,	 rhs=6.710886e+12, relative=1.138199e-05.
Reach rtol=1.000000e-05, the solver exits with residual=6.144530e+07 and iterations=586.
  homoCoeffZ=6262.86
