========================================================
Contrast_x,y,z=100  25  4
Get kvals from python.
2.62144e+07  6.5536e+06  1.04858e+06  1.04858e+06  1.04858e+06  262144  524288  786432  786432  786432  262144  65536  10485.8  10485.8  786432  
  Use all 1.0.
Use the following reference parameters:
262144  262144  262144  262144  262144  
GPU solver with FCT preconditioner.
  itrIdx=1,	residual=7.536794e+07,	 rhs=8.246475e+08, relative=9.139413e-02.
  itrIdx=2,	residual=9.325793e+07,	 rhs=8.246475e+08, relative=1.130882e-01.
  itrIdx=3,	residual=5.179644e+07,	 rhs=8.246475e+08, relative=6.281040e-02.
  itrIdx=4,	residual=1.247390e+07,	 rhs=8.246475e+08, relative=1.512634e-02.
  itrIdx=5,	residual=9.974727e+06,	 rhs=8.246475e+08, relative=1.209575e-02.
  itrIdx=6,	residual=4.790649e+06,	 rhs=8.246475e+08, relative=5.809329e-03.
  itrIdx=7,	residual=6.386890e+06,	 rhs=8.246475e+08, relative=7.744994e-03.
  itrIdx=8,	residual=3.230795e+06,	 rhs=8.246475e+08, relative=3.917789e-03.
  itrIdx=9,	residual=1.830826e+06,	 rhs=8.246475e+08, relative=2.220132e-03.
  itrIdx=10,	residual=8.474356e+05,	 rhs=8.246475e+08, relative=1.027634e-03.
  itrIdx=11,	residual=4.250240e+05,	 rhs=8.246475e+08, relative=5.154008e-04.
  itrIdx=12,	residual=4.335377e+05,	 rhs=8.246475e+08, relative=5.257249e-04.
  itrIdx=13,	residual=3.347086e+05,	 rhs=8.246475e+08, relative=4.058807e-04.
  itrIdx=14,	residual=2.108063e+05,	 rhs=8.246475e+08, relative=2.556320e-04.
  itrIdx=15,	residual=1.472958e+05,	 rhs=8.246475e+08, relative=1.786167e-04.
  itrIdx=16,	residual=1.115180e+05,	 rhs=8.246475e+08, relative=1.352311e-04.
  itrIdx=17,	residual=5.570465e+04,	 rhs=8.246475e+08, relative=6.754965e-05.
  itrIdx=18,	residual=2.363904e+04,	 rhs=8.246475e+08, relative=2.866563e-05.
  itrIdx=19,	residual=1.665909e+04,	 rhs=8.246475e+08, relative=2.020147e-05.
  itrIdx=20,	residual=1.546096e+04,	 rhs=8.246475e+08, relative=1.874857e-05.
  itrIdx=21,	residual=1.662039e+04,	 rhs=8.246475e+08, relative=2.015453e-05.
Reach rtol=1.000000e-05, the solver exits with residual=6.185535e+03 and iterations=22.
  homoCoeffZ=3.14148
========================================================
Contrast_x,y,z=1000  125  8
Get kvals from python.
2.62144e+08  3.2768e+07  2.09715e+06  2.09715e+06  2.09715e+06  262144  524288  786432  786432  786432  262144  32768  2097.15  2097.15  786432  
  Use all 1.0.
Use the following reference parameters:
262144  262144  262144  262144  262144  
GPU solver with FCT preconditioner.
  itrIdx=1,	residual=7.477174e+08,	 rhs=9.466870e+08, relative=7.898254e-01.
  itrIdx=2,	residual=5.484799e+08,	 rhs=9.466870e+08, relative=5.793678e-01.
  itrIdx=3,	residual=1.017040e+09,	 rhs=9.466870e+08, relative=1.074314e+00.
  itrIdx=4,	residual=1.371107e+09,	 rhs=9.466870e+08, relative=1.448321e+00.
  itrIdx=5,	residual=1.598434e+09,	 rhs=9.466870e+08, relative=1.688451e+00.
  itrIdx=6,	residual=3.201541e+08,	 rhs=9.466870e+08, relative=3.381837e-01.
  itrIdx=7,	residual=3.737229e+08,	 rhs=9.466870e+08, relative=3.947692e-01.
  itrIdx=8,	residual=1.846896e+08,	 rhs=9.466870e+08, relative=1.950904e-01.
  itrIdx=9,	residual=8.828060e+07,	 rhs=9.466870e+08, relative=9.325215e-02.
  itrIdx=10,	residual=7.015085e+07,	 rhs=9.466870e+08, relative=7.410141e-02.
  itrIdx=11,	residual=9.501006e+07,	 rhs=9.466870e+08, relative=1.003606e-01.
  itrIdx=12,	residual=9.899747e+07,	 rhs=9.466870e+08, relative=1.045725e-01.
  itrIdx=13,	residual=8.852015e+07,	 rhs=9.466870e+08, relative=9.350519e-02.
  itrIdx=14,	residual=1.290619e+08,	 rhs=9.466870e+08, relative=1.363300e-01.
  itrIdx=15,	residual=3.512971e+07,	 rhs=9.466870e+08, relative=3.710806e-02.
  itrIdx=16,	residual=2.950124e+07,	 rhs=9.466870e+08, relative=3.116262e-02.
  itrIdx=17,	residual=1.394397e+07,	 rhs=9.466870e+08, relative=1.472923e-02.
  itrIdx=18,	residual=1.276885e+07,	 rhs=9.466870e+08, relative=1.348794e-02.
  itrIdx=19,	residual=4.414785e+07,	 rhs=9.466870e+08, relative=4.663405e-02.
  itrIdx=20,	residual=1.642672e+07,	 rhs=9.466870e+08, relative=1.735180e-02.
  itrIdx=21,	residual=2.714014e+07,	 rhs=9.466870e+08, relative=2.866854e-02.
  itrIdx=22,	residual=1.058328e+07,	 rhs=9.466870e+08, relative=1.117928e-02.
  itrIdx=23,	residual=1.577769e+07,	 rhs=9.466870e+08, relative=1.666622e-02.
  itrIdx=24,	residual=2.290959e+07,	 rhs=9.466870e+08, relative=2.419975e-02.
  itrIdx=25,	residual=4.122359e+06,	 rhs=9.466870e+08, relative=4.354511e-03.
  itrIdx=26,	residual=3.341791e+06,	 rhs=9.466870e+08, relative=3.529985e-03.
  itrIdx=27,	residual=3.098486e+06,	 rhs=9.466870e+08, relative=3.272978e-03.
  itrIdx=28,	residual=6.120719e+06,	 rhs=9.466870e+08, relative=6.465409e-03.
  itrIdx=29,	residual=9.095643e+06,	 rhs=9.466870e+08, relative=9.607867e-03.
  itrIdx=30,	residual=8.347033e+05,	 rhs=9.466870e+08, relative=8.817099e-04.
  itrIdx=31,	residual=2.702360e+06,	 rhs=9.466870e+08, relative=2.854544e-03.
  itrIdx=32,	residual=1.062596e+06,	 rhs=9.466870e+08, relative=1.122436e-03.
  itrIdx=33,	residual=1.621716e+06,	 rhs=9.466870e+08, relative=1.713043e-03.
  itrIdx=34,	residual=1.265103e+06,	 rhs=9.466870e+08, relative=1.336347e-03.
  itrIdx=35,	residual=1.286693e+06,	 rhs=9.466870e+08, relative=1.359154e-03.
  itrIdx=36,	residual=2.660576e+06,	 rhs=9.466870e+08, relative=2.810407e-03.
  itrIdx=37,	residual=1.332942e+06,	 rhs=9.466870e+08, relative=1.408007e-03.
  itrIdx=38,	residual=9.537106e+05,	 rhs=9.466870e+08, relative=1.007419e-03.
  itrIdx=39,	residual=7.521429e+05,	 rhs=9.466870e+08, relative=7.945001e-04.
  itrIdx=40,	residual=3.855417e+05,	 rhs=9.466870e+08, relative=4.072536e-04.
  itrIdx=41,	residual=4.290275e+05,	 rhs=9.466870e+08, relative=4.531883e-04.
  itrIdx=42,	residual=2.896296e+05,	 rhs=9.466870e+08, relative=3.059402e-04.
  itrIdx=43,	residual=1.112953e+06,	 rhs=9.466870e+08, relative=1.175629e-03.
  itrIdx=44,	residual=6.529240e+05,	 rhs=9.466870e+08, relative=6.896936e-04.
  itrIdx=45,	residual=2.506529e+05,	 rhs=9.466870e+08, relative=2.647685e-04.
  itrIdx=46,	residual=4.083487e+05,	 rhs=9.466870e+08, relative=4.313450e-04.
  itrIdx=47,	residual=1.359430e+05,	 rhs=9.466870e+08, relative=1.435987e-04.
  itrIdx=48,	residual=7.746184e+04,	 rhs=9.466870e+08, relative=8.182413e-05.
  itrIdx=49,	residual=8.191306e+04,	 rhs=9.466870e+08, relative=8.652602e-05.
  itrIdx=50,	residual=1.811988e+05,	 rhs=9.466870e+08, relative=1.914031e-04.
  itrIdx=51,	residual=7.924352e+04,	 rhs=9.466870e+08, relative=8.370615e-05.
  itrIdx=52,	residual=9.355158e+04,	 rhs=9.466870e+08, relative=9.881996e-05.
  itrIdx=53,	residual=7.746203e+04,	 rhs=9.466870e+08, relative=8.182432e-05.
  itrIdx=54,	residual=1.879034e+05,	 rhs=9.466870e+08, relative=1.984852e-04.
  itrIdx=55,	residual=6.595021e+04,	 rhs=9.466870e+08, relative=6.966421e-05.
  itrIdx=56,	residual=6.442438e+04,	 rhs=9.466870e+08, relative=6.805246e-05.
  itrIdx=57,	residual=5.382687e+04,	 rhs=9.466870e+08, relative=5.685814e-05.
  itrIdx=58,	residual=4.040623e+04,	 rhs=9.466870e+08, relative=4.268172e-05.
  itrIdx=59,	residual=2.953237e+04,	 rhs=9.466870e+08, relative=3.119550e-05.
  itrIdx=60,	residual=3.093392e+04,	 rhs=9.466870e+08, relative=3.267598e-05.
  itrIdx=61,	residual=3.334765e+04,	 rhs=9.466870e+08, relative=3.522563e-05.
  itrIdx=62,	residual=1.946019e+04,	 rhs=9.466870e+08, relative=2.055610e-05.
  itrIdx=63,	residual=1.383237e+04,	 rhs=9.466870e+08, relative=1.461134e-05.
  itrIdx=64,	residual=3.654396e+04,	 rhs=9.466870e+08, relative=3.860194e-05.
  itrIdx=65,	residual=6.090861e+04,	 rhs=9.466870e+08, relative=6.433869e-05.
  itrIdx=66,	residual=3.866068e+04,	 rhs=9.466870e+08, relative=4.083786e-05.
  itrIdx=67,	residual=1.467243e+04,	 rhs=9.466870e+08, relative=1.549872e-05.
  itrIdx=68,	residual=1.333896e+04,	 rhs=9.466870e+08, relative=1.409015e-05.
Reach rtol=1.000000e-05, the solver exits with residual=9.245459e+03 and iterations=69.
  homoCoeffZ=3.56299
========================================================
Contrast_x,y,z=10000  625  16
Get kvals from python.
2.62144e+09  1.6384e+08  4.1943e+06  4.1943e+06  4.1943e+06  262144  524288  786432  786432  786432  262144  16384  419.43  419.43  786432  
  Use all 1.0.
Use the following reference parameters:
262144  262144  262144  262144  262144  
GPU solver with FCT preconditioner.
  itrIdx=1,	residual=7.444513e+09,	 rhs=1.326992e+09, relative=5.610067e+00.
  itrIdx=2,	residual=2.793643e+09,	 rhs=1.326992e+09, relative=2.105245e+00.
  itrIdx=3,	residual=1.654498e+09,	 rhs=1.326992e+09, relative=1.246803e+00.
  itrIdx=4,	residual=1.503677e+09,	 rhs=1.326992e+09, relative=1.133147e+00.
  itrIdx=5,	residual=2.422390e+09,	 rhs=1.326992e+09, relative=1.825475e+00.
  itrIdx=6,	residual=5.518720e+09,	 rhs=1.326992e+09, relative=4.158820e+00.
  itrIdx=7,	residual=3.436883e+09,	 rhs=1.326992e+09, relative=2.589980e+00.
  itrIdx=8,	residual=8.917450e+09,	 rhs=1.326992e+09, relative=6.720049e+00.
  itrIdx=9,	residual=1.947983e+09,	 rhs=1.326992e+09, relative=1.467969e+00.
  itrIdx=10,	residual=3.336471e+09,	 rhs=1.326992e+09, relative=2.514312e+00.
  itrIdx=11,	residual=1.708827e+09,	 rhs=1.326992e+09, relative=1.287745e+00.
  itrIdx=12,	residual=1.828279e+09,	 rhs=1.326992e+09, relative=1.377762e+00.
  itrIdx=13,	residual=1.683016e+09,	 rhs=1.326992e+09, relative=1.268294e+00.
  itrIdx=14,	residual=1.574980e+09,	 rhs=1.326992e+09, relative=1.186880e+00.
  itrIdx=15,	residual=3.910923e+08,	 rhs=1.326992e+09, relative=2.947210e-01.
  itrIdx=16,	residual=8.965861e+08,	 rhs=1.326992e+09, relative=6.756531e-01.
  itrIdx=17,	residual=4.781180e+08,	 rhs=1.326992e+09, relative=3.603021e-01.
  itrIdx=18,	residual=2.423368e+09,	 rhs=1.326992e+09, relative=1.826212e+00.
  itrIdx=19,	residual=7.174082e+08,	 rhs=1.326992e+09, relative=5.406274e-01.
  itrIdx=20,	residual=7.124980e+08,	 rhs=1.326992e+09, relative=5.369272e-01.
  itrIdx=21,	residual=1.236107e+09,	 rhs=1.326992e+09, relative=9.315106e-01.
  itrIdx=22,	residual=1.102912e+09,	 rhs=1.326992e+09, relative=8.311366e-01.
  itrIdx=23,	residual=1.047001e+09,	 rhs=1.326992e+09, relative=7.890031e-01.
  itrIdx=24,	residual=6.081186e+08,	 rhs=1.326992e+09, relative=4.582686e-01.
  itrIdx=25,	residual=1.330249e+09,	 rhs=1.326992e+09, relative=1.002454e+00.
  itrIdx=26,	residual=7.584582e+08,	 rhs=1.326992e+09, relative=5.715620e-01.
  itrIdx=27,	residual=5.311449e+07,	 rhs=1.326992e+09, relative=4.002624e-02.
  itrIdx=28,	residual=1.876419e+08,	 rhs=1.326992e+09, relative=1.414040e-01.
  itrIdx=29,	residual=3.757671e+08,	 rhs=1.326992e+09, relative=2.831722e-01.
  itrIdx=30,	residual=3.009222e+08,	 rhs=1.326992e+09, relative=2.267702e-01.
  itrIdx=31,	residual=1.895595e+08,	 rhs=1.326992e+09, relative=1.428490e-01.
  itrIdx=32,	residual=1.846528e+08,	 rhs=1.326992e+09, relative=1.391514e-01.
  itrIdx=33,	residual=1.866647e+08,	 rhs=1.326992e+09, relative=1.406675e-01.
  itrIdx=34,	residual=1.647093e+08,	 rhs=1.326992e+09, relative=1.241223e-01.
  itrIdx=35,	residual=9.134655e+07,	 rhs=1.326992e+09, relative=6.883731e-02.
  itrIdx=36,	residual=1.787910e+08,	 rhs=1.326992e+09, relative=1.347341e-01.
  itrIdx=37,	residual=6.635548e+07,	 rhs=1.326992e+09, relative=5.000444e-02.
  itrIdx=38,	residual=4.116904e+07,	 rhs=1.326992e+09, relative=3.102434e-02.
  itrIdx=39,	residual=9.852373e+07,	 rhs=1.326992e+09, relative=7.424592e-02.
  itrIdx=40,	residual=1.834866e+08,	 rhs=1.326992e+09, relative=1.382726e-01.
  itrIdx=41,	residual=8.499449e+07,	 rhs=1.326992e+09, relative=6.405050e-02.
  itrIdx=42,	residual=1.969955e+08,	 rhs=1.326992e+09, relative=1.484527e-01.
  itrIdx=43,	residual=2.545597e+08,	 rhs=1.326992e+09, relative=1.918321e-01.
  itrIdx=44,	residual=1.361787e+08,	 rhs=1.326992e+09, relative=1.026221e-01.
  itrIdx=45,	residual=8.756606e+07,	 rhs=1.326992e+09, relative=6.598839e-02.
  itrIdx=46,	residual=1.618771e+07,	 rhs=1.326992e+09, relative=1.219880e-02.
  itrIdx=47,	residual=3.700367e+07,	 rhs=1.326992e+09, relative=2.788538e-02.
  itrIdx=48,	residual=2.977575e+07,	 rhs=1.326992e+09, relative=2.243853e-02.
  itrIdx=49,	residual=1.491857e+07,	 rhs=1.326992e+09, relative=1.124240e-02.
  itrIdx=50,	residual=2.707679e+07,	 rhs=1.326992e+09, relative=2.040464e-02.
  itrIdx=51,	residual=3.451444e+07,	 rhs=1.326992e+09, relative=2.600953e-02.
  itrIdx=52,	residual=1.702763e+07,	 rhs=1.326992e+09, relative=1.283175e-02.
  itrIdx=53,	residual=1.418522e+07,	 rhs=1.326992e+09, relative=1.068976e-02.
  itrIdx=54,	residual=2.350481e+07,	 rhs=1.326992e+09, relative=1.771285e-02.
  itrIdx=55,	residual=3.971143e+07,	 rhs=1.326992e+09, relative=2.992590e-02.
  itrIdx=56,	residual=7.503596e+07,	 rhs=1.326992e+09, relative=5.654591e-02.
  itrIdx=57,	residual=8.599534e+07,	 rhs=1.326992e+09, relative=6.480472e-02.
  itrIdx=58,	residual=4.884511e+07,	 rhs=1.326992e+09, relative=3.680890e-02.
  itrIdx=59,	residual=2.676729e+07,	 rhs=1.326992e+09, relative=2.017141e-02.
  itrIdx=60,	residual=5.268411e+07,	 rhs=1.326992e+09, relative=3.970191e-02.
  itrIdx=61,	residual=4.934360e+07,	 rhs=1.326992e+09, relative=3.718455e-02.
  itrIdx=62,	residual=3.105948e+07,	 rhs=1.326992e+09, relative=2.340593e-02.
  itrIdx=63,	residual=1.683458e+07,	 rhs=1.326992e+09, relative=1.268627e-02.
  itrIdx=64,	residual=2.002024e+07,	 rhs=1.326992e+09, relative=1.508694e-02.
  itrIdx=65,	residual=1.740773e+07,	 rhs=1.326992e+09, relative=1.311819e-02.
  itrIdx=66,	residual=1.307345e+07,	 rhs=1.326992e+09, relative=9.851945e-03.
  itrIdx=67,	residual=1.032833e+07,	 rhs=1.326992e+09, relative=7.783263e-03.
  itrIdx=68,	residual=6.931462e+06,	 rhs=1.326992e+09, relative=5.223440e-03.
  itrIdx=69,	residual=3.644001e+06,	 rhs=1.326992e+09, relative=2.746061e-03.
  itrIdx=70,	residual=2.711891e+06,	 rhs=1.326992e+09, relative=2.043638e-03.
  itrIdx=71,	residual=3.591943e+06,	 rhs=1.326992e+09, relative=2.706831e-03.
  itrIdx=72,	residual=6.069687e+06,	 rhs=1.326992e+09, relative=4.574019e-03.
  itrIdx=73,	residual=7.652089e+06,	 rhs=1.326992e+09, relative=5.766493e-03.
  itrIdx=74,	residual=1.177220e+07,	 rhs=1.326992e+09, relative=8.871343e-03.
  itrIdx=75,	residual=1.638100e+07,	 rhs=1.326992e+09, relative=1.234446e-02.
  itrIdx=76,	residual=1.712272e+07,	 rhs=1.326992e+09, relative=1.290341e-02.
  itrIdx=77,	residual=1.589194e+07,	 rhs=1.326992e+09, relative=1.197591e-02.
  itrIdx=78,	residual=1.663604e+07,	 rhs=1.326992e+09, relative=1.253666e-02.
  itrIdx=79,	residual=1.573045e+07,	 rhs=1.326992e+09, relative=1.185422e-02.
  itrIdx=80,	residual=9.651206e+06,	 rhs=1.326992e+09, relative=7.272995e-03.
  itrIdx=81,	residual=6.303981e+06,	 rhs=1.326992e+09, relative=4.750580e-03.
  itrIdx=82,	residual=4.942331e+06,	 rhs=1.326992e+09, relative=3.724462e-03.
  itrIdx=83,	residual=3.050105e+06,	 rhs=1.326992e+09, relative=2.298511e-03.
  itrIdx=84,	residual=2.449821e+06,	 rhs=1.326992e+09, relative=1.846146e-03.
  itrIdx=85,	residual=2.014125e+06,	 rhs=1.326992e+09, relative=1.517813e-03.
  itrIdx=86,	residual=2.400153e+06,	 rhs=1.326992e+09, relative=1.808717e-03.
  itrIdx=87,	residual=1.887056e+06,	 rhs=1.326992e+09, relative=1.422056e-03.
  itrIdx=88,	residual=2.067896e+06,	 rhs=1.326992e+09, relative=1.558334e-03.
  itrIdx=89,	residual=2.755475e+06,	 rhs=1.326992e+09, relative=2.076482e-03.
  itrIdx=90,	residual=3.231657e+06,	 rhs=1.326992e+09, relative=2.435326e-03.
  itrIdx=91,	residual=3.264186e+06,	 rhs=1.326992e+09, relative=2.459839e-03.
  itrIdx=92,	residual=3.585457e+06,	 rhs=1.326992e+09, relative=2.701944e-03.
  itrIdx=93,	residual=3.738436e+06,	 rhs=1.326992e+09, relative=2.817226e-03.
  itrIdx=94,	residual=2.372157e+06,	 rhs=1.326992e+09, relative=1.787620e-03.
  itrIdx=95,	residual=2.555126e+06,	 rhs=1.326992e+09, relative=1.925503e-03.
  itrIdx=96,	residual=3.184431e+06,	 rhs=1.326992e+09, relative=2.399737e-03.
  itrIdx=97,	residual=4.179765e+06,	 rhs=1.326992e+09, relative=3.149805e-03.
  itrIdx=98,	residual=3.699499e+06,	 rhs=1.326992e+09, relative=2.787884e-03.
  itrIdx=99,	residual=4.718883e+06,	 rhs=1.326992e+09, relative=3.556075e-03.
  itrIdx=100,	residual=3.260442e+06,	 rhs=1.326992e+09, relative=2.457018e-03.
  itrIdx=101,	residual=2.663514e+06,	 rhs=1.326992e+09, relative=2.007181e-03.
  itrIdx=102,	residual=1.986624e+06,	 rhs=1.326992e+09, relative=1.497088e-03.
  itrIdx=103,	residual=2.392702e+06,	 rhs=1.326992e+09, relative=1.803102e-03.
  itrIdx=104,	residual=2.800940e+06,	 rhs=1.326992e+09, relative=2.110744e-03.
  itrIdx=105,	residual=2.879168e+06,	 rhs=1.326992e+09, relative=2.169695e-03.
  itrIdx=106,	residual=2.918594e+06,	 rhs=1.326992e+09, relative=2.199406e-03.
  itrIdx=107,	residual=1.995016e+06,	 rhs=1.326992e+09, relative=1.503412e-03.
  itrIdx=108,	residual=1.565818e+06,	 rhs=1.326992e+09, relative=1.179976e-03.
  itrIdx=109,	residual=9.416595e+05,	 rhs=1.326992e+09, relative=7.096196e-04.
  itrIdx=110,	residual=7.878327e+05,	 rhs=1.326992e+09, relative=5.936982e-04.
  itrIdx=111,	residual=6.988130e+05,	 rhs=1.326992e+09, relative=5.266144e-04.
  itrIdx=112,	residual=1.043403e+06,	 rhs=1.326992e+09, relative=7.862920e-04.
  itrIdx=113,	residual=1.172146e+06,	 rhs=1.326992e+09, relative=8.833109e-04.
  itrIdx=114,	residual=1.514057e+06,	 rhs=1.326992e+09, relative=1.140970e-03.
  itrIdx=115,	residual=1.976771e+06,	 rhs=1.326992e+09, relative=1.489663e-03.
  itrIdx=116,	residual=2.019275e+06,	 rhs=1.326992e+09, relative=1.521693e-03.
  itrIdx=117,	residual=1.728668e+06,	 rhs=1.326992e+09, relative=1.302697e-03.
  itrIdx=118,	residual=1.986800e+06,	 rhs=1.326992e+09, relative=1.497221e-03.
  itrIdx=119,	residual=2.044159e+06,	 rhs=1.326992e+09, relative=1.540446e-03.
  itrIdx=120,	residual=2.155474e+06,	 rhs=1.326992e+09, relative=1.624331e-03.
  itrIdx=121,	residual=1.831404e+06,	 rhs=1.326992e+09, relative=1.380117e-03.
  itrIdx=122,	residual=1.735336e+06,	 rhs=1.326992e+09, relative=1.307722e-03.
  itrIdx=123,	residual=1.047752e+06,	 rhs=1.326992e+09, relative=7.895690e-04.
  itrIdx=124,	residual=6.337255e+05,	 rhs=1.326992e+09, relative=4.775655e-04.
  itrIdx=125,	residual=5.117178e+05,	 rhs=1.326992e+09, relative=3.856224e-04.
  itrIdx=126,	residual=4.076696e+05,	 rhs=1.326992e+09, relative=3.072134e-04.
  itrIdx=127,	residual=3.763749e+05,	 rhs=1.326992e+09, relative=2.836302e-04.
  itrIdx=128,	residual=4.589957e+05,	 rhs=1.326992e+09, relative=3.458919e-04.
  itrIdx=129,	residual=8.977520e+05,	 rhs=1.326992e+09, relative=6.765317e-04.
  itrIdx=130,	residual=1.036462e+06,	 rhs=1.326992e+09, relative=7.810611e-04.
  itrIdx=131,	residual=1.517390e+06,	 rhs=1.326992e+09, relative=1.143481e-03.
  itrIdx=132,	residual=1.584465e+06,	 rhs=1.326992e+09, relative=1.194028e-03.
  itrIdx=133,	residual=1.588721e+06,	 rhs=1.326992e+09, relative=1.197235e-03.
  itrIdx=134,	residual=9.496421e+05,	 rhs=1.326992e+09, relative=7.156352e-04.
  itrIdx=135,	residual=6.778270e+05,	 rhs=1.326992e+09, relative=5.107997e-04.
  itrIdx=136,	residual=5.325901e+05,	 rhs=1.326992e+09, relative=4.013514e-04.
  itrIdx=137,	residual=4.708203e+05,	 rhs=1.326992e+09, relative=3.548027e-04.
  itrIdx=138,	residual=3.833219e+05,	 rhs=1.326992e+09, relative=2.888653e-04.
  itrIdx=139,	residual=3.890126e+05,	 rhs=1.326992e+09, relative=2.931537e-04.
  itrIdx=140,	residual=4.067406e+05,	 rhs=1.326992e+09, relative=3.065132e-04.
  itrIdx=141,	residual=2.988842e+05,	 rhs=1.326992e+09, relative=2.252344e-04.
  itrIdx=142,	residual=2.634999e+05,	 rhs=1.326992e+09, relative=1.985693e-04.
  itrIdx=143,	residual=2.401563e+05,	 rhs=1.326992e+09, relative=1.809780e-04.
  itrIdx=144,	residual=2.524835e+05,	 rhs=1.326992e+09, relative=1.902675e-04.
  itrIdx=145,	residual=2.019106e+05,	 rhs=1.326992e+09, relative=1.521566e-04.
  itrIdx=146,	residual=2.531099e+05,	 rhs=1.326992e+09, relative=1.907396e-04.
  itrIdx=147,	residual=2.584713e+05,	 rhs=1.326992e+09, relative=1.947799e-04.
  itrIdx=148,	residual=2.889072e+05,	 rhs=1.326992e+09, relative=2.177158e-04.
  itrIdx=149,	residual=3.236938e+05,	 rhs=1.326992e+09, relative=2.439305e-04.
  itrIdx=150,	residual=4.517781e+05,	 rhs=1.326992e+09, relative=3.404528e-04.
  itrIdx=151,	residual=5.239178e+05,	 rhs=1.326992e+09, relative=3.948162e-04.
  itrIdx=152,	residual=5.206019e+05,	 rhs=1.326992e+09, relative=3.923173e-04.
  itrIdx=153,	residual=5.468027e+05,	 rhs=1.326992e+09, relative=4.120618e-04.
  itrIdx=154,	residual=4.174509e+05,	 rhs=1.326992e+09, relative=3.145844e-04.
  itrIdx=155,	residual=2.828892e+05,	 rhs=1.326992e+09, relative=2.131808e-04.
  itrIdx=156,	residual=1.988748e+05,	 rhs=1.326992e+09, relative=1.498689e-04.
  itrIdx=157,	residual=2.077159e+05,	 rhs=1.326992e+09, relative=1.565314e-04.
  itrIdx=158,	residual=1.835282e+05,	 rhs=1.326992e+09, relative=1.383040e-04.
  itrIdx=159,	residual=2.254016e+05,	 rhs=1.326992e+09, relative=1.698591e-04.
  itrIdx=160,	residual=2.696123e+05,	 rhs=1.326992e+09, relative=2.031755e-04.
  itrIdx=161,	residual=2.727161e+05,	 rhs=1.326992e+09, relative=2.055145e-04.
  itrIdx=162,	residual=1.857378e+05,	 rhs=1.326992e+09, relative=1.399690e-04.
  itrIdx=163,	residual=1.558603e+05,	 rhs=1.326992e+09, relative=1.174538e-04.
  itrIdx=164,	residual=1.066952e+05,	 rhs=1.326992e+09, relative=8.040377e-05.
  itrIdx=165,	residual=7.709102e+04,	 rhs=1.326992e+09, relative=5.809457e-05.
  itrIdx=166,	residual=6.000577e+04,	 rhs=1.326992e+09, relative=4.521940e-05.
  itrIdx=167,	residual=7.584139e+04,	 rhs=1.326992e+09, relative=5.715287e-05.
  itrIdx=168,	residual=8.591818e+04,	 rhs=1.326992e+09, relative=6.474657e-05.
  itrIdx=169,	residual=9.839022e+04,	 rhs=1.326992e+09, relative=7.414530e-05.
  itrIdx=170,	residual=1.426383e+05,	 rhs=1.326992e+09, relative=1.074900e-04.
  itrIdx=171,	residual=1.910618e+05,	 rhs=1.326992e+09, relative=1.439812e-04.
  itrIdx=172,	residual=2.149337e+05,	 rhs=1.326992e+09, relative=1.619706e-04.
  itrIdx=173,	residual=2.374202e+05,	 rhs=1.326992e+09, relative=1.789161e-04.
  itrIdx=174,	residual=2.705189e+05,	 rhs=1.326992e+09, relative=2.038587e-04.
  itrIdx=175,	residual=2.326397e+05,	 rhs=1.326992e+09, relative=1.753136e-04.
  itrIdx=176,	residual=1.874354e+05,	 rhs=1.326992e+09, relative=1.412483e-04.
  itrIdx=177,	residual=1.450147e+05,	 rhs=1.326992e+09, relative=1.092808e-04.
  itrIdx=178,	residual=1.252209e+05,	 rhs=1.326992e+09, relative=9.436444e-05.
  itrIdx=179,	residual=8.424611e+04,	 rhs=1.326992e+09, relative=6.348653e-05.
  itrIdx=180,	residual=7.071064e+04,	 rhs=1.326992e+09, relative=5.328641e-05.
  itrIdx=181,	residual=5.736657e+04,	 rhs=1.326992e+09, relative=4.323054e-05.
  itrIdx=182,	residual=5.842615e+04,	 rhs=1.326992e+09, relative=4.402902e-05.
  itrIdx=183,	residual=5.481013e+04,	 rhs=1.326992e+09, relative=4.130405e-05.
  itrIdx=184,	residual=6.377786e+04,	 rhs=1.326992e+09, relative=4.806198e-05.
  itrIdx=185,	residual=7.203774e+04,	 rhs=1.326992e+09, relative=5.428650e-05.
  itrIdx=186,	residual=7.495890e+04,	 rhs=1.326992e+09, relative=5.648784e-05.
  itrIdx=187,	residual=7.904215e+04,	 rhs=1.326992e+09, relative=5.956491e-05.
  itrIdx=188,	residual=8.019800e+04,	 rhs=1.326992e+09, relative=6.043594e-05.
  itrIdx=189,	residual=8.372428e+04,	 rhs=1.326992e+09, relative=6.309329e-05.
  itrIdx=190,	residual=8.603435e+04,	 rhs=1.326992e+09, relative=6.483412e-05.
  itrIdx=191,	residual=1.212557e+05,	 rhs=1.326992e+09, relative=9.137636e-05.
  itrIdx=192,	residual=1.331064e+05,	 rhs=1.326992e+09, relative=1.003069e-04.
  itrIdx=193,	residual=1.403973e+05,	 rhs=1.326992e+09, relative=1.058012e-04.
  itrIdx=194,	residual=1.303148e+05,	 rhs=1.326992e+09, relative=9.820313e-05.
  itrIdx=195,	residual=1.126941e+05,	 rhs=1.326992e+09, relative=8.492445e-05.
  itrIdx=196,	residual=7.973820e+04,	 rhs=1.326992e+09, relative=6.008944e-05.
  itrIdx=197,	residual=5.970715e+04,	 rhs=1.326992e+09, relative=4.499436e-05.
  itrIdx=198,	residual=5.444673e+04,	 rhs=1.326992e+09, relative=4.103019e-05.
  itrIdx=199,	residual=4.425439e+04,	 rhs=1.326992e+09, relative=3.334941e-05.
  itrIdx=200,	residual=3.657784e+04,	 rhs=1.326992e+09, relative=2.756448e-05.
  itrIdx=201,	residual=3.077010e+04,	 rhs=1.326992e+09, relative=2.318786e-05.
  itrIdx=202,	residual=2.850017e+04,	 rhs=1.326992e+09, relative=2.147728e-05.
  itrIdx=203,	residual=2.185225e+04,	 rhs=1.326992e+09, relative=1.646751e-05.
  itrIdx=204,	residual=1.981976e+04,	 rhs=1.326992e+09, relative=1.493586e-05.
  itrIdx=205,	residual=1.729886e+04,	 rhs=1.326992e+09, relative=1.303615e-05.
  itrIdx=206,	residual=1.880034e+04,	 rhs=1.326992e+09, relative=1.416764e-05.
  itrIdx=207,	residual=2.093653e+04,	 rhs=1.326992e+09, relative=1.577743e-05.
  itrIdx=208,	residual=2.721199e+04,	 rhs=1.326992e+09, relative=2.050652e-05.
  itrIdx=209,	residual=3.687970e+04,	 rhs=1.326992e+09, relative=2.779196e-05.
  itrIdx=210,	residual=4.659269e+04,	 rhs=1.326992e+09, relative=3.511151e-05.
  itrIdx=211,	residual=5.730475e+04,	 rhs=1.326992e+09, relative=4.318395e-05.
  itrIdx=212,	residual=5.595947e+04,	 rhs=1.326992e+09, relative=4.217017e-05.
  itrIdx=213,	residual=5.064787e+04,	 rhs=1.326992e+09, relative=3.816743e-05.
  itrIdx=214,	residual=3.259865e+04,	 rhs=1.326992e+09, relative=2.456582e-05.
  itrIdx=215,	residual=2.665434e+04,	 rhs=1.326992e+09, relative=2.008629e-05.
  itrIdx=216,	residual=1.958495e+04,	 rhs=1.326992e+09, relative=1.475891e-05.
  itrIdx=217,	residual=1.810101e+04,	 rhs=1.326992e+09, relative=1.364064e-05.
  itrIdx=218,	residual=1.923439e+04,	 rhs=1.326992e+09, relative=1.449473e-05.
  itrIdx=219,	residual=2.218880e+04,	 rhs=1.326992e+09, relative=1.672113e-05.
  itrIdx=220,	residual=2.676726e+04,	 rhs=1.326992e+09, relative=2.017139e-05.
  itrIdx=221,	residual=2.630646e+04,	 rhs=1.326992e+09, relative=1.982413e-05.
  itrIdx=222,	residual=2.324809e+04,	 rhs=1.326992e+09, relative=1.751939e-05.
  itrIdx=223,	residual=1.794892e+04,	 rhs=1.326992e+09, relative=1.352602e-05.
  itrIdx=224,	residual=1.357660e+04,	 rhs=1.326992e+09, relative=1.023111e-05.
Reach rtol=1.000000e-05, the solver exits with residual=9.911405e+03 and iterations=225.
  homoCoeffZ=4.2173
========================================================
Contrast_x,y,z=100000  3125  32
Get kvals from python.
2.62144e+10  8.192e+08  8.38861e+06  8.38861e+06  8.38861e+06  262144  524288  786432  786432  786432  262144  8192  83.8861  83.8861  786432  
  Use all 1.0.
Use the following reference parameters:
262144  262144  262144  262144  262144  
GPU solver with FCT preconditioner.
  itrIdx=1,	residual=4.074666e+10,	 rhs=2.284660e+09, relative=1.783489e+01.
  itrIdx=2,	residual=2.325222e+10,	 rhs=2.284660e+09, relative=1.017754e+01.
  itrIdx=3,	residual=1.142895e+10,	 rhs=2.284660e+09, relative=5.002473e+00.
  itrIdx=4,	residual=4.899456e+09,	 rhs=2.284660e+09, relative=2.144501e+00.
  itrIdx=5,	residual=2.139692e+09,	 rhs=2.284660e+09, relative=9.365470e-01.
  itrIdx=6,	residual=8.326439e+09,	 rhs=2.284660e+09, relative=3.644498e+00.
  itrIdx=7,	residual=3.617635e+09,	 rhs=2.284660e+09, relative=1.583445e+00.
  itrIdx=8,	residual=2.415697e+09,	 rhs=2.284660e+09, relative=1.057355e+00.
  itrIdx=9,	residual=4.241074e+09,	 rhs=2.284660e+09, relative=1.856326e+00.
  itrIdx=10,	residual=2.903269e+09,	 rhs=2.284660e+09, relative=1.270766e+00.
  itrIdx=11,	residual=1.045693e+10,	 rhs=2.284660e+09, relative=4.577018e+00.
  itrIdx=12,	residual=1.202286e+10,	 rhs=2.284660e+09, relative=5.262429e+00.
  itrIdx=13,	residual=1.746964e+10,	 rhs=2.284660e+09, relative=7.646493e+00.
  itrIdx=14,	residual=7.282599e+09,	 rhs=2.284660e+09, relative=3.187607e+00.
  itrIdx=15,	residual=1.644487e+10,	 rhs=2.284660e+09, relative=7.197950e+00.
  itrIdx=16,	residual=4.880629e+09,	 rhs=2.284660e+09, relative=2.136260e+00.
  itrIdx=17,	residual=2.448192e+10,	 rhs=2.284660e+09, relative=1.071578e+01.
  itrIdx=18,	residual=6.951325e+09,	 rhs=2.284660e+09, relative=3.042608e+00.
  itrIdx=19,	residual=5.405491e+09,	 rhs=2.284660e+09, relative=2.365993e+00.
  itrIdx=20,	residual=4.794551e+09,	 rhs=2.284660e+09, relative=2.098584e+00.
  itrIdx=21,	residual=6.687736e+09,	 rhs=2.284660e+09, relative=2.927235e+00.
  itrIdx=22,	residual=1.681049e+10,	 rhs=2.284660e+09, relative=7.357982e+00.
  itrIdx=23,	residual=2.590915e+09,	 rhs=2.284660e+09, relative=1.134048e+00.
  itrIdx=24,	residual=2.683592e+09,	 rhs=2.284660e+09, relative=1.174613e+00.
  itrIdx=25,	residual=7.347220e+09,	 rhs=2.284660e+09, relative=3.215892e+00.
  itrIdx=26,	residual=9.580822e+08,	 rhs=2.284660e+09, relative=4.193544e-01.
  itrIdx=27,	residual=4.619213e+09,	 rhs=2.284660e+09, relative=2.021838e+00.
  itrIdx=28,	residual=5.719852e+09,	 rhs=2.284660e+09, relative=2.503590e+00.
  itrIdx=29,	residual=1.567931e+10,	 rhs=2.284660e+09, relative=6.862862e+00.
  itrIdx=30,	residual=2.011940e+10,	 rhs=2.284660e+09, relative=8.806300e+00.
  itrIdx=31,	residual=6.276989e+09,	 rhs=2.284660e+09, relative=2.747450e+00.
  itrIdx=32,	residual=8.424008e+08,	 rhs=2.284660e+09, relative=3.687204e-01.
  itrIdx=33,	residual=4.942510e+09,	 rhs=2.284660e+09, relative=2.163346e+00.
  itrIdx=34,	residual=3.681016e+09,	 rhs=2.284660e+09, relative=1.611188e+00.
  itrIdx=35,	residual=9.273176e+08,	 rhs=2.284660e+09, relative=4.058886e-01.
  itrIdx=36,	residual=8.455460e+08,	 rhs=2.284660e+09, relative=3.700971e-01.
  itrIdx=37,	residual=1.362693e+09,	 rhs=2.284660e+09, relative=5.964532e-01.
  itrIdx=38,	residual=1.044956e+09,	 rhs=2.284660e+09, relative=4.573791e-01.
  itrIdx=39,	residual=1.277018e+09,	 rhs=2.284660e+09, relative=5.589532e-01.
  itrIdx=40,	residual=4.834975e+08,	 rhs=2.284660e+09, relative=2.116278e-01.
  itrIdx=41,	residual=6.683321e+08,	 rhs=2.284660e+09, relative=2.925302e-01.
  itrIdx=42,	residual=4.637172e+09,	 rhs=2.284660e+09, relative=2.029699e+00.
  itrIdx=43,	residual=2.041877e+09,	 rhs=2.284660e+09, relative=8.937335e-01.
  itrIdx=44,	residual=2.035218e+09,	 rhs=2.284660e+09, relative=8.908188e-01.
  itrIdx=45,	residual=8.432689e+09,	 rhs=2.284660e+09, relative=3.691004e+00.
  itrIdx=46,	residual=2.234447e+09,	 rhs=2.284660e+09, relative=9.780218e-01.
  itrIdx=47,	residual=1.159664e+09,	 rhs=2.284660e+09, relative=5.075870e-01.
  itrIdx=48,	residual=6.355078e+08,	 rhs=2.284660e+09, relative=2.781629e-01.
  itrIdx=49,	residual=7.681378e+08,	 rhs=2.284660e+09, relative=3.362154e-01.
  itrIdx=50,	residual=7.721215e+08,	 rhs=2.284660e+09, relative=3.379590e-01.
  itrIdx=51,	residual=1.548366e+09,	 rhs=2.284660e+09, relative=6.777226e-01.
  itrIdx=52,	residual=1.968961e+09,	 rhs=2.284660e+09, relative=8.618180e-01.
  itrIdx=53,	residual=1.104076e+09,	 rhs=2.284660e+09, relative=4.832560e-01.
  itrIdx=54,	residual=1.234570e+09,	 rhs=2.284660e+09, relative=5.403734e-01.
  itrIdx=55,	residual=7.587580e+08,	 rhs=2.284660e+09, relative=3.321098e-01.
  itrIdx=56,	residual=4.439015e+08,	 rhs=2.284660e+09, relative=1.942965e-01.
  itrIdx=57,	residual=6.102908e+08,	 rhs=2.284660e+09, relative=2.671254e-01.
  itrIdx=58,	residual=7.025244e+08,	 rhs=2.284660e+09, relative=3.074962e-01.
  itrIdx=59,	residual=7.534285e+08,	 rhs=2.284660e+09, relative=3.297770e-01.
  itrIdx=60,	residual=6.178951e+08,	 rhs=2.284660e+09, relative=2.704539e-01.
  itrIdx=61,	residual=1.045182e+09,	 rhs=2.284660e+09, relative=4.574780e-01.
  itrIdx=62,	residual=5.471798e+08,	 rhs=2.284660e+09, relative=2.395016e-01.
  itrIdx=63,	residual=4.944014e+08,	 rhs=2.284660e+09, relative=2.164004e-01.
  itrIdx=64,	residual=5.368153e+08,	 rhs=2.284660e+09, relative=2.349651e-01.
  itrIdx=65,	residual=7.931826e+08,	 rhs=2.284660e+09, relative=3.471775e-01.
  itrIdx=66,	residual=8.281100e+08,	 rhs=2.284660e+09, relative=3.624653e-01.
  itrIdx=67,	residual=1.215257e+09,	 rhs=2.284660e+09, relative=5.319203e-01.
  itrIdx=68,	residual=2.500414e+09,	 rhs=2.284660e+09, relative=1.094436e+00.
  itrIdx=69,	residual=2.959795e+09,	 rhs=2.284660e+09, relative=1.295508e+00.
  itrIdx=70,	residual=2.651219e+09,	 rhs=2.284660e+09, relative=1.160443e+00.
  itrIdx=71,	residual=2.670738e+09,	 rhs=2.284660e+09, relative=1.168987e+00.
  itrIdx=72,	residual=2.333322e+09,	 rhs=2.284660e+09, relative=1.021299e+00.
  itrIdx=73,	residual=1.500836e+09,	 rhs=2.284660e+09, relative=6.569188e-01.
  itrIdx=74,	residual=1.179585e+09,	 rhs=2.284660e+09, relative=5.163064e-01.
  itrIdx=75,	residual=1.644189e+09,	 rhs=2.284660e+09, relative=7.196646e-01.
  itrIdx=76,	residual=1.608611e+09,	 rhs=2.284660e+09, relative=7.040919e-01.
  itrIdx=77,	residual=1.462968e+09,	 rhs=2.284660e+09, relative=6.403440e-01.
  itrIdx=78,	residual=1.708668e+09,	 rhs=2.284660e+09, relative=7.478873e-01.
  itrIdx=79,	residual=1.681683e+09,	 rhs=2.284660e+09, relative=7.360757e-01.
  itrIdx=80,	residual=1.022213e+09,	 rhs=2.284660e+09, relative=4.474246e-01.
  itrIdx=81,	residual=7.309389e+08,	 rhs=2.284660e+09, relative=3.199333e-01.
  itrIdx=82,	residual=6.129218e+08,	 rhs=2.284660e+09, relative=2.682770e-01.
  itrIdx=83,	residual=4.997327e+08,	 rhs=2.284660e+09, relative=2.187339e-01.
  itrIdx=84,	residual=3.559917e+08,	 rhs=2.284660e+09, relative=1.558182e-01.
  itrIdx=85,	residual=3.527677e+08,	 rhs=2.284660e+09, relative=1.544071e-01.
  itrIdx=86,	residual=3.190781e+08,	 rhs=2.284660e+09, relative=1.396611e-01.
  itrIdx=87,	residual=2.796605e+08,	 rhs=2.284660e+09, relative=1.224079e-01.
  itrIdx=88,	residual=1.839728e+08,	 rhs=2.284660e+09, relative=8.052522e-02.
  itrIdx=89,	residual=1.706812e+08,	 rhs=2.284660e+09, relative=7.470748e-02.
  itrIdx=90,	residual=1.048069e+08,	 rhs=2.284660e+09, relative=4.587416e-02.
  itrIdx=91,	residual=6.652914e+07,	 rhs=2.284660e+09, relative=2.911993e-02.
  itrIdx=92,	residual=5.455842e+07,	 rhs=2.284660e+09, relative=2.388032e-02.
  itrIdx=93,	residual=5.453237e+07,	 rhs=2.284660e+09, relative=2.386892e-02.
  itrIdx=94,	residual=5.779804e+07,	 rhs=2.284660e+09, relative=2.529831e-02.
  itrIdx=95,	residual=6.264815e+07,	 rhs=2.284660e+09, relative=2.742121e-02.
  itrIdx=96,	residual=1.093951e+08,	 rhs=2.284660e+09, relative=4.788243e-02.
  itrIdx=97,	residual=1.256923e+08,	 rhs=2.284660e+09, relative=5.501577e-02.
  itrIdx=98,	residual=1.979386e+08,	 rhs=2.284660e+09, relative=8.663811e-02.
  itrIdx=99,	residual=2.277525e+08,	 rhs=2.284660e+09, relative=9.968769e-02.
  itrIdx=100,	residual=3.447616e+08,	 rhs=2.284660e+09, relative=1.509028e-01.
  itrIdx=101,	residual=3.531617e+08,	 rhs=2.284660e+09, relative=1.545795e-01.
  itrIdx=102,	residual=3.953520e+08,	 rhs=2.284660e+09, relative=1.730463e-01.
  itrIdx=103,	residual=4.142260e+08,	 rhs=2.284660e+09, relative=1.813075e-01.
  itrIdx=104,	residual=4.385970e+08,	 rhs=2.284660e+09, relative=1.919747e-01.
  itrIdx=105,	residual=4.432416e+08,	 rhs=2.284660e+09, relative=1.940077e-01.
  itrIdx=106,	residual=4.189510e+08,	 rhs=2.284660e+09, relative=1.833756e-01.
  itrIdx=107,	residual=4.614772e+08,	 rhs=2.284660e+09, relative=2.019894e-01.
  itrIdx=108,	residual=3.849875e+08,	 rhs=2.284660e+09, relative=1.685097e-01.
  itrIdx=109,	residual=3.576136e+08,	 rhs=2.284660e+09, relative=1.565282e-01.
  itrIdx=110,	residual=2.659956e+08,	 rhs=2.284660e+09, relative=1.164268e-01.
  itrIdx=111,	residual=2.555687e+08,	 rhs=2.284660e+09, relative=1.118629e-01.
  itrIdx=112,	residual=2.336958e+08,	 rhs=2.284660e+09, relative=1.022891e-01.
  itrIdx=113,	residual=2.524782e+08,	 rhs=2.284660e+09, relative=1.105102e-01.
  itrIdx=114,	residual=2.427436e+08,	 rhs=2.284660e+09, relative=1.062493e-01.
  itrIdx=115,	residual=3.330779e+08,	 rhs=2.284660e+09, relative=1.457888e-01.
  itrIdx=116,	residual=3.216056e+08,	 rhs=2.284660e+09, relative=1.407674e-01.
  itrIdx=117,	residual=3.083265e+08,	 rhs=2.284660e+09, relative=1.349551e-01.
  itrIdx=118,	residual=2.692257e+08,	 rhs=2.284660e+09, relative=1.178406e-01.
  itrIdx=119,	residual=2.623148e+08,	 rhs=2.284660e+09, relative=1.148157e-01.
  itrIdx=120,	residual=1.973513e+08,	 rhs=2.284660e+09, relative=8.638105e-02.
  itrIdx=121,	residual=1.738296e+08,	 rhs=2.284660e+09, relative=7.608554e-02.
  itrIdx=122,	residual=1.608578e+08,	 rhs=2.284660e+09, relative=7.040776e-02.
  itrIdx=123,	residual=1.394069e+08,	 rhs=2.284660e+09, relative=6.101868e-02.
  itrIdx=124,	residual=1.092399e+08,	 rhs=2.284660e+09, relative=4.781452e-02.
  itrIdx=125,	residual=9.626327e+07,	 rhs=2.284660e+09, relative=4.213461e-02.
  itrIdx=126,	residual=8.409588e+07,	 rhs=2.284660e+09, relative=3.680893e-02.
  itrIdx=127,	residual=6.751523e+07,	 rhs=2.284660e+09, relative=2.955154e-02.
  itrIdx=128,	residual=5.911757e+07,	 rhs=2.284660e+09, relative=2.587587e-02.
  itrIdx=129,	residual=6.296685e+07,	 rhs=2.284660e+09, relative=2.756071e-02.
  itrIdx=130,	residual=6.250717e+07,	 rhs=2.284660e+09, relative=2.735950e-02.
  itrIdx=131,	residual=5.056890e+07,	 rhs=2.284660e+09, relative=2.213410e-02.
  itrIdx=132,	residual=6.228268e+07,	 rhs=2.284660e+09, relative=2.726125e-02.
  itrIdx=133,	residual=5.304680e+07,	 rhs=2.284660e+09, relative=2.321868e-02.
  itrIdx=134,	residual=4.715749e+07,	 rhs=2.284660e+09, relative=2.064092e-02.
  itrIdx=135,	residual=3.314261e+07,	 rhs=2.284660e+09, relative=1.450658e-02.
  itrIdx=136,	residual=3.550034e+07,	 rhs=2.284660e+09, relative=1.553856e-02.
  itrIdx=137,	residual=2.693019e+07,	 rhs=2.284660e+09, relative=1.178740e-02.
  itrIdx=138,	residual=2.649225e+07,	 rhs=2.284660e+09, relative=1.159571e-02.
  itrIdx=139,	residual=3.030829e+07,	 rhs=2.284660e+09, relative=1.326600e-02.
  itrIdx=140,	residual=4.069159e+07,	 rhs=2.284660e+09, relative=1.781079e-02.
  itrIdx=141,	residual=5.087598e+07,	 rhs=2.284660e+09, relative=2.226851e-02.
  itrIdx=142,	residual=6.688186e+07,	 rhs=2.284660e+09, relative=2.927431e-02.
  itrIdx=143,	residual=1.157314e+08,	 rhs=2.284660e+09, relative=5.065585e-02.
  itrIdx=144,	residual=1.288147e+08,	 rhs=2.284660e+09, relative=5.638245e-02.
  itrIdx=145,	residual=1.652655e+08,	 rhs=2.284660e+09, relative=7.233704e-02.
  itrIdx=146,	residual=1.825611e+08,	 rhs=2.284660e+09, relative=7.990734e-02.
  itrIdx=147,	residual=2.179476e+08,	 rhs=2.284660e+09, relative=9.539607e-02.
  itrIdx=148,	residual=1.686297e+08,	 rhs=2.284660e+09, relative=7.380955e-02.
  itrIdx=149,	residual=1.503592e+08,	 rhs=2.284660e+09, relative=6.581248e-02.
  itrIdx=150,	residual=1.177830e+08,	 rhs=2.284660e+09, relative=5.155384e-02.
  itrIdx=151,	residual=8.873956e+07,	 rhs=2.284660e+09, relative=3.884147e-02.
  itrIdx=152,	residual=5.752169e+07,	 rhs=2.284660e+09, relative=2.517735e-02.
  itrIdx=153,	residual=5.240602e+07,	 rhs=2.284660e+09, relative=2.293821e-02.
  itrIdx=154,	residual=4.669464e+07,	 rhs=2.284660e+09, relative=2.043833e-02.
  itrIdx=155,	residual=3.814611e+07,	 rhs=2.284660e+09, relative=1.669662e-02.
  itrIdx=156,	residual=3.781246e+07,	 rhs=2.284660e+09, relative=1.655059e-02.
  itrIdx=157,	residual=3.753936e+07,	 rhs=2.284660e+09, relative=1.643105e-02.
  itrIdx=158,	residual=3.759560e+07,	 rhs=2.284660e+09, relative=1.645567e-02.
  itrIdx=159,	residual=2.519859e+07,	 rhs=2.284660e+09, relative=1.102947e-02.
  itrIdx=160,	residual=2.431640e+07,	 rhs=2.284660e+09, relative=1.064333e-02.
  itrIdx=161,	residual=1.910077e+07,	 rhs=2.284660e+09, relative=8.360443e-03.
  itrIdx=162,	residual=1.602064e+07,	 rhs=2.284660e+09, relative=7.012266e-03.
  itrIdx=163,	residual=1.363641e+07,	 rhs=2.284660e+09, relative=5.968684e-03.
  itrIdx=164,	residual=1.712987e+07,	 rhs=2.284660e+09, relative=7.497774e-03.
  itrIdx=165,	residual=1.920775e+07,	 rhs=2.284660e+09, relative=8.407268e-03.
  itrIdx=166,	residual=2.513407e+07,	 rhs=2.284660e+09, relative=1.100123e-02.
  itrIdx=167,	residual=3.548440e+07,	 rhs=2.284660e+09, relative=1.553159e-02.
  itrIdx=168,	residual=5.026280e+07,	 rhs=2.284660e+09, relative=2.200012e-02.
  itrIdx=169,	residual=6.295825e+07,	 rhs=2.284660e+09, relative=2.755694e-02.
  itrIdx=170,	residual=7.337452e+07,	 rhs=2.284660e+09, relative=3.211616e-02.
  itrIdx=171,	residual=8.814899e+07,	 rhs=2.284660e+09, relative=3.858298e-02.
  itrIdx=172,	residual=8.597143e+07,	 rhs=2.284660e+09, relative=3.762985e-02.
  itrIdx=173,	residual=6.962906e+07,	 rhs=2.284660e+09, relative=3.047677e-02.
  itrIdx=174,	residual=5.743845e+07,	 rhs=2.284660e+09, relative=2.514092e-02.
  itrIdx=175,	residual=5.335252e+07,	 rhs=2.284660e+09, relative=2.335250e-02.
  itrIdx=176,	residual=3.927377e+07,	 rhs=2.284660e+09, relative=1.719020e-02.
  itrIdx=177,	residual=4.041575e+07,	 rhs=2.284660e+09, relative=1.769005e-02.
  itrIdx=178,	residual=4.250828e+07,	 rhs=2.284660e+09, relative=1.860595e-02.
  itrIdx=179,	residual=4.718123e+07,	 rhs=2.284660e+09, relative=2.065131e-02.
  itrIdx=180,	residual=4.238442e+07,	 rhs=2.284660e+09, relative=1.855174e-02.
  itrIdx=181,	residual=5.099435e+07,	 rhs=2.284660e+09, relative=2.232032e-02.
  itrIdx=182,	residual=4.927615e+07,	 rhs=2.284660e+09, relative=2.156826e-02.
  itrIdx=183,	residual=4.220388e+07,	 rhs=2.284660e+09, relative=1.847272e-02.
  itrIdx=184,	residual=3.311426e+07,	 rhs=2.284660e+09, relative=1.449417e-02.
  itrIdx=185,	residual=2.933554e+07,	 rhs=2.284660e+09, relative=1.284022e-02.
  itrIdx=186,	residual=2.523249e+07,	 rhs=2.284660e+09, relative=1.104431e-02.
  itrIdx=187,	residual=1.995503e+07,	 rhs=2.284660e+09, relative=8.734354e-03.
  itrIdx=188,	residual=2.093269e+07,	 rhs=2.284660e+09, relative=9.162278e-03.
  itrIdx=189,	residual=2.180136e+07,	 rhs=2.284660e+09, relative=9.542497e-03.
  itrIdx=190,	residual=2.210847e+07,	 rhs=2.284660e+09, relative=9.676918e-03.
  itrIdx=191,	residual=2.319765e+07,	 rhs=2.284660e+09, relative=1.015365e-02.
  itrIdx=192,	residual=2.734009e+07,	 rhs=2.284660e+09, relative=1.196681e-02.
  itrIdx=193,	residual=2.303958e+07,	 rhs=2.284660e+09, relative=1.008447e-02.
  itrIdx=194,	residual=2.285724e+07,	 rhs=2.284660e+09, relative=1.000466e-02.
  itrIdx=195,	residual=2.025792e+07,	 rhs=2.284660e+09, relative=8.866930e-03.
  itrIdx=196,	residual=1.910146e+07,	 rhs=2.284660e+09, relative=8.360744e-03.
  itrIdx=197,	residual=1.586448e+07,	 rhs=2.284660e+09, relative=6.943911e-03.
  itrIdx=198,	residual=1.479904e+07,	 rhs=2.284660e+09, relative=6.477569e-03.
  itrIdx=199,	residual=1.516437e+07,	 rhs=2.284660e+09, relative=6.637473e-03.
  itrIdx=200,	residual=1.363808e+07,	 rhs=2.284660e+09, relative=5.969411e-03.
  itrIdx=201,	residual=1.453720e+07,	 rhs=2.284660e+09, relative=6.362961e-03.
  itrIdx=202,	residual=1.632961e+07,	 rhs=2.284660e+09, relative=7.147502e-03.
  itrIdx=203,	residual=1.927530e+07,	 rhs=2.284660e+09, relative=8.436834e-03.
  itrIdx=204,	residual=1.815651e+07,	 rhs=2.284660e+09, relative=7.947140e-03.
  itrIdx=205,	residual=2.386626e+07,	 rhs=2.284660e+09, relative=1.044631e-02.
  itrIdx=206,	residual=2.800917e+07,	 rhs=2.284660e+09, relative=1.225967e-02.
  itrIdx=207,	residual=3.341255e+07,	 rhs=2.284660e+09, relative=1.462474e-02.
  itrIdx=208,	residual=4.178678e+07,	 rhs=2.284660e+09, relative=1.829015e-02.
  itrIdx=209,	residual=5.044555e+07,	 rhs=2.284660e+09, relative=2.208011e-02.
  itrIdx=210,	residual=6.454196e+07,	 rhs=2.284660e+09, relative=2.825014e-02.
  itrIdx=211,	residual=6.714308e+07,	 rhs=2.284660e+09, relative=2.938865e-02.
  itrIdx=212,	residual=7.657508e+07,	 rhs=2.284660e+09, relative=3.351705e-02.
  itrIdx=213,	residual=6.560636e+07,	 rhs=2.284660e+09, relative=2.871603e-02.
  itrIdx=214,	residual=5.584381e+07,	 rhs=2.284660e+09, relative=2.444294e-02.
  itrIdx=215,	residual=4.124729e+07,	 rhs=2.284660e+09, relative=1.805401e-02.
  itrIdx=216,	residual=3.369493e+07,	 rhs=2.284660e+09, relative=1.474833e-02.
  itrIdx=217,	residual=2.321370e+07,	 rhs=2.284660e+09, relative=1.016068e-02.
  itrIdx=218,	residual=1.650700e+07,	 rhs=2.284660e+09, relative=7.225146e-03.
  itrIdx=219,	residual=1.189997e+07,	 rhs=2.284660e+09, relative=5.208639e-03.
  itrIdx=220,	residual=9.619334e+06,	 rhs=2.284660e+09, relative=4.210401e-03.
  itrIdx=221,	residual=7.510240e+06,	 rhs=2.284660e+09, relative=3.287246e-03.
  itrIdx=222,	residual=6.511548e+06,	 rhs=2.284660e+09, relative=2.850117e-03.
  itrIdx=223,	residual=6.640577e+06,	 rhs=2.284660e+09, relative=2.906593e-03.
  itrIdx=224,	residual=6.762956e+06,	 rhs=2.284660e+09, relative=2.960158e-03.
  itrIdx=225,	residual=8.779190e+06,	 rhs=2.284660e+09, relative=3.842668e-03.
  itrIdx=226,	residual=1.038650e+07,	 rhs=2.284660e+09, relative=4.546191e-03.
  itrIdx=227,	residual=1.421242e+07,	 rhs=2.284660e+09, relative=6.220804e-03.
  itrIdx=228,	residual=1.596682e+07,	 rhs=2.284660e+09, relative=6.988706e-03.
  itrIdx=229,	residual=2.041953e+07,	 rhs=2.284660e+09, relative=8.937667e-03.
  itrIdx=230,	residual=2.270666e+07,	 rhs=2.284660e+09, relative=9.938748e-03.
  itrIdx=231,	residual=2.697890e+07,	 rhs=2.284660e+09, relative=1.180872e-02.
  itrIdx=232,	residual=2.845325e+07,	 rhs=2.284660e+09, relative=1.245404e-02.
  itrIdx=233,	residual=2.871086e+07,	 rhs=2.284660e+09, relative=1.256680e-02.
  itrIdx=234,	residual=2.866971e+07,	 rhs=2.284660e+09, relative=1.254879e-02.
  itrIdx=235,	residual=3.022120e+07,	 rhs=2.284660e+09, relative=1.322787e-02.
  itrIdx=236,	residual=3.298435e+07,	 rhs=2.284660e+09, relative=1.443731e-02.
  itrIdx=237,	residual=3.260015e+07,	 rhs=2.284660e+09, relative=1.426915e-02.
  itrIdx=238,	residual=3.249355e+07,	 rhs=2.284660e+09, relative=1.422249e-02.
  itrIdx=239,	residual=3.173448e+07,	 rhs=2.284660e+09, relative=1.389024e-02.
  itrIdx=240,	residual=2.932124e+07,	 rhs=2.284660e+09, relative=1.283396e-02.
  itrIdx=241,	residual=2.607291e+07,	 rhs=2.284660e+09, relative=1.141216e-02.
  itrIdx=242,	residual=2.495687e+07,	 rhs=2.284660e+09, relative=1.092367e-02.
  itrIdx=243,	residual=2.258424e+07,	 rhs=2.284660e+09, relative=9.885162e-03.
  itrIdx=244,	residual=2.157294e+07,	 rhs=2.284660e+09, relative=9.442515e-03.
  itrIdx=245,	residual=1.903415e+07,	 rhs=2.284660e+09, relative=8.331283e-03.
  itrIdx=246,	residual=1.817099e+07,	 rhs=2.284660e+09, relative=7.953478e-03.
  itrIdx=247,	residual=1.478690e+07,	 rhs=2.284660e+09, relative=6.472253e-03.
  itrIdx=248,	residual=1.326460e+07,	 rhs=2.284660e+09, relative=5.805939e-03.
  itrIdx=249,	residual=1.095182e+07,	 rhs=2.284660e+09, relative=4.793632e-03.
  itrIdx=250,	residual=8.684479e+06,	 rhs=2.284660e+09, relative=3.801213e-03.
  itrIdx=251,	residual=6.696108e+06,	 rhs=2.284660e+09, relative=2.930899e-03.
  itrIdx=252,	residual=5.421152e+06,	 rhs=2.284660e+09, relative=2.372848e-03.
  itrIdx=253,	residual=4.561835e+06,	 rhs=2.284660e+09, relative=1.996724e-03.
  itrIdx=254,	residual=3.762072e+06,	 rhs=2.284660e+09, relative=1.646666e-03.
  itrIdx=255,	residual=3.486606e+06,	 rhs=2.284660e+09, relative=1.526094e-03.
  itrIdx=256,	residual=3.992700e+06,	 rhs=2.284660e+09, relative=1.747612e-03.
  itrIdx=257,	residual=4.217213e+06,	 rhs=2.284660e+09, relative=1.845882e-03.
  itrIdx=258,	residual=4.724717e+06,	 rhs=2.284660e+09, relative=2.068017e-03.
  itrIdx=259,	residual=5.754630e+06,	 rhs=2.284660e+09, relative=2.518812e-03.
  itrIdx=260,	residual=6.459551e+06,	 rhs=2.284660e+09, relative=2.827358e-03.
  itrIdx=261,	residual=6.535953e+06,	 rhs=2.284660e+09, relative=2.860799e-03.
  itrIdx=262,	residual=6.275271e+06,	 rhs=2.284660e+09, relative=2.746698e-03.
  itrIdx=263,	residual=5.988021e+06,	 rhs=2.284660e+09, relative=2.620968e-03.
  itrIdx=264,	residual=5.595054e+06,	 rhs=2.284660e+09, relative=2.448965e-03.
  itrIdx=265,	residual=5.053371e+06,	 rhs=2.284660e+09, relative=2.211870e-03.
  itrIdx=266,	residual=5.213215e+06,	 rhs=2.284660e+09, relative=2.281834e-03.
  itrIdx=267,	residual=5.161794e+06,	 rhs=2.284660e+09, relative=2.259327e-03.
  itrIdx=268,	residual=5.398638e+06,	 rhs=2.284660e+09, relative=2.362994e-03.
  itrIdx=269,	residual=5.660293e+06,	 rhs=2.284660e+09, relative=2.477521e-03.
  itrIdx=270,	residual=6.648131e+06,	 rhs=2.284660e+09, relative=2.909899e-03.
  itrIdx=271,	residual=7.116108e+06,	 rhs=2.284660e+09, relative=3.114734e-03.
  itrIdx=272,	residual=7.259863e+06,	 rhs=2.284660e+09, relative=3.177656e-03.
  itrIdx=273,	residual=8.455423e+06,	 rhs=2.284660e+09, relative=3.700954e-03.
  itrIdx=274,	residual=8.316973e+06,	 rhs=2.284660e+09, relative=3.640355e-03.
  itrIdx=275,	residual=9.173606e+06,	 rhs=2.284660e+09, relative=4.015304e-03.
  itrIdx=276,	residual=9.443832e+06,	 rhs=2.284660e+09, relative=4.133583e-03.
  itrIdx=277,	residual=1.135282e+07,	 rhs=2.284660e+09, relative=4.969152e-03.
  itrIdx=278,	residual=1.093471e+07,	 rhs=2.284660e+09, relative=4.786143e-03.
  itrIdx=279,	residual=1.208298e+07,	 rhs=2.284660e+09, relative=5.288745e-03.
  itrIdx=280,	residual=1.278935e+07,	 rhs=2.284660e+09, relative=5.597922e-03.
  itrIdx=281,	residual=1.386507e+07,	 rhs=2.284660e+09, relative=6.068767e-03.
  itrIdx=282,	residual=1.283148e+07,	 rhs=2.284660e+09, relative=5.616363e-03.
  itrIdx=283,	residual=1.261287e+07,	 rhs=2.284660e+09, relative=5.520676e-03.
  itrIdx=284,	residual=1.161271e+07,	 rhs=2.284660e+09, relative=5.082907e-03.
  itrIdx=285,	residual=9.886357e+06,	 rhs=2.284660e+09, relative=4.327277e-03.
  itrIdx=286,	residual=7.761770e+06,	 rhs=2.284660e+09, relative=3.397341e-03.
  itrIdx=287,	residual=6.177890e+06,	 rhs=2.284660e+09, relative=2.704074e-03.
  itrIdx=288,	residual=4.796405e+06,	 rhs=2.284660e+09, relative=2.099395e-03.
  itrIdx=289,	residual=3.273119e+06,	 rhs=2.284660e+09, relative=1.432650e-03.
  itrIdx=290,	residual=2.761544e+06,	 rhs=2.284660e+09, relative=1.208733e-03.
  itrIdx=291,	residual=2.129104e+06,	 rhs=2.284660e+09, relative=9.319126e-04.
  itrIdx=292,	residual=1.905016e+06,	 rhs=2.284660e+09, relative=8.338289e-04.
  itrIdx=293,	residual=1.685976e+06,	 rhs=2.284660e+09, relative=7.379547e-04.
  itrIdx=294,	residual=2.098597e+06,	 rhs=2.284660e+09, relative=9.185597e-04.
  itrIdx=295,	residual=2.465140e+06,	 rhs=2.284660e+09, relative=1.078996e-03.
  itrIdx=296,	residual=3.127934e+06,	 rhs=2.284660e+09, relative=1.369103e-03.
  itrIdx=297,	residual=4.244157e+06,	 rhs=2.284660e+09, relative=1.857675e-03.
  itrIdx=298,	residual=5.628026e+06,	 rhs=2.284660e+09, relative=2.463398e-03.
  itrIdx=299,	residual=6.989886e+06,	 rhs=2.284660e+09, relative=3.059486e-03.
  itrIdx=300,	residual=8.039012e+06,	 rhs=2.284660e+09, relative=3.518691e-03.
  itrIdx=301,	residual=1.030980e+07,	 rhs=2.284660e+09, relative=4.512619e-03.
  itrIdx=302,	residual=1.088568e+07,	 rhs=2.284660e+09, relative=4.764681e-03.
  itrIdx=303,	residual=1.078797e+07,	 rhs=2.284660e+09, relative=4.721917e-03.
  itrIdx=304,	residual=1.020153e+07,	 rhs=2.284660e+09, relative=4.465227e-03.
  itrIdx=305,	residual=9.775002e+06,	 rhs=2.284660e+09, relative=4.278536e-03.
  itrIdx=306,	residual=8.363081e+06,	 rhs=2.284660e+09, relative=3.660536e-03.
  itrIdx=307,	residual=7.338072e+06,	 rhs=2.284660e+09, relative=3.211888e-03.
  itrIdx=308,	residual=7.422801e+06,	 rhs=2.284660e+09, relative=3.248974e-03.
  itrIdx=309,	residual=7.512784e+06,	 rhs=2.284660e+09, relative=3.288359e-03.
  itrIdx=310,	residual=7.411982e+06,	 rhs=2.284660e+09, relative=3.244238e-03.
  itrIdx=311,	residual=8.013527e+06,	 rhs=2.284660e+09, relative=3.507536e-03.
  itrIdx=312,	residual=8.026255e+06,	 rhs=2.284660e+09, relative=3.513107e-03.
  itrIdx=313,	residual=7.226944e+06,	 rhs=2.284660e+09, relative=3.163247e-03.
  itrIdx=314,	residual=6.224370e+06,	 rhs=2.284660e+09, relative=2.724418e-03.
  itrIdx=315,	residual=5.412215e+06,	 rhs=2.284660e+09, relative=2.368936e-03.
  itrIdx=316,	residual=4.297966e+06,	 rhs=2.284660e+09, relative=1.881228e-03.
  itrIdx=317,	residual=3.238595e+06,	 rhs=2.284660e+09, relative=1.417539e-03.
  itrIdx=318,	residual=2.850404e+06,	 rhs=2.284660e+09, relative=1.247627e-03.
  itrIdx=319,	residual=2.672600e+06,	 rhs=2.284660e+09, relative=1.169802e-03.
  itrIdx=320,	residual=2.349528e+06,	 rhs=2.284660e+09, relative=1.028393e-03.
  itrIdx=321,	residual=2.667095e+06,	 rhs=2.284660e+09, relative=1.167392e-03.
  itrIdx=322,	residual=2.928535e+06,	 rhs=2.284660e+09, relative=1.281825e-03.
  itrIdx=323,	residual=3.460435e+06,	 rhs=2.284660e+09, relative=1.514639e-03.
  itrIdx=324,	residual=3.588951e+06,	 rhs=2.284660e+09, relative=1.570891e-03.
  itrIdx=325,	residual=4.196328e+06,	 rhs=2.284660e+09, relative=1.836740e-03.
  itrIdx=326,	residual=4.387734e+06,	 rhs=2.284660e+09, relative=1.920519e-03.
  itrIdx=327,	residual=3.941616e+06,	 rhs=2.284660e+09, relative=1.725253e-03.
  itrIdx=328,	residual=3.703001e+06,	 rhs=2.284660e+09, relative=1.620810e-03.
  itrIdx=329,	residual=3.401285e+06,	 rhs=2.284660e+09, relative=1.488749e-03.
  itrIdx=330,	residual=2.912063e+06,	 rhs=2.284660e+09, relative=1.274615e-03.
  itrIdx=331,	residual=2.470902e+06,	 rhs=2.284660e+09, relative=1.081518e-03.
  itrIdx=332,	residual=2.277483e+06,	 rhs=2.284660e+09, relative=9.968587e-04.
  itrIdx=333,	residual=2.045605e+06,	 rhs=2.284660e+09, relative=8.953653e-04.
  itrIdx=334,	residual=1.821775e+06,	 rhs=2.284660e+09, relative=7.973943e-04.
  itrIdx=335,	residual=1.727168e+06,	 rhs=2.284660e+09, relative=7.559847e-04.
  itrIdx=336,	residual=1.752949e+06,	 rhs=2.284660e+09, relative=7.672689e-04.
  itrIdx=337,	residual=1.619074e+06,	 rhs=2.284660e+09, relative=7.086719e-04.
  itrIdx=338,	residual=1.726335e+06,	 rhs=2.284660e+09, relative=7.556202e-04.
  itrIdx=339,	residual=1.901626e+06,	 rhs=2.284660e+09, relative=8.323453e-04.
  itrIdx=340,	residual=2.230447e+06,	 rhs=2.284660e+09, relative=9.762709e-04.
  itrIdx=341,	residual=2.353668e+06,	 rhs=2.284660e+09, relative=1.030205e-03.
  itrIdx=342,	residual=2.745709e+06,	 rhs=2.284660e+09, relative=1.201802e-03.
  itrIdx=343,	residual=2.886242e+06,	 rhs=2.284660e+09, relative=1.263314e-03.
  itrIdx=344,	residual=2.871639e+06,	 rhs=2.284660e+09, relative=1.256922e-03.
  itrIdx=345,	residual=2.746878e+06,	 rhs=2.284660e+09, relative=1.202314e-03.
  itrIdx=346,	residual=2.709474e+06,	 rhs=2.284660e+09, relative=1.185942e-03.
  itrIdx=347,	residual=2.546630e+06,	 rhs=2.284660e+09, relative=1.114665e-03.
  itrIdx=348,	residual=2.241897e+06,	 rhs=2.284660e+09, relative=9.812827e-04.
  itrIdx=349,	residual=2.322739e+06,	 rhs=2.284660e+09, relative=1.016667e-03.
  itrIdx=350,	residual=2.507670e+06,	 rhs=2.284660e+09, relative=1.097612e-03.
  itrIdx=351,	residual=2.709629e+06,	 rhs=2.284660e+09, relative=1.186010e-03.
  itrIdx=352,	residual=3.065681e+06,	 rhs=2.284660e+09, relative=1.341854e-03.
  itrIdx=353,	residual=3.885064e+06,	 rhs=2.284660e+09, relative=1.700500e-03.
  itrIdx=354,	residual=4.400867e+06,	 rhs=2.284660e+09, relative=1.926268e-03.
  itrIdx=355,	residual=4.671939e+06,	 rhs=2.284660e+09, relative=2.044917e-03.
  itrIdx=356,	residual=4.550843e+06,	 rhs=2.284660e+09, relative=1.991913e-03.
  itrIdx=357,	residual=4.147835e+06,	 rhs=2.284660e+09, relative=1.815515e-03.
  itrIdx=358,	residual=3.367824e+06,	 rhs=2.284660e+09, relative=1.474103e-03.
  itrIdx=359,	residual=2.927143e+06,	 rhs=2.284660e+09, relative=1.281216e-03.
  itrIdx=360,	residual=2.650823e+06,	 rhs=2.284660e+09, relative=1.160270e-03.
  itrIdx=361,	residual=2.365813e+06,	 rhs=2.284660e+09, relative=1.035521e-03.
  itrIdx=362,	residual=2.157402e+06,	 rhs=2.284660e+09, relative=9.442988e-04.
  itrIdx=363,	residual=2.126679e+06,	 rhs=2.284660e+09, relative=9.308514e-04.
  itrIdx=364,	residual=2.182066e+06,	 rhs=2.284660e+09, relative=9.550943e-04.
  itrIdx=365,	residual=2.098769e+06,	 rhs=2.284660e+09, relative=9.186350e-04.
  itrIdx=366,	residual=2.149054e+06,	 rhs=2.284660e+09, relative=9.406449e-04.
  itrIdx=367,	residual=2.245521e+06,	 rhs=2.284660e+09, relative=9.828686e-04.
  itrIdx=368,	residual=2.099632e+06,	 rhs=2.284660e+09, relative=9.190129e-04.
  itrIdx=369,	residual=2.080102e+06,	 rhs=2.284660e+09, relative=9.104647e-04.
  itrIdx=370,	residual=2.183425e+06,	 rhs=2.284660e+09, relative=9.556890e-04.
  itrIdx=371,	residual=2.445145e+06,	 rhs=2.284660e+09, relative=1.070245e-03.
  itrIdx=372,	residual=2.339297e+06,	 rhs=2.284660e+09, relative=1.023915e-03.
  itrIdx=373,	residual=2.528578e+06,	 rhs=2.284660e+09, relative=1.106763e-03.
  itrIdx=374,	residual=2.574731e+06,	 rhs=2.284660e+09, relative=1.126964e-03.
  itrIdx=375,	residual=2.508679e+06,	 rhs=2.284660e+09, relative=1.098054e-03.
  itrIdx=376,	residual=2.172655e+06,	 rhs=2.284660e+09, relative=9.509750e-04.
  itrIdx=377,	residual=2.006736e+06,	 rhs=2.284660e+09, relative=8.783519e-04.
  itrIdx=378,	residual=1.718482e+06,	 rhs=2.284660e+09, relative=7.521830e-04.
  itrIdx=379,	residual=1.402237e+06,	 rhs=2.284660e+09, relative=6.137616e-04.
  itrIdx=380,	residual=1.309074e+06,	 rhs=2.284660e+09, relative=5.729841e-04.
  itrIdx=381,	residual=1.167723e+06,	 rhs=2.284660e+09, relative=5.111144e-04.
  itrIdx=382,	residual=1.118692e+06,	 rhs=2.284660e+09, relative=4.896535e-04.
  itrIdx=383,	residual=1.150328e+06,	 rhs=2.284660e+09, relative=5.035006e-04.
  itrIdx=384,	residual=1.406409e+06,	 rhs=2.284660e+09, relative=6.155879e-04.
  itrIdx=385,	residual=1.571959e+06,	 rhs=2.284660e+09, relative=6.880492e-04.
  itrIdx=386,	residual=1.791527e+06,	 rhs=2.284660e+09, relative=7.841545e-04.
  itrIdx=387,	residual=1.847886e+06,	 rhs=2.284660e+09, relative=8.088233e-04.
  itrIdx=388,	residual=1.983262e+06,	 rhs=2.284660e+09, relative=8.680776e-04.
  itrIdx=389,	residual=1.704721e+06,	 rhs=2.284660e+09, relative=7.461595e-04.
  itrIdx=390,	residual=1.622624e+06,	 rhs=2.284660e+09, relative=7.102254e-04.
  itrIdx=391,	residual=1.536775e+06,	 rhs=2.284660e+09, relative=6.726495e-04.
  itrIdx=392,	residual=1.427028e+06,	 rhs=2.284660e+09, relative=6.246126e-04.
  itrIdx=393,	residual=1.314146e+06,	 rhs=2.284660e+09, relative=5.752041e-04.
  itrIdx=394,	residual=1.284726e+06,	 rhs=2.284660e+09, relative=5.623269e-04.
  itrIdx=395,	residual=1.427803e+06,	 rhs=2.284660e+09, relative=6.249521e-04.
  itrIdx=396,	residual=1.474839e+06,	 rhs=2.284660e+09, relative=6.455396e-04.
  itrIdx=397,	residual=1.756047e+06,	 rhs=2.284660e+09, relative=7.686252e-04.
  itrIdx=398,	residual=1.991405e+06,	 rhs=2.284660e+09, relative=8.716418e-04.
  itrIdx=399,	residual=2.162269e+06,	 rhs=2.284660e+09, relative=9.464290e-04.
  itrIdx=400,	residual=2.243937e+06,	 rhs=2.284660e+09, relative=9.821753e-04.
  itrIdx=401,	residual=2.265933e+06,	 rhs=2.284660e+09, relative=9.918032e-04.
  itrIdx=402,	residual=2.258064e+06,	 rhs=2.284660e+09, relative=9.883586e-04.
  itrIdx=403,	residual=2.250824e+06,	 rhs=2.284660e+09, relative=9.851901e-04.
  itrIdx=404,	residual=2.474444e+06,	 rhs=2.284660e+09, relative=1.083069e-03.
  itrIdx=405,	residual=2.648605e+06,	 rhs=2.284660e+09, relative=1.159299e-03.
  itrIdx=406,	residual=2.693994e+06,	 rhs=2.284660e+09, relative=1.179166e-03.
  itrIdx=407,	residual=2.736553e+06,	 rhs=2.284660e+09, relative=1.197795e-03.
  itrIdx=408,	residual=2.888490e+06,	 rhs=2.284660e+09, relative=1.264297e-03.
  itrIdx=409,	residual=2.920948e+06,	 rhs=2.284660e+09, relative=1.278505e-03.
  itrIdx=410,	residual=2.838845e+06,	 rhs=2.284660e+09, relative=1.242568e-03.
  itrIdx=411,	residual=2.831243e+06,	 rhs=2.284660e+09, relative=1.239240e-03.
  itrIdx=412,	residual=2.651094e+06,	 rhs=2.284660e+09, relative=1.160389e-03.
  itrIdx=413,	residual=2.580718e+06,	 rhs=2.284660e+09, relative=1.129585e-03.
  itrIdx=414,	residual=2.386721e+06,	 rhs=2.284660e+09, relative=1.044672e-03.
  itrIdx=415,	residual=2.480680e+06,	 rhs=2.284660e+09, relative=1.085798e-03.
  itrIdx=416,	residual=2.438148e+06,	 rhs=2.284660e+09, relative=1.067182e-03.
  itrIdx=417,	residual=2.583169e+06,	 rhs=2.284660e+09, relative=1.130658e-03.
  itrIdx=418,	residual=2.498818e+06,	 rhs=2.284660e+09, relative=1.093737e-03.
  itrIdx=419,	residual=2.596982e+06,	 rhs=2.284660e+09, relative=1.136704e-03.
  itrIdx=420,	residual=2.343352e+06,	 rhs=2.284660e+09, relative=1.025689e-03.
  itrIdx=421,	residual=2.177263e+06,	 rhs=2.284660e+09, relative=9.529919e-04.
  itrIdx=422,	residual=1.977928e+06,	 rhs=2.284660e+09, relative=8.657427e-04.
  itrIdx=423,	residual=1.769280e+06,	 rhs=2.284660e+09, relative=7.744172e-04.
  itrIdx=424,	residual=1.720616e+06,	 rhs=2.284660e+09, relative=7.531167e-04.
  itrIdx=425,	residual=1.616030e+06,	 rhs=2.284660e+09, relative=7.073393e-04.
  itrIdx=426,	residual=1.606270e+06,	 rhs=2.284660e+09, relative=7.030672e-04.
  itrIdx=427,	residual=1.472922e+06,	 rhs=2.284660e+09, relative=6.447009e-04.
  itrIdx=428,	residual=1.529716e+06,	 rhs=2.284660e+09, relative=6.695595e-04.
  itrIdx=429,	residual=1.535813e+06,	 rhs=2.284660e+09, relative=6.722283e-04.
  itrIdx=430,	residual=1.568013e+06,	 rhs=2.284660e+09, relative=6.863220e-04.
  itrIdx=431,	residual=1.474342e+06,	 rhs=2.284660e+09, relative=6.453222e-04.
  itrIdx=432,	residual=1.472453e+06,	 rhs=2.284660e+09, relative=6.444954e-04.
  itrIdx=433,	residual=1.371550e+06,	 rhs=2.284660e+09, relative=6.003300e-04.
  itrIdx=434,	residual=1.310266e+06,	 rhs=2.284660e+09, relative=5.735058e-04.
  itrIdx=435,	residual=1.174947e+06,	 rhs=2.284660e+09, relative=5.142766e-04.
  itrIdx=436,	residual=1.096067e+06,	 rhs=2.284660e+09, relative=4.797504e-04.
  itrIdx=437,	residual=9.817377e+05,	 rhs=2.284660e+09, relative=4.297084e-04.
  itrIdx=438,	residual=8.992933e+05,	 rhs=2.284660e+09, relative=3.936224e-04.
  itrIdx=439,	residual=8.794119e+05,	 rhs=2.284660e+09, relative=3.849202e-04.
  itrIdx=440,	residual=8.740165e+05,	 rhs=2.284660e+09, relative=3.825586e-04.
  itrIdx=441,	residual=9.050595e+05,	 rhs=2.284660e+09, relative=3.961462e-04.
  itrIdx=442,	residual=8.742563e+05,	 rhs=2.284660e+09, relative=3.826636e-04.
  itrIdx=443,	residual=8.619662e+05,	 rhs=2.284660e+09, relative=3.772842e-04.
  itrIdx=444,	residual=8.019676e+05,	 rhs=2.284660e+09, relative=3.510227e-04.
  itrIdx=445,	residual=7.340335e+05,	 rhs=2.284660e+09, relative=3.212878e-04.
  itrIdx=446,	residual=6.585553e+05,	 rhs=2.284660e+09, relative=2.882509e-04.
  itrIdx=447,	residual=5.574684e+05,	 rhs=2.284660e+09, relative=2.440049e-04.
  itrIdx=448,	residual=5.004767e+05,	 rhs=2.284660e+09, relative=2.190596e-04.
  itrIdx=449,	residual=4.612295e+05,	 rhs=2.284660e+09, relative=2.018810e-04.
  itrIdx=450,	residual=4.316751e+05,	 rhs=2.284660e+09, relative=1.889450e-04.
  itrIdx=451,	residual=3.982756e+05,	 rhs=2.284660e+09, relative=1.743260e-04.
  itrIdx=452,	residual=3.731321e+05,	 rhs=2.284660e+09, relative=1.633206e-04.
  itrIdx=453,	residual=3.649662e+05,	 rhs=2.284660e+09, relative=1.597464e-04.
  itrIdx=454,	residual=3.578317e+05,	 rhs=2.284660e+09, relative=1.566236e-04.
  itrIdx=455,	residual=3.573836e+05,	 rhs=2.284660e+09, relative=1.564275e-04.
  itrIdx=456,	residual=3.473603e+05,	 rhs=2.284660e+09, relative=1.520403e-04.
  itrIdx=457,	residual=3.502722e+05,	 rhs=2.284660e+09, relative=1.533148e-04.
  itrIdx=458,	residual=3.484242e+05,	 rhs=2.284660e+09, relative=1.525059e-04.
  itrIdx=459,	residual=3.436960e+05,	 rhs=2.284660e+09, relative=1.504364e-04.
  itrIdx=460,	residual=3.449054e+05,	 rhs=2.284660e+09, relative=1.509657e-04.
  itrIdx=461,	residual=3.662900e+05,	 rhs=2.284660e+09, relative=1.603258e-04.
  itrIdx=462,	residual=3.892517e+05,	 rhs=2.284660e+09, relative=1.703762e-04.
  itrIdx=463,	residual=4.415301e+05,	 rhs=2.284660e+09, relative=1.932585e-04.
  itrIdx=464,	residual=4.670137e+05,	 rhs=2.284660e+09, relative=2.044128e-04.
  itrIdx=465,	residual=5.228610e+05,	 rhs=2.284660e+09, relative=2.288572e-04.
  itrIdx=466,	residual=5.257929e+05,	 rhs=2.284660e+09, relative=2.301405e-04.
  itrIdx=467,	residual=5.072663e+05,	 rhs=2.284660e+09, relative=2.220314e-04.
  itrIdx=468,	residual=4.724566e+05,	 rhs=2.284660e+09, relative=2.067951e-04.
  itrIdx=469,	residual=4.433792e+05,	 rhs=2.284660e+09, relative=1.940679e-04.
  itrIdx=470,	residual=4.113513e+05,	 rhs=2.284660e+09, relative=1.800492e-04.
  itrIdx=471,	residual=4.021378e+05,	 rhs=2.284660e+09, relative=1.760165e-04.
  itrIdx=472,	residual=4.100968e+05,	 rhs=2.284660e+09, relative=1.795001e-04.
  itrIdx=473,	residual=4.278896e+05,	 rhs=2.284660e+09, relative=1.872881e-04.
  itrIdx=474,	residual=4.850382e+05,	 rhs=2.284660e+09, relative=2.123021e-04.
  itrIdx=475,	residual=5.444399e+05,	 rhs=2.284660e+09, relative=2.383024e-04.
  itrIdx=476,	residual=5.844622e+05,	 rhs=2.284660e+09, relative=2.558202e-04.
  itrIdx=477,	residual=5.606710e+05,	 rhs=2.284660e+09, relative=2.454067e-04.
  itrIdx=478,	residual=5.755532e+05,	 rhs=2.284660e+09, relative=2.519207e-04.
  itrIdx=479,	residual=5.525936e+05,	 rhs=2.284660e+09, relative=2.418712e-04.
  itrIdx=480,	residual=5.162883e+05,	 rhs=2.284660e+09, relative=2.259803e-04.
  itrIdx=481,	residual=4.776675e+05,	 rhs=2.284660e+09, relative=2.090759e-04.
  itrIdx=482,	residual=4.936986e+05,	 rhs=2.284660e+09, relative=2.160928e-04.
  itrIdx=483,	residual=4.838215e+05,	 rhs=2.284660e+09, relative=2.117696e-04.
  itrIdx=484,	residual=4.984389e+05,	 rhs=2.284660e+09, relative=2.181676e-04.
  itrIdx=485,	residual=5.066157e+05,	 rhs=2.284660e+09, relative=2.217466e-04.
  itrIdx=486,	residual=5.248125e+05,	 rhs=2.284660e+09, relative=2.297114e-04.
  itrIdx=487,	residual=5.112947e+05,	 rhs=2.284660e+09, relative=2.237946e-04.
  itrIdx=488,	residual=5.101231e+05,	 rhs=2.284660e+09, relative=2.232819e-04.
  itrIdx=489,	residual=5.301059e+05,	 rhs=2.284660e+09, relative=2.320284e-04.
  itrIdx=490,	residual=5.436733e+05,	 rhs=2.284660e+09, relative=2.379668e-04.
  itrIdx=491,	residual=5.552280e+05,	 rhs=2.284660e+09, relative=2.430244e-04.
  itrIdx=492,	residual=5.536533e+05,	 rhs=2.284660e+09, relative=2.423351e-04.
  itrIdx=493,	residual=5.531254e+05,	 rhs=2.284660e+09, relative=2.421040e-04.
  itrIdx=494,	residual=5.171277e+05,	 rhs=2.284660e+09, relative=2.263477e-04.
  itrIdx=495,	residual=5.248544e+05,	 rhs=2.284660e+09, relative=2.297297e-04.
  itrIdx=496,	residual=5.278009e+05,	 rhs=2.284660e+09, relative=2.310194e-04.
  itrIdx=497,	residual=4.763562e+05,	 rhs=2.284660e+09, relative=2.085020e-04.
  itrIdx=498,	residual=4.423203e+05,	 rhs=2.284660e+09, relative=1.936044e-04.
  itrIdx=499,	residual=4.020888e+05,	 rhs=2.284660e+09, relative=1.759950e-04.
  itrIdx=500,	residual=3.661201e+05,	 rhs=2.284660e+09, relative=1.602514e-04.
  itrIdx=501,	residual=3.264324e+05,	 rhs=2.284660e+09, relative=1.428801e-04.
  itrIdx=502,	residual=3.073311e+05,	 rhs=2.284660e+09, relative=1.345194e-04.
  itrIdx=503,	residual=3.079496e+05,	 rhs=2.284660e+09, relative=1.347901e-04.
  itrIdx=504,	residual=3.015003e+05,	 rhs=2.284660e+09, relative=1.319672e-04.
  itrIdx=505,	residual=2.987587e+05,	 rhs=2.284660e+09, relative=1.307672e-04.
  itrIdx=506,	residual=3.107950e+05,	 rhs=2.284660e+09, relative=1.360356e-04.
  itrIdx=507,	residual=3.175687e+05,	 rhs=2.284660e+09, relative=1.390004e-04.
  itrIdx=508,	residual=3.285946e+05,	 rhs=2.284660e+09, relative=1.438265e-04.
  itrIdx=509,	residual=3.488888e+05,	 rhs=2.284660e+09, relative=1.527093e-04.
  itrIdx=510,	residual=3.567096e+05,	 rhs=2.284660e+09, relative=1.561325e-04.
  itrIdx=511,	residual=3.581986e+05,	 rhs=2.284660e+09, relative=1.567842e-04.
  itrIdx=512,	residual=3.468372e+05,	 rhs=2.284660e+09, relative=1.518113e-04.
  itrIdx=513,	residual=3.856124e+05,	 rhs=2.284660e+09, relative=1.687833e-04.
  itrIdx=514,	residual=3.776739e+05,	 rhs=2.284660e+09, relative=1.653086e-04.
  itrIdx=515,	residual=3.821993e+05,	 rhs=2.284660e+09, relative=1.672893e-04.
  itrIdx=516,	residual=3.703269e+05,	 rhs=2.284660e+09, relative=1.620928e-04.
  itrIdx=517,	residual=3.739211e+05,	 rhs=2.284660e+09, relative=1.636660e-04.
  itrIdx=518,	residual=3.725240e+05,	 rhs=2.284660e+09, relative=1.630544e-04.
  itrIdx=519,	residual=3.820465e+05,	 rhs=2.284660e+09, relative=1.672225e-04.
  itrIdx=520,	residual=4.128292e+05,	 rhs=2.284660e+09, relative=1.806961e-04.
  itrIdx=521,	residual=4.101021e+05,	 rhs=2.284660e+09, relative=1.795024e-04.
  itrIdx=522,	residual=4.103948e+05,	 rhs=2.284660e+09, relative=1.796306e-04.
  itrIdx=523,	residual=4.164909e+05,	 rhs=2.284660e+09, relative=1.822988e-04.
  itrIdx=524,	residual=4.440824e+05,	 rhs=2.284660e+09, relative=1.943757e-04.
  itrIdx=525,	residual=4.335908e+05,	 rhs=2.284660e+09, relative=1.897835e-04.
  itrIdx=526,	residual=4.566338e+05,	 rhs=2.284660e+09, relative=1.998695e-04.
  itrIdx=527,	residual=4.622821e+05,	 rhs=2.284660e+09, relative=2.023417e-04.
  itrIdx=528,	residual=4.651173e+05,	 rhs=2.284660e+09, relative=2.035827e-04.
  itrIdx=529,	residual=4.592853e+05,	 rhs=2.284660e+09, relative=2.010300e-04.
  itrIdx=530,	residual=4.795856e+05,	 rhs=2.284660e+09, relative=2.099155e-04.
  itrIdx=531,	residual=4.834292e+05,	 rhs=2.284660e+09, relative=2.115978e-04.
  itrIdx=532,	residual=4.789302e+05,	 rhs=2.284660e+09, relative=2.096286e-04.
  itrIdx=533,	residual=4.940662e+05,	 rhs=2.284660e+09, relative=2.162537e-04.
  itrIdx=534,	residual=5.020116e+05,	 rhs=2.284660e+09, relative=2.197314e-04.
  itrIdx=535,	residual=4.847816e+05,	 rhs=2.284660e+09, relative=2.121898e-04.
  itrIdx=536,	residual=4.649212e+05,	 rhs=2.284660e+09, relative=2.034969e-04.
  itrIdx=537,	residual=5.002980e+05,	 rhs=2.284660e+09, relative=2.189814e-04.
  itrIdx=538,	residual=5.083495e+05,	 rhs=2.284660e+09, relative=2.225055e-04.
  itrIdx=539,	residual=5.125710e+05,	 rhs=2.284660e+09, relative=2.243533e-04.
  itrIdx=540,	residual=5.569362e+05,	 rhs=2.284660e+09, relative=2.437720e-04.
  itrIdx=541,	residual=6.010151e+05,	 rhs=2.284660e+09, relative=2.630654e-04.
  itrIdx=542,	residual=6.307547e+05,	 rhs=2.284660e+09, relative=2.760825e-04.
  itrIdx=543,	residual=6.367025e+05,	 rhs=2.284660e+09, relative=2.786858e-04.
  itrIdx=544,	residual=6.960750e+05,	 rhs=2.284660e+09, relative=3.046733e-04.
  itrIdx=545,	residual=6.894330e+05,	 rhs=2.284660e+09, relative=3.017661e-04.
  itrIdx=546,	residual=6.606559e+05,	 rhs=2.284660e+09, relative=2.891703e-04.
  itrIdx=547,	residual=6.135712e+05,	 rhs=2.284660e+09, relative=2.685613e-04.
  itrIdx=548,	residual=6.056368e+05,	 rhs=2.284660e+09, relative=2.650884e-04.
  itrIdx=549,	residual=5.721627e+05,	 rhs=2.284660e+09, relative=2.504367e-04.
  itrIdx=550,	residual=5.545930e+05,	 rhs=2.284660e+09, relative=2.427464e-04.
  itrIdx=551,	residual=5.198901e+05,	 rhs=2.284660e+09, relative=2.275569e-04.
  itrIdx=552,	residual=4.723568e+05,	 rhs=2.284660e+09, relative=2.067515e-04.
  itrIdx=553,	residual=4.423128e+05,	 rhs=2.284660e+09, relative=1.936012e-04.
  itrIdx=554,	residual=4.073488e+05,	 rhs=2.284660e+09, relative=1.782973e-04.
  itrIdx=555,	residual=3.708399e+05,	 rhs=2.284660e+09, relative=1.623173e-04.
  itrIdx=556,	residual=3.216272e+05,	 rhs=2.284660e+09, relative=1.407768e-04.
  itrIdx=557,	residual=3.393523e+05,	 rhs=2.284660e+09, relative=1.485352e-04.
  itrIdx=558,	residual=3.417646e+05,	 rhs=2.284660e+09, relative=1.495910e-04.
  itrIdx=559,	residual=3.646271e+05,	 rhs=2.284660e+09, relative=1.595980e-04.
  itrIdx=560,	residual=3.821642e+05,	 rhs=2.284660e+09, relative=1.672740e-04.
  itrIdx=561,	residual=4.309187e+05,	 rhs=2.284660e+09, relative=1.886139e-04.
  itrIdx=562,	residual=4.363876e+05,	 rhs=2.284660e+09, relative=1.910077e-04.
  itrIdx=563,	residual=4.283154e+05,	 rhs=2.284660e+09, relative=1.874744e-04.
  itrIdx=564,	residual=4.300691e+05,	 rhs=2.284660e+09, relative=1.882420e-04.
  itrIdx=565,	residual=4.080168e+05,	 rhs=2.284660e+09, relative=1.785897e-04.
  itrIdx=566,	residual=3.502511e+05,	 rhs=2.284660e+09, relative=1.533056e-04.
  itrIdx=567,	residual=2.982866e+05,	 rhs=2.284660e+09, relative=1.305606e-04.
  itrIdx=568,	residual=2.831339e+05,	 rhs=2.284660e+09, relative=1.239282e-04.
  itrIdx=569,	residual=2.598849e+05,	 rhs=2.284660e+09, relative=1.137521e-04.
  itrIdx=570,	residual=2.490633e+05,	 rhs=2.284660e+09, relative=1.090155e-04.
  itrIdx=571,	residual=2.394488e+05,	 rhs=2.284660e+09, relative=1.048072e-04.
  itrIdx=572,	residual=2.353977e+05,	 rhs=2.284660e+09, relative=1.030340e-04.
  itrIdx=573,	residual=2.163893e+05,	 rhs=2.284660e+09, relative=9.471401e-05.
  itrIdx=574,	residual=2.102869e+05,	 rhs=2.284660e+09, relative=9.204296e-05.
  itrIdx=575,	residual=2.083478e+05,	 rhs=2.284660e+09, relative=9.119421e-05.
  itrIdx=576,	residual=1.928049e+05,	 rhs=2.284660e+09, relative=8.439107e-05.
  itrIdx=577,	residual=1.815666e+05,	 rhs=2.284660e+09, relative=7.947202e-05.
  itrIdx=578,	residual=1.784384e+05,	 rhs=2.284660e+09, relative=7.810280e-05.
  itrIdx=579,	residual=1.718870e+05,	 rhs=2.284660e+09, relative=7.523527e-05.
  itrIdx=580,	residual=1.553345e+05,	 rhs=2.284660e+09, relative=6.799021e-05.
  itrIdx=581,	residual=1.499720e+05,	 rhs=2.284660e+09, relative=6.564304e-05.
  itrIdx=582,	residual=1.524809e+05,	 rhs=2.284660e+09, relative=6.674116e-05.
  itrIdx=583,	residual=1.448174e+05,	 rhs=2.284660e+09, relative=6.338684e-05.
  itrIdx=584,	residual=1.326043e+05,	 rhs=2.284660e+09, relative=5.804114e-05.
  itrIdx=585,	residual=1.292527e+05,	 rhs=2.284660e+09, relative=5.657413e-05.
  itrIdx=586,	residual=1.267598e+05,	 rhs=2.284660e+09, relative=5.548301e-05.
  itrIdx=587,	residual=1.199040e+05,	 rhs=2.284660e+09, relative=5.248221e-05.
  itrIdx=588,	residual=1.277636e+05,	 rhs=2.284660e+09, relative=5.592237e-05.
  itrIdx=589,	residual=1.389643e+05,	 rhs=2.284660e+09, relative=6.082491e-05.
  itrIdx=590,	residual=1.507644e+05,	 rhs=2.284660e+09, relative=6.598985e-05.
  itrIdx=591,	residual=1.511902e+05,	 rhs=2.284660e+09, relative=6.617624e-05.
  itrIdx=592,	residual=1.680190e+05,	 rhs=2.284660e+09, relative=7.354222e-05.
  itrIdx=593,	residual=1.752375e+05,	 rhs=2.284660e+09, relative=7.670176e-05.
  itrIdx=594,	residual=1.816270e+05,	 rhs=2.284660e+09, relative=7.949849e-05.
  itrIdx=595,	residual=1.777792e+05,	 rhs=2.284660e+09, relative=7.781430e-05.
  itrIdx=596,	residual=1.686860e+05,	 rhs=2.284660e+09, relative=7.383420e-05.
  itrIdx=597,	residual=1.540834e+05,	 rhs=2.284660e+09, relative=6.744260e-05.
  itrIdx=598,	residual=1.465103e+05,	 rhs=2.284660e+09, relative=6.412783e-05.
  itrIdx=599,	residual=1.512128e+05,	 rhs=2.284660e+09, relative=6.618611e-05.
  itrIdx=600,	residual=1.492393e+05,	 rhs=2.284660e+09, relative=6.532232e-05.
  itrIdx=601,	residual=1.475914e+05,	 rhs=2.284660e+09, relative=6.460105e-05.
  itrIdx=602,	residual=1.511794e+05,	 rhs=2.284660e+09, relative=6.617150e-05.
  itrIdx=603,	residual=1.574462e+05,	 rhs=2.284660e+09, relative=6.891452e-05.
  itrIdx=604,	residual=1.537864e+05,	 rhs=2.284660e+09, relative=6.731259e-05.
  itrIdx=605,	residual=1.604332e+05,	 rhs=2.284660e+09, relative=7.022191e-05.
  itrIdx=606,	residual=1.697381e+05,	 rhs=2.284660e+09, relative=7.429466e-05.
  itrIdx=607,	residual=1.797979e+05,	 rhs=2.284660e+09, relative=7.869788e-05.
  itrIdx=608,	residual=1.828285e+05,	 rhs=2.284660e+09, relative=8.002435e-05.
  itrIdx=609,	residual=1.897666e+05,	 rhs=2.284660e+09, relative=8.306120e-05.
  itrIdx=610,	residual=1.954333e+05,	 rhs=2.284660e+09, relative=8.554151e-05.
  itrIdx=611,	residual=1.991598e+05,	 rhs=2.284660e+09, relative=8.717259e-05.
  itrIdx=612,	residual=2.057231e+05,	 rhs=2.284660e+09, relative=9.004537e-05.
  itrIdx=613,	residual=2.199315e+05,	 rhs=2.284660e+09, relative=9.626443e-05.
  itrIdx=614,	residual=2.317639e+05,	 rhs=2.284660e+09, relative=1.014435e-04.
  itrIdx=615,	residual=2.295606e+05,	 rhs=2.284660e+09, relative=1.004791e-04.
  itrIdx=616,	residual=2.308646e+05,	 rhs=2.284660e+09, relative=1.010499e-04.
  itrIdx=617,	residual=2.239876e+05,	 rhs=2.284660e+09, relative=9.803981e-05.
  itrIdx=618,	residual=2.180568e+05,	 rhs=2.284660e+09, relative=9.544389e-05.
  itrIdx=619,	residual=2.163430e+05,	 rhs=2.284660e+09, relative=9.469372e-05.
  itrIdx=620,	residual=2.112166e+05,	 rhs=2.284660e+09, relative=9.244992e-05.
  itrIdx=621,	residual=1.948469e+05,	 rhs=2.284660e+09, relative=8.528486e-05.
  itrIdx=622,	residual=1.815573e+05,	 rhs=2.284660e+09, relative=7.946796e-05.
  itrIdx=623,	residual=1.839817e+05,	 rhs=2.284660e+09, relative=8.052915e-05.
  itrIdx=624,	residual=1.827028e+05,	 rhs=2.284660e+09, relative=7.996937e-05.
  itrIdx=625,	residual=1.736632e+05,	 rhs=2.284660e+09, relative=7.601270e-05.
  itrIdx=626,	residual=1.769101e+05,	 rhs=2.284660e+09, relative=7.743389e-05.
  itrIdx=627,	residual=1.837052e+05,	 rhs=2.284660e+09, relative=8.040811e-05.
  itrIdx=628,	residual=1.735271e+05,	 rhs=2.284660e+09, relative=7.595315e-05.
  itrIdx=629,	residual=1.696681e+05,	 rhs=2.284660e+09, relative=7.426405e-05.
  itrIdx=630,	residual=1.697674e+05,	 rhs=2.284660e+09, relative=7.430751e-05.
  itrIdx=631,	residual=1.600801e+05,	 rhs=2.284660e+09, relative=7.006734e-05.
  itrIdx=632,	residual=1.531427e+05,	 rhs=2.284660e+09, relative=6.703085e-05.
  itrIdx=633,	residual=1.524260e+05,	 rhs=2.284660e+09, relative=6.671714e-05.
  itrIdx=634,	residual=1.464662e+05,	 rhs=2.284660e+09, relative=6.410854e-05.
  itrIdx=635,	residual=1.361569e+05,	 rhs=2.284660e+09, relative=5.959611e-05.
  itrIdx=636,	residual=1.363304e+05,	 rhs=2.284660e+09, relative=5.967209e-05.
  itrIdx=637,	residual=1.331437e+05,	 rhs=2.284660e+09, relative=5.827725e-05.
  itrIdx=638,	residual=1.315708e+05,	 rhs=2.284660e+09, relative=5.758880e-05.
  itrIdx=639,	residual=1.331401e+05,	 rhs=2.284660e+09, relative=5.827565e-05.
  itrIdx=640,	residual=1.378649e+05,	 rhs=2.284660e+09, relative=6.034371e-05.
  itrIdx=641,	residual=1.266648e+05,	 rhs=2.284660e+09, relative=5.544141e-05.
  itrIdx=642,	residual=1.197990e+05,	 rhs=2.284660e+09, relative=5.243624e-05.
  itrIdx=643,	residual=1.176382e+05,	 rhs=2.284660e+09, relative=5.149044e-05.
  itrIdx=644,	residual=1.184365e+05,	 rhs=2.284660e+09, relative=5.183986e-05.
  itrIdx=645,	residual=1.135552e+05,	 rhs=2.284660e+09, relative=4.970332e-05.
  itrIdx=646,	residual=1.096904e+05,	 rhs=2.284660e+09, relative=4.801170e-05.
  itrIdx=647,	residual=1.133625e+05,	 rhs=2.284660e+09, relative=4.961897e-05.
  itrIdx=648,	residual=1.083723e+05,	 rhs=2.284660e+09, relative=4.743478e-05.
  itrIdx=649,	residual=9.909062e+04,	 rhs=2.284660e+09, relative=4.337215e-05.
  itrIdx=650,	residual=8.994817e+04,	 rhs=2.284660e+09, relative=3.937048e-05.
  itrIdx=651,	residual=8.437415e+04,	 rhs=2.284660e+09, relative=3.693072e-05.
  itrIdx=652,	residual=7.334547e+04,	 rhs=2.284660e+09, relative=3.210345e-05.
  itrIdx=653,	residual=6.743562e+04,	 rhs=2.284660e+09, relative=2.951670e-05.
  itrIdx=654,	residual=6.301212e+04,	 rhs=2.284660e+09, relative=2.758052e-05.
  itrIdx=655,	residual=5.946468e+04,	 rhs=2.284660e+09, relative=2.602780e-05.
  itrIdx=656,	residual=5.679160e+04,	 rhs=2.284660e+09, relative=2.485779e-05.
  itrIdx=657,	residual=5.878999e+04,	 rhs=2.284660e+09, relative=2.573249e-05.
  itrIdx=658,	residual=5.873320e+04,	 rhs=2.284660e+09, relative=2.570763e-05.
  itrIdx=659,	residual=5.978804e+04,	 rhs=2.284660e+09, relative=2.616934e-05.
  itrIdx=660,	residual=6.284033e+04,	 rhs=2.284660e+09, relative=2.750533e-05.
  itrIdx=661,	residual=6.299992e+04,	 rhs=2.284660e+09, relative=2.757518e-05.
  itrIdx=662,	residual=6.247620e+04,	 rhs=2.284660e+09, relative=2.734595e-05.
  itrIdx=663,	residual=6.142051e+04,	 rhs=2.284660e+09, relative=2.688387e-05.
  itrIdx=664,	residual=6.140985e+04,	 rhs=2.284660e+09, relative=2.687920e-05.
  itrIdx=665,	residual=5.764671e+04,	 rhs=2.284660e+09, relative=2.523207e-05.
  itrIdx=666,	residual=5.490470e+04,	 rhs=2.284660e+09, relative=2.403189e-05.
  itrIdx=667,	residual=5.270658e+04,	 rhs=2.284660e+09, relative=2.306977e-05.
  itrIdx=668,	residual=5.685344e+04,	 rhs=2.284660e+09, relative=2.488486e-05.
  itrIdx=669,	residual=5.803003e+04,	 rhs=2.284660e+09, relative=2.539985e-05.
  itrIdx=670,	residual=5.516724e+04,	 rhs=2.284660e+09, relative=2.414680e-05.
  itrIdx=671,	residual=5.687980e+04,	 rhs=2.284660e+09, relative=2.489640e-05.
  itrIdx=672,	residual=5.859642e+04,	 rhs=2.284660e+09, relative=2.564776e-05.
  itrIdx=673,	residual=5.860633e+04,	 rhs=2.284660e+09, relative=2.565210e-05.
  itrIdx=674,	residual=5.770613e+04,	 rhs=2.284660e+09, relative=2.525808e-05.
  itrIdx=675,	residual=5.849999e+04,	 rhs=2.284660e+09, relative=2.560555e-05.
  itrIdx=676,	residual=5.432677e+04,	 rhs=2.284660e+09, relative=2.377893e-05.
  itrIdx=677,	residual=5.303620e+04,	 rhs=2.284660e+09, relative=2.321404e-05.
  itrIdx=678,	residual=5.232586e+04,	 rhs=2.284660e+09, relative=2.290313e-05.
  itrIdx=679,	residual=5.013112e+04,	 rhs=2.284660e+09, relative=2.194249e-05.
  itrIdx=680,	residual=5.029860e+04,	 rhs=2.284660e+09, relative=2.201579e-05.
  itrIdx=681,	residual=5.055786e+04,	 rhs=2.284660e+09, relative=2.212927e-05.
  itrIdx=682,	residual=5.093346e+04,	 rhs=2.284660e+09, relative=2.229367e-05.
  itrIdx=683,	residual=5.149965e+04,	 rhs=2.284660e+09, relative=2.254149e-05.
  itrIdx=684,	residual=5.666680e+04,	 rhs=2.284660e+09, relative=2.480316e-05.
  itrIdx=685,	residual=6.216436e+04,	 rhs=2.284660e+09, relative=2.720946e-05.
  itrIdx=686,	residual=6.830396e+04,	 rhs=2.284660e+09, relative=2.989677e-05.
  itrIdx=687,	residual=7.086720e+04,	 rhs=2.284660e+09, relative=3.101871e-05.
  itrIdx=688,	residual=7.719276e+04,	 rhs=2.284660e+09, relative=3.378741e-05.
  itrIdx=689,	residual=8.152896e+04,	 rhs=2.284660e+09, relative=3.568538e-05.
  itrIdx=690,	residual=8.245576e+04,	 rhs=2.284660e+09, relative=3.609104e-05.
  itrIdx=691,	residual=8.101439e+04,	 rhs=2.284660e+09, relative=3.546015e-05.
  itrIdx=692,	residual=8.229202e+04,	 rhs=2.284660e+09, relative=3.601937e-05.
  itrIdx=693,	residual=8.462445e+04,	 rhs=2.284660e+09, relative=3.704028e-05.
  itrIdx=694,	residual=8.116090e+04,	 rhs=2.284660e+09, relative=3.552428e-05.
  itrIdx=695,	residual=8.301099e+04,	 rhs=2.284660e+09, relative=3.633406e-05.
  itrIdx=696,	residual=8.111221e+04,	 rhs=2.284660e+09, relative=3.550296e-05.
  itrIdx=697,	residual=8.260000e+04,	 rhs=2.284660e+09, relative=3.615417e-05.
  itrIdx=698,	residual=8.479505e+04,	 rhs=2.284660e+09, relative=3.711495e-05.
  itrIdx=699,	residual=8.510839e+04,	 rhs=2.284660e+09, relative=3.725210e-05.
  itrIdx=700,	residual=8.186411e+04,	 rhs=2.284660e+09, relative=3.583208e-05.
  itrIdx=701,	residual=8.279986e+04,	 rhs=2.284660e+09, relative=3.624165e-05.
  itrIdx=702,	residual=8.355460e+04,	 rhs=2.284660e+09, relative=3.657201e-05.
  itrIdx=703,	residual=8.202808e+04,	 rhs=2.284660e+09, relative=3.590384e-05.
  itrIdx=704,	residual=8.479661e+04,	 rhs=2.284660e+09, relative=3.711564e-05.
  itrIdx=705,	residual=8.366982e+04,	 rhs=2.284660e+09, relative=3.662243e-05.
  itrIdx=706,	residual=8.535472e+04,	 rhs=2.284660e+09, relative=3.735992e-05.
  itrIdx=707,	residual=8.258002e+04,	 rhs=2.284660e+09, relative=3.614543e-05.
  itrIdx=708,	residual=8.130092e+04,	 rhs=2.284660e+09, relative=3.558556e-05.
  itrIdx=709,	residual=8.026512e+04,	 rhs=2.284660e+09, relative=3.513219e-05.
  itrIdx=710,	residual=7.860717e+04,	 rhs=2.284660e+09, relative=3.440651e-05.
  itrIdx=711,	residual=7.172422e+04,	 rhs=2.284660e+09, relative=3.139382e-05.
  itrIdx=712,	residual=7.120413e+04,	 rhs=2.284660e+09, relative=3.116618e-05.
  itrIdx=713,	residual=7.367876e+04,	 rhs=2.284660e+09, relative=3.224933e-05.
  itrIdx=714,	residual=7.441154e+04,	 rhs=2.284660e+09, relative=3.257007e-05.
  itrIdx=715,	residual=7.664677e+04,	 rhs=2.284660e+09, relative=3.354843e-05.
  itrIdx=716,	residual=7.794253e+04,	 rhs=2.284660e+09, relative=3.411559e-05.
  itrIdx=717,	residual=8.077616e+04,	 rhs=2.284660e+09, relative=3.535588e-05.
  itrIdx=718,	residual=7.867543e+04,	 rhs=2.284660e+09, relative=3.443638e-05.
  itrIdx=719,	residual=7.746891e+04,	 rhs=2.284660e+09, relative=3.390829e-05.
  itrIdx=720,	residual=7.247658e+04,	 rhs=2.284660e+09, relative=3.172314e-05.
  itrIdx=721,	residual=6.713259e+04,	 rhs=2.284660e+09, relative=2.938406e-05.
  itrIdx=722,	residual=6.173360e+04,	 rhs=2.284660e+09, relative=2.702091e-05.
  itrIdx=723,	residual=6.056821e+04,	 rhs=2.284660e+09, relative=2.651082e-05.
  itrIdx=724,	residual=5.809239e+04,	 rhs=2.284660e+09, relative=2.542715e-05.
  itrIdx=725,	residual=5.406500e+04,	 rhs=2.284660e+09, relative=2.366435e-05.
  itrIdx=726,	residual=5.547262e+04,	 rhs=2.284660e+09, relative=2.428047e-05.
  itrIdx=727,	residual=5.502224e+04,	 rhs=2.284660e+09, relative=2.408334e-05.
  itrIdx=728,	residual=5.537355e+04,	 rhs=2.284660e+09, relative=2.423711e-05.
  itrIdx=729,	residual=5.617183e+04,	 rhs=2.284660e+09, relative=2.458651e-05.
  itrIdx=730,	residual=5.790493e+04,	 rhs=2.284660e+09, relative=2.534510e-05.
  itrIdx=731,	residual=5.680213e+04,	 rhs=2.284660e+09, relative=2.486240e-05.
  itrIdx=732,	residual=5.649075e+04,	 rhs=2.284660e+09, relative=2.472611e-05.
  itrIdx=733,	residual=5.859040e+04,	 rhs=2.284660e+09, relative=2.564513e-05.
  itrIdx=734,	residual=5.932922e+04,	 rhs=2.284660e+09, relative=2.596851e-05.
  itrIdx=735,	residual=5.887607e+04,	 rhs=2.284660e+09, relative=2.577017e-05.
  itrIdx=736,	residual=5.694910e+04,	 rhs=2.284660e+09, relative=2.492673e-05.
  itrIdx=737,	residual=5.638793e+04,	 rhs=2.284660e+09, relative=2.468110e-05.
  itrIdx=738,	residual=5.534554e+04,	 rhs=2.284660e+09, relative=2.422485e-05.
  itrIdx=739,	residual=5.912915e+04,	 rhs=2.284660e+09, relative=2.588094e-05.
  itrIdx=740,	residual=6.148777e+04,	 rhs=2.284660e+09, relative=2.691331e-05.
  itrIdx=741,	residual=6.272827e+04,	 rhs=2.284660e+09, relative=2.745628e-05.
  itrIdx=742,	residual=6.269037e+04,	 rhs=2.284660e+09, relative=2.743969e-05.
  itrIdx=743,	residual=6.499530e+04,	 rhs=2.284660e+09, relative=2.844856e-05.
  itrIdx=744,	residual=6.393219e+04,	 rhs=2.284660e+09, relative=2.798324e-05.
  itrIdx=745,	residual=6.138750e+04,	 rhs=2.284660e+09, relative=2.686942e-05.
  itrIdx=746,	residual=6.143495e+04,	 rhs=2.284660e+09, relative=2.689019e-05.
  itrIdx=747,	residual=6.113234e+04,	 rhs=2.284660e+09, relative=2.675774e-05.
  itrIdx=748,	residual=6.004385e+04,	 rhs=2.284660e+09, relative=2.628131e-05.
  itrIdx=749,	residual=5.815633e+04,	 rhs=2.284660e+09, relative=2.545513e-05.
  itrIdx=750,	residual=6.019179e+04,	 rhs=2.284660e+09, relative=2.634606e-05.
  itrIdx=751,	residual=5.921651e+04,	 rhs=2.284660e+09, relative=2.591918e-05.
  itrIdx=752,	residual=6.143476e+04,	 rhs=2.284660e+09, relative=2.689011e-05.
  itrIdx=753,	residual=6.170093e+04,	 rhs=2.284660e+09, relative=2.700661e-05.
  itrIdx=754,	residual=6.288259e+04,	 rhs=2.284660e+09, relative=2.752383e-05.
  itrIdx=755,	residual=6.124668e+04,	 rhs=2.284660e+09, relative=2.680779e-05.
  itrIdx=756,	residual=5.757806e+04,	 rhs=2.284660e+09, relative=2.520202e-05.
  itrIdx=757,	residual=5.481779e+04,	 rhs=2.284660e+09, relative=2.399385e-05.
  itrIdx=758,	residual=5.256443e+04,	 rhs=2.284660e+09, relative=2.300755e-05.
  itrIdx=759,	residual=5.255638e+04,	 rhs=2.284660e+09, relative=2.300402e-05.
  itrIdx=760,	residual=5.301227e+04,	 rhs=2.284660e+09, relative=2.320357e-05.
  itrIdx=761,	residual=5.348498e+04,	 rhs=2.284660e+09, relative=2.341048e-05.
  itrIdx=762,	residual=5.473827e+04,	 rhs=2.284660e+09, relative=2.395904e-05.
  itrIdx=763,	residual=5.754202e+04,	 rhs=2.284660e+09, relative=2.518625e-05.
  itrIdx=764,	residual=5.812571e+04,	 rhs=2.284660e+09, relative=2.544173e-05.
  itrIdx=765,	residual=5.734676e+04,	 rhs=2.284660e+09, relative=2.510078e-05.
  itrIdx=766,	residual=5.548417e+04,	 rhs=2.284660e+09, relative=2.428552e-05.
  itrIdx=767,	residual=5.550673e+04,	 rhs=2.284660e+09, relative=2.429540e-05.
  itrIdx=768,	residual=5.583850e+04,	 rhs=2.284660e+09, relative=2.444062e-05.
  itrIdx=769,	residual=5.545003e+04,	 rhs=2.284660e+09, relative=2.427058e-05.
  itrIdx=770,	residual=5.465492e+04,	 rhs=2.284660e+09, relative=2.392256e-05.
  itrIdx=771,	residual=5.414978e+04,	 rhs=2.284660e+09, relative=2.370146e-05.
  itrIdx=772,	residual=5.550481e+04,	 rhs=2.284660e+09, relative=2.429456e-05.
  itrIdx=773,	residual=5.497747e+04,	 rhs=2.284660e+09, relative=2.406374e-05.
  itrIdx=774,	residual=5.367700e+04,	 rhs=2.284660e+09, relative=2.349452e-05.
  itrIdx=775,	residual=5.179623e+04,	 rhs=2.284660e+09, relative=2.267131e-05.
  itrIdx=776,	residual=4.850318e+04,	 rhs=2.284660e+09, relative=2.122993e-05.
  itrIdx=777,	residual=4.327427e+04,	 rhs=2.284660e+09, relative=1.894123e-05.
  itrIdx=778,	residual=3.991521e+04,	 rhs=2.284660e+09, relative=1.747096e-05.
  itrIdx=779,	residual=3.809163e+04,	 rhs=2.284660e+09, relative=1.667278e-05.
  itrIdx=780,	residual=3.580613e+04,	 rhs=2.284660e+09, relative=1.567241e-05.
  itrIdx=781,	residual=3.610895e+04,	 rhs=2.284660e+09, relative=1.580496e-05.
  itrIdx=782,	residual=3.679755e+04,	 rhs=2.284660e+09, relative=1.610635e-05.
  itrIdx=783,	residual=3.884125e+04,	 rhs=2.284660e+09, relative=1.700089e-05.
  itrIdx=784,	residual=3.976222e+04,	 rhs=2.284660e+09, relative=1.740400e-05.
  itrIdx=785,	residual=3.991998e+04,	 rhs=2.284660e+09, relative=1.747305e-05.
  itrIdx=786,	residual=3.874157e+04,	 rhs=2.284660e+09, relative=1.695726e-05.
  itrIdx=787,	residual=3.835088e+04,	 rhs=2.284660e+09, relative=1.678625e-05.
  itrIdx=788,	residual=3.635676e+04,	 rhs=2.284660e+09, relative=1.591342e-05.
  itrIdx=789,	residual=3.473812e+04,	 rhs=2.284660e+09, relative=1.520494e-05.
  itrIdx=790,	residual=3.138975e+04,	 rhs=2.284660e+09, relative=1.373935e-05.
  itrIdx=791,	residual=2.925764e+04,	 rhs=2.284660e+09, relative=1.280612e-05.
  itrIdx=792,	residual=2.857526e+04,	 rhs=2.284660e+09, relative=1.250744e-05.
  itrIdx=793,	residual=2.946086e+04,	 rhs=2.284660e+09, relative=1.289507e-05.
  itrIdx=794,	residual=2.935895e+04,	 rhs=2.284660e+09, relative=1.285047e-05.
  itrIdx=795,	residual=2.905949e+04,	 rhs=2.284660e+09, relative=1.271939e-05.
  itrIdx=796,	residual=2.972148e+04,	 rhs=2.284660e+09, relative=1.300915e-05.
  itrIdx=797,	residual=2.942846e+04,	 rhs=2.284660e+09, relative=1.288089e-05.
  itrIdx=798,	residual=2.909896e+04,	 rhs=2.284660e+09, relative=1.273667e-05.
  itrIdx=799,	residual=2.798816e+04,	 rhs=2.284660e+09, relative=1.225047e-05.
  itrIdx=800,	residual=2.803214e+04,	 rhs=2.284660e+09, relative=1.226972e-05.
  itrIdx=801,	residual=2.687362e+04,	 rhs=2.284660e+09, relative=1.176263e-05.
  itrIdx=802,	residual=2.588869e+04,	 rhs=2.284660e+09, relative=1.133153e-05.
  itrIdx=803,	residual=2.566228e+04,	 rhs=2.284660e+09, relative=1.123243e-05.
  itrIdx=804,	residual=2.582540e+04,	 rhs=2.284660e+09, relative=1.130383e-05.
  itrIdx=805,	residual=2.482999e+04,	 rhs=2.284660e+09, relative=1.086813e-05.
  itrIdx=806,	residual=2.377419e+04,	 rhs=2.284660e+09, relative=1.040601e-05.
  itrIdx=807,	residual=2.312519e+04,	 rhs=2.284660e+09, relative=1.012194e-05.
  itrIdx=808,	residual=2.345423e+04,	 rhs=2.284660e+09, relative=1.026596e-05.
  itrIdx=809,	residual=2.336451e+04,	 rhs=2.284660e+09, relative=1.022669e-05.
  itrIdx=810,	residual=2.336015e+04,	 rhs=2.284660e+09, relative=1.022478e-05.
  itrIdx=811,	residual=2.342035e+04,	 rhs=2.284660e+09, relative=1.025113e-05.
Reach rtol=1.000000e-05, the solver exits with residual=2.284408e+04 and iterations=812.
  homoCoeffZ=5.39328
