========================================================
Contrast_x,y,z=2  5  10
Get kvals from python.
524288  1.31072e+06  2.62144e+06  2.62144e+06  2.62144e+06  2621.44  26214.4  262144  262144  262144  2621.44  6553.6  13107.2  13107.2  262144  
  Use all 1.0.
Use the following reference parameters:
262144  262144  262144  262144  262144  
GPU solver with FCT preconditioner.
  itrIdx=1,	residual=3.480341e+08,	 rhs=7.196624e+08, relative=4.836075e-01.
  itrIdx=2,	residual=2.152753e+08,	 rhs=7.196624e+08, relative=2.991337e-01.
  itrIdx=3,	residual=1.112816e+08,	 rhs=7.196624e+08, relative=1.546303e-01.
  itrIdx=4,	residual=3.176464e+07,	 rhs=7.196624e+08, relative=4.413825e-02.
  itrIdx=5,	residual=2.482640e+07,	 rhs=7.196624e+08, relative=3.449729e-02.
  itrIdx=6,	residual=9.139019e+06,	 rhs=7.196624e+08, relative=1.269904e-02.
  itrIdx=7,	residual=5.575098e+06,	 rhs=7.196624e+08, relative=7.746824e-03.
  itrIdx=8,	residual=4.681173e+06,	 rhs=7.196624e+08, relative=6.504679e-03.
  itrIdx=9,	residual=4.049937e+06,	 rhs=7.196624e+08, relative=5.627551e-03.
  itrIdx=10,	residual=2.279739e+06,	 rhs=7.196624e+08, relative=3.167789e-03.
  itrIdx=11,	residual=1.457398e+06,	 rhs=7.196624e+08, relative=2.025113e-03.
  itrIdx=12,	residual=1.383410e+06,	 rhs=7.196624e+08, relative=1.922304e-03.
  itrIdx=13,	residual=1.033895e+06,	 rhs=7.196624e+08, relative=1.436639e-03.
  itrIdx=14,	residual=7.404792e+05,	 rhs=7.196624e+08, relative=1.028926e-03.
  itrIdx=15,	residual=6.463578e+05,	 rhs=7.196624e+08, relative=8.981402e-04.
  itrIdx=16,	residual=5.721757e+05,	 rhs=7.196624e+08, relative=7.950613e-04.
  itrIdx=17,	residual=4.662413e+05,	 rhs=7.196624e+08, relative=6.478612e-04.
  itrIdx=18,	residual=3.623942e+05,	 rhs=7.196624e+08, relative=5.035615e-04.
  itrIdx=19,	residual=2.838828e+05,	 rhs=7.196624e+08, relative=3.944666e-04.
  itrIdx=20,	residual=2.913501e+05,	 rhs=7.196624e+08, relative=4.048427e-04.
  itrIdx=21,	residual=1.863924e+05,	 rhs=7.196624e+08, relative=2.589998e-04.
  itrIdx=22,	residual=1.895787e+05,	 rhs=7.196624e+08, relative=2.634273e-04.
  itrIdx=23,	residual=1.681939e+05,	 rhs=7.196624e+08, relative=2.337122e-04.
  itrIdx=24,	residual=1.272455e+05,	 rhs=7.196624e+08, relative=1.768128e-04.
  itrIdx=25,	residual=9.527447e+04,	 rhs=7.196624e+08, relative=1.323877e-04.
  itrIdx=26,	residual=9.150974e+04,	 rhs=7.196624e+08, relative=1.271565e-04.
  itrIdx=27,	residual=8.456887e+04,	 rhs=7.196624e+08, relative=1.175119e-04.
  itrIdx=28,	residual=7.430456e+04,	 rhs=7.196624e+08, relative=1.032492e-04.
  itrIdx=29,	residual=6.024341e+04,	 rhs=7.196624e+08, relative=8.371066e-05.
  itrIdx=30,	residual=5.653346e+04,	 rhs=7.196624e+08, relative=7.855553e-05.
  itrIdx=31,	residual=4.604855e+04,	 rhs=7.196624e+08, relative=6.398632e-05.
  itrIdx=32,	residual=3.826240e+04,	 rhs=7.196624e+08, relative=5.316716e-05.
  itrIdx=33,	residual=3.560014e+04,	 rhs=7.196624e+08, relative=4.946783e-05.
  itrIdx=34,	residual=3.333230e+04,	 rhs=7.196624e+08, relative=4.631658e-05.
  itrIdx=35,	residual=2.321464e+04,	 rhs=7.196624e+08, relative=3.225768e-05.
  itrIdx=36,	residual=2.174863e+04,	 rhs=7.196624e+08, relative=3.022061e-05.
  itrIdx=37,	residual=1.976114e+04,	 rhs=7.196624e+08, relative=2.745890e-05.
  itrIdx=38,	residual=1.876075e+04,	 rhs=7.196624e+08, relative=2.606882e-05.
  itrIdx=39,	residual=1.422608e+04,	 rhs=7.196624e+08, relative=1.976771e-05.
  itrIdx=40,	residual=1.169669e+04,	 rhs=7.196624e+08, relative=1.625303e-05.
  itrIdx=41,	residual=1.265488e+04,	 rhs=7.196624e+08, relative=1.758447e-05.
  itrIdx=42,	residual=1.238389e+04,	 rhs=7.196624e+08, relative=1.720792e-05.
  itrIdx=43,	residual=1.052163e+04,	 rhs=7.196624e+08, relative=1.462023e-05.
  itrIdx=44,	residual=8.849345e+03,	 rhs=7.196624e+08, relative=1.229652e-05.
  itrIdx=45,	residual=8.164044e+03,	 rhs=7.196624e+08, relative=1.134427e-05.
  itrIdx=46,	residual=7.911389e+03,	 rhs=7.196624e+08, relative=1.099320e-05.
Reach rtol=1.000000e-05, the solver exits with residual=6.661722e+03 and iterations=47.
  homoCoeffZ=1.6915
========================================================
Contrast_x,y,z=4  25  100
Get kvals from python.
1.04858e+06  6.5536e+06  2.62144e+07  2.62144e+07  2.62144e+07  2621.44  26214.4  262144  262144  262144  2621.44  16384  65536  65536  262144  
  Use all 1.0.
Use the following reference parameters:
262144  262144  262144  262144  262144  
GPU solver with FCT preconditioner.
  itrIdx=1,	residual=1.377663e+09,	 rhs=6.715918e+09, relative=2.051340e-01.
  itrIdx=2,	residual=8.078969e+08,	 rhs=6.715918e+09, relative=1.202958e-01.
  itrIdx=3,	residual=5.918964e+08,	 rhs=6.715918e+09, relative=8.813336e-02.
  itrIdx=4,	residual=5.993078e+08,	 rhs=6.715918e+09, relative=8.923691e-02.
  itrIdx=5,	residual=4.337778e+08,	 rhs=6.715918e+09, relative=6.458951e-02.
  itrIdx=6,	residual=4.222162e+08,	 rhs=6.715918e+09, relative=6.286799e-02.
  itrIdx=7,	residual=4.413153e+08,	 rhs=6.715918e+09, relative=6.571184e-02.
  itrIdx=8,	residual=3.990598e+08,	 rhs=6.715918e+09, relative=5.942000e-02.
  itrIdx=9,	residual=3.223327e+08,	 rhs=6.715918e+09, relative=4.799533e-02.
  itrIdx=10,	residual=2.616335e+08,	 rhs=6.715918e+09, relative=3.895722e-02.
  itrIdx=11,	residual=1.644506e+08,	 rhs=6.715918e+09, relative=2.448669e-02.
  itrIdx=12,	residual=1.056835e+08,	 rhs=6.715918e+09, relative=1.573627e-02.
  itrIdx=13,	residual=7.407565e+07,	 rhs=6.715918e+09, relative=1.102986e-02.
  itrIdx=14,	residual=5.246160e+07,	 rhs=6.715918e+09, relative=7.811532e-03.
  itrIdx=15,	residual=2.826864e+07,	 rhs=6.715918e+09, relative=4.209200e-03.
  itrIdx=16,	residual=2.521392e+07,	 rhs=6.715918e+09, relative=3.754353e-03.
  itrIdx=17,	residual=2.278641e+07,	 rhs=6.715918e+09, relative=3.392896e-03.
  itrIdx=18,	residual=2.293735e+07,	 rhs=6.715918e+09, relative=3.415371e-03.
  itrIdx=19,	residual=2.466334e+07,	 rhs=6.715918e+09, relative=3.672371e-03.
  itrIdx=20,	residual=2.647914e+07,	 rhs=6.715918e+09, relative=3.942744e-03.
  itrIdx=21,	residual=1.893530e+07,	 rhs=6.715918e+09, relative=2.819466e-03.
  itrIdx=22,	residual=1.263583e+07,	 rhs=6.715918e+09, relative=1.881475e-03.
  itrIdx=23,	residual=1.086057e+07,	 rhs=6.715918e+09, relative=1.617139e-03.
  itrIdx=24,	residual=8.424075e+06,	 rhs=6.715918e+09, relative=1.254345e-03.
  itrIdx=25,	residual=8.798456e+06,	 rhs=6.715918e+09, relative=1.310090e-03.
  itrIdx=26,	residual=8.547846e+06,	 rhs=6.715918e+09, relative=1.272774e-03.
  itrIdx=27,	residual=8.654401e+06,	 rhs=6.715918e+09, relative=1.288640e-03.
  itrIdx=28,	residual=7.665366e+06,	 rhs=6.715918e+09, relative=1.141373e-03.
  itrIdx=29,	residual=8.877466e+06,	 rhs=6.715918e+09, relative=1.321855e-03.
  itrIdx=30,	residual=6.803839e+06,	 rhs=6.715918e+09, relative=1.013091e-03.
  itrIdx=31,	residual=5.583765e+06,	 rhs=6.715918e+09, relative=8.314226e-04.
  itrIdx=32,	residual=4.218346e+06,	 rhs=6.715918e+09, relative=6.281117e-04.
  itrIdx=33,	residual=3.619844e+06,	 rhs=6.715918e+09, relative=5.389948e-04.
  itrIdx=34,	residual=3.534832e+06,	 rhs=6.715918e+09, relative=5.263364e-04.
  itrIdx=35,	residual=4.257557e+06,	 rhs=6.715918e+09, relative=6.339501e-04.
  itrIdx=36,	residual=4.136701e+06,	 rhs=6.715918e+09, relative=6.159547e-04.
  itrIdx=37,	residual=3.982036e+06,	 rhs=6.715918e+09, relative=5.929251e-04.
  itrIdx=38,	residual=3.424834e+06,	 rhs=6.715918e+09, relative=5.099578e-04.
  itrIdx=39,	residual=2.679906e+06,	 rhs=6.715918e+09, relative=3.990380e-04.
  itrIdx=40,	residual=2.357649e+06,	 rhs=6.715918e+09, relative=3.510539e-04.
  itrIdx=41,	residual=2.256588e+06,	 rhs=6.715918e+09, relative=3.360058e-04.
  itrIdx=42,	residual=2.189444e+06,	 rhs=6.715918e+09, relative=3.260082e-04.
  itrIdx=43,	residual=2.189500e+06,	 rhs=6.715918e+09, relative=3.260165e-04.
  itrIdx=44,	residual=2.026089e+06,	 rhs=6.715918e+09, relative=3.016847e-04.
  itrIdx=45,	residual=1.654160e+06,	 rhs=6.715918e+09, relative=2.463045e-04.
  itrIdx=46,	residual=1.548760e+06,	 rhs=6.715918e+09, relative=2.306104e-04.
  itrIdx=47,	residual=1.562247e+06,	 rhs=6.715918e+09, relative=2.326185e-04.
  itrIdx=48,	residual=1.288274e+06,	 rhs=6.715918e+09, relative=1.918240e-04.
  itrIdx=49,	residual=1.312515e+06,	 rhs=6.715918e+09, relative=1.954334e-04.
  itrIdx=50,	residual=1.518783e+06,	 rhs=6.715918e+09, relative=2.261468e-04.
  itrIdx=51,	residual=1.309800e+06,	 rhs=6.715918e+09, relative=1.950291e-04.
  itrIdx=52,	residual=1.384718e+06,	 rhs=6.715918e+09, relative=2.061845e-04.
  itrIdx=53,	residual=1.346417e+06,	 rhs=6.715918e+09, relative=2.004814e-04.
  itrIdx=54,	residual=1.199530e+06,	 rhs=6.715918e+09, relative=1.786100e-04.
  itrIdx=55,	residual=9.874893e+05,	 rhs=6.715918e+09, relative=1.470371e-04.
  itrIdx=56,	residual=1.054358e+06,	 rhs=6.715918e+09, relative=1.569938e-04.
  itrIdx=57,	residual=8.573931e+05,	 rhs=6.715918e+09, relative=1.276658e-04.
  itrIdx=58,	residual=6.990281e+05,	 rhs=6.715918e+09, relative=1.040853e-04.
  itrIdx=59,	residual=6.383460e+05,	 rhs=6.715918e+09, relative=9.504970e-05.
  itrIdx=60,	residual=5.396690e+05,	 rhs=6.715918e+09, relative=8.035670e-05.
  itrIdx=61,	residual=5.988941e+05,	 rhs=6.715918e+09, relative=8.917532e-05.
  itrIdx=62,	residual=7.490049e+05,	 rhs=6.715918e+09, relative=1.115268e-04.
  itrIdx=63,	residual=7.938922e+05,	 rhs=6.715918e+09, relative=1.182105e-04.
  itrIdx=64,	residual=6.372182e+05,	 rhs=6.715918e+09, relative=9.488177e-05.
  itrIdx=65,	residual=6.581461e+05,	 rhs=6.715918e+09, relative=9.799794e-05.
  itrIdx=66,	residual=5.013429e+05,	 rhs=6.715918e+09, relative=7.464995e-05.
  itrIdx=67,	residual=3.885196e+05,	 rhs=6.715918e+09, relative=5.785056e-05.
  itrIdx=68,	residual=4.074180e+05,	 rhs=6.715918e+09, relative=6.066453e-05.
  itrIdx=69,	residual=3.875695e+05,	 rhs=6.715918e+09, relative=5.770910e-05.
  itrIdx=70,	residual=3.109097e+05,	 rhs=6.715918e+09, relative=4.629445e-05.
  itrIdx=71,	residual=3.866782e+05,	 rhs=6.715918e+09, relative=5.757637e-05.
  itrIdx=72,	residual=3.893488e+05,	 rhs=6.715918e+09, relative=5.797402e-05.
  itrIdx=73,	residual=3.642091e+05,	 rhs=6.715918e+09, relative=5.423073e-05.
  itrIdx=74,	residual=3.977933e+05,	 rhs=6.715918e+09, relative=5.923141e-05.
  itrIdx=75,	residual=3.742070e+05,	 rhs=6.715918e+09, relative=5.571941e-05.
  itrIdx=76,	residual=2.957954e+05,	 rhs=6.715918e+09, relative=4.404392e-05.
  itrIdx=77,	residual=2.793976e+05,	 rhs=6.715918e+09, relative=4.160230e-05.
  itrIdx=78,	residual=2.803829e+05,	 rhs=6.715918e+09, relative=4.174900e-05.
  itrIdx=79,	residual=2.321524e+05,	 rhs=6.715918e+09, relative=3.456749e-05.
  itrIdx=80,	residual=1.911065e+05,	 rhs=6.715918e+09, relative=2.845576e-05.
  itrIdx=81,	residual=2.162155e+05,	 rhs=6.715918e+09, relative=3.219448e-05.
  itrIdx=82,	residual=1.904431e+05,	 rhs=6.715918e+09, relative=2.835697e-05.
  itrIdx=83,	residual=2.514242e+05,	 rhs=6.715918e+09, relative=3.743706e-05.
  itrIdx=84,	residual=2.806991e+05,	 rhs=6.715918e+09, relative=4.179609e-05.
  itrIdx=85,	residual=2.293888e+05,	 rhs=6.715918e+09, relative=3.415598e-05.
  itrIdx=86,	residual=1.955511e+05,	 rhs=6.715918e+09, relative=2.911756e-05.
  itrIdx=87,	residual=1.624681e+05,	 rhs=6.715918e+09, relative=2.419150e-05.
  itrIdx=88,	residual=1.219635e+05,	 rhs=6.715918e+09, relative=1.816037e-05.
  itrIdx=89,	residual=1.001447e+05,	 rhs=6.715918e+09, relative=1.491155e-05.
  itrIdx=90,	residual=1.403201e+05,	 rhs=6.715918e+09, relative=2.089366e-05.
  itrIdx=91,	residual=1.327668e+05,	 rhs=6.715918e+09, relative=1.976898e-05.
  itrIdx=92,	residual=1.550658e+05,	 rhs=6.715918e+09, relative=2.308929e-05.
  itrIdx=93,	residual=1.622513e+05,	 rhs=6.715918e+09, relative=2.415921e-05.
  itrIdx=94,	residual=1.536221e+05,	 rhs=6.715918e+09, relative=2.287433e-05.
  itrIdx=95,	residual=1.109056e+05,	 rhs=6.715918e+09, relative=1.651384e-05.
  itrIdx=96,	residual=9.251472e+04,	 rhs=6.715918e+09, relative=1.377544e-05.
  itrIdx=97,	residual=8.375153e+04,	 rhs=6.715918e+09, relative=1.247060e-05.
  itrIdx=98,	residual=6.956807e+04,	 rhs=6.715918e+09, relative=1.035868e-05.
  itrIdx=99,	residual=9.201377e+04,	 rhs=6.715918e+09, relative=1.370085e-05.
  itrIdx=100,	residual=1.141037e+05,	 rhs=6.715918e+09, relative=1.699003e-05.
  itrIdx=101,	residual=1.205432e+05,	 rhs=6.715918e+09, relative=1.794888e-05.
  itrIdx=102,	residual=1.153085e+05,	 rhs=6.715918e+09, relative=1.716943e-05.
  itrIdx=103,	residual=8.411884e+04,	 rhs=6.715918e+09, relative=1.252529e-05.
Reach rtol=1.000000e-05, the solver exits with residual=6.402285e+04 and iterations=104.
  homoCoeffZ=7.40932
========================================================
Contrast_x,y,z=8  125  1000
Get kvals from python.
2.09715e+06  3.2768e+07  2.62144e+08  2.62144e+08  2.62144e+08  2621.44  26214.4  262144  262144  262144  1677.72  26214.4  209715  209715  262144  
  Use all 1.0.
Use the following reference parameters:
262144  262144  262144  262144  262144  
GPU solver with FCT preconditioner.
  itrIdx=1,	residual=1.318128e+10,	 rhs=6.710937e+10, relative=1.964149e-01.
  itrIdx=2,	residual=7.193670e+09,	 rhs=6.710937e+10, relative=1.071932e-01.
  itrIdx=3,	residual=4.313431e+09,	 rhs=6.710937e+10, relative=6.427465e-02.
  itrIdx=4,	residual=3.764392e+09,	 rhs=6.710937e+10, relative=5.609339e-02.
  itrIdx=5,	residual=1.725387e+09,	 rhs=6.710937e+10, relative=2.571008e-02.
  itrIdx=6,	residual=1.287493e+09,	 rhs=6.710937e+10, relative=1.918499e-02.
  itrIdx=7,	residual=9.676398e+08,	 rhs=6.710937e+10, relative=1.441885e-02.
  itrIdx=8,	residual=1.169365e+09,	 rhs=6.710937e+10, relative=1.742476e-02.
  itrIdx=9,	residual=9.282723e+08,	 rhs=6.710937e+10, relative=1.383223e-02.
  itrIdx=10,	residual=8.012098e+08,	 rhs=6.710937e+10, relative=1.193887e-02.
  itrIdx=11,	residual=7.305532e+08,	 rhs=6.710937e+10, relative=1.088601e-02.
  itrIdx=12,	residual=5.804373e+08,	 rhs=6.710937e+10, relative=8.649125e-03.
  itrIdx=13,	residual=6.274062e+08,	 rhs=6.710937e+10, relative=9.349011e-03.
  itrIdx=14,	residual=9.081596e+08,	 rhs=6.710937e+10, relative=1.353253e-02.
  itrIdx=15,	residual=1.281765e+09,	 rhs=6.710937e+10, relative=1.909964e-02.
  itrIdx=16,	residual=1.639015e+09,	 rhs=6.710937e+10, relative=2.442304e-02.
  itrIdx=17,	residual=1.788464e+09,	 rhs=6.710937e+10, relative=2.664999e-02.
  itrIdx=18,	residual=1.487769e+09,	 rhs=6.710937e+10, relative=2.216933e-02.
  itrIdx=19,	residual=8.691196e+08,	 rhs=6.710937e+10, relative=1.295079e-02.
  itrIdx=20,	residual=5.870669e+08,	 rhs=6.710937e+10, relative=8.747913e-03.
  itrIdx=21,	residual=5.422888e+08,	 rhs=6.710937e+10, relative=8.080672e-03.
  itrIdx=22,	residual=4.022259e+08,	 rhs=6.710937e+10, relative=5.993588e-03.
  itrIdx=23,	residual=3.278944e+08,	 rhs=6.710937e+10, relative=4.885971e-03.
  itrIdx=24,	residual=3.003877e+08,	 rhs=6.710937e+10, relative=4.476093e-03.
  itrIdx=25,	residual=2.211082e+08,	 rhs=6.710937e+10, relative=3.294744e-03.
  itrIdx=26,	residual=1.648154e+08,	 rhs=6.710937e+10, relative=2.455923e-03.
  itrIdx=27,	residual=9.481752e+07,	 rhs=6.710937e+10, relative=1.412881e-03.
  itrIdx=28,	residual=9.469919e+07,	 rhs=6.710937e+10, relative=1.411117e-03.
  itrIdx=29,	residual=7.798770e+07,	 rhs=6.710937e+10, relative=1.162099e-03.
  itrIdx=30,	residual=1.130005e+08,	 rhs=6.710937e+10, relative=1.683826e-03.
  itrIdx=31,	residual=1.479689e+08,	 rhs=6.710937e+10, relative=2.204892e-03.
  itrIdx=32,	residual=1.867248e+08,	 rhs=6.710937e+10, relative=2.782396e-03.
  itrIdx=33,	residual=1.625746e+08,	 rhs=6.710937e+10, relative=2.422532e-03.
  itrIdx=34,	residual=1.335250e+08,	 rhs=6.710937e+10, relative=1.989662e-03.
  itrIdx=35,	residual=1.021221e+08,	 rhs=6.710937e+10, relative=1.521726e-03.
  itrIdx=36,	residual=7.012281e+07,	 rhs=6.710937e+10, relative=1.044904e-03.
  itrIdx=37,	residual=7.387445e+07,	 rhs=6.710937e+10, relative=1.100807e-03.
  itrIdx=38,	residual=7.123487e+07,	 rhs=6.710937e+10, relative=1.061474e-03.
  itrIdx=39,	residual=6.054158e+07,	 rhs=6.710937e+10, relative=9.021331e-04.
  itrIdx=40,	residual=4.133097e+07,	 rhs=6.710937e+10, relative=6.158748e-04.
  itrIdx=41,	residual=3.577245e+07,	 rhs=6.710937e+10, relative=5.330470e-04.
  itrIdx=42,	residual=2.720531e+07,	 rhs=6.710937e+10, relative=4.053877e-04.
  itrIdx=43,	residual=2.530245e+07,	 rhs=6.710937e+10, relative=3.770330e-04.
  itrIdx=44,	residual=3.228360e+07,	 rhs=6.710937e+10, relative=4.810595e-04.
  itrIdx=45,	residual=4.632613e+07,	 rhs=6.710937e+10, relative=6.903080e-04.
  itrIdx=46,	residual=5.352898e+07,	 rhs=6.710937e+10, relative=7.976380e-04.
  itrIdx=47,	residual=5.850789e+07,	 rhs=6.710937e+10, relative=8.718290e-04.
  itrIdx=48,	residual=4.839014e+07,	 rhs=6.710937e+10, relative=7.210639e-04.
  itrIdx=49,	residual=3.575954e+07,	 rhs=6.710937e+10, relative=5.328546e-04.
  itrIdx=50,	residual=2.617107e+07,	 rhs=6.710937e+10, relative=3.899764e-04.
  itrIdx=51,	residual=2.705723e+07,	 rhs=6.710937e+10, relative=4.031812e-04.
  itrIdx=52,	residual=3.028116e+07,	 rhs=6.710937e+10, relative=4.512210e-04.
  itrIdx=53,	residual=2.803399e+07,	 rhs=6.710937e+10, relative=4.177359e-04.
  itrIdx=54,	residual=3.101554e+07,	 rhs=6.710937e+10, relative=4.621641e-04.
  itrIdx=55,	residual=2.651297e+07,	 rhs=6.710937e+10, relative=3.950711e-04.
  itrIdx=56,	residual=2.465887e+07,	 rhs=6.710937e+10, relative=3.674431e-04.
  itrIdx=57,	residual=2.716538e+07,	 rhs=6.710937e+10, relative=4.047927e-04.
  itrIdx=58,	residual=3.668556e+07,	 rhs=6.710937e+10, relative=5.466533e-04.
  itrIdx=59,	residual=3.660739e+07,	 rhs=6.710937e+10, relative=5.454886e-04.
  itrIdx=60,	residual=3.415638e+07,	 rhs=6.710937e+10, relative=5.089659e-04.
  itrIdx=61,	residual=2.720449e+07,	 rhs=6.710937e+10, relative=4.053754e-04.
  itrIdx=62,	residual=1.517612e+07,	 rhs=6.710937e+10, relative=2.261401e-04.
  itrIdx=63,	residual=1.059282e+07,	 rhs=6.710937e+10, relative=1.578441e-04.
  itrIdx=64,	residual=8.656604e+06,	 rhs=6.710937e+10, relative=1.289925e-04.
  itrIdx=65,	residual=9.783453e+06,	 rhs=6.710937e+10, relative=1.457837e-04.
  itrIdx=66,	residual=1.076566e+07,	 rhs=6.710937e+10, relative=1.604197e-04.
  itrIdx=67,	residual=1.468511e+07,	 rhs=6.710937e+10, relative=2.188236e-04.
  itrIdx=68,	residual=1.713761e+07,	 rhs=6.710937e+10, relative=2.553684e-04.
  itrIdx=69,	residual=1.583123e+07,	 rhs=6.710937e+10, relative=2.359020e-04.
  itrIdx=70,	residual=1.625798e+07,	 rhs=6.710937e+10, relative=2.422610e-04.
  itrIdx=71,	residual=1.967668e+07,	 rhs=6.710937e+10, relative=2.932031e-04.
  itrIdx=72,	residual=2.490767e+07,	 rhs=6.710937e+10, relative=3.711504e-04.
  itrIdx=73,	residual=2.585602e+07,	 rhs=6.710937e+10, relative=3.852818e-04.
  itrIdx=74,	residual=2.747502e+07,	 rhs=6.710937e+10, relative=4.094066e-04.
  itrIdx=75,	residual=1.921633e+07,	 rhs=6.710937e+10, relative=2.863436e-04.
  itrIdx=76,	residual=1.104435e+07,	 rhs=6.710937e+10, relative=1.645724e-04.
  itrIdx=77,	residual=7.324079e+06,	 rhs=6.710937e+10, relative=1.091365e-04.
  itrIdx=78,	residual=5.585577e+06,	 rhs=6.710937e+10, relative=8.323096e-05.
  itrIdx=79,	residual=4.254774e+06,	 rhs=6.710937e+10, relative=6.340059e-05.
  itrIdx=80,	residual=4.908850e+06,	 rhs=6.710937e+10, relative=7.314702e-05.
  itrIdx=81,	residual=5.824764e+06,	 rhs=6.710937e+10, relative=8.679509e-05.
  itrIdx=82,	residual=7.336712e+06,	 rhs=6.710937e+10, relative=1.093247e-04.
  itrIdx=83,	residual=5.910386e+06,	 rhs=6.710937e+10, relative=8.807095e-05.
  itrIdx=84,	residual=7.791474e+06,	 rhs=6.710937e+10, relative=1.161011e-04.
  itrIdx=85,	residual=7.181141e+06,	 rhs=6.710937e+10, relative=1.070065e-04.
  itrIdx=86,	residual=7.891380e+06,	 rhs=6.710937e+10, relative=1.175898e-04.
  itrIdx=87,	residual=9.697447e+06,	 rhs=6.710937e+10, relative=1.445021e-04.
  itrIdx=88,	residual=1.163795e+07,	 rhs=6.710937e+10, relative=1.734177e-04.
  itrIdx=89,	residual=1.066418e+07,	 rhs=6.710937e+10, relative=1.589074e-04.
  itrIdx=90,	residual=7.341518e+06,	 rhs=6.710937e+10, relative=1.093963e-04.
  itrIdx=91,	residual=6.638791e+06,	 rhs=6.710937e+10, relative=9.892495e-05.
  itrIdx=92,	residual=5.443518e+06,	 rhs=6.710937e+10, relative=8.111414e-05.
  itrIdx=93,	residual=6.598840e+06,	 rhs=6.710937e+10, relative=9.832964e-05.
  itrIdx=94,	residual=8.550619e+06,	 rhs=6.710937e+10, relative=1.274132e-04.
  itrIdx=95,	residual=1.141726e+07,	 rhs=6.710937e+10, relative=1.701291e-04.
  itrIdx=96,	residual=9.452340e+06,	 rhs=6.710937e+10, relative=1.408498e-04.
  itrIdx=97,	residual=7.755984e+06,	 rhs=6.710937e+10, relative=1.155723e-04.
  itrIdx=98,	residual=5.787065e+06,	 rhs=6.710937e+10, relative=8.623334e-05.
  itrIdx=99,	residual=4.024477e+06,	 rhs=6.710937e+10, relative=5.996894e-05.
  itrIdx=100,	residual=3.609167e+06,	 rhs=6.710937e+10, relative=5.378038e-05.
  itrIdx=101,	residual=3.660262e+06,	 rhs=6.710937e+10, relative=5.454174e-05.
  itrIdx=102,	residual=3.224486e+06,	 rhs=6.710937e+10, relative=4.804822e-05.
  itrIdx=103,	residual=2.367448e+06,	 rhs=6.710937e+10, relative=3.527745e-05.
  itrIdx=104,	residual=2.190189e+06,	 rhs=6.710937e+10, relative=3.263611e-05.
  itrIdx=105,	residual=1.997600e+06,	 rhs=6.710937e+10, relative=2.976634e-05.
  itrIdx=106,	residual=2.003490e+06,	 rhs=6.710937e+10, relative=2.985411e-05.
  itrIdx=107,	residual=2.309528e+06,	 rhs=6.710937e+10, relative=3.441439e-05.
  itrIdx=108,	residual=3.954224e+06,	 rhs=6.710937e+10, relative=5.892209e-05.
  itrIdx=109,	residual=5.393865e+06,	 rhs=6.710937e+10, relative=8.037425e-05.
  itrIdx=110,	residual=6.282070e+06,	 rhs=6.710937e+10, relative=9.360944e-05.
  itrIdx=111,	residual=6.568268e+06,	 rhs=6.710937e+10, relative=9.787409e-05.
  itrIdx=112,	residual=5.099693e+06,	 rhs=6.710937e+10, relative=7.599078e-05.
  itrIdx=113,	residual=3.710149e+06,	 rhs=6.710937e+10, relative=5.528511e-05.
  itrIdx=114,	residual=2.919664e+06,	 rhs=6.710937e+10, relative=4.350605e-05.
  itrIdx=115,	residual=2.805729e+06,	 rhs=6.710937e+10, relative=4.180830e-05.
  itrIdx=116,	residual=2.492987e+06,	 rhs=6.710937e+10, relative=3.714813e-05.
  itrIdx=117,	residual=2.344678e+06,	 rhs=6.710937e+10, relative=3.493816e-05.
  itrIdx=118,	residual=2.231256e+06,	 rhs=6.710937e+10, relative=3.324806e-05.
  itrIdx=119,	residual=2.122084e+06,	 rhs=6.710937e+10, relative=3.162129e-05.
  itrIdx=120,	residual=2.008164e+06,	 rhs=6.710937e+10, relative=2.992375e-05.
  itrIdx=121,	residual=2.240138e+06,	 rhs=6.710937e+10, relative=3.338040e-05.
  itrIdx=122,	residual=3.170985e+06,	 rhs=6.710937e+10, relative=4.725100e-05.
  itrIdx=123,	residual=3.911427e+06,	 rhs=6.710937e+10, relative=5.828437e-05.
  itrIdx=124,	residual=5.209390e+06,	 rhs=6.710937e+10, relative=7.762538e-05.
  itrIdx=125,	residual=5.173570e+06,	 rhs=6.710937e+10, relative=7.709163e-05.
  itrIdx=126,	residual=3.264633e+06,	 rhs=6.710937e+10, relative=4.864645e-05.
  itrIdx=127,	residual=2.131823e+06,	 rhs=6.710937e+10, relative=3.176640e-05.
  itrIdx=128,	residual=1.467358e+06,	 rhs=6.710937e+10, relative=2.186518e-05.
  itrIdx=129,	residual=1.421080e+06,	 rhs=6.710937e+10, relative=2.117558e-05.
  itrIdx=130,	residual=1.085174e+06,	 rhs=6.710937e+10, relative=1.617023e-05.
  itrIdx=131,	residual=1.267066e+06,	 rhs=6.710937e+10, relative=1.888061e-05.
  itrIdx=132,	residual=1.288500e+06,	 rhs=6.710937e+10, relative=1.920001e-05.
  itrIdx=133,	residual=1.190403e+06,	 rhs=6.710937e+10, relative=1.773826e-05.
  itrIdx=134,	residual=1.060194e+06,	 rhs=6.710937e+10, relative=1.579801e-05.
  itrIdx=135,	residual=1.281014e+06,	 rhs=6.710937e+10, relative=1.908845e-05.
  itrIdx=136,	residual=1.612906e+06,	 rhs=6.710937e+10, relative=2.403399e-05.
  itrIdx=137,	residual=2.076896e+06,	 rhs=6.710937e+10, relative=3.094793e-05.
  itrIdx=138,	residual=3.226229e+06,	 rhs=6.710937e+10, relative=4.807419e-05.
  itrIdx=139,	residual=3.968280e+06,	 rhs=6.710937e+10, relative=5.913153e-05.
  itrIdx=140,	residual=3.485383e+06,	 rhs=6.710937e+10, relative=5.193587e-05.
  itrIdx=141,	residual=2.346059e+06,	 rhs=6.710937e+10, relative=3.495875e-05.
  itrIdx=142,	residual=1.873597e+06,	 rhs=6.710937e+10, relative=2.791856e-05.
  itrIdx=143,	residual=1.229639e+06,	 rhs=6.710937e+10, relative=1.832291e-05.
  itrIdx=144,	residual=9.213890e+05,	 rhs=6.710937e+10, relative=1.372966e-05.
  itrIdx=145,	residual=8.404197e+05,	 rhs=6.710937e+10, relative=1.252314e-05.
  itrIdx=146,	residual=8.932167e+05,	 rhs=6.710937e+10, relative=1.330987e-05.
  itrIdx=147,	residual=7.682936e+05,	 rhs=6.710937e+10, relative=1.144838e-05.
Reach rtol=1.000000e-05, the solver exits with residual=6.237116e+05 and iterations=148.
  homoCoeffZ=64.0386
========================================================
Contrast_x,y,z=16  625  10000
Get kvals from python.
4.1943e+06  1.6384e+08  2.62144e+09  2.62144e+09  2.62144e+09  2621.44  26214.4  262144  262144  262144  419.43  16384  262144  262144  262144  
  Use all 1.0.
Use the following reference parameters:
262144  262144  262144  262144  262144  
GPU solver with FCT preconditioner.
  itrIdx=1,	residual=1.315685e+11,	 rhs=6.710887e+11, relative=1.960523e-01.
  itrIdx=2,	residual=7.291001e+10,	 rhs=6.710887e+11, relative=1.086444e-01.
  itrIdx=3,	residual=4.369575e+10,	 rhs=6.710887e+11, relative=6.511174e-02.
  itrIdx=4,	residual=3.565080e+10,	 rhs=6.710887e+11, relative=5.312383e-02.
  itrIdx=5,	residual=1.498545e+10,	 rhs=6.710887e+11, relative=2.233006e-02.
  itrIdx=6,	residual=1.047438e+10,	 rhs=6.710887e+11, relative=1.560804e-02.
  itrIdx=7,	residual=6.608431e+09,	 rhs=6.710887e+11, relative=9.847329e-03.
  itrIdx=8,	residual=7.420390e+09,	 rhs=6.710887e+11, relative=1.105724e-02.
  itrIdx=9,	residual=6.445201e+09,	 rhs=6.710887e+11, relative=9.604097e-03.
  itrIdx=10,	residual=6.226913e+09,	 rhs=6.710887e+11, relative=9.278823e-03.
  itrIdx=11,	residual=6.281933e+09,	 rhs=6.710887e+11, relative=9.360809e-03.
  itrIdx=12,	residual=4.415534e+09,	 rhs=6.710887e+11, relative=6.579658e-03.
  itrIdx=13,	residual=2.944653e+09,	 rhs=6.710887e+11, relative=4.387875e-03.
  itrIdx=14,	residual=2.129197e+09,	 rhs=6.710887e+11, relative=3.172751e-03.
  itrIdx=15,	residual=1.447602e+09,	 rhs=6.710887e+11, relative=2.157095e-03.
  itrIdx=16,	residual=1.125809e+09,	 rhs=6.710887e+11, relative=1.677586e-03.
  itrIdx=17,	residual=8.791727e+08,	 rhs=6.710887e+11, relative=1.310069e-03.
  itrIdx=18,	residual=8.898446e+08,	 rhs=6.710887e+11, relative=1.325972e-03.
  itrIdx=19,	residual=8.432495e+08,	 rhs=6.710887e+11, relative=1.256540e-03.
  itrIdx=20,	residual=8.338675e+08,	 rhs=6.710887e+11, relative=1.242559e-03.
  itrIdx=21,	residual=9.076530e+08,	 rhs=6.710887e+11, relative=1.352508e-03.
  itrIdx=22,	residual=1.078285e+09,	 rhs=6.710887e+11, relative=1.606770e-03.
  itrIdx=23,	residual=1.416195e+09,	 rhs=6.710887e+11, relative=2.110295e-03.
  itrIdx=24,	residual=1.958019e+09,	 rhs=6.710887e+11, relative=2.917676e-03.
  itrIdx=25,	residual=2.346569e+09,	 rhs=6.710887e+11, relative=3.496660e-03.
  itrIdx=26,	residual=2.327660e+09,	 rhs=6.710887e+11, relative=3.468483e-03.
  itrIdx=27,	residual=1.928064e+09,	 rhs=6.710887e+11, relative=2.873039e-03.
  itrIdx=28,	residual=2.238420e+09,	 rhs=6.710887e+11, relative=3.335506e-03.
  itrIdx=29,	residual=2.626058e+09,	 rhs=6.710887e+11, relative=3.913132e-03.
  itrIdx=30,	residual=3.316134e+09,	 rhs=6.710887e+11, relative=4.941425e-03.
  itrIdx=31,	residual=4.583648e+09,	 rhs=6.710887e+11, relative=6.830168e-03.
  itrIdx=32,	residual=4.892407e+09,	 rhs=6.710887e+11, relative=7.290255e-03.
  itrIdx=33,	residual=4.554336e+09,	 rhs=6.710887e+11, relative=6.786488e-03.
  itrIdx=34,	residual=3.122525e+09,	 rhs=6.710887e+11, relative=4.652924e-03.
  itrIdx=35,	residual=2.271585e+09,	 rhs=6.710887e+11, relative=3.384925e-03.
  itrIdx=36,	residual=1.611204e+09,	 rhs=6.710887e+11, relative=2.400880e-03.
  itrIdx=37,	residual=1.087607e+09,	 rhs=6.710887e+11, relative=1.620661e-03.
  itrIdx=38,	residual=9.820890e+08,	 rhs=6.710887e+11, relative=1.463427e-03.
  itrIdx=39,	residual=6.533804e+08,	 rhs=6.710887e+11, relative=9.736125e-04.
  itrIdx=40,	residual=6.109165e+08,	 rhs=6.710887e+11, relative=9.103365e-04.
  itrIdx=41,	residual=5.298608e+08,	 rhs=6.710887e+11, relative=7.895540e-04.
  itrIdx=42,	residual=5.960691e+08,	 rhs=6.710887e+11, relative=8.882121e-04.
  itrIdx=43,	residual=6.550158e+08,	 rhs=6.710887e+11, relative=9.760496e-04.
  itrIdx=44,	residual=6.248429e+08,	 rhs=6.710887e+11, relative=9.310883e-04.
  itrIdx=45,	residual=6.670233e+08,	 rhs=6.710887e+11, relative=9.939421e-04.
  itrIdx=46,	residual=5.520674e+08,	 rhs=6.710887e+11, relative=8.226444e-04.
  itrIdx=47,	residual=5.881748e+08,	 rhs=6.710887e+11, relative=8.764487e-04.
  itrIdx=48,	residual=6.295899e+08,	 rhs=6.710887e+11, relative=9.381621e-04.
  itrIdx=49,	residual=9.183493e+08,	 rhs=6.710887e+11, relative=1.368447e-03.
  itrIdx=50,	residual=1.131842e+09,	 rhs=6.710887e+11, relative=1.686576e-03.
  itrIdx=51,	residual=1.656096e+09,	 rhs=6.710887e+11, relative=2.467775e-03.
  itrIdx=52,	residual=2.020961e+09,	 rhs=6.710887e+11, relative=3.011466e-03.
  itrIdx=53,	residual=1.865168e+09,	 rhs=6.710887e+11, relative=2.779317e-03.
  itrIdx=54,	residual=1.111809e+09,	 rhs=6.710887e+11, relative=1.656725e-03.
  itrIdx=55,	residual=7.381002e+08,	 rhs=6.710887e+11, relative=1.099855e-03.
  itrIdx=56,	residual=4.925695e+08,	 rhs=6.710887e+11, relative=7.339857e-04.
  itrIdx=57,	residual=3.568597e+08,	 rhs=6.710887e+11, relative=5.317623e-04.
  itrIdx=58,	residual=3.309460e+08,	 rhs=6.710887e+11, relative=4.931480e-04.
  itrIdx=59,	residual=4.066712e+08,	 rhs=6.710887e+11, relative=6.059872e-04.
  itrIdx=60,	residual=4.045239e+08,	 rhs=6.710887e+11, relative=6.027876e-04.
  itrIdx=61,	residual=3.579981e+08,	 rhs=6.710887e+11, relative=5.334587e-04.
  itrIdx=62,	residual=2.981724e+08,	 rhs=6.710887e+11, relative=4.443115e-04.
  itrIdx=63,	residual=2.465017e+08,	 rhs=6.710887e+11, relative=3.673161e-04.
  itrIdx=64,	residual=2.211234e+08,	 rhs=6.710887e+11, relative=3.294995e-04.
  itrIdx=65,	residual=2.227177e+08,	 rhs=6.710887e+11, relative=3.318753e-04.
  itrIdx=66,	residual=3.147799e+08,	 rhs=6.710887e+11, relative=4.690586e-04.
  itrIdx=67,	residual=3.322614e+08,	 rhs=6.710887e+11, relative=4.951080e-04.
  itrIdx=68,	residual=3.707053e+08,	 rhs=6.710887e+11, relative=5.523939e-04.
  itrIdx=69,	residual=4.385712e+08,	 rhs=6.710887e+11, relative=6.535220e-04.
  itrIdx=70,	residual=4.346800e+08,	 rhs=6.710887e+11, relative=6.477236e-04.
  itrIdx=71,	residual=5.135795e+08,	 rhs=6.710887e+11, relative=7.652930e-04.
  itrIdx=72,	residual=5.330278e+08,	 rhs=6.710887e+11, relative=7.942733e-04.
  itrIdx=73,	residual=5.201872e+08,	 rhs=6.710887e+11, relative=7.751393e-04.
  itrIdx=74,	residual=3.142348e+08,	 rhs=6.710887e+11, relative=4.682463e-04.
  itrIdx=75,	residual=1.927415e+08,	 rhs=6.710887e+11, relative=2.872073e-04.
  itrIdx=76,	residual=1.497095e+08,	 rhs=6.710887e+11, relative=2.230845e-04.
  itrIdx=77,	residual=9.528938e+07,	 rhs=6.710887e+11, relative=1.419922e-04.
  itrIdx=78,	residual=8.597223e+07,	 rhs=6.710887e+11, relative=1.281086e-04.
  itrIdx=79,	residual=8.905360e+07,	 rhs=6.710887e+11, relative=1.327002e-04.
  itrIdx=80,	residual=1.024244e+08,	 rhs=6.710887e+11, relative=1.526242e-04.
  itrIdx=81,	residual=7.671805e+07,	 rhs=6.710887e+11, relative=1.143188e-04.
  itrIdx=82,	residual=6.610755e+07,	 rhs=6.710887e+11, relative=9.850792e-05.
  itrIdx=83,	residual=4.799895e+07,	 rhs=6.710887e+11, relative=7.152401e-05.
  itrIdx=84,	residual=3.766548e+07,	 rhs=6.710887e+11, relative=5.612594e-05.
  itrIdx=85,	residual=3.300650e+07,	 rhs=6.710887e+11, relative=4.918352e-05.
  itrIdx=86,	residual=3.832931e+07,	 rhs=6.710887e+11, relative=5.711512e-05.
  itrIdx=87,	residual=5.671220e+07,	 rhs=6.710887e+11, relative=8.450776e-05.
  itrIdx=88,	residual=9.056741e+07,	 rhs=6.710887e+11, relative=1.349559e-04.
  itrIdx=89,	residual=1.231125e+08,	 rhs=6.710887e+11, relative=1.834519e-04.
  itrIdx=90,	residual=1.763808e+08,	 rhs=6.710887e+11, relative=2.628278e-04.
  itrIdx=91,	residual=1.425711e+08,	 rhs=6.710887e+11, relative=2.124475e-04.
  itrIdx=92,	residual=1.268965e+08,	 rhs=6.710887e+11, relative=1.890905e-04.
  itrIdx=93,	residual=9.766103e+07,	 rhs=6.710887e+11, relative=1.455263e-04.
  itrIdx=94,	residual=9.958025e+07,	 rhs=6.710887e+11, relative=1.483861e-04.
  itrIdx=95,	residual=9.545891e+07,	 rhs=6.710887e+11, relative=1.422448e-04.
  itrIdx=96,	residual=1.150578e+08,	 rhs=6.710887e+11, relative=1.714494e-04.
  itrIdx=97,	residual=1.225442e+08,	 rhs=6.710887e+11, relative=1.826050e-04.
  itrIdx=98,	residual=9.592442e+07,	 rhs=6.710887e+11, relative=1.429385e-04.
  itrIdx=99,	residual=8.444073e+07,	 rhs=6.710887e+11, relative=1.258265e-04.
  itrIdx=100,	residual=7.012673e+07,	 rhs=6.710887e+11, relative=1.044970e-04.
  itrIdx=101,	residual=5.931474e+07,	 rhs=6.710887e+11, relative=8.838584e-05.
  itrIdx=102,	residual=5.161269e+07,	 rhs=6.710887e+11, relative=7.690890e-05.
  itrIdx=103,	residual=6.089028e+07,	 rhs=6.710887e+11, relative=9.073358e-05.
  itrIdx=104,	residual=7.898667e+07,	 rhs=6.710887e+11, relative=1.176993e-04.
  itrIdx=105,	residual=9.874878e+07,	 rhs=6.710887e+11, relative=1.471471e-04.
  itrIdx=106,	residual=1.148570e+08,	 rhs=6.710887e+11, relative=1.711502e-04.
  itrIdx=107,	residual=1.497915e+08,	 rhs=6.710887e+11, relative=2.232067e-04.
  itrIdx=108,	residual=1.677388e+08,	 rhs=6.710887e+11, relative=2.499503e-04.
  itrIdx=109,	residual=1.946634e+08,	 rhs=6.710887e+11, relative=2.900710e-04.
  itrIdx=110,	residual=1.769479e+08,	 rhs=6.710887e+11, relative=2.636729e-04.
  itrIdx=111,	residual=1.506055e+08,	 rhs=6.710887e+11, relative=2.244197e-04.
  itrIdx=112,	residual=1.039482e+08,	 rhs=6.710887e+11, relative=1.548948e-04.
  itrIdx=113,	residual=8.693879e+07,	 rhs=6.710887e+11, relative=1.295489e-04.
  itrIdx=114,	residual=7.800373e+07,	 rhs=6.710887e+11, relative=1.162346e-04.
  itrIdx=115,	residual=6.313305e+07,	 rhs=6.710887e+11, relative=9.407556e-05.
  itrIdx=116,	residual=5.480401e+07,	 rhs=6.710887e+11, relative=8.166434e-05.
  itrIdx=117,	residual=5.301879e+07,	 rhs=6.710887e+11, relative=7.900415e-05.
  itrIdx=118,	residual=4.569321e+07,	 rhs=6.710887e+11, relative=6.808819e-05.
  itrIdx=119,	residual=4.049861e+07,	 rhs=6.710887e+11, relative=6.034763e-05.
  itrIdx=120,	residual=3.280198e+07,	 rhs=6.710887e+11, relative=4.887875e-05.
  itrIdx=121,	residual=2.917997e+07,	 rhs=6.710887e+11, relative=4.348154e-05.
  itrIdx=122,	residual=1.907879e+07,	 rhs=6.710887e+11, relative=2.842962e-05.
  itrIdx=123,	residual=1.697383e+07,	 rhs=6.710887e+11, relative=2.529297e-05.
  itrIdx=124,	residual=1.553588e+07,	 rhs=6.710887e+11, relative=2.315026e-05.
  itrIdx=125,	residual=1.380940e+07,	 rhs=6.710887e+11, relative=2.057760e-05.
  itrIdx=126,	residual=1.620273e+07,	 rhs=6.710887e+11, relative=2.414395e-05.
  itrIdx=127,	residual=2.202113e+07,	 rhs=6.710887e+11, relative=3.281403e-05.
  itrIdx=128,	residual=3.969546e+07,	 rhs=6.710887e+11, relative=5.915084e-05.
  itrIdx=129,	residual=5.084715e+07,	 rhs=6.710887e+11, relative=7.576815e-05.
  itrIdx=130,	residual=7.050966e+07,	 rhs=6.710887e+11, relative=1.050676e-04.
  itrIdx=131,	residual=8.336281e+07,	 rhs=6.710887e+11, relative=1.242203e-04.
  itrIdx=132,	residual=7.173621e+07,	 rhs=6.710887e+11, relative=1.068953e-04.
  itrIdx=133,	residual=5.428838e+07,	 rhs=6.710887e+11, relative=8.089598e-05.
  itrIdx=134,	residual=5.083756e+07,	 rhs=6.710887e+11, relative=7.575386e-05.
  itrIdx=135,	residual=6.393193e+07,	 rhs=6.710887e+11, relative=9.526599e-05.
  itrIdx=136,	residual=7.042345e+07,	 rhs=6.710887e+11, relative=1.049391e-04.
  itrIdx=137,	residual=7.735459e+07,	 rhs=6.710887e+11, relative=1.152673e-04.
  itrIdx=138,	residual=7.603139e+07,	 rhs=6.710887e+11, relative=1.132956e-04.
  itrIdx=139,	residual=5.523505e+07,	 rhs=6.710887e+11, relative=8.230663e-05.
  itrIdx=140,	residual=3.256433e+07,	 rhs=6.710887e+11, relative=4.852463e-05.
  itrIdx=141,	residual=2.236736e+07,	 rhs=6.710887e+11, relative=3.332996e-05.
  itrIdx=142,	residual=1.570358e+07,	 rhs=6.710887e+11, relative=2.340015e-05.
  itrIdx=143,	residual=1.208320e+07,	 rhs=6.710887e+11, relative=1.800536e-05.
  itrIdx=144,	residual=1.287024e+07,	 rhs=6.710887e+11, relative=1.917815e-05.
  itrIdx=145,	residual=1.690652e+07,	 rhs=6.710887e+11, relative=2.519268e-05.
  itrIdx=146,	residual=2.503508e+07,	 rhs=6.710887e+11, relative=3.730518e-05.
  itrIdx=147,	residual=2.831377e+07,	 rhs=6.710887e+11, relative=4.219080e-05.
  itrIdx=148,	residual=3.323462e+07,	 rhs=6.710887e+11, relative=4.952344e-05.
  itrIdx=149,	residual=3.865465e+07,	 rhs=6.710887e+11, relative=5.759992e-05.
  itrIdx=150,	residual=3.244052e+07,	 rhs=6.710887e+11, relative=4.834014e-05.
  itrIdx=151,	residual=3.351313e+07,	 rhs=6.710887e+11, relative=4.993845e-05.
  itrIdx=152,	residual=3.991884e+07,	 rhs=6.710887e+11, relative=5.948370e-05.
  itrIdx=153,	residual=6.048810e+07,	 rhs=6.710887e+11, relative=9.013429e-05.
  itrIdx=154,	residual=6.353264e+07,	 rhs=6.710887e+11, relative=9.467100e-05.
  itrIdx=155,	residual=7.463098e+07,	 rhs=6.710887e+11, relative=1.112088e-04.
  itrIdx=156,	residual=7.395804e+07,	 rhs=6.710887e+11, relative=1.102061e-04.
  itrIdx=157,	residual=6.426660e+07,	 rhs=6.710887e+11, relative=9.576469e-05.
  itrIdx=158,	residual=5.794691e+07,	 rhs=6.710887e+11, relative=8.634762e-05.
  itrIdx=159,	residual=5.484655e+07,	 rhs=6.710887e+11, relative=8.172773e-05.
  itrIdx=160,	residual=4.451138e+07,	 rhs=6.710887e+11, relative=6.632712e-05.
  itrIdx=161,	residual=2.913181e+07,	 rhs=6.710887e+11, relative=4.340978e-05.
  itrIdx=162,	residual=1.720006e+07,	 rhs=6.710887e+11, relative=2.563008e-05.
  itrIdx=163,	residual=1.285786e+07,	 rhs=6.710887e+11, relative=1.915971e-05.
  itrIdx=164,	residual=8.234293e+06,	 rhs=6.710887e+11, relative=1.227005e-05.
  itrIdx=165,	residual=7.294507e+06,	 rhs=6.710887e+11, relative=1.086966e-05.
  itrIdx=166,	residual=6.733888e+06,	 rhs=6.710887e+11, relative=1.003427e-05.
  itrIdx=167,	residual=8.263524e+06,	 rhs=6.710887e+11, relative=1.231361e-05.
  itrIdx=168,	residual=8.774905e+06,	 rhs=6.710887e+11, relative=1.307563e-05.
  itrIdx=169,	residual=7.832238e+06,	 rhs=6.710887e+11, relative=1.167094e-05.
  itrIdx=170,	residual=6.778258e+06,	 rhs=6.710887e+11, relative=1.010039e-05.
Reach rtol=1.000000e-05, the solver exits with residual=4.994294e+06 and iterations=171.
  homoCoeffZ=628.535
